[0.139s] DEBUG:colcon:Command line arguments: ['/usr/bin/colcon', 'list', '-p', '--base-paths', '/home/tim/Documents/GitHub/Exam']
[0.140s] DEBUG:colcon:Parsed command line arguments: Namespace(log_base=None, log_level=None, verb_name='list', build_base='build', ignore_user_meta=False, metas=['./colcon.meta'], base_paths=['/home/tim/Documents/GitHub/Exam'], packages_ignore=None, packages_ignore_regex=None, paths=None, packages_up_to=None, packages_up_to_regex=None, packages_above=None, packages_above_and_dependencies=None, packages_above_depth=None, packages_select_by_dep=None, packages_skip_by_dep=None, packages_skip_up_to=None, packages_select_build_failed=False, packages_skip_build_finished=False, packages_select_test_failures=False, packages_skip_test_passed=False, packages_select=None, packages_skip=None, packages_select_regex=None, packages_skip_regex=None, packages_start=None, packages_end=None, allow_overriding=[], topological_order=False, names_only=False, paths_only=True, topological_graph=False, topological_graph_dot=False, topological_graph_density=False, topological_graph_legend=False, topological_graph_dot_cluster=False, topological_graph_dot_include_skipped=False, verb_parser=<colcon_defaults.argument_parser.defaults.DefaultArgumentsDecorator object at 0x73eca1155b10>, verb_extension=<colcon_package_information.verb.list.ListVerb object at 0x73eca11548b0>, main=<bound method ListVerb.main of <colcon_package_information.verb.list.ListVerb object at 0x73eca11548b0>>)
[0.404s] Level 1:colcon.colcon_core.package_discovery:discover_packages(colcon_meta) check parameters
[0.405s] Level 1:colcon.colcon_core.package_discovery:discover_packages(recursive) check parameters
[0.405s] Level 1:colcon.colcon_core.package_discovery:discover_packages(ignore) check parameters
[0.405s] Level 1:colcon.colcon_core.package_discovery:discover_packages(path) check parameters
[0.405s] Level 1:colcon.colcon_core.package_discovery:discover_packages(recursive) discover
[0.405s] INFO:colcon.colcon_core.package_discovery:Crawling recursively for packages in '/home/tim/Documents/GitHub/Exam'
[0.405s] Level 1:colcon.colcon_core.package_identification:_identify(/home/tim/Documents/GitHub/Exam) by extensions ['ignore', 'ignore_ament_install']
[0.405s] Level 1:colcon.colcon_core.package_identification:_identify(/home/tim/Documents/GitHub/Exam) by extension 'ignore'
[0.406s] Level 1:colcon.colcon_core.package_identification:_identify(/home/tim/Documents/GitHub/Exam) by extension 'ignore_ament_install'
[0.406s] Level 1:colcon.colcon_core.package_identification:_identify(/home/tim/Documents/GitHub/Exam) by extensions ['colcon_pkg']
[0.406s] Level 1:colcon.colcon_core.package_identification:_identify(/home/tim/Documents/GitHub/Exam) by extension 'colcon_pkg'
[0.406s] Level 1:colcon.colcon_core.package_identification:_identify(/home/tim/Documents/GitHub/Exam) by extensions ['colcon_meta']
[0.406s] Level 1:colcon.colcon_core.package_identification:_identify(/home/tim/Documents/GitHub/Exam) by extension 'colcon_meta'
[0.406s] Level 1:colcon.colcon_core.package_identification:_identify(/home/tim/Documents/GitHub/Exam) by extensions ['ros']
[0.406s] Level 1:colcon.colcon_core.package_identification:_identify(/home/tim/Documents/GitHub/Exam) by extension 'ros'
[0.428s] Level 1:colcon.colcon_core.package_identification:_identify(/home/tim/Documents/GitHub/Exam) by extensions ['cmake', 'python']
[0.428s] Level 1:colcon.colcon_core.package_identification:_identify(/home/tim/Documents/GitHub/Exam) by extension 'cmake'
[0.428s] Level 1:colcon.colcon_core.package_identification:_identify(/home/tim/Documents/GitHub/Exam) by extension 'python'
[0.428s] Level 1:colcon.colcon_core.package_identification:_identify(/home/tim/Documents/GitHub/Exam) by extensions ['python_setup_py']
[0.429s] Level 1:colcon.colcon_core.package_identification:_identify(/home/tim/Documents/GitHub/Exam) by extension 'python_setup_py'
[0.429s] Level 1:colcon.colcon_core.package_identification:_identify(/home/tim/Documents/GitHub/Exam/build) by extensions ['ignore', 'ignore_ament_install']
[0.429s] Level 1:colcon.colcon_core.package_identification:_identify(/home/tim/Documents/GitHub/Exam/build) by extension 'ignore'
[0.429s] Level 1:colcon.colcon_core.package_identification:_identify(/home/tim/Documents/GitHub/Exam/build) ignored
[0.429s] Level 1:colcon.colcon_core.package_identification:_identify(/home/tim/Documents/GitHub/Exam/install) by extensions ['ignore', 'ignore_ament_install']
[0.430s] Level 1:colcon.colcon_core.package_identification:_identify(/home/tim/Documents/GitHub/Exam/install) by extension 'ignore'
[0.430s] Level 1:colcon.colcon_core.package_identification:_identify(/home/tim/Documents/GitHub/Exam/install) ignored
[0.430s] Level 1:colcon.colcon_core.package_identification:_identify(/home/tim/Documents/GitHub/Exam/log) by extensions ['ignore', 'ignore_ament_install']
[0.430s] Level 1:colcon.colcon_core.package_identification:_identify(/home/tim/Documents/GitHub/Exam/log) by extension 'ignore'
[0.430s] Level 1:colcon.colcon_core.package_identification:_identify(/home/tim/Documents/GitHub/Exam/log) ignored
[0.430s] Level 1:colcon.colcon_core.package_identification:_identify(/home/tim/Documents/GitHub/Exam/src) by extensions ['ignore', 'ignore_ament_install']
[0.430s] Level 1:colcon.colcon_core.package_identification:_identify(/home/tim/Documents/GitHub/Exam/src) by extension 'ignore'
[0.431s] Level 1:colcon.colcon_core.package_identification:_identify(/home/tim/Documents/GitHub/Exam/src) by extension 'ignore_ament_install'
[0.431s] Level 1:colcon.colcon_core.package_identification:_identify(/home/tim/Documents/GitHub/Exam/src) by extensions ['colcon_pkg']
[0.431s] Level 1:colcon.colcon_core.package_identification:_identify(/home/tim/Documents/GitHub/Exam/src) by extension 'colcon_pkg'
[0.431s] Level 1:colcon.colcon_core.package_identification:_identify(/home/tim/Documents/GitHub/Exam/src) by extensions ['colcon_meta']
[0.431s] Level 1:colcon.colcon_core.package_identification:_identify(/home/tim/Documents/GitHub/Exam/src) by extension 'colcon_meta'
[0.431s] Level 1:colcon.colcon_core.package_identification:_identify(/home/tim/Documents/GitHub/Exam/src) by extensions ['ros']
[0.431s] Level 1:colcon.colcon_core.package_identification:_identify(/home/tim/Documents/GitHub/Exam/src) by extension 'ros'
[0.431s] Level 1:colcon.colcon_core.package_identification:_identify(/home/tim/Documents/GitHub/Exam/src) by extensions ['cmake', 'python']
[0.431s] Level 1:colcon.colcon_core.package_identification:_identify(/home/tim/Documents/GitHub/Exam/src) by extension 'cmake'
[0.431s] Level 1:colcon.colcon_core.package_identification:_identify(/home/tim/Documents/GitHub/Exam/src) by extension 'python'
[0.431s] Level 1:colcon.colcon_core.package_identification:_identify(/home/tim/Documents/GitHub/Exam/src) by extensions ['python_setup_py']
[0.431s] Level 1:colcon.colcon_core.package_identification:_identify(/home/tim/Documents/GitHub/Exam/src) by extension 'python_setup_py'
[0.432s] Level 1:colcon.colcon_core.package_identification:_identify(/home/tim/Documents/GitHub/Exam/src/god_turtle) by extensions ['ignore', 'ignore_ament_install']
[0.432s] Level 1:colcon.colcon_core.package_identification:_identify(/home/tim/Documents/GitHub/Exam/src/god_turtle) by extension 'ignore'
[0.432s] Level 1:colcon.colcon_core.package_identification:_identify(/home/tim/Documents/GitHub/Exam/src/god_turtle) by extension 'ignore_ament_install'
[0.432s] Level 1:colcon.colcon_core.package_identification:_identify(/home/tim/Documents/GitHub/Exam/src/god_turtle) by extensions ['colcon_pkg']
[0.432s] Level 1:colcon.colcon_core.package_identification:_identify(/home/tim/Documents/GitHub/Exam/src/god_turtle) by extension 'colcon_pkg'
[0.432s] Level 1:colcon.colcon_core.package_identification:_identify(/home/tim/Documents/GitHub/Exam/src/god_turtle) by extensions ['colcon_meta']
[0.432s] Level 1:colcon.colcon_core.package_identification:_identify(/home/tim/Documents/GitHub/Exam/src/god_turtle) by extension 'colcon_meta'
[0.432s] Level 1:colcon.colcon_core.package_identification:_identify(/home/tim/Documents/GitHub/Exam/src/god_turtle) by extensions ['ros']
[0.432s] Level 1:colcon.colcon_core.package_identification:_identify(/home/tim/Documents/GitHub/Exam/src/god_turtle) by extension 'ros'
[0.438s] DEBUG:colcon.colcon_core.package_identification:Package '/home/tim/Documents/GitHub/Exam/src/god_turtle' with type 'ros.ament_cmake' and name 'god_turtle'
[0.438s] Level 1:colcon.colcon_core.package_identification:_identify(/home/tim/Documents/GitHub/Exam/src/turtlesim_plus) by extensions ['ignore', 'ignore_ament_install']
[0.439s] Level 1:colcon.colcon_core.package_identification:_identify(/home/tim/Documents/GitHub/Exam/src/turtlesim_plus) by extension 'ignore'
[0.439s] Level 1:colcon.colcon_core.package_identification:_identify(/home/tim/Documents/GitHub/Exam/src/turtlesim_plus) by extension 'ignore_ament_install'
[0.439s] Level 1:colcon.colcon_core.package_identification:_identify(/home/tim/Documents/GitHub/Exam/src/turtlesim_plus) by extensions ['colcon_pkg']
[0.439s] Level 1:colcon.colcon_core.package_identification:_identify(/home/tim/Documents/GitHub/Exam/src/turtlesim_plus) by extension 'colcon_pkg'
[0.439s] Level 1:colcon.colcon_core.package_identification:_identify(/home/tim/Documents/GitHub/Exam/src/turtlesim_plus) by extensions ['colcon_meta']
[0.439s] Level 1:colcon.colcon_core.package_identification:_identify(/home/tim/Documents/GitHub/Exam/src/turtlesim_plus) by extension 'colcon_meta'
[0.439s] Level 1:colcon.colcon_core.package_identification:_identify(/home/tim/Documents/GitHub/Exam/src/turtlesim_plus) by extensions ['ros']
[0.439s] Level 1:colcon.colcon_core.package_identification:_identify(/home/tim/Documents/GitHub/Exam/src/turtlesim_plus) by extension 'ros'
[0.442s] DEBUG:colcon.colcon_core.package_identification:Package '/home/tim/Documents/GitHub/Exam/src/turtlesim_plus' with type 'ros.ament_cmake' and name 'turtlesim_plus'
[0.442s] Level 1:colcon.colcon_core.package_identification:_identify(/home/tim/Documents/GitHub/Exam/src/turtlesim_plus_interfaces) by extensions ['ignore', 'ignore_ament_install']
[0.442s] Level 1:colcon.colcon_core.package_identification:_identify(/home/tim/Documents/GitHub/Exam/src/turtlesim_plus_interfaces) by extension 'ignore'
[0.442s] Level 1:colcon.colcon_core.package_identification:_identify(/home/tim/Documents/GitHub/Exam/src/turtlesim_plus_interfaces) by extension 'ignore_ament_install'
[0.443s] Level 1:colcon.colcon_core.package_identification:_identify(/home/tim/Documents/GitHub/Exam/src/turtlesim_plus_interfaces) by extensions ['colcon_pkg']
[0.443s] Level 1:colcon.colcon_core.package_identification:_identify(/home/tim/Documents/GitHub/Exam/src/turtlesim_plus_interfaces) by extension 'colcon_pkg'
[0.443s] Level 1:colcon.colcon_core.package_identification:_identify(/home/tim/Documents/GitHub/Exam/src/turtlesim_plus_interfaces) by extensions ['colcon_meta']
[0.443s] Level 1:colcon.colcon_core.package_identification:_identify(/home/tim/Documents/GitHub/Exam/src/turtlesim_plus_interfaces) by extension 'colcon_meta'
[0.443s] Level 1:colcon.colcon_core.package_identification:_identify(/home/tim/Documents/GitHub/Exam/src/turtlesim_plus_interfaces) by extensions ['ros']
[0.443s] Level 1:colcon.colcon_core.package_identification:_identify(/home/tim/Documents/GitHub/Exam/src/turtlesim_plus_interfaces) by extension 'ros'
[0.444s] DEBUG:colcon.colcon_core.package_identification:Package '/home/tim/Documents/GitHub/Exam/src/turtlesim_plus_interfaces' with type 'ros.ament_cmake' and name 'turtlesim_plus_interfaces'
[0.444s] Level 1:colcon.colcon_core.package_discovery:discover_packages(recursive) using defaults
