[0.009s] Invoking command in '/home/kireiji/Documents/GitHub/Exam/build/turtlesim_plus': CMAKE_PREFIX_PATH=${CMAKE_PREFIX_PATH}:/home/kireiji/ros2_ws/install/my_py_pkg:/opt/ros/humble /usr/bin/cmake /home/kireiji/Documents/GitHub/Exam/src/turtlesim_plus -DCMAKE_INSTALL_PREFIX=/home/kireiji/Documents/GitHub/Exam/install/turtlesim_plus
[0.044s] -- The C compiler identification is GNU 11.4.0
[0.080s] -- The CXX compiler identification is GNU 11.4.0
[0.085s] -- Detecting C compiler ABI info
[0.130s] -- Detecting C compiler ABI info - done
[0.135s] -- Check for working C compiler: /usr/bin/cc - skipped
[0.135s] -- Detecting C compile features
[0.135s] -- Detecting C compile features - done
[0.137s] -- Detecting CXX compiler ABI info
[0.189s] -- Detecting CXX compiler ABI info - done
[0.193s] -- Check for working CXX compiler: /usr/bin/c++ - skipped
[0.194s] -- Detecting CXX compile features
[0.194s] -- Detecting CXX compile features - done
[0.195s] -- Found ament_cmake: 1.3.10 (/opt/ros/humble/share/ament_cmake/cmake)
[0.542s] -- Found Python3: /usr/local/bin/python3 (found version "3.10.0") found components: Interpreter 
[0.605s] -- Found rclcpp: 16.0.10 (/opt/ros/humble/share/rclcpp/cmake)
[0.629s] -- Found rosidl_generator_c: 3.1.5 (/opt/ros/humble/share/rosidl_generator_c/cmake)
[0.632s] -- Found rosidl_adapter: 3.1.5 (/opt/ros/humble/share/rosidl_adapter/cmake)
[0.637s] -- Found rosidl_generator_cpp: 3.1.5 (/opt/ros/humble/share/rosidl_generator_cpp/cmake)
[0.644s] -- Using all available rosidl_typesupport_c: rosidl_typesupport_fastrtps_c;rosidl_typesupport_introspection_c
[0.653s] -- Using all available rosidl_typesupport_cpp: rosidl_typesupport_fastrtps_cpp;rosidl_typesupport_introspection_cpp
[0.680s] -- Found rmw_implementation_cmake: 6.1.2 (/opt/ros/humble/share/rmw_implementation_cmake/cmake)
[0.681s] -- Found rmw_fastrtps_cpp: 6.2.7 (/opt/ros/humble/share/rmw_fastrtps_cpp/cmake)
[0.732s] -- Found OpenSSL: /usr/lib/x86_64-linux-gnu/libcrypto.so (found version "3.0.2")  
[0.748s] -- Found FastRTPS: /opt/ros/humble/include  
[0.773s] -- Using RMW implementation 'rmw_fastrtps_cpp' as default
[0.778s] -- Looking for pthread.h
[0.824s] -- Looking for pthread.h - found
[0.824s] -- Performing Test CMAKE_HAVE_LIBC_PTHREAD
[0.871s] -- Performing Test CMAKE_HAVE_LIBC_PTHREAD - Success
[0.872s] -- Found Threads: TRUE  
[0.904s] -- Found rclpy: 3.3.14 (/opt/ros/humble/share/rclpy/cmake)
[1.040s] -- Configuring done
[1.043s] -- Generating done
[1.044s] -- Build files have been written to: /home/kireiji/Documents/GitHub/Exam/build/turtlesim_plus
[1.051s] Invoked command in '/home/kireiji/Documents/GitHub/Exam/build/turtlesim_plus' returned '0': CMAKE_PREFIX_PATH=${CMAKE_PREFIX_PATH}:/home/kireiji/ros2_ws/install/my_py_pkg:/opt/ros/humble /usr/bin/cmake /home/kireiji/Documents/GitHub/Exam/src/turtlesim_plus -DCMAKE_INSTALL_PREFIX=/home/kireiji/Documents/GitHub/Exam/install/turtlesim_plus
[1.053s] Invoking command in '/home/kireiji/Documents/GitHub/Exam/build/turtlesim_plus': CMAKE_PREFIX_PATH=${CMAKE_PREFIX_PATH}:/home/kireiji/ros2_ws/install/my_py_pkg:/opt/ros/humble /usr/bin/cmake --build /home/kireiji/Documents/GitHub/Exam/build/turtlesim_plus -- -j16 -l16
[1.088s] Built target ament_cmake_python_copy_turtlesim_plus
[1.242s] running egg_info
[1.242s] creating turtlesim_plus.egg-info
[1.243s] writing manifest file 'turtlesim_plus.egg-info/SOURCES.txt'
[1.245s] writing manifest file 'turtlesim_plus.egg-info/SOURCES.txt'
[1.266s] Built target ament_cmake_python_build_turtlesim_plus_egg
[1.273s] Invoked command in '/home/kireiji/Documents/GitHub/Exam/build/turtlesim_plus' returned '0': CMAKE_PREFIX_PATH=${CMAKE_PREFIX_PATH}:/home/kireiji/ros2_ws/install/my_py_pkg:/opt/ros/humble /usr/bin/cmake --build /home/kireiji/Documents/GitHub/Exam/build/turtlesim_plus -- -j16 -l16
[1.294s] Invoking command in '/home/kireiji/Documents/GitHub/Exam/build/turtlesim_plus': CMAKE_PREFIX_PATH=${CMAKE_PREFIX_PATH}:/home/kireiji/ros2_ws/install/my_py_pkg:/opt/ros/humble /usr/bin/cmake --install /home/kireiji/Documents/GitHub/Exam/build/turtlesim_plus
[1.298s] -- Install configuration: ""
[1.298s] -- Installing: /home/kireiji/Documents/GitHub/Exam/install/turtlesim_plus/share/turtlesim_plus/environment/pythonpath.sh
[1.298s] -- Installing: /home/kireiji/Documents/GitHub/Exam/install/turtlesim_plus/share/turtlesim_plus/environment/pythonpath.dsv
[1.299s] -- Installing: /home/kireiji/Documents/GitHub/Exam/install/turtlesim_plus/lib/python3.10/site-packages/turtlesim_plus-1.0.0-py3.10.egg-info
[1.299s] -- Installing: /home/kireiji/Documents/GitHub/Exam/install/turtlesim_plus/lib/python3.10/site-packages/turtlesim_plus-1.0.0-py3.10.egg-info/PKG-INFO
[1.299s] -- Installing: /home/kireiji/Documents/GitHub/Exam/install/turtlesim_plus/lib/python3.10/site-packages/turtlesim_plus-1.0.0-py3.10.egg-info/dependency_links.txt
[1.299s] -- Installing: /home/kireiji/Documents/GitHub/Exam/install/turtlesim_plus/lib/python3.10/site-packages/turtlesim_plus-1.0.0-py3.10.egg-info/top_level.txt
[1.299s] -- Installing: /home/kireiji/Documents/GitHub/Exam/install/turtlesim_plus/lib/python3.10/site-packages/turtlesim_plus-1.0.0-py3.10.egg-info/SOURCES.txt
[1.299s] -- Installing: /home/kireiji/Documents/GitHub/Exam/install/turtlesim_plus/lib/python3.10/site-packages/turtlesim_plus
[1.299s] -- Installing: /home/kireiji/Documents/GitHub/Exam/install/turtlesim_plus/lib/python3.10/site-packages/turtlesim_plus/__init__.py
[1.299s] -- Installing: /home/kireiji/Documents/GitHub/Exam/install/turtlesim_plus/lib/python3.10/site-packages/turtlesim_plus/ros2_plugins.py
[1.299s] -- Installing: /home/kireiji/Documents/GitHub/Exam/install/turtlesim_plus/lib/python3.10/site-packages/turtlesim_plus/entity.py
[1.299s] -- Installing: /home/kireiji/Documents/GitHub/Exam/install/turtlesim_plus/lib/python3.10/site-packages/turtlesim_plus/image
[1.299s] -- Installing: /home/kireiji/Documents/GitHub/Exam/install/turtlesim_plus/lib/python3.10/site-packages/turtlesim_plus/image/turtle
[1.299s] -- Installing: /home/kireiji/Documents/GitHub/Exam/install/turtlesim_plus/lib/python3.10/site-packages/turtlesim_plus/image/turtle/bouncy.png
[1.299s] -- Installing: /home/kireiji/Documents/GitHub/Exam/install/turtlesim_plus/lib/python3.10/site-packages/turtlesim_plus/image/turtle/foxy.png
[1.299s] -- Installing: /home/kireiji/Documents/GitHub/Exam/install/turtlesim_plus/lib/python3.10/site-packages/turtlesim_plus/image/turtle/crystal.png
[1.299s] -- Installing: /home/kireiji/Documents/GitHub/Exam/install/turtlesim_plus/lib/python3.10/site-packages/turtlesim_plus/image/turtle/galactic.png
[1.299s] -- Installing: /home/kireiji/Documents/GitHub/Exam/install/turtlesim_plus/lib/python3.10/site-packages/turtlesim_plus/image/turtle/otto.png
[1.299s] -- Installing: /home/kireiji/Documents/GitHub/Exam/install/turtlesim_plus/lib/python3.10/site-packages/turtlesim_plus/image/turtle/eloquent.png
[1.300s] -- Installing: /home/kireiji/Documents/GitHub/Exam/install/turtlesim_plus/lib/python3.10/site-packages/turtlesim_plus/image/turtle/dashing.png
[1.300s] -- Installing: /home/kireiji/Documents/GitHub/Exam/install/turtlesim_plus/lib/python3.10/site-packages/turtlesim_plus/image/turtle/humble.png
[1.300s] -- Installing: /home/kireiji/Documents/GitHub/Exam/install/turtlesim_plus/lib/python3.10/site-packages/turtlesim_plus/image/turtle/rolling.png
[1.300s] -- Installing: /home/kireiji/Documents/GitHub/Exam/install/turtlesim_plus/lib/python3.10/site-packages/turtlesim_plus/image/turtle/ardent.png
[1.300s] -- Installing: /home/kireiji/Documents/GitHub/Exam/install/turtlesim_plus/lib/python3.10/site-packages/turtlesim_plus/image/object
[1.300s] -- Installing: /home/kireiji/Documents/GitHub/Exam/install/turtlesim_plus/lib/python3.10/site-packages/turtlesim_plus/image/object/pizza.png
[1.300s] -- Installing: /home/kireiji/Documents/GitHub/Exam/install/turtlesim_plus/lib/python3.10/site-packages/turtlesim_plus/image/object/parcel.png
[1.300s] -- Installing: /home/kireiji/Documents/GitHub/Exam/install/turtlesim_plus/lib/python3.10/site-packages/turtlesim_plus/image/map
[1.300s] -- Installing: /home/kireiji/Documents/GitHub/Exam/install/turtlesim_plus/lib/python3.10/site-packages/turtlesim_plus/image/map/map.png
[1.351s] Listing '/home/kireiji/Documents/GitHub/Exam/install/turtlesim_plus/lib/python3.10/site-packages/turtlesim_plus'...
[1.352s] Compiling '/home/kireiji/Documents/GitHub/Exam/install/turtlesim_plus/lib/python3.10/site-packages/turtlesim_plus/__init__.py'...
[1.352s] Compiling '/home/kireiji/Documents/GitHub/Exam/install/turtlesim_plus/lib/python3.10/site-packages/turtlesim_plus/entity.py'...
[1.352s] Listing '/home/kireiji/Documents/GitHub/Exam/install/turtlesim_plus/lib/python3.10/site-packages/turtlesim_plus/image'...
[1.352s] Listing '/home/kireiji/Documents/GitHub/Exam/install/turtlesim_plus/lib/python3.10/site-packages/turtlesim_plus/image/map'...
[1.352s] Listing '/home/kireiji/Documents/GitHub/Exam/install/turtlesim_plus/lib/python3.10/site-packages/turtlesim_plus/image/object'...
[1.352s] Listing '/home/kireiji/Documents/GitHub/Exam/install/turtlesim_plus/lib/python3.10/site-packages/turtlesim_plus/image/turtle'...
[1.352s] Compiling '/home/kireiji/Documents/GitHub/Exam/install/turtlesim_plus/lib/python3.10/site-packages/turtlesim_plus/ros2_plugins.py'...
[1.352s] -- Installing: /home/kireiji/Documents/GitHub/Exam/install/turtlesim_plus/lib/turtlesim_plus/turtlesim_plus_node.py
[1.352s] -- Installing: /home/kireiji/Documents/GitHub/Exam/install/turtlesim_plus/lib/turtlesim_plus/pizza_on_click.py
[1.352s] -- Up-to-date: /home/kireiji/Documents/GitHub/Exam/install/turtlesim_plus/share/turtlesim_plus
[1.352s] -- Installing: /home/kireiji/Documents/GitHub/Exam/install/turtlesim_plus/share/ament_index/resource_index/package_run_dependencies/turtlesim_plus
[1.352s] -- Installing: /home/kireiji/Documents/GitHub/Exam/install/turtlesim_plus/share/ament_index/resource_index/parent_prefix_path/turtlesim_plus
[1.352s] -- Installing: /home/kireiji/Documents/GitHub/Exam/install/turtlesim_plus/share/turtlesim_plus/environment/ament_prefix_path.sh
[1.352s] -- Installing: /home/kireiji/Documents/GitHub/Exam/install/turtlesim_plus/share/turtlesim_plus/environment/ament_prefix_path.dsv
[1.352s] -- Installing: /home/kireiji/Documents/GitHub/Exam/install/turtlesim_plus/share/turtlesim_plus/environment/path.sh
[1.352s] -- Installing: /home/kireiji/Documents/GitHub/Exam/install/turtlesim_plus/share/turtlesim_plus/environment/path.dsv
[1.352s] -- Installing: /home/kireiji/Documents/GitHub/Exam/install/turtlesim_plus/share/turtlesim_plus/local_setup.bash
[1.352s] -- Installing: /home/kireiji/Documents/GitHub/Exam/install/turtlesim_plus/share/turtlesim_plus/local_setup.sh
[1.352s] -- Installing: /home/kireiji/Documents/GitHub/Exam/install/turtlesim_plus/share/turtlesim_plus/local_setup.zsh
[1.353s] -- Installing: /home/kireiji/Documents/GitHub/Exam/install/turtlesim_plus/share/turtlesim_plus/local_setup.dsv
[1.353s] -- Installing: /home/kireiji/Documents/GitHub/Exam/install/turtlesim_plus/share/turtlesim_plus/package.dsv
[1.353s] -- Installing: /home/kireiji/Documents/GitHub/Exam/install/turtlesim_plus/share/ament_index/resource_index/packages/turtlesim_plus
[1.353s] -- Installing: /home/kireiji/Documents/GitHub/Exam/install/turtlesim_plus/share/turtlesim_plus/cmake/turtlesim_plusConfig.cmake
[1.353s] -- Installing: /home/kireiji/Documents/GitHub/Exam/install/turtlesim_plus/share/turtlesim_plus/cmake/turtlesim_plusConfig-version.cmake
[1.353s] -- Installing: /home/kireiji/Documents/GitHub/Exam/install/turtlesim_plus/share/turtlesim_plus/package.xml
[1.355s] Invoked command in '/home/kireiji/Documents/GitHub/Exam/build/turtlesim_plus' returned '0': CMAKE_PREFIX_PATH=${CMAKE_PREFIX_PATH}:/home/kireiji/ros2_ws/install/my_py_pkg:/opt/ros/humble /usr/bin/cmake --install /home/kireiji/Documents/GitHub/Exam/build/turtlesim_plus
