[0.010s] Invoking command in '/home/kireiji/Documents/GitHub/Exam/build/turtlesim_plus': CMAKE_PREFIX_PATH=${CMAKE_PREFIX_PATH}:/home/kireiji/ros2_ws/install/my_py_pkg:/opt/ros/humble /usr/bin/cmake --build /home/kireiji/Documents/GitHub/Exam/build/turtlesim_plus -- -j16 -l16
[0.042s] Built target ament_cmake_python_copy_turtlesim_plus
[0.207s] running egg_info
[0.210s] writing manifest file 'turtlesim_plus.egg-info/SOURCES.txt'
[0.229s] Built target ament_cmake_python_build_turtlesim_plus_egg
[0.237s] Invoked command in '/home/kireiji/Documents/GitHub/Exam/build/turtlesim_plus' returned '0': CMAKE_PREFIX_PATH=${CMAKE_PREFIX_PATH}:/home/kireiji/ros2_ws/install/my_py_pkg:/opt/ros/humble /usr/bin/cmake --build /home/kireiji/Documents/GitHub/Exam/build/turtlesim_plus -- -j16 -l16
[0.257s] Invoking command in '/home/kireiji/Documents/GitHub/Exam/build/turtlesim_plus': CMAKE_PREFIX_PATH=${CMAKE_PREFIX_PATH}:/home/kireiji/ros2_ws/install/my_py_pkg:/opt/ros/humble /usr/bin/cmake --install /home/kireiji/Documents/GitHub/Exam/build/turtlesim_plus
[0.261s] -- Install configuration: ""
[0.262s] -- Up-to-date: /home/kireiji/Documents/GitHub/Exam/install/turtlesim_plus/share/turtlesim_plus/environment/pythonpath.sh
[0.262s] -- Up-to-date: /home/kireiji/Documents/GitHub/Exam/install/turtlesim_plus/share/turtlesim_plus/environment/pythonpath.dsv
[0.262s] -- Up-to-date: /home/kireiji/Documents/GitHub/Exam/install/turtlesim_plus/lib/python3.10/site-packages/turtlesim_plus-1.0.0-py3.10.egg-info
[0.262s] -- Installing: /home/kireiji/Documents/GitHub/Exam/install/turtlesim_plus/lib/python3.10/site-packages/turtlesim_plus-1.0.0-py3.10.egg-info/PKG-INFO
[0.262s] -- Installing: /home/kireiji/Documents/GitHub/Exam/install/turtlesim_plus/lib/python3.10/site-packages/turtlesim_plus-1.0.0-py3.10.egg-info/dependency_links.txt
[0.262s] -- Installing: /home/kireiji/Documents/GitHub/Exam/install/turtlesim_plus/lib/python3.10/site-packages/turtlesim_plus-1.0.0-py3.10.egg-info/top_level.txt
[0.262s] -- Installing: /home/kireiji/Documents/GitHub/Exam/install/turtlesim_plus/lib/python3.10/site-packages/turtlesim_plus-1.0.0-py3.10.egg-info/SOURCES.txt
[0.262s] -- Up-to-date: /home/kireiji/Documents/GitHub/Exam/install/turtlesim_plus/lib/python3.10/site-packages/turtlesim_plus
[0.262s] -- Up-to-date: /home/kireiji/Documents/GitHub/Exam/install/turtlesim_plus/lib/python3.10/site-packages/turtlesim_plus/__init__.py
[0.262s] -- Up-to-date: /home/kireiji/Documents/GitHub/Exam/install/turtlesim_plus/lib/python3.10/site-packages/turtlesim_plus/ros2_plugins.py
[0.262s] -- Up-to-date: /home/kireiji/Documents/GitHub/Exam/install/turtlesim_plus/lib/python3.10/site-packages/turtlesim_plus/entity.py
[0.262s] -- Up-to-date: /home/kireiji/Documents/GitHub/Exam/install/turtlesim_plus/lib/python3.10/site-packages/turtlesim_plus/image
[0.262s] -- Up-to-date: /home/kireiji/Documents/GitHub/Exam/install/turtlesim_plus/lib/python3.10/site-packages/turtlesim_plus/image/turtle
[0.262s] -- Up-to-date: /home/kireiji/Documents/GitHub/Exam/install/turtlesim_plus/lib/python3.10/site-packages/turtlesim_plus/image/turtle/bouncy.png
[0.262s] -- Up-to-date: /home/kireiji/Documents/GitHub/Exam/install/turtlesim_plus/lib/python3.10/site-packages/turtlesim_plus/image/turtle/foxy.png
[0.262s] -- Up-to-date: /home/kireiji/Documents/GitHub/Exam/install/turtlesim_plus/lib/python3.10/site-packages/turtlesim_plus/image/turtle/crystal.png
[0.262s] -- Up-to-date: /home/kireiji/Documents/GitHub/Exam/install/turtlesim_plus/lib/python3.10/site-packages/turtlesim_plus/image/turtle/galactic.png
[0.262s] -- Up-to-date: /home/kireiji/Documents/GitHub/Exam/install/turtlesim_plus/lib/python3.10/site-packages/turtlesim_plus/image/turtle/otto.png
[0.262s] -- Up-to-date: /home/kireiji/Documents/GitHub/Exam/install/turtlesim_plus/lib/python3.10/site-packages/turtlesim_plus/image/turtle/eloquent.png
[0.262s] -- Up-to-date: /home/kireiji/Documents/GitHub/Exam/install/turtlesim_plus/lib/python3.10/site-packages/turtlesim_plus/image/turtle/dashing.png
[0.262s] -- Up-to-date: /home/kireiji/Documents/GitHub/Exam/install/turtlesim_plus/lib/python3.10/site-packages/turtlesim_plus/image/turtle/humble.png
[0.262s] -- Up-to-date: /home/kireiji/Documents/GitHub/Exam/install/turtlesim_plus/lib/python3.10/site-packages/turtlesim_plus/image/turtle/rolling.png
[0.262s] -- Up-to-date: /home/kireiji/Documents/GitHub/Exam/install/turtlesim_plus/lib/python3.10/site-packages/turtlesim_plus/image/turtle/ardent.png
[0.262s] -- Up-to-date: /home/kireiji/Documents/GitHub/Exam/install/turtlesim_plus/lib/python3.10/site-packages/turtlesim_plus/image/object
[0.263s] -- Up-to-date: /home/kireiji/Documents/GitHub/Exam/install/turtlesim_plus/lib/python3.10/site-packages/turtlesim_plus/image/object/pizza.png
[0.263s] -- Up-to-date: /home/kireiji/Documents/GitHub/Exam/install/turtlesim_plus/lib/python3.10/site-packages/turtlesim_plus/image/object/parcel.png
[0.263s] -- Up-to-date: /home/kireiji/Documents/GitHub/Exam/install/turtlesim_plus/lib/python3.10/site-packages/turtlesim_plus/image/map
[0.263s] -- Up-to-date: /home/kireiji/Documents/GitHub/Exam/install/turtlesim_plus/lib/python3.10/site-packages/turtlesim_plus/image/map/map.png
[0.286s] Listing '/home/kireiji/Documents/GitHub/Exam/install/turtlesim_plus/lib/python3.10/site-packages/turtlesim_plus'...
[0.286s] Listing '/home/kireiji/Documents/GitHub/Exam/install/turtlesim_plus/lib/python3.10/site-packages/turtlesim_plus/image'...
[0.286s] Listing '/home/kireiji/Documents/GitHub/Exam/install/turtlesim_plus/lib/python3.10/site-packages/turtlesim_plus/image/map'...
[0.286s] Listing '/home/kireiji/Documents/GitHub/Exam/install/turtlesim_plus/lib/python3.10/site-packages/turtlesim_plus/image/object'...
[0.286s] Listing '/home/kireiji/Documents/GitHub/Exam/install/turtlesim_plus/lib/python3.10/site-packages/turtlesim_plus/image/turtle'...
[0.289s] -- Up-to-date: /home/kireiji/Documents/GitHub/Exam/install/turtlesim_plus/lib/turtlesim_plus/turtlesim_plus_node.py
[0.289s] -- Up-to-date: /home/kireiji/Documents/GitHub/Exam/install/turtlesim_plus/lib/turtlesim_plus/pizza_on_click.py
[0.289s] -- Up-to-date: /home/kireiji/Documents/GitHub/Exam/install/turtlesim_plus/share/turtlesim_plus
[0.289s] -- Up-to-date: /home/kireiji/Documents/GitHub/Exam/install/turtlesim_plus/share/ament_index/resource_index/package_run_dependencies/turtlesim_plus
[0.289s] -- Up-to-date: /home/kireiji/Documents/GitHub/Exam/install/turtlesim_plus/share/ament_index/resource_index/parent_prefix_path/turtlesim_plus
[0.289s] -- Up-to-date: /home/kireiji/Documents/GitHub/Exam/install/turtlesim_plus/share/turtlesim_plus/environment/ament_prefix_path.sh
[0.289s] -- Up-to-date: /home/kireiji/Documents/GitHub/Exam/install/turtlesim_plus/share/turtlesim_plus/environment/ament_prefix_path.dsv
[0.289s] -- Up-to-date: /home/kireiji/Documents/GitHub/Exam/install/turtlesim_plus/share/turtlesim_plus/environment/path.sh
[0.289s] -- Up-to-date: /home/kireiji/Documents/GitHub/Exam/install/turtlesim_plus/share/turtlesim_plus/environment/path.dsv
[0.289s] -- Up-to-date: /home/kireiji/Documents/GitHub/Exam/install/turtlesim_plus/share/turtlesim_plus/local_setup.bash
[0.290s] -- Up-to-date: /home/kireiji/Documents/GitHub/Exam/install/turtlesim_plus/share/turtlesim_plus/local_setup.sh
[0.290s] -- Up-to-date: /home/kireiji/Documents/GitHub/Exam/install/turtlesim_plus/share/turtlesim_plus/local_setup.zsh
[0.290s] -- Up-to-date: /home/kireiji/Documents/GitHub/Exam/install/turtlesim_plus/share/turtlesim_plus/local_setup.dsv
[0.290s] -- Installing: /home/kireiji/Documents/GitHub/Exam/install/turtlesim_plus/share/turtlesim_plus/package.dsv
[0.290s] -- Up-to-date: /home/kireiji/Documents/GitHub/Exam/install/turtlesim_plus/share/ament_index/resource_index/packages/turtlesim_plus
[0.290s] -- Up-to-date: /home/kireiji/Documents/GitHub/Exam/install/turtlesim_plus/share/turtlesim_plus/cmake/turtlesim_plusConfig.cmake
[0.290s] -- Up-to-date: /home/kireiji/Documents/GitHub/Exam/install/turtlesim_plus/share/turtlesim_plus/cmake/turtlesim_plusConfig-version.cmake
[0.290s] -- Up-to-date: /home/kireiji/Documents/GitHub/Exam/install/turtlesim_plus/share/turtlesim_plus/package.xml
[0.292s] Invoked command in '/home/kireiji/Documents/GitHub/Exam/build/turtlesim_plus' returned '0': CMAKE_PREFIX_PATH=${CMAKE_PREFIX_PATH}:/home/kireiji/ros2_ws/install/my_py_pkg:/opt/ros/humble /usr/bin/cmake --install /home/kireiji/Documents/GitHub/Exam/build/turtlesim_plus
