[0.010s] Invoking command in '/home/kireiji/Documents/GitHub/Exam/build/turtlesim_plus': CMAKE_PREFIX_PATH=${CMAKE_PREFIX_PATH}:/home/kireiji/RoboticsDev_ws/install/launch_testing_examples:/home/kireiji/RoboticsDev_ws/install/examples_rclpy_pointcloud_publisher:/home/kireiji/RoboticsDev_ws/install/examples_rclpy_minimal_subscriber:/home/kireiji/RoboticsDev_ws/install/examples_rclpy_minimal_service:/home/kireiji/RoboticsDev_ws/install/examples_rclpy_minimal_publisher:/home/kireiji/RoboticsDev_ws/install/examples_rclpy_minimal_client:/home/kireiji/RoboticsDev_ws/install/examples_rclpy_minimal_action_server:/home/kireiji/RoboticsDev_ws/install/examples_rclpy_minimal_action_client:/home/kireiji/RoboticsDev_ws/install/examples_rclpy_guard_conditions:/home/kireiji/RoboticsDev_ws/install/examples_rclpy_executors:/home/kireiji/ros2_ws/install/my_py_pkg:/opt/ros/humble /usr/bin/cmake --build /home/kireiji/Documents/GitHub/Exam/build/turtlesim_plus -- -j16 -l16
[0.104s] Built target ament_cmake_python_copy_turtlesim_plus
[0.315s] running egg_info
[0.317s] writing manifest file 'turtlesim_plus.egg-info/SOURCES.txt'
[0.338s] Built target ament_cmake_python_build_turtlesim_plus_egg
[0.377s] Invoked command in '/home/kireiji/Documents/GitHub/Exam/build/turtlesim_plus' returned '0': CMAKE_PREFIX_PATH=${CMAKE_PREFIX_PATH}:/home/kireiji/RoboticsDev_ws/install/launch_testing_examples:/home/kireiji/RoboticsDev_ws/install/examples_rclpy_pointcloud_publisher:/home/kireiji/RoboticsDev_ws/install/examples_rclpy_minimal_subscriber:/home/kireiji/RoboticsDev_ws/install/examples_rclpy_minimal_service:/home/kireiji/RoboticsDev_ws/install/examples_rclpy_minimal_publisher:/home/kireiji/RoboticsDev_ws/install/examples_rclpy_minimal_client:/home/kireiji/RoboticsDev_ws/install/examples_rclpy_minimal_action_server:/home/kireiji/RoboticsDev_ws/install/examples_rclpy_minimal_action_client:/home/kireiji/RoboticsDev_ws/install/examples_rclpy_guard_conditions:/home/kireiji/RoboticsDev_ws/install/examples_rclpy_executors:/home/kireiji/ros2_ws/install/my_py_pkg:/opt/ros/humble /usr/bin/cmake --build /home/kireiji/Documents/GitHub/Exam/build/turtlesim_plus -- -j16 -l16
[0.442s] Invoking command in '/home/kireiji/Documents/GitHub/Exam/build/turtlesim_plus': CMAKE_PREFIX_PATH=${CMAKE_PREFIX_PATH}:/home/kireiji/RoboticsDev_ws/install/launch_testing_examples:/home/kireiji/RoboticsDev_ws/install/examples_rclpy_pointcloud_publisher:/home/kireiji/RoboticsDev_ws/install/examples_rclpy_minimal_subscriber:/home/kireiji/RoboticsDev_ws/install/examples_rclpy_minimal_service:/home/kireiji/RoboticsDev_ws/install/examples_rclpy_minimal_publisher:/home/kireiji/RoboticsDev_ws/install/examples_rclpy_minimal_client:/home/kireiji/RoboticsDev_ws/install/examples_rclpy_minimal_action_server:/home/kireiji/RoboticsDev_ws/install/examples_rclpy_minimal_action_client:/home/kireiji/RoboticsDev_ws/install/examples_rclpy_guard_conditions:/home/kireiji/RoboticsDev_ws/install/examples_rclpy_executors:/home/kireiji/ros2_ws/install/my_py_pkg:/opt/ros/humble /usr/bin/cmake --install /home/kireiji/Documents/GitHub/Exam/build/turtlesim_plus
[0.452s] -- Install configuration: ""
[0.453s] -- Up-to-date: /home/kireiji/Documents/GitHub/Exam/install/turtlesim_plus/share/turtlesim_plus/environment/pythonpath.sh
[0.453s] -- Up-to-date: /home/kireiji/Documents/GitHub/Exam/install/turtlesim_plus/share/turtlesim_plus/environment/pythonpath.dsv
[0.453s] -- Up-to-date: /home/kireiji/Documents/GitHub/Exam/install/turtlesim_plus/lib/python3.10/site-packages/turtlesim_plus-1.0.0-py3.10.egg-info
[0.453s] -- Installing: /home/kireiji/Documents/GitHub/Exam/install/turtlesim_plus/lib/python3.10/site-packages/turtlesim_plus-1.0.0-py3.10.egg-info/PKG-INFO
[0.453s] -- Installing: /home/kireiji/Documents/GitHub/Exam/install/turtlesim_plus/lib/python3.10/site-packages/turtlesim_plus-1.0.0-py3.10.egg-info/dependency_links.txt
[0.453s] -- Installing: /home/kireiji/Documents/GitHub/Exam/install/turtlesim_plus/lib/python3.10/site-packages/turtlesim_plus-1.0.0-py3.10.egg-info/top_level.txt
[0.453s] -- Installing: /home/kireiji/Documents/GitHub/Exam/install/turtlesim_plus/lib/python3.10/site-packages/turtlesim_plus-1.0.0-py3.10.egg-info/SOURCES.txt
[0.453s] -- Up-to-date: /home/kireiji/Documents/GitHub/Exam/install/turtlesim_plus/lib/python3.10/site-packages/turtlesim_plus
[0.453s] -- Up-to-date: /home/kireiji/Documents/GitHub/Exam/install/turtlesim_plus/lib/python3.10/site-packages/turtlesim_plus/__init__.py
[0.453s] -- Up-to-date: /home/kireiji/Documents/GitHub/Exam/install/turtlesim_plus/lib/python3.10/site-packages/turtlesim_plus/ros2_plugins.py
[0.453s] -- Up-to-date: /home/kireiji/Documents/GitHub/Exam/install/turtlesim_plus/lib/python3.10/site-packages/turtlesim_plus/entity.py
[0.453s] -- Up-to-date: /home/kireiji/Documents/GitHub/Exam/install/turtlesim_plus/lib/python3.10/site-packages/turtlesim_plus/image
[0.453s] -- Up-to-date: /home/kireiji/Documents/GitHub/Exam/install/turtlesim_plus/lib/python3.10/site-packages/turtlesim_plus/image/turtle
[0.453s] -- Up-to-date: /home/kireiji/Documents/GitHub/Exam/install/turtlesim_plus/lib/python3.10/site-packages/turtlesim_plus/image/turtle/bouncy.png
[0.453s] -- Up-to-date: /home/kireiji/Documents/GitHub/Exam/install/turtlesim_plus/lib/python3.10/site-packages/turtlesim_plus/image/turtle/foxy.png
[0.454s] -- Up-to-date: /home/kireiji/Documents/GitHub/Exam/install/turtlesim_plus/lib/python3.10/site-packages/turtlesim_plus/image/turtle/crystal.png
[0.454s] -- Up-to-date: /home/kireiji/Documents/GitHub/Exam/install/turtlesim_plus/lib/python3.10/site-packages/turtlesim_plus/image/turtle/galactic.png
[0.454s] -- Up-to-date: /home/kireiji/Documents/GitHub/Exam/install/turtlesim_plus/lib/python3.10/site-packages/turtlesim_plus/image/turtle/otto.png
[0.454s] -- Up-to-date: /home/kireiji/Documents/GitHub/Exam/install/turtlesim_plus/lib/python3.10/site-packages/turtlesim_plus/image/turtle/eloquent.png
[0.454s] -- Up-to-date: /home/kireiji/Documents/GitHub/Exam/install/turtlesim_plus/lib/python3.10/site-packages/turtlesim_plus/image/turtle/dashing.png
[0.454s] -- Up-to-date: /home/kireiji/Documents/GitHub/Exam/install/turtlesim_plus/lib/python3.10/site-packages/turtlesim_plus/image/turtle/humble.png
[0.454s] -- Up-to-date: /home/kireiji/Documents/GitHub/Exam/install/turtlesim_plus/lib/python3.10/site-packages/turtlesim_plus/image/turtle/rolling.png
[0.454s] -- Up-to-date: /home/kireiji/Documents/GitHub/Exam/install/turtlesim_plus/lib/python3.10/site-packages/turtlesim_plus/image/turtle/ardent.png
[0.454s] -- Up-to-date: /home/kireiji/Documents/GitHub/Exam/install/turtlesim_plus/lib/python3.10/site-packages/turtlesim_plus/image/object
[0.454s] -- Up-to-date: /home/kireiji/Documents/GitHub/Exam/install/turtlesim_plus/lib/python3.10/site-packages/turtlesim_plus/image/object/pizza.png
[0.455s] -- Up-to-date: /home/kireiji/Documents/GitHub/Exam/install/turtlesim_plus/lib/python3.10/site-packages/turtlesim_plus/image/object/parcel.png
[0.455s] -- Up-to-date: /home/kireiji/Documents/GitHub/Exam/install/turtlesim_plus/lib/python3.10/site-packages/turtlesim_plus/image/map
[0.455s] -- Up-to-date: /home/kireiji/Documents/GitHub/Exam/install/turtlesim_plus/lib/python3.10/site-packages/turtlesim_plus/image/map/map.png
[0.481s] Listing '/home/kireiji/Documents/GitHub/Exam/install/turtlesim_plus/lib/python3.10/site-packages/turtlesim_plus'...
[0.481s] Listing '/home/kireiji/Documents/GitHub/Exam/install/turtlesim_plus/lib/python3.10/site-packages/turtlesim_plus/image'...
[0.481s] Listing '/home/kireiji/Documents/GitHub/Exam/install/turtlesim_plus/lib/python3.10/site-packages/turtlesim_plus/image/map'...
[0.481s] Listing '/home/kireiji/Documents/GitHub/Exam/install/turtlesim_plus/lib/python3.10/site-packages/turtlesim_plus/image/object'...
[0.482s] Listing '/home/kireiji/Documents/GitHub/Exam/install/turtlesim_plus/lib/python3.10/site-packages/turtlesim_plus/image/turtle'...
[0.484s] -- Up-to-date: /home/kireiji/Documents/GitHub/Exam/install/turtlesim_plus/lib/turtlesim_plus/turtlesim_plus_node.py
[0.484s] -- Up-to-date: /home/kireiji/Documents/GitHub/Exam/install/turtlesim_plus/lib/turtlesim_plus/pizza_on_click.py
[0.484s] -- Up-to-date: /home/kireiji/Documents/GitHub/Exam/install/turtlesim_plus/share/turtlesim_plus
[0.484s] -- Up-to-date: /home/kireiji/Documents/GitHub/Exam/install/turtlesim_plus/share/ament_index/resource_index/package_run_dependencies/turtlesim_plus
[0.485s] -- Up-to-date: /home/kireiji/Documents/GitHub/Exam/install/turtlesim_plus/share/ament_index/resource_index/parent_prefix_path/turtlesim_plus
[0.485s] -- Up-to-date: /home/kireiji/Documents/GitHub/Exam/install/turtlesim_plus/share/turtlesim_plus/environment/ament_prefix_path.sh
[0.485s] -- Up-to-date: /home/kireiji/Documents/GitHub/Exam/install/turtlesim_plus/share/turtlesim_plus/environment/ament_prefix_path.dsv
[0.485s] -- Up-to-date: /home/kireiji/Documents/GitHub/Exam/install/turtlesim_plus/share/turtlesim_plus/environment/path.sh
[0.485s] -- Up-to-date: /home/kireiji/Documents/GitHub/Exam/install/turtlesim_plus/share/turtlesim_plus/environment/path.dsv
[0.485s] -- Up-to-date: /home/kireiji/Documents/GitHub/Exam/install/turtlesim_plus/share/turtlesim_plus/local_setup.bash
[0.485s] -- Up-to-date: /home/kireiji/Documents/GitHub/Exam/install/turtlesim_plus/share/turtlesim_plus/local_setup.sh
[0.485s] -- Up-to-date: /home/kireiji/Documents/GitHub/Exam/install/turtlesim_plus/share/turtlesim_plus/local_setup.zsh
[0.485s] -- Up-to-date: /home/kireiji/Documents/GitHub/Exam/install/turtlesim_plus/share/turtlesim_plus/local_setup.dsv
[0.485s] -- Installing: /home/kireiji/Documents/GitHub/Exam/install/turtlesim_plus/share/turtlesim_plus/package.dsv
[0.485s] -- Up-to-date: /home/kireiji/Documents/GitHub/Exam/install/turtlesim_plus/share/ament_index/resource_index/packages/turtlesim_plus
[0.485s] -- Up-to-date: /home/kireiji/Documents/GitHub/Exam/install/turtlesim_plus/share/turtlesim_plus/cmake/turtlesim_plusConfig.cmake
[0.485s] -- Up-to-date: /home/kireiji/Documents/GitHub/Exam/install/turtlesim_plus/share/turtlesim_plus/cmake/turtlesim_plusConfig-version.cmake
[0.485s] -- Up-to-date: /home/kireiji/Documents/GitHub/Exam/install/turtlesim_plus/share/turtlesim_plus/package.xml
[0.494s] Invoked command in '/home/kireiji/Documents/GitHub/Exam/build/turtlesim_plus' returned '0': CMAKE_PREFIX_PATH=${CMAKE_PREFIX_PATH}:/home/kireiji/RoboticsDev_ws/install/launch_testing_examples:/home/kireiji/RoboticsDev_ws/install/examples_rclpy_pointcloud_publisher:/home/kireiji/RoboticsDev_ws/install/examples_rclpy_minimal_subscriber:/home/kireiji/RoboticsDev_ws/install/examples_rclpy_minimal_service:/home/kireiji/RoboticsDev_ws/install/examples_rclpy_minimal_publisher:/home/kireiji/RoboticsDev_ws/install/examples_rclpy_minimal_client:/home/kireiji/RoboticsDev_ws/install/examples_rclpy_minimal_action_server:/home/kireiji/RoboticsDev_ws/install/examples_rclpy_minimal_action_client:/home/kireiji/RoboticsDev_ws/install/examples_rclpy_guard_conditions:/home/kireiji/RoboticsDev_ws/install/examples_rclpy_executors:/home/kireiji/ros2_ws/install/my_py_pkg:/opt/ros/humble /usr/bin/cmake --install /home/kireiji/Documents/GitHub/Exam/build/turtlesim_plus
