[0.099s] DEBUG:colcon:Command line arguments: ['/usr/bin/colcon', 'build']
[0.099s] DEBUG:colcon:Parsed command line arguments: Namespace(log_base=None, log_level=None, verb_name='build', build_base='build', install_base='install', merge_install=False, symlink_install=False, test_result_base=None, continue_on_error=False, executor='parallel', parallel_workers=16, event_handlers=None, ignore_user_meta=False, metas=['./colcon.meta'], base_paths=['.'], packages_ignore=None, packages_ignore_regex=None, paths=None, packages_up_to=None, packages_up_to_regex=None, packages_above=None, packages_above_and_dependencies=None, packages_above_depth=None, packages_select_by_dep=None, packages_skip_by_dep=None, packages_skip_up_to=None, packages_select_build_failed=False, packages_skip_build_finished=False, packages_select_test_failures=False, packages_skip_test_passed=False, packages_select=None, packages_skip=None, packages_select_regex=None, packages_skip_regex=None, packages_start=None, packages_end=None, allow_overriding=[], cmake_args=None, cmake_target=None, cmake_target_skip_unavailable=False, cmake_clean_cache=False, cmake_clean_first=False, cmake_force_configure=False, ament_cmake_args=None, catkin_cmake_args=None, catkin_skip_building_tests=False, verb_parser=<colcon_defaults.argument_parser.defaults.DefaultArgumentsDecorator object at 0x723e19539840>, verb_extension=<colcon_core.verb.build.BuildVerb object at 0x723e19539330>, main=<bound method BuildVerb.main of <colcon_core.verb.build.BuildVerb object at 0x723e19539330>>)
[0.199s] Level 1:colcon.colcon_core.package_discovery:discover_packages(colcon_meta) check parameters
[0.199s] Level 1:colcon.colcon_core.package_discovery:discover_packages(recursive) check parameters
[0.199s] Level 1:colcon.colcon_core.package_discovery:discover_packages(ignore) check parameters
[0.199s] Level 1:colcon.colcon_core.package_discovery:discover_packages(path) check parameters
[0.199s] Level 1:colcon.colcon_core.package_discovery:discover_packages(colcon_meta) discover
[0.199s] Level 1:colcon.colcon_core.package_discovery:discover_packages(recursive) discover
[0.199s] INFO:colcon.colcon_core.package_discovery:Crawling recursively for packages in '/home/kireiji/Documents/GitHub/Exam'
[0.199s] Level 1:colcon.colcon_core.package_identification:_identify(.) by extensions ['ignore', 'ignore_ament_install']
[0.199s] Level 1:colcon.colcon_core.package_identification:_identify(.) by extension 'ignore'
[0.199s] Level 1:colcon.colcon_core.package_identification:_identify(.) by extension 'ignore_ament_install'
[0.199s] Level 1:colcon.colcon_core.package_identification:_identify(.) by extensions ['colcon_pkg']
[0.199s] Level 1:colcon.colcon_core.package_identification:_identify(.) by extension 'colcon_pkg'
[0.199s] Level 1:colcon.colcon_core.package_identification:_identify(.) by extensions ['colcon_meta']
[0.199s] Level 1:colcon.colcon_core.package_identification:_identify(.) by extension 'colcon_meta'
[0.199s] Level 1:colcon.colcon_core.package_identification:_identify(.) by extensions ['ros']
[0.199s] Level 1:colcon.colcon_core.package_identification:_identify(.) by extension 'ros'
[0.214s] Level 1:colcon.colcon_core.package_identification:_identify(.) by extensions ['cmake', 'python']
[0.214s] Level 1:colcon.colcon_core.package_identification:_identify(.) by extension 'cmake'
[0.214s] Level 1:colcon.colcon_core.package_identification:_identify(.) by extension 'python'
[0.214s] Level 1:colcon.colcon_core.package_identification:_identify(.) by extensions ['python_setup_py']
[0.214s] Level 1:colcon.colcon_core.package_identification:_identify(.) by extension 'python_setup_py'
[0.214s] Level 1:colcon.colcon_core.package_identification:_identify(build) by extensions ['ignore', 'ignore_ament_install']
[0.214s] Level 1:colcon.colcon_core.package_identification:_identify(build) by extension 'ignore'
[0.214s] Level 1:colcon.colcon_core.package_identification:_identify(build) ignored
[0.214s] Level 1:colcon.colcon_core.package_identification:_identify(install) by extensions ['ignore', 'ignore_ament_install']
[0.214s] Level 1:colcon.colcon_core.package_identification:_identify(install) by extension 'ignore'
[0.214s] Level 1:colcon.colcon_core.package_identification:_identify(install) ignored
[0.214s] Level 1:colcon.colcon_core.package_identification:_identify(log) by extensions ['ignore', 'ignore_ament_install']
[0.214s] Level 1:colcon.colcon_core.package_identification:_identify(log) by extension 'ignore'
[0.214s] Level 1:colcon.colcon_core.package_identification:_identify(log) ignored
[0.214s] Level 1:colcon.colcon_core.package_identification:_identify(src) by extensions ['ignore', 'ignore_ament_install']
[0.214s] Level 1:colcon.colcon_core.package_identification:_identify(src) by extension 'ignore'
[0.214s] Level 1:colcon.colcon_core.package_identification:_identify(src) by extension 'ignore_ament_install'
[0.214s] Level 1:colcon.colcon_core.package_identification:_identify(src) by extensions ['colcon_pkg']
[0.214s] Level 1:colcon.colcon_core.package_identification:_identify(src) by extension 'colcon_pkg'
[0.214s] Level 1:colcon.colcon_core.package_identification:_identify(src) by extensions ['colcon_meta']
[0.214s] Level 1:colcon.colcon_core.package_identification:_identify(src) by extension 'colcon_meta'
[0.215s] Level 1:colcon.colcon_core.package_identification:_identify(src) by extensions ['ros']
[0.215s] Level 1:colcon.colcon_core.package_identification:_identify(src) by extension 'ros'
[0.215s] Level 1:colcon.colcon_core.package_identification:_identify(src) by extensions ['cmake', 'python']
[0.215s] Level 1:colcon.colcon_core.package_identification:_identify(src) by extension 'cmake'
[0.215s] Level 1:colcon.colcon_core.package_identification:_identify(src) by extension 'python'
[0.215s] Level 1:colcon.colcon_core.package_identification:_identify(src) by extensions ['python_setup_py']
[0.215s] Level 1:colcon.colcon_core.package_identification:_identify(src) by extension 'python_setup_py'
[0.215s] Level 1:colcon.colcon_core.package_identification:_identify(src/god_turtle) by extensions ['ignore', 'ignore_ament_install']
[0.215s] Level 1:colcon.colcon_core.package_identification:_identify(src/god_turtle) by extension 'ignore'
[0.215s] Level 1:colcon.colcon_core.package_identification:_identify(src/god_turtle) by extension 'ignore_ament_install'
[0.215s] Level 1:colcon.colcon_core.package_identification:_identify(src/god_turtle) by extensions ['colcon_pkg']
[0.215s] Level 1:colcon.colcon_core.package_identification:_identify(src/god_turtle) by extension 'colcon_pkg'
[0.215s] Level 1:colcon.colcon_core.package_identification:_identify(src/god_turtle) by extensions ['colcon_meta']
[0.215s] Level 1:colcon.colcon_core.package_identification:_identify(src/god_turtle) by extension 'colcon_meta'
[0.215s] Level 1:colcon.colcon_core.package_identification:_identify(src/god_turtle) by extensions ['ros']
[0.215s] Level 1:colcon.colcon_core.package_identification:_identify(src/god_turtle) by extension 'ros'
[0.216s] DEBUG:colcon.colcon_core.package_identification:Package 'src/god_turtle' with type 'ros.ament_cmake' and name 'god_turtle'
[0.216s] Level 1:colcon.colcon_core.package_identification:_identify(src/turtlesim_plus) by extensions ['ignore', 'ignore_ament_install']
[0.217s] Level 1:colcon.colcon_core.package_identification:_identify(src/turtlesim_plus) by extension 'ignore'
[0.217s] Level 1:colcon.colcon_core.package_identification:_identify(src/turtlesim_plus) by extension 'ignore_ament_install'
[0.217s] Level 1:colcon.colcon_core.package_identification:_identify(src/turtlesim_plus) by extensions ['colcon_pkg']
[0.217s] Level 1:colcon.colcon_core.package_identification:_identify(src/turtlesim_plus) by extension 'colcon_pkg'
[0.217s] Level 1:colcon.colcon_core.package_identification:_identify(src/turtlesim_plus) by extensions ['colcon_meta']
[0.217s] Level 1:colcon.colcon_core.package_identification:_identify(src/turtlesim_plus) by extension 'colcon_meta'
[0.217s] Level 1:colcon.colcon_core.package_identification:_identify(src/turtlesim_plus) by extensions ['ros']
[0.217s] Level 1:colcon.colcon_core.package_identification:_identify(src/turtlesim_plus) by extension 'ros'
[0.217s] DEBUG:colcon.colcon_core.package_identification:Package 'src/turtlesim_plus' with type 'ros.ament_cmake' and name 'turtlesim_plus'
[0.217s] Level 1:colcon.colcon_core.package_identification:_identify(src/turtlesim_plus_interfaces) by extensions ['ignore', 'ignore_ament_install']
[0.217s] Level 1:colcon.colcon_core.package_identification:_identify(src/turtlesim_plus_interfaces) by extension 'ignore'
[0.217s] Level 1:colcon.colcon_core.package_identification:_identify(src/turtlesim_plus_interfaces) by extension 'ignore_ament_install'
[0.217s] Level 1:colcon.colcon_core.package_identification:_identify(src/turtlesim_plus_interfaces) by extensions ['colcon_pkg']
[0.218s] Level 1:colcon.colcon_core.package_identification:_identify(src/turtlesim_plus_interfaces) by extension 'colcon_pkg'
[0.218s] Level 1:colcon.colcon_core.package_identification:_identify(src/turtlesim_plus_interfaces) by extensions ['colcon_meta']
[0.218s] Level 1:colcon.colcon_core.package_identification:_identify(src/turtlesim_plus_interfaces) by extension 'colcon_meta'
[0.218s] Level 1:colcon.colcon_core.package_identification:_identify(src/turtlesim_plus_interfaces) by extensions ['ros']
[0.218s] Level 1:colcon.colcon_core.package_identification:_identify(src/turtlesim_plus_interfaces) by extension 'ros'
[0.218s] DEBUG:colcon.colcon_core.package_identification:Package 'src/turtlesim_plus_interfaces' with type 'ros.ament_cmake' and name 'turtlesim_plus_interfaces'
[0.218s] Level 1:colcon.colcon_core.package_discovery:discover_packages(recursive) using defaults
[0.218s] Level 1:colcon.colcon_core.package_discovery:discover_packages(ignore) discover
[0.218s] Level 1:colcon.colcon_core.package_discovery:discover_packages(ignore) using defaults
[0.218s] Level 1:colcon.colcon_core.package_discovery:discover_packages(path) discover
[0.218s] Level 1:colcon.colcon_core.package_discovery:discover_packages(path) using defaults
[0.229s] Level 1:colcon.colcon_core.package_discovery:discover_packages(prefix_path) check parameters
[0.229s] Level 1:colcon.colcon_core.package_discovery:discover_packages(prefix_path) discover
[0.230s] WARNING:colcon.colcon_ros.prefix_path.ament:The path '/home/kireiji/Documents/GitHub/Exam/install/turtlesim_plus_interfaces' in the environment variable AMENT_PREFIX_PATH doesn't exist
[0.230s] WARNING:colcon.colcon_ros.prefix_path.ament:The path '/home/kireiji/Documents/GitHub/Exam/install/turtlesim_plus' in the environment variable AMENT_PREFIX_PATH doesn't exist
[0.231s] WARNING:colcon.colcon_ros.prefix_path.ament:The path '/home/kireiji/Documents/GitHub/Exam/install/god_turtle' in the environment variable AMENT_PREFIX_PATH doesn't exist
[0.231s] WARNING:colcon.colcon_ros.prefix_path.catkin:The path '/home/kireiji/Documents/GitHub/Exam/install/turtlesim_plus_interfaces' in the environment variable CMAKE_PREFIX_PATH doesn't exist
[0.231s] WARNING:colcon.colcon_ros.prefix_path.catkin:The path '/home/kireiji/Documents/GitHub/Exam/install/turtlesim_plus' in the environment variable CMAKE_PREFIX_PATH doesn't exist
[0.231s] WARNING:colcon.colcon_ros.prefix_path.catkin:The path '/home/kireiji/Documents/GitHub/Exam/install/god_turtle' in the environment variable CMAKE_PREFIX_PATH doesn't exist
[0.231s] DEBUG:colcon.colcon_installed_package_information.package_discovery:Found 0 installed packages in /home/kireiji/Documents/GitHub/Exam/install
[0.231s] DEBUG:colcon.colcon_installed_package_information.package_discovery:Found 2 installed packages in /home/kireiji/ros2_ws/install
[0.232s] DEBUG:colcon.colcon_installed_package_information.package_discovery:Found 1 installed packages in /home/kireiji/advRobotics_ws/install
[0.232s] DEBUG:colcon.colcon_installed_package_information.package_discovery:Found 2 installed packages in /home/kireiji/FRA501_WS/install
[0.232s] DEBUG:colcon.colcon_installed_package_information.package_discovery:Found 271 installed packages in /opt/ros/humble
[0.239s] Level 1:colcon.colcon_core.package_discovery:discover_packages(prefix_path) using defaults
[0.261s] Level 5:colcon.colcon_core.verb:set package 'god_turtle' build argument 'cmake_args' from command line to 'None'
[0.261s] Level 5:colcon.colcon_core.verb:set package 'god_turtle' build argument 'cmake_target' from command line to 'None'
[0.261s] Level 5:colcon.colcon_core.verb:set package 'god_turtle' build argument 'cmake_target_skip_unavailable' from command line to 'False'
[0.261s] Level 5:colcon.colcon_core.verb:set package 'god_turtle' build argument 'cmake_clean_cache' from command line to 'False'
[0.261s] Level 5:colcon.colcon_core.verb:set package 'god_turtle' build argument 'cmake_clean_first' from command line to 'False'
[0.261s] Level 5:colcon.colcon_core.verb:set package 'god_turtle' build argument 'cmake_force_configure' from command line to 'False'
[0.261s] Level 5:colcon.colcon_core.verb:set package 'god_turtle' build argument 'ament_cmake_args' from command line to 'None'
[0.261s] Level 5:colcon.colcon_core.verb:set package 'god_turtle' build argument 'catkin_cmake_args' from command line to 'None'
[0.261s] Level 5:colcon.colcon_core.verb:set package 'god_turtle' build argument 'catkin_skip_building_tests' from command line to 'False'
[0.261s] DEBUG:colcon.colcon_core.verb:Building package 'god_turtle' with the following arguments: {'ament_cmake_args': None, 'build_base': '/home/kireiji/Documents/GitHub/Exam/build/god_turtle', 'catkin_cmake_args': None, 'catkin_skip_building_tests': False, 'cmake_args': None, 'cmake_clean_cache': False, 'cmake_clean_first': False, 'cmake_force_configure': False, 'cmake_target': None, 'cmake_target_skip_unavailable': False, 'install_base': '/home/kireiji/Documents/GitHub/Exam/install/god_turtle', 'merge_install': False, 'path': '/home/kireiji/Documents/GitHub/Exam/src/god_turtle', 'symlink_install': False, 'test_result_base': None}
[0.261s] Level 5:colcon.colcon_core.verb:set package 'turtlesim_plus' build argument 'cmake_args' from command line to 'None'
[0.261s] Level 5:colcon.colcon_core.verb:set package 'turtlesim_plus' build argument 'cmake_target' from command line to 'None'
[0.261s] Level 5:colcon.colcon_core.verb:set package 'turtlesim_plus' build argument 'cmake_target_skip_unavailable' from command line to 'False'
[0.261s] Level 5:colcon.colcon_core.verb:set package 'turtlesim_plus' build argument 'cmake_clean_cache' from command line to 'False'
[0.261s] Level 5:colcon.colcon_core.verb:set package 'turtlesim_plus' build argument 'cmake_clean_first' from command line to 'False'
[0.261s] Level 5:colcon.colcon_core.verb:set package 'turtlesim_plus' build argument 'cmake_force_configure' from command line to 'False'
[0.261s] Level 5:colcon.colcon_core.verb:set package 'turtlesim_plus' build argument 'ament_cmake_args' from command line to 'None'
[0.261s] Level 5:colcon.colcon_core.verb:set package 'turtlesim_plus' build argument 'catkin_cmake_args' from command line to 'None'
[0.261s] Level 5:colcon.colcon_core.verb:set package 'turtlesim_plus' build argument 'catkin_skip_building_tests' from command line to 'False'
[0.261s] DEBUG:colcon.colcon_core.verb:Building package 'turtlesim_plus' with the following arguments: {'ament_cmake_args': None, 'build_base': '/home/kireiji/Documents/GitHub/Exam/build/turtlesim_plus', 'catkin_cmake_args': None, 'catkin_skip_building_tests': False, 'cmake_args': None, 'cmake_clean_cache': False, 'cmake_clean_first': False, 'cmake_force_configure': False, 'cmake_target': None, 'cmake_target_skip_unavailable': False, 'install_base': '/home/kireiji/Documents/GitHub/Exam/install/turtlesim_plus', 'merge_install': False, 'path': '/home/kireiji/Documents/GitHub/Exam/src/turtlesim_plus', 'symlink_install': False, 'test_result_base': None}
[0.261s] Level 5:colcon.colcon_core.verb:set package 'turtlesim_plus_interfaces' build argument 'cmake_args' from command line to 'None'
[0.261s] Level 5:colcon.colcon_core.verb:set package 'turtlesim_plus_interfaces' build argument 'cmake_target' from command line to 'None'
[0.261s] Level 5:colcon.colcon_core.verb:set package 'turtlesim_plus_interfaces' build argument 'cmake_target_skip_unavailable' from command line to 'False'
[0.261s] Level 5:colcon.colcon_core.verb:set package 'turtlesim_plus_interfaces' build argument 'cmake_clean_cache' from command line to 'False'
[0.261s] Level 5:colcon.colcon_core.verb:set package 'turtlesim_plus_interfaces' build argument 'cmake_clean_first' from command line to 'False'
[0.261s] Level 5:colcon.colcon_core.verb:set package 'turtlesim_plus_interfaces' build argument 'cmake_force_configure' from command line to 'False'
[0.261s] Level 5:colcon.colcon_core.verb:set package 'turtlesim_plus_interfaces' build argument 'ament_cmake_args' from command line to 'None'
[0.261s] Level 5:colcon.colcon_core.verb:set package 'turtlesim_plus_interfaces' build argument 'catkin_cmake_args' from command line to 'None'
[0.261s] Level 5:colcon.colcon_core.verb:set package 'turtlesim_plus_interfaces' build argument 'catkin_skip_building_tests' from command line to 'False'
[0.261s] DEBUG:colcon.colcon_core.verb:Building package 'turtlesim_plus_interfaces' with the following arguments: {'ament_cmake_args': None, 'build_base': '/home/kireiji/Documents/GitHub/Exam/build/turtlesim_plus_interfaces', 'catkin_cmake_args': None, 'catkin_skip_building_tests': False, 'cmake_args': None, 'cmake_clean_cache': False, 'cmake_clean_first': False, 'cmake_force_configure': False, 'cmake_target': None, 'cmake_target_skip_unavailable': False, 'install_base': '/home/kireiji/Documents/GitHub/Exam/install/turtlesim_plus_interfaces', 'merge_install': False, 'path': '/home/kireiji/Documents/GitHub/Exam/src/turtlesim_plus_interfaces', 'symlink_install': False, 'test_result_base': None}
[0.262s] INFO:colcon.colcon_core.executor:Executing jobs using 'parallel' executor
[0.262s] DEBUG:colcon.colcon_parallel_executor.executor.parallel:run_until_complete
[0.263s] INFO:colcon.colcon_ros.task.ament_cmake.build:Building ROS package in '/home/kireiji/Documents/GitHub/Exam/src/god_turtle' with build type 'ament_cmake'
[0.263s] INFO:colcon.colcon_cmake.task.cmake.build:Building CMake package in '/home/kireiji/Documents/GitHub/Exam/src/god_turtle'
[0.264s] INFO:colcon.colcon_core.plugin_system:Skipping extension 'colcon_core.shell.bat': Not used on non-Windows systems
[0.264s] INFO:colcon.colcon_core.shell:Skip shell extension 'powershell' for command environment: Not usable outside of PowerShell
[0.264s] DEBUG:colcon.colcon_core.shell:Skip shell extension 'dsv' for command environment
[0.266s] INFO:colcon.colcon_ros.task.ament_cmake.build:Building ROS package in '/home/kireiji/Documents/GitHub/Exam/src/turtlesim_plus' with build type 'ament_cmake'
[0.266s] INFO:colcon.colcon_cmake.task.cmake.build:Building CMake package in '/home/kireiji/Documents/GitHub/Exam/src/turtlesim_plus'
[0.266s] INFO:colcon.colcon_core.shell:Skip shell extension 'powershell' for command environment: Not usable outside of PowerShell
[0.267s] DEBUG:colcon.colcon_core.shell:Skip shell extension 'dsv' for command environment
[0.269s] INFO:colcon.colcon_ros.task.ament_cmake.build:Building ROS package in '/home/kireiji/Documents/GitHub/Exam/src/turtlesim_plus_interfaces' with build type 'ament_cmake'
[0.269s] INFO:colcon.colcon_cmake.task.cmake.build:Building CMake package in '/home/kireiji/Documents/GitHub/Exam/src/turtlesim_plus_interfaces'
[0.269s] INFO:colcon.colcon_core.shell:Skip shell extension 'powershell' for command environment: Not usable outside of PowerShell
[0.269s] DEBUG:colcon.colcon_core.shell:Skip shell extension 'dsv' for command environment
[0.274s] DEBUG:colcon.colcon_core.event_handler.log_command:Invoking command in '/home/kireiji/Documents/GitHub/Exam/build/god_turtle': CMAKE_PREFIX_PATH=${CMAKE_PREFIX_PATH}:/home/kireiji/ros2_ws/install/my_py_pkg:/opt/ros/humble /usr/bin/cmake /home/kireiji/Documents/GitHub/Exam/src/god_turtle -DCMAKE_INSTALL_PREFIX=/home/kireiji/Documents/GitHub/Exam/install/god_turtle
[0.276s] DEBUG:colcon.colcon_core.event_handler.log_command:Invoking command in '/home/kireiji/Documents/GitHub/Exam/build/turtlesim_plus': CMAKE_PREFIX_PATH=${CMAKE_PREFIX_PATH}:/home/kireiji/ros2_ws/install/my_py_pkg:/opt/ros/humble /usr/bin/cmake /home/kireiji/Documents/GitHub/Exam/src/turtlesim_plus -DCMAKE_INSTALL_PREFIX=/home/kireiji/Documents/GitHub/Exam/install/turtlesim_plus
[0.277s] DEBUG:colcon.colcon_core.event_handler.log_command:Invoking command in '/home/kireiji/Documents/GitHub/Exam/build/turtlesim_plus_interfaces': CMAKE_PREFIX_PATH=${CMAKE_PREFIX_PATH}:/home/kireiji/ros2_ws/install/my_py_pkg:/opt/ros/humble /usr/bin/cmake /home/kireiji/Documents/GitHub/Exam/src/turtlesim_plus_interfaces -DCMAKE_INSTALL_PREFIX=/home/kireiji/Documents/GitHub/Exam/install/turtlesim_plus_interfaces
[1.318s] DEBUG:colcon.colcon_core.event_handler.log_command:Invoked command in '/home/kireiji/Documents/GitHub/Exam/build/turtlesim_plus' returned '0': CMAKE_PREFIX_PATH=${CMAKE_PREFIX_PATH}:/home/kireiji/ros2_ws/install/my_py_pkg:/opt/ros/humble /usr/bin/cmake /home/kireiji/Documents/GitHub/Exam/src/turtlesim_plus -DCMAKE_INSTALL_PREFIX=/home/kireiji/Documents/GitHub/Exam/install/turtlesim_plus
[1.320s] DEBUG:colcon.colcon_core.event_handler.log_command:Invoking command in '/home/kireiji/Documents/GitHub/Exam/build/turtlesim_plus': CMAKE_PREFIX_PATH=${CMAKE_PREFIX_PATH}:/home/kireiji/ros2_ws/install/my_py_pkg:/opt/ros/humble /usr/bin/cmake --build /home/kireiji/Documents/GitHub/Exam/build/turtlesim_plus -- -j16 -l16
[1.320s] DEBUG:colcon.colcon_core.event_handler.log_command:Invoked command in '/home/kireiji/Documents/GitHub/Exam/build/god_turtle' returned '0': CMAKE_PREFIX_PATH=${CMAKE_PREFIX_PATH}:/home/kireiji/ros2_ws/install/my_py_pkg:/opt/ros/humble /usr/bin/cmake /home/kireiji/Documents/GitHub/Exam/src/god_turtle -DCMAKE_INSTALL_PREFIX=/home/kireiji/Documents/GitHub/Exam/install/god_turtle
[1.321s] DEBUG:colcon.colcon_core.event_handler.log_command:Invoking command in '/home/kireiji/Documents/GitHub/Exam/build/god_turtle': CMAKE_PREFIX_PATH=${CMAKE_PREFIX_PATH}:/home/kireiji/ros2_ws/install/my_py_pkg:/opt/ros/humble /usr/bin/cmake --build /home/kireiji/Documents/GitHub/Exam/build/god_turtle -- -j16 -l16
[1.539s] DEBUG:colcon.colcon_core.event_handler.log_command:Invoked command in '/home/kireiji/Documents/GitHub/Exam/build/turtlesim_plus' returned '0': CMAKE_PREFIX_PATH=${CMAKE_PREFIX_PATH}:/home/kireiji/ros2_ws/install/my_py_pkg:/opt/ros/humble /usr/bin/cmake --build /home/kireiji/Documents/GitHub/Exam/build/turtlesim_plus -- -j16 -l16
[1.560s] DEBUG:colcon.colcon_core.event_handler.log_command:Invoking command in '/home/kireiji/Documents/GitHub/Exam/build/turtlesim_plus': CMAKE_PREFIX_PATH=${CMAKE_PREFIX_PATH}:/home/kireiji/ros2_ws/install/my_py_pkg:/opt/ros/humble /usr/bin/cmake --install /home/kireiji/Documents/GitHub/Exam/build/turtlesim_plus
[1.621s] Level 1:colcon.colcon_core.environment:create_environment_scripts_only(turtlesim_plus)
[1.622s] DEBUG:colcon.colcon_core.event_handler.log_command:Invoked command in '/home/kireiji/Documents/GitHub/Exam/build/turtlesim_plus' returned '0': CMAKE_PREFIX_PATH=${CMAKE_PREFIX_PATH}:/home/kireiji/ros2_ws/install/my_py_pkg:/opt/ros/humble /usr/bin/cmake --install /home/kireiji/Documents/GitHub/Exam/build/turtlesim_plus
[1.624s] Level 1:colcon.colcon_core.environment:checking '/home/kireiji/Documents/GitHub/Exam/install/turtlesim_plus' for CMake module files
[1.625s] Level 1:colcon.colcon_core.environment:checking '/home/kireiji/Documents/GitHub/Exam/install/turtlesim_plus' for CMake config files
[1.625s] Level 1:colcon.colcon_core.shell:create_environment_hook('turtlesim_plus', 'cmake_prefix_path')
[1.625s] INFO:colcon.colcon_core.shell:Creating environment hook '/home/kireiji/Documents/GitHub/Exam/install/turtlesim_plus/share/turtlesim_plus/hook/cmake_prefix_path.ps1'
[1.626s] INFO:colcon.colcon_core.shell:Creating environment descriptor '/home/kireiji/Documents/GitHub/Exam/install/turtlesim_plus/share/turtlesim_plus/hook/cmake_prefix_path.dsv'
[1.629s] INFO:colcon.colcon_core.shell:Creating environment hook '/home/kireiji/Documents/GitHub/Exam/install/turtlesim_plus/share/turtlesim_plus/hook/cmake_prefix_path.sh'
[1.629s] Level 1:colcon.colcon_core.environment:checking '/home/kireiji/Documents/GitHub/Exam/install/turtlesim_plus/lib'
[1.629s] Level 1:colcon.colcon_core.environment:checking '/home/kireiji/Documents/GitHub/Exam/install/turtlesim_plus/bin'
[1.630s] Level 1:colcon.colcon_core.environment:checking '/home/kireiji/Documents/GitHub/Exam/install/turtlesim_plus/lib/pkgconfig/turtlesim_plus.pc'
[1.630s] Level 1:colcon.colcon_core.environment:checking '/home/kireiji/Documents/GitHub/Exam/install/turtlesim_plus/lib/python3.10/site-packages'
[1.630s] Level 1:colcon.colcon_core.shell:create_environment_hook('turtlesim_plus', 'pythonpath')
[1.630s] INFO:colcon.colcon_core.shell:Creating environment hook '/home/kireiji/Documents/GitHub/Exam/install/turtlesim_plus/share/turtlesim_plus/hook/pythonpath.ps1'
[1.630s] INFO:colcon.colcon_core.shell:Creating environment descriptor '/home/kireiji/Documents/GitHub/Exam/install/turtlesim_plus/share/turtlesim_plus/hook/pythonpath.dsv'
[1.630s] INFO:colcon.colcon_core.shell:Creating environment hook '/home/kireiji/Documents/GitHub/Exam/install/turtlesim_plus/share/turtlesim_plus/hook/pythonpath.sh'
[1.631s] Level 1:colcon.colcon_core.environment:checking '/home/kireiji/Documents/GitHub/Exam/install/turtlesim_plus/bin'
[1.631s] INFO:colcon.colcon_core.shell:Creating package script '/home/kireiji/Documents/GitHub/Exam/install/turtlesim_plus/share/turtlesim_plus/package.ps1'
[1.632s] INFO:colcon.colcon_core.shell:Creating package descriptor '/home/kireiji/Documents/GitHub/Exam/install/turtlesim_plus/share/turtlesim_plus/package.dsv'
[1.637s] INFO:colcon.colcon_core.shell:Creating package script '/home/kireiji/Documents/GitHub/Exam/install/turtlesim_plus/share/turtlesim_plus/package.sh'
[1.638s] INFO:colcon.colcon_core.shell:Creating package script '/home/kireiji/Documents/GitHub/Exam/install/turtlesim_plus/share/turtlesim_plus/package.bash'
[1.639s] INFO:colcon.colcon_core.shell:Creating package script '/home/kireiji/Documents/GitHub/Exam/install/turtlesim_plus/share/turtlesim_plus/package.zsh'
[1.639s] Level 1:colcon.colcon_core.environment:create_file_with_runtime_dependencies(/home/kireiji/Documents/GitHub/Exam/install/turtlesim_plus/share/colcon-core/packages/turtlesim_plus)
[1.651s] DEBUG:colcon.colcon_core.event_handler.log_command:Invoked command in '/home/kireiji/Documents/GitHub/Exam/build/god_turtle' returned '0': CMAKE_PREFIX_PATH=${CMAKE_PREFIX_PATH}:/home/kireiji/ros2_ws/install/my_py_pkg:/opt/ros/humble /usr/bin/cmake --build /home/kireiji/Documents/GitHub/Exam/build/god_turtle -- -j16 -l16
[1.673s] Level 1:colcon.colcon_core.environment:create_environment_scripts_only(turtlesim_plus)
[1.673s] Level 1:colcon.colcon_core.environment:checking '/home/kireiji/Documents/GitHub/Exam/install/turtlesim_plus' for CMake module files
[1.673s] Level 1:colcon.colcon_core.environment:checking '/home/kireiji/Documents/GitHub/Exam/install/turtlesim_plus' for CMake config files
[1.673s] Level 1:colcon.colcon_core.shell:create_environment_hook('turtlesim_plus', 'cmake_prefix_path')
[1.673s] INFO:colcon.colcon_core.shell:Creating environment hook '/home/kireiji/Documents/GitHub/Exam/install/turtlesim_plus/share/turtlesim_plus/hook/cmake_prefix_path.ps1'
[1.674s] INFO:colcon.colcon_core.shell:Creating environment descriptor '/home/kireiji/Documents/GitHub/Exam/install/turtlesim_plus/share/turtlesim_plus/hook/cmake_prefix_path.dsv'
[1.674s] INFO:colcon.colcon_core.shell:Creating environment hook '/home/kireiji/Documents/GitHub/Exam/install/turtlesim_plus/share/turtlesim_plus/hook/cmake_prefix_path.sh'
[1.674s] Level 1:colcon.colcon_core.environment:checking '/home/kireiji/Documents/GitHub/Exam/install/turtlesim_plus/lib'
[1.674s] Level 1:colcon.colcon_core.environment:checking '/home/kireiji/Documents/GitHub/Exam/install/turtlesim_plus/bin'
[1.674s] Level 1:colcon.colcon_core.environment:checking '/home/kireiji/Documents/GitHub/Exam/install/turtlesim_plus/lib/pkgconfig/turtlesim_plus.pc'
[1.675s] Level 1:colcon.colcon_core.environment:checking '/home/kireiji/Documents/GitHub/Exam/install/turtlesim_plus/lib/python3.10/site-packages'
[1.675s] Level 1:colcon.colcon_core.shell:create_environment_hook('turtlesim_plus', 'pythonpath')
[1.675s] INFO:colcon.colcon_core.shell:Creating environment hook '/home/kireiji/Documents/GitHub/Exam/install/turtlesim_plus/share/turtlesim_plus/hook/pythonpath.ps1'
[1.675s] INFO:colcon.colcon_core.shell:Creating environment descriptor '/home/kireiji/Documents/GitHub/Exam/install/turtlesim_plus/share/turtlesim_plus/hook/pythonpath.dsv'
[1.675s] INFO:colcon.colcon_core.shell:Creating environment hook '/home/kireiji/Documents/GitHub/Exam/install/turtlesim_plus/share/turtlesim_plus/hook/pythonpath.sh'
[1.675s] Level 1:colcon.colcon_core.environment:checking '/home/kireiji/Documents/GitHub/Exam/install/turtlesim_plus/bin'
[1.676s] INFO:colcon.colcon_core.shell:Creating package script '/home/kireiji/Documents/GitHub/Exam/install/turtlesim_plus/share/turtlesim_plus/package.ps1'
[1.676s] INFO:colcon.colcon_core.shell:Creating package descriptor '/home/kireiji/Documents/GitHub/Exam/install/turtlesim_plus/share/turtlesim_plus/package.dsv'
[1.676s] INFO:colcon.colcon_core.shell:Creating package script '/home/kireiji/Documents/GitHub/Exam/install/turtlesim_plus/share/turtlesim_plus/package.sh'
[1.677s] INFO:colcon.colcon_core.shell:Creating package script '/home/kireiji/Documents/GitHub/Exam/install/turtlesim_plus/share/turtlesim_plus/package.bash'
[1.677s] INFO:colcon.colcon_core.shell:Creating package script '/home/kireiji/Documents/GitHub/Exam/install/turtlesim_plus/share/turtlesim_plus/package.zsh'
[1.677s] Level 1:colcon.colcon_core.environment:create_file_with_runtime_dependencies(/home/kireiji/Documents/GitHub/Exam/install/turtlesim_plus/share/colcon-core/packages/turtlesim_plus)
[1.679s] DEBUG:colcon.colcon_core.event_handler.log_command:Invoking command in '/home/kireiji/Documents/GitHub/Exam/build/god_turtle': CMAKE_PREFIX_PATH=${CMAKE_PREFIX_PATH}:/home/kireiji/ros2_ws/install/my_py_pkg:/opt/ros/humble /usr/bin/cmake --install /home/kireiji/Documents/GitHub/Exam/build/god_turtle
[1.716s] DEBUG:colcon.colcon_core.event_handler.log_command:Invoked command in '/home/kireiji/Documents/GitHub/Exam/build/turtlesim_plus_interfaces' returned '0': CMAKE_PREFIX_PATH=${CMAKE_PREFIX_PATH}:/home/kireiji/ros2_ws/install/my_py_pkg:/opt/ros/humble /usr/bin/cmake /home/kireiji/Documents/GitHub/Exam/src/turtlesim_plus_interfaces -DCMAKE_INSTALL_PREFIX=/home/kireiji/Documents/GitHub/Exam/install/turtlesim_plus_interfaces
[1.717s] DEBUG:colcon.colcon_core.event_handler.log_command:Invoking command in '/home/kireiji/Documents/GitHub/Exam/build/turtlesim_plus_interfaces': CMAKE_PREFIX_PATH=${CMAKE_PREFIX_PATH}:/home/kireiji/ros2_ws/install/my_py_pkg:/opt/ros/humble /usr/bin/cmake --build /home/kireiji/Documents/GitHub/Exam/build/turtlesim_plus_interfaces -- -j16 -l16
[1.717s] Level 1:colcon.colcon_core.environment:create_environment_scripts_only(god_turtle)
[1.718s] Level 1:colcon.colcon_core.environment:checking '/home/kireiji/Documents/GitHub/Exam/install/god_turtle' for CMake module files
[1.718s] DEBUG:colcon.colcon_core.event_handler.log_command:Invoked command in '/home/kireiji/Documents/GitHub/Exam/build/god_turtle' returned '0': CMAKE_PREFIX_PATH=${CMAKE_PREFIX_PATH}:/home/kireiji/ros2_ws/install/my_py_pkg:/opt/ros/humble /usr/bin/cmake --install /home/kireiji/Documents/GitHub/Exam/build/god_turtle
[1.718s] Level 1:colcon.colcon_core.environment:checking '/home/kireiji/Documents/GitHub/Exam/install/god_turtle' for CMake config files
[1.718s] Level 1:colcon.colcon_core.shell:create_environment_hook('god_turtle', 'cmake_prefix_path')
[1.719s] INFO:colcon.colcon_core.shell:Creating environment hook '/home/kireiji/Documents/GitHub/Exam/install/god_turtle/share/god_turtle/hook/cmake_prefix_path.ps1'
[1.719s] INFO:colcon.colcon_core.shell:Creating environment descriptor '/home/kireiji/Documents/GitHub/Exam/install/god_turtle/share/god_turtle/hook/cmake_prefix_path.dsv'
[1.719s] INFO:colcon.colcon_core.shell:Creating environment hook '/home/kireiji/Documents/GitHub/Exam/install/god_turtle/share/god_turtle/hook/cmake_prefix_path.sh'
[1.720s] Level 1:colcon.colcon_core.environment:checking '/home/kireiji/Documents/GitHub/Exam/install/god_turtle/lib'
[1.720s] Level 1:colcon.colcon_core.environment:checking '/home/kireiji/Documents/GitHub/Exam/install/god_turtle/bin'
[1.720s] Level 1:colcon.colcon_core.environment:checking '/home/kireiji/Documents/GitHub/Exam/install/god_turtle/lib/pkgconfig/god_turtle.pc'
[1.720s] Level 1:colcon.colcon_core.environment:checking '/home/kireiji/Documents/GitHub/Exam/install/god_turtle/lib/python3.10/site-packages'
[1.720s] Level 1:colcon.colcon_core.shell:create_environment_hook('god_turtle', 'pythonpath')
[1.720s] INFO:colcon.colcon_core.shell:Creating environment hook '/home/kireiji/Documents/GitHub/Exam/install/god_turtle/share/god_turtle/hook/pythonpath.ps1'
[1.720s] INFO:colcon.colcon_core.shell:Creating environment descriptor '/home/kireiji/Documents/GitHub/Exam/install/god_turtle/share/god_turtle/hook/pythonpath.dsv'
[1.720s] INFO:colcon.colcon_core.shell:Creating environment hook '/home/kireiji/Documents/GitHub/Exam/install/god_turtle/share/god_turtle/hook/pythonpath.sh'
[1.721s] Level 1:colcon.colcon_core.environment:checking '/home/kireiji/Documents/GitHub/Exam/install/god_turtle/bin'
[1.721s] INFO:colcon.colcon_core.shell:Creating package script '/home/kireiji/Documents/GitHub/Exam/install/god_turtle/share/god_turtle/package.ps1'
[1.721s] INFO:colcon.colcon_core.shell:Creating package descriptor '/home/kireiji/Documents/GitHub/Exam/install/god_turtle/share/god_turtle/package.dsv'
[1.721s] INFO:colcon.colcon_core.shell:Creating package script '/home/kireiji/Documents/GitHub/Exam/install/god_turtle/share/god_turtle/package.sh'
[1.721s] INFO:colcon.colcon_core.shell:Creating package script '/home/kireiji/Documents/GitHub/Exam/install/god_turtle/share/god_turtle/package.bash'
[1.722s] INFO:colcon.colcon_core.shell:Creating package script '/home/kireiji/Documents/GitHub/Exam/install/god_turtle/share/god_turtle/package.zsh'
[1.722s] Level 1:colcon.colcon_core.environment:create_file_with_runtime_dependencies(/home/kireiji/Documents/GitHub/Exam/install/god_turtle/share/colcon-core/packages/god_turtle)
[1.738s] Level 1:colcon.colcon_core.environment:create_environment_scripts_only(god_turtle)
[1.738s] Level 1:colcon.colcon_core.environment:checking '/home/kireiji/Documents/GitHub/Exam/install/god_turtle' for CMake module files
[1.739s] Level 1:colcon.colcon_core.environment:checking '/home/kireiji/Documents/GitHub/Exam/install/god_turtle' for CMake config files
[1.739s] Level 1:colcon.colcon_core.shell:create_environment_hook('god_turtle', 'cmake_prefix_path')
[1.739s] INFO:colcon.colcon_core.shell:Creating environment hook '/home/kireiji/Documents/GitHub/Exam/install/god_turtle/share/god_turtle/hook/cmake_prefix_path.ps1'
[1.739s] INFO:colcon.colcon_core.shell:Creating environment descriptor '/home/kireiji/Documents/GitHub/Exam/install/god_turtle/share/god_turtle/hook/cmake_prefix_path.dsv'
[1.739s] INFO:colcon.colcon_core.shell:Creating environment hook '/home/kireiji/Documents/GitHub/Exam/install/god_turtle/share/god_turtle/hook/cmake_prefix_path.sh'
[1.740s] Level 1:colcon.colcon_core.environment:checking '/home/kireiji/Documents/GitHub/Exam/install/god_turtle/lib'
[1.740s] Level 1:colcon.colcon_core.environment:checking '/home/kireiji/Documents/GitHub/Exam/install/god_turtle/bin'
[1.740s] Level 1:colcon.colcon_core.environment:checking '/home/kireiji/Documents/GitHub/Exam/install/god_turtle/lib/pkgconfig/god_turtle.pc'
[1.740s] Level 1:colcon.colcon_core.environment:checking '/home/kireiji/Documents/GitHub/Exam/install/god_turtle/lib/python3.10/site-packages'
[1.740s] Level 1:colcon.colcon_core.shell:create_environment_hook('god_turtle', 'pythonpath')
[1.740s] INFO:colcon.colcon_core.shell:Creating environment hook '/home/kireiji/Documents/GitHub/Exam/install/god_turtle/share/god_turtle/hook/pythonpath.ps1'
[1.740s] INFO:colcon.colcon_core.shell:Creating environment descriptor '/home/kireiji/Documents/GitHub/Exam/install/god_turtle/share/god_turtle/hook/pythonpath.dsv'
[1.741s] INFO:colcon.colcon_core.shell:Creating environment hook '/home/kireiji/Documents/GitHub/Exam/install/god_turtle/share/god_turtle/hook/pythonpath.sh'
[1.741s] Level 1:colcon.colcon_core.environment:checking '/home/kireiji/Documents/GitHub/Exam/install/god_turtle/bin'
[1.741s] INFO:colcon.colcon_core.shell:Creating package script '/home/kireiji/Documents/GitHub/Exam/install/god_turtle/share/god_turtle/package.ps1'
[1.741s] INFO:colcon.colcon_core.shell:Creating package descriptor '/home/kireiji/Documents/GitHub/Exam/install/god_turtle/share/god_turtle/package.dsv'
[1.742s] INFO:colcon.colcon_core.shell:Creating package script '/home/kireiji/Documents/GitHub/Exam/install/god_turtle/share/god_turtle/package.sh'
[1.742s] INFO:colcon.colcon_core.shell:Creating package script '/home/kireiji/Documents/GitHub/Exam/install/god_turtle/share/god_turtle/package.bash'
[1.742s] INFO:colcon.colcon_core.shell:Creating package script '/home/kireiji/Documents/GitHub/Exam/install/god_turtle/share/god_turtle/package.zsh'
[1.742s] Level 1:colcon.colcon_core.environment:create_file_with_runtime_dependencies(/home/kireiji/Documents/GitHub/Exam/install/god_turtle/share/colcon-core/packages/god_turtle)
[4.578s] DEBUG:colcon.colcon_core.event_handler.log_command:Invoked command in '/home/kireiji/Documents/GitHub/Exam/build/turtlesim_plus_interfaces' returned '0': CMAKE_PREFIX_PATH=${CMAKE_PREFIX_PATH}:/home/kireiji/ros2_ws/install/my_py_pkg:/opt/ros/humble /usr/bin/cmake --build /home/kireiji/Documents/GitHub/Exam/build/turtlesim_plus_interfaces -- -j16 -l16
[4.650s] DEBUG:colcon.colcon_core.event_handler.log_command:Invoking command in '/home/kireiji/Documents/GitHub/Exam/build/turtlesim_plus_interfaces': CMAKE_PREFIX_PATH=${CMAKE_PREFIX_PATH}:/home/kireiji/ros2_ws/install/my_py_pkg:/opt/ros/humble /usr/bin/cmake --install /home/kireiji/Documents/GitHub/Exam/build/turtlesim_plus_interfaces
[4.720s] Level 1:colcon.colcon_core.environment:create_environment_scripts_only(turtlesim_plus_interfaces)
[4.720s] Level 1:colcon.colcon_core.environment:checking '/home/kireiji/Documents/GitHub/Exam/install/turtlesim_plus_interfaces' for CMake module files
[4.720s] DEBUG:colcon.colcon_core.event_handler.log_command:Invoked command in '/home/kireiji/Documents/GitHub/Exam/build/turtlesim_plus_interfaces' returned '0': CMAKE_PREFIX_PATH=${CMAKE_PREFIX_PATH}:/home/kireiji/ros2_ws/install/my_py_pkg:/opt/ros/humble /usr/bin/cmake --install /home/kireiji/Documents/GitHub/Exam/build/turtlesim_plus_interfaces
[4.721s] Level 1:colcon.colcon_core.environment:checking '/home/kireiji/Documents/GitHub/Exam/install/turtlesim_plus_interfaces' for CMake config files
[4.721s] Level 1:colcon.colcon_core.shell:create_environment_hook('turtlesim_plus_interfaces', 'cmake_prefix_path')
[4.721s] INFO:colcon.colcon_core.shell:Creating environment hook '/home/kireiji/Documents/GitHub/Exam/install/turtlesim_plus_interfaces/share/turtlesim_plus_interfaces/hook/cmake_prefix_path.ps1'
[4.721s] INFO:colcon.colcon_core.shell:Creating environment descriptor '/home/kireiji/Documents/GitHub/Exam/install/turtlesim_plus_interfaces/share/turtlesim_plus_interfaces/hook/cmake_prefix_path.dsv'
[4.722s] INFO:colcon.colcon_core.shell:Creating environment hook '/home/kireiji/Documents/GitHub/Exam/install/turtlesim_plus_interfaces/share/turtlesim_plus_interfaces/hook/cmake_prefix_path.sh'
[4.722s] Level 1:colcon.colcon_core.environment:checking '/home/kireiji/Documents/GitHub/Exam/install/turtlesim_plus_interfaces/lib'
[4.722s] Level 1:colcon.colcon_core.shell:create_environment_hook('turtlesim_plus_interfaces', 'ld_library_path_lib')
[4.722s] INFO:colcon.colcon_core.shell:Creating environment hook '/home/kireiji/Documents/GitHub/Exam/install/turtlesim_plus_interfaces/share/turtlesim_plus_interfaces/hook/ld_library_path_lib.ps1'
[4.722s] INFO:colcon.colcon_core.shell:Creating environment descriptor '/home/kireiji/Documents/GitHub/Exam/install/turtlesim_plus_interfaces/share/turtlesim_plus_interfaces/hook/ld_library_path_lib.dsv'
[4.722s] INFO:colcon.colcon_core.shell:Creating environment hook '/home/kireiji/Documents/GitHub/Exam/install/turtlesim_plus_interfaces/share/turtlesim_plus_interfaces/hook/ld_library_path_lib.sh'
[4.723s] Level 1:colcon.colcon_core.environment:checking '/home/kireiji/Documents/GitHub/Exam/install/turtlesim_plus_interfaces/bin'
[4.723s] Level 1:colcon.colcon_core.environment:checking '/home/kireiji/Documents/GitHub/Exam/install/turtlesim_plus_interfaces/lib/pkgconfig/turtlesim_plus_interfaces.pc'
[4.723s] Level 1:colcon.colcon_core.environment:checking '/home/kireiji/Documents/GitHub/Exam/install/turtlesim_plus_interfaces/lib/python3.10/site-packages'
[4.723s] Level 1:colcon.colcon_core.shell:create_environment_hook('turtlesim_plus_interfaces', 'pythonpath')
[4.723s] INFO:colcon.colcon_core.shell:Creating environment hook '/home/kireiji/Documents/GitHub/Exam/install/turtlesim_plus_interfaces/share/turtlesim_plus_interfaces/hook/pythonpath.ps1'
[4.723s] INFO:colcon.colcon_core.shell:Creating environment descriptor '/home/kireiji/Documents/GitHub/Exam/install/turtlesim_plus_interfaces/share/turtlesim_plus_interfaces/hook/pythonpath.dsv'
[4.723s] INFO:colcon.colcon_core.shell:Creating environment hook '/home/kireiji/Documents/GitHub/Exam/install/turtlesim_plus_interfaces/share/turtlesim_plus_interfaces/hook/pythonpath.sh'
[4.724s] Level 1:colcon.colcon_core.environment:checking '/home/kireiji/Documents/GitHub/Exam/install/turtlesim_plus_interfaces/bin'
[4.724s] INFO:colcon.colcon_core.shell:Creating package script '/home/kireiji/Documents/GitHub/Exam/install/turtlesim_plus_interfaces/share/turtlesim_plus_interfaces/package.ps1'
[4.724s] INFO:colcon.colcon_core.shell:Creating package descriptor '/home/kireiji/Documents/GitHub/Exam/install/turtlesim_plus_interfaces/share/turtlesim_plus_interfaces/package.dsv'
[4.724s] INFO:colcon.colcon_core.shell:Creating package script '/home/kireiji/Documents/GitHub/Exam/install/turtlesim_plus_interfaces/share/turtlesim_plus_interfaces/package.sh'
[4.724s] INFO:colcon.colcon_core.shell:Creating package script '/home/kireiji/Documents/GitHub/Exam/install/turtlesim_plus_interfaces/share/turtlesim_plus_interfaces/package.bash'
[4.725s] INFO:colcon.colcon_core.shell:Creating package script '/home/kireiji/Documents/GitHub/Exam/install/turtlesim_plus_interfaces/share/turtlesim_plus_interfaces/package.zsh'
[4.725s] Level 1:colcon.colcon_core.environment:create_file_with_runtime_dependencies(/home/kireiji/Documents/GitHub/Exam/install/turtlesim_plus_interfaces/share/colcon-core/packages/turtlesim_plus_interfaces)
[4.796s] Level 1:colcon.colcon_core.environment:create_environment_scripts_only(turtlesim_plus_interfaces)
[4.797s] Level 1:colcon.colcon_core.environment:checking '/home/kireiji/Documents/GitHub/Exam/install/turtlesim_plus_interfaces' for CMake module files
[4.797s] Level 1:colcon.colcon_core.environment:checking '/home/kireiji/Documents/GitHub/Exam/install/turtlesim_plus_interfaces' for CMake config files
[4.798s] Level 1:colcon.colcon_core.shell:create_environment_hook('turtlesim_plus_interfaces', 'cmake_prefix_path')
[4.798s] INFO:colcon.colcon_core.shell:Creating environment hook '/home/kireiji/Documents/GitHub/Exam/install/turtlesim_plus_interfaces/share/turtlesim_plus_interfaces/hook/cmake_prefix_path.ps1'
[4.798s] INFO:colcon.colcon_core.shell:Creating environment descriptor '/home/kireiji/Documents/GitHub/Exam/install/turtlesim_plus_interfaces/share/turtlesim_plus_interfaces/hook/cmake_prefix_path.dsv'
[4.798s] INFO:colcon.colcon_core.shell:Creating environment hook '/home/kireiji/Documents/GitHub/Exam/install/turtlesim_plus_interfaces/share/turtlesim_plus_interfaces/hook/cmake_prefix_path.sh'
[4.799s] Level 1:colcon.colcon_core.environment:checking '/home/kireiji/Documents/GitHub/Exam/install/turtlesim_plus_interfaces/lib'
[4.799s] Level 1:colcon.colcon_core.shell:create_environment_hook('turtlesim_plus_interfaces', 'ld_library_path_lib')
[4.799s] INFO:colcon.colcon_core.shell:Creating environment hook '/home/kireiji/Documents/GitHub/Exam/install/turtlesim_plus_interfaces/share/turtlesim_plus_interfaces/hook/ld_library_path_lib.ps1'
[4.799s] INFO:colcon.colcon_core.shell:Creating environment descriptor '/home/kireiji/Documents/GitHub/Exam/install/turtlesim_plus_interfaces/share/turtlesim_plus_interfaces/hook/ld_library_path_lib.dsv'
[4.799s] INFO:colcon.colcon_core.shell:Creating environment hook '/home/kireiji/Documents/GitHub/Exam/install/turtlesim_plus_interfaces/share/turtlesim_plus_interfaces/hook/ld_library_path_lib.sh'
[4.799s] Level 1:colcon.colcon_core.environment:checking '/home/kireiji/Documents/GitHub/Exam/install/turtlesim_plus_interfaces/bin'
[4.799s] Level 1:colcon.colcon_core.environment:checking '/home/kireiji/Documents/GitHub/Exam/install/turtlesim_plus_interfaces/lib/pkgconfig/turtlesim_plus_interfaces.pc'
[4.800s] Level 1:colcon.colcon_core.environment:checking '/home/kireiji/Documents/GitHub/Exam/install/turtlesim_plus_interfaces/lib/python3.10/site-packages'
[4.800s] Level 1:colcon.colcon_core.shell:create_environment_hook('turtlesim_plus_interfaces', 'pythonpath')
[4.800s] INFO:colcon.colcon_core.shell:Creating environment hook '/home/kireiji/Documents/GitHub/Exam/install/turtlesim_plus_interfaces/share/turtlesim_plus_interfaces/hook/pythonpath.ps1'
[4.800s] INFO:colcon.colcon_core.shell:Creating environment descriptor '/home/kireiji/Documents/GitHub/Exam/install/turtlesim_plus_interfaces/share/turtlesim_plus_interfaces/hook/pythonpath.dsv'
[4.800s] INFO:colcon.colcon_core.shell:Creating environment hook '/home/kireiji/Documents/GitHub/Exam/install/turtlesim_plus_interfaces/share/turtlesim_plus_interfaces/hook/pythonpath.sh'
[4.800s] Level 1:colcon.colcon_core.environment:checking '/home/kireiji/Documents/GitHub/Exam/install/turtlesim_plus_interfaces/bin'
[4.801s] INFO:colcon.colcon_core.shell:Creating package script '/home/kireiji/Documents/GitHub/Exam/install/turtlesim_plus_interfaces/share/turtlesim_plus_interfaces/package.ps1'
[4.801s] INFO:colcon.colcon_core.shell:Creating package descriptor '/home/kireiji/Documents/GitHub/Exam/install/turtlesim_plus_interfaces/share/turtlesim_plus_interfaces/package.dsv'
[4.801s] INFO:colcon.colcon_core.shell:Creating package script '/home/kireiji/Documents/GitHub/Exam/install/turtlesim_plus_interfaces/share/turtlesim_plus_interfaces/package.sh'
[4.801s] INFO:colcon.colcon_core.shell:Creating package script '/home/kireiji/Documents/GitHub/Exam/install/turtlesim_plus_interfaces/share/turtlesim_plus_interfaces/package.bash'
[4.802s] INFO:colcon.colcon_core.shell:Creating package script '/home/kireiji/Documents/GitHub/Exam/install/turtlesim_plus_interfaces/share/turtlesim_plus_interfaces/package.zsh'
[4.802s] Level 1:colcon.colcon_core.environment:create_file_with_runtime_dependencies(/home/kireiji/Documents/GitHub/Exam/install/turtlesim_plus_interfaces/share/colcon-core/packages/turtlesim_plus_interfaces)
[4.802s] DEBUG:colcon.colcon_parallel_executor.executor.parallel:closing loop
[4.802s] DEBUG:colcon.colcon_parallel_executor.executor.parallel:loop closed
[4.802s] DEBUG:colcon.colcon_parallel_executor.executor.parallel:run_until_complete finished with '0'
[4.802s] DEBUG:colcon.colcon_core.event_reactor:joining thread
[4.806s] INFO:colcon.colcon_core.plugin_system:Skipping extension 'colcon_notification.desktop_notification.terminal_notifier': Not used on non-Darwin systems
[4.806s] INFO:colcon.colcon_core.plugin_system:Skipping extension 'colcon_notification.desktop_notification.win32': Not used on non-Windows systems
[4.806s] INFO:colcon.colcon_notification.desktop_notification:Sending desktop notification using 'notify2'
[4.814s] DEBUG:colcon.colcon_core.event_reactor:joined thread
[4.814s] INFO:colcon.colcon_core.shell:Creating prefix script '/home/kireiji/Documents/GitHub/Exam/install/local_setup.ps1'
[4.815s] INFO:colcon.colcon_core.shell:Creating prefix util module '/home/kireiji/Documents/GitHub/Exam/install/_local_setup_util_ps1.py'
[4.815s] INFO:colcon.colcon_core.shell:Creating prefix chain script '/home/kireiji/Documents/GitHub/Exam/install/setup.ps1'
[4.816s] INFO:colcon.colcon_core.shell:Creating prefix script '/home/kireiji/Documents/GitHub/Exam/install/local_setup.sh'
[4.816s] INFO:colcon.colcon_core.shell:Creating prefix util module '/home/kireiji/Documents/GitHub/Exam/install/_local_setup_util_sh.py'
[4.817s] INFO:colcon.colcon_core.shell:Creating prefix chain script '/home/kireiji/Documents/GitHub/Exam/install/setup.sh'
[4.817s] INFO:colcon.colcon_core.shell:Creating prefix script '/home/kireiji/Documents/GitHub/Exam/install/local_setup.bash'
[4.818s] INFO:colcon.colcon_core.shell:Creating prefix chain script '/home/kireiji/Documents/GitHub/Exam/install/setup.bash'
[4.818s] INFO:colcon.colcon_core.shell:Creating prefix script '/home/kireiji/Documents/GitHub/Exam/install/local_setup.zsh'
[4.819s] INFO:colcon.colcon_core.shell:Creating prefix chain script '/home/kireiji/Documents/GitHub/Exam/install/setup.zsh'
