[0.012s] Invoking command in '/home/kireiji/Documents/GitHub/Exam/build/god_turtle': CMAKE_PREFIX_PATH=${CMAKE_PREFIX_PATH}:/home/kireiji/ros2_ws/install/my_py_pkg:/opt/ros/humble /usr/bin/cmake /home/kireiji/Documents/GitHub/Exam/src/god_turtle -DCMAKE_INSTALL_PREFIX=/home/kireiji/Documents/GitHub/Exam/install/god_turtle
[0.047s] -- The C compiler identification is GNU 11.4.0
[0.084s] -- The CXX compiler identification is GNU 11.4.0
[0.089s] -- Detecting C compiler ABI info
[0.135s] -- Detecting C compiler ABI info - done
[0.140s] -- Check for working C compiler: /usr/bin/cc - skipped
[0.140s] -- Detecting C compile features
[0.140s] -- Detecting C compile features - done
[0.142s] -- Detecting CXX compiler ABI info
[0.195s] -- Detecting CXX compiler ABI info - done
[0.200s] -- Check for working CXX compiler: /usr/bin/c++ - skipped
[0.200s] -- Detecting CXX compile features
[0.200s] -- Detecting CXX compile features - done
[0.202s] -- Found ament_cmake: 1.3.10 (/opt/ros/humble/share/ament_cmake/cmake)
[0.558s] -- Found Python3: /usr/local/bin/python3 (found version "3.10.0") found components: Interpreter 
[0.621s] -- Found rclcpp: 16.0.10 (/opt/ros/humble/share/rclcpp/cmake)
[0.647s] -- Found rosidl_generator_c: 3.1.5 (/opt/ros/humble/share/rosidl_generator_c/cmake)
[0.649s] -- Found rosidl_adapter: 3.1.5 (/opt/ros/humble/share/rosidl_adapter/cmake)
[0.654s] -- Found rosidl_generator_cpp: 3.1.5 (/opt/ros/humble/share/rosidl_generator_cpp/cmake)
[0.662s] -- Using all available rosidl_typesupport_c: rosidl_typesupport_fastrtps_c;rosidl_typesupport_introspection_c
[0.671s] -- Using all available rosidl_typesupport_cpp: rosidl_typesupport_fastrtps_cpp;rosidl_typesupport_introspection_cpp
[0.699s] -- Found rmw_implementation_cmake: 6.1.2 (/opt/ros/humble/share/rmw_implementation_cmake/cmake)
[0.701s] -- Found rmw_fastrtps_cpp: 6.2.7 (/opt/ros/humble/share/rmw_fastrtps_cpp/cmake)
[0.756s] -- Found OpenSSL: /usr/lib/x86_64-linux-gnu/libcrypto.so (found version "3.0.2")  
[0.773s] -- Found FastRTPS: /opt/ros/humble/include  
[0.799s] -- Using RMW implementation 'rmw_fastrtps_cpp' as default
[0.804s] -- Looking for pthread.h
[0.850s] -- Looking for pthread.h - found
[0.851s] -- Performing Test CMAKE_HAVE_LIBC_PTHREAD
[0.898s] -- Performing Test CMAKE_HAVE_LIBC_PTHREAD - Success
[0.899s] -- Found Threads: TRUE  
[0.931s] -- Found rclpy: 3.3.14 (/opt/ros/humble/share/rclpy/cmake)
[1.069s] -- Configuring done
[1.075s] -- Generating done
[1.076s] -- Build files have been written to: /home/kireiji/Documents/GitHub/Exam/build/god_turtle
[1.085s] Invoked command in '/home/kireiji/Documents/GitHub/Exam/build/god_turtle' returned '0': CMAKE_PREFIX_PATH=${CMAKE_PREFIX_PATH}:/home/kireiji/ros2_ws/install/my_py_pkg:/opt/ros/humble /usr/bin/cmake /home/kireiji/Documents/GitHub/Exam/src/god_turtle -DCMAKE_INSTALL_PREFIX=/home/kireiji/Documents/GitHub/Exam/install/god_turtle
[1.086s] Invoking command in '/home/kireiji/Documents/GitHub/Exam/build/god_turtle': CMAKE_PREFIX_PATH=${CMAKE_PREFIX_PATH}:/home/kireiji/ros2_ws/install/my_py_pkg:/opt/ros/humble /usr/bin/cmake --build /home/kireiji/Documents/GitHub/Exam/build/god_turtle -- -j16 -l16
[1.115s] [ 50%] [32mBuilding CXX object CMakeFiles/cpp_node_test.dir/src/cpp_node.cpp.o[0m
[1.119s] [ 50%] Built target ament_cmake_python_copy_god_turtle
[1.280s] running egg_info
[1.281s] creating god_turtle.egg-info
[1.281s] writing manifest file 'god_turtle.egg-info/SOURCES.txt'
[1.283s] writing manifest file 'god_turtle.egg-info/SOURCES.txt'
[1.291s] [100%] [32m[1mLinking CXX executable cpp_node_test[0m
[1.305s] [100%] Built target ament_cmake_python_build_god_turtle_egg
[1.368s] [100%] Built target cpp_node_test
[1.379s] Invoked command in '/home/kireiji/Documents/GitHub/Exam/build/god_turtle' returned '0': CMAKE_PREFIX_PATH=${CMAKE_PREFIX_PATH}:/home/kireiji/ros2_ws/install/my_py_pkg:/opt/ros/humble /usr/bin/cmake --build /home/kireiji/Documents/GitHub/Exam/build/god_turtle -- -j16 -l16
[1.430s] Invoking command in '/home/kireiji/Documents/GitHub/Exam/build/god_turtle': CMAKE_PREFIX_PATH=${CMAKE_PREFIX_PATH}:/home/kireiji/ros2_ws/install/my_py_pkg:/opt/ros/humble /usr/bin/cmake --install /home/kireiji/Documents/GitHub/Exam/build/god_turtle
[1.443s] -- Install configuration: ""
[1.443s] -- Installing: /home/kireiji/Documents/GitHub/Exam/install/god_turtle/share/god_turtle/environment/pythonpath.sh
[1.444s] -- Installing: /home/kireiji/Documents/GitHub/Exam/install/god_turtle/share/god_turtle/environment/pythonpath.dsv
[1.444s] -- Installing: /home/kireiji/Documents/GitHub/Exam/install/god_turtle/lib/python3.10/site-packages/god_turtle-0.0.0-py3.10.egg-info
[1.444s] -- Installing: /home/kireiji/Documents/GitHub/Exam/install/god_turtle/lib/python3.10/site-packages/god_turtle-0.0.0-py3.10.egg-info/PKG-INFO
[1.444s] -- Installing: /home/kireiji/Documents/GitHub/Exam/install/god_turtle/lib/python3.10/site-packages/god_turtle-0.0.0-py3.10.egg-info/dependency_links.txt
[1.447s] -- Installing: /home/kireiji/Documents/GitHub/Exam/install/god_turtle/lib/python3.10/site-packages/god_turtle-0.0.0-py3.10.egg-info/top_level.txt
[1.447s] -- Installing: /home/kireiji/Documents/GitHub/Exam/install/god_turtle/lib/python3.10/site-packages/god_turtle-0.0.0-py3.10.egg-info/SOURCES.txt
[1.450s] -- Installing: /home/kireiji/Documents/GitHub/Exam/install/god_turtle/lib/python3.10/site-packages/god_turtle
[1.450s] -- Installing: /home/kireiji/Documents/GitHub/Exam/install/god_turtle/lib/python3.10/site-packages/god_turtle/__init__.py
[1.450s] -- Installing: /home/kireiji/Documents/GitHub/Exam/install/god_turtle/lib/python3.10/site-packages/god_turtle/dummy_module.py
[1.475s] Listing '/home/kireiji/Documents/GitHub/Exam/install/god_turtle/lib/python3.10/site-packages/god_turtle'...
[1.475s] Compiling '/home/kireiji/Documents/GitHub/Exam/install/god_turtle/lib/python3.10/site-packages/god_turtle/__init__.py'...
[1.475s] Compiling '/home/kireiji/Documents/GitHub/Exam/install/god_turtle/lib/python3.10/site-packages/god_turtle/dummy_module.py'...
[1.478s] -- Installing: /home/kireiji/Documents/GitHub/Exam/install/god_turtle/lib/god_turtle/dummy_script.py
[1.478s] -- Installing: /home/kireiji/Documents/GitHub/Exam/install/god_turtle/lib/god_turtle/teleop_turtle.py
[1.478s] -- Installing: /home/kireiji/Documents/GitHub/Exam/install/god_turtle/lib/god_turtle/controller.py
[1.478s] -- Installing: /home/kireiji/Documents/GitHub/Exam/install/god_turtle/lib/god_turtle/copy_turtle.py
[1.478s] -- Installing: /home/kireiji/Documents/GitHub/Exam/install/god_turtle/lib/god_turtle/cpp_node_test
[1.479s] -- Set runtime path of "/home/kireiji/Documents/GitHub/Exam/install/god_turtle/lib/god_turtle/cpp_node_test" to ""
[1.479s] -- Installing: /home/kireiji/Documents/GitHub/Exam/install/god_turtle/share/god_turtle/launch
[1.479s] -- Installing: /home/kireiji/Documents/GitHub/Exam/install/god_turtle/share/god_turtle/launch/god_turtle.launch.py
[1.479s] -- Installing: /home/kireiji/Documents/GitHub/Exam/install/god_turtle/share/ament_index/resource_index/package_run_dependencies/god_turtle
[1.479s] -- Installing: /home/kireiji/Documents/GitHub/Exam/install/god_turtle/share/ament_index/resource_index/parent_prefix_path/god_turtle
[1.479s] -- Installing: /home/kireiji/Documents/GitHub/Exam/install/god_turtle/share/god_turtle/environment/ament_prefix_path.sh
[1.479s] -- Installing: /home/kireiji/Documents/GitHub/Exam/install/god_turtle/share/god_turtle/environment/ament_prefix_path.dsv
[1.479s] -- Installing: /home/kireiji/Documents/GitHub/Exam/install/god_turtle/share/god_turtle/environment/path.sh
[1.479s] -- Installing: /home/kireiji/Documents/GitHub/Exam/install/god_turtle/share/god_turtle/environment/path.dsv
[1.479s] -- Installing: /home/kireiji/Documents/GitHub/Exam/install/god_turtle/share/god_turtle/local_setup.bash
[1.479s] -- Installing: /home/kireiji/Documents/GitHub/Exam/install/god_turtle/share/god_turtle/local_setup.sh
[1.479s] -- Installing: /home/kireiji/Documents/GitHub/Exam/install/god_turtle/share/god_turtle/local_setup.zsh
[1.479s] -- Installing: /home/kireiji/Documents/GitHub/Exam/install/god_turtle/share/god_turtle/local_setup.dsv
[1.480s] -- Installing: /home/kireiji/Documents/GitHub/Exam/install/god_turtle/share/god_turtle/package.dsv
[1.480s] -- Installing: /home/kireiji/Documents/GitHub/Exam/install/god_turtle/share/ament_index/resource_index/packages/god_turtle
[1.480s] -- Installing: /home/kireiji/Documents/GitHub/Exam/install/god_turtle/share/god_turtle/cmake/god_turtleConfig.cmake
[1.480s] -- Installing: /home/kireiji/Documents/GitHub/Exam/install/god_turtle/share/god_turtle/cmake/god_turtleConfig-version.cmake
[1.480s] -- Installing: /home/kireiji/Documents/GitHub/Exam/install/god_turtle/share/god_turtle/package.xml
[1.482s] Invoked command in '/home/kireiji/Documents/GitHub/Exam/build/god_turtle' returned '0': CMAKE_PREFIX_PATH=${CMAKE_PREFIX_PATH}:/home/kireiji/ros2_ws/install/my_py_pkg:/opt/ros/humble /usr/bin/cmake --install /home/kireiji/Documents/GitHub/Exam/build/god_turtle
