-- Found ament_cmake: 1.3.10 (/opt/ros/humble/share/ament_cmake/cmake)
-- Found rclcpp: 16.0.10 (/opt/ros/humble/share/rclcpp/cmake)
-- Found rosidl_generator_c: 3.1.5 (/opt/ros/humble/share/rosidl_generator_c/cmake)
-- Found rosidl_adapter: 3.1.5 (/opt/ros/humble/share/rosidl_adapter/cmake)
-- Found rosidl_generator_cpp: 3.1.5 (/opt/ros/humble/share/rosidl_generator_cpp/cmake)
-- Using all available rosidl_typesupport_c: rosidl_typesupport_fastrtps_c;rosidl_typesupport_introspection_c
-- Using all available rosidl_typesupport_cpp: rosidl_typesupport_fastrtps_cpp;rosidl_typesupport_introspection_cpp
-- Found rmw_implementation_cmake: 6.1.2 (/opt/ros/humble/share/rmw_implementation_cmake/cmake)
-- Found rmw_fastrtps_cpp: 6.2.7 (/opt/ros/humble/share/rmw_fastrtps_cpp/cmake)
-- Using RMW implementation 'rmw_fastrtps_cpp' as default
-- Found rclpy: 3.3.14 (/opt/ros/humble/share/rclpy/cmake)
-- Configuring done
-- Generating done
-- Build files have been written to: /home/kireiji/Documents/GitHub/Exam/build/god_turtle
[35m[1mConsolidate compiler generated dependencies of target cpp_node_test[0m
[100%] Built target cpp_node_test
[100%] Built target ament_cmake_python_copy_god_turtle
running egg_info
writing manifest file 'god_turtle.egg-info/SOURCES.txt'
[100%] Built target ament_cmake_python_build_god_turtle_egg
-- Install configuration: ""
-- Up-to-date: /home/kireiji/Documents/GitHub/Exam/install/god_turtle/share/god_turtle/environment/pythonpath.sh
-- Installing: /home/kireiji/Documents/GitHub/Exam/install/god_turtle/share/god_turtle/environment/pythonpath.dsv
-- Up-to-date: /home/kireiji/Documents/GitHub/Exam/install/god_turtle/lib/python3.10/site-packages/god_turtle-0.0.0-py3.10.egg-info
-- Installing: /home/kireiji/Documents/GitHub/Exam/install/god_turtle/lib/python3.10/site-packages/god_turtle-0.0.0-py3.10.egg-info/PKG-INFO
-- Installing: /home/kireiji/Documents/GitHub/Exam/install/god_turtle/lib/python3.10/site-packages/god_turtle-0.0.0-py3.10.egg-info/dependency_links.txt
-- Installing: /home/kireiji/Documents/GitHub/Exam/install/god_turtle/lib/python3.10/site-packages/god_turtle-0.0.0-py3.10.egg-info/top_level.txt
-- Installing: /home/kireiji/Documents/GitHub/Exam/install/god_turtle/lib/python3.10/site-packages/god_turtle-0.0.0-py3.10.egg-info/SOURCES.txt
-- Up-to-date: /home/kireiji/Documents/GitHub/Exam/install/god_turtle/lib/python3.10/site-packages/god_turtle
-- Up-to-date: /home/kireiji/Documents/GitHub/Exam/install/god_turtle/lib/python3.10/site-packages/god_turtle/__init__.py
-- Up-to-date: /home/kireiji/Documents/GitHub/Exam/install/god_turtle/lib/python3.10/site-packages/god_turtle/dummy_module.py
Listing '/home/kireiji/Documents/GitHub/Exam/install/god_turtle/lib/python3.10/site-packages/god_turtle'...
-- Up-to-date: /home/kireiji/Documents/GitHub/Exam/install/god_turtle/lib/god_turtle/dummy_script.py
-- Up-to-date: /home/kireiji/Documents/GitHub/Exam/install/god_turtle/lib/god_turtle/teleop_turtle.py
-- Up-to-date: /home/kireiji/Documents/GitHub/Exam/install/god_turtle/lib/god_turtle/controller.py
-- Up-to-date: /home/kireiji/Documents/GitHub/Exam/install/god_turtle/lib/god_turtle/copy_turtle.py
-- Installing: /home/kireiji/Documents/GitHub/Exam/install/god_turtle/lib/god_turtle/scheduler.py
-- Up-to-date: /home/kireiji/Documents/GitHub/Exam/install/god_turtle/lib/god_turtle/cpp_node_test
-- Up-to-date: /home/kireiji/Documents/GitHub/Exam/install/god_turtle/share/god_turtle/launch
-- Up-to-date: /home/kireiji/Documents/GitHub/Exam/install/god_turtle/share/god_turtle/launch/copy_turtle.launch.py
-- Installing: /home/kireiji/Documents/GitHub/Exam/install/god_turtle/share/god_turtle/launch/god_turtle.launch.py
-- Up-to-date: /home/kireiji/Documents/GitHub/Exam/install/god_turtle/share/ament_index/resource_index/package_run_dependencies/god_turtle
-- Up-to-date: /home/kireiji/Documents/GitHub/Exam/install/god_turtle/share/ament_index/resource_index/parent_prefix_path/god_turtle
-- Up-to-date: /home/kireiji/Documents/GitHub/Exam/install/god_turtle/share/god_turtle/environment/ament_prefix_path.sh
-- Installing: /home/kireiji/Documents/GitHub/Exam/install/god_turtle/share/god_turtle/environment/ament_prefix_path.dsv
-- Up-to-date: /home/kireiji/Documents/GitHub/Exam/install/god_turtle/share/god_turtle/environment/path.sh
-- Installing: /home/kireiji/Documents/GitHub/Exam/install/god_turtle/share/god_turtle/environment/path.dsv
-- Up-to-date: /home/kireiji/Documents/GitHub/Exam/install/god_turtle/share/god_turtle/local_setup.bash
-- Up-to-date: /home/kireiji/Documents/GitHub/Exam/install/god_turtle/share/god_turtle/local_setup.sh
-- Up-to-date: /home/kireiji/Documents/GitHub/Exam/install/god_turtle/share/god_turtle/local_setup.zsh
-- Installing: /home/kireiji/Documents/GitHub/Exam/install/god_turtle/share/god_turtle/local_setup.dsv
-- Installing: /home/kireiji/Documents/GitHub/Exam/install/god_turtle/share/god_turtle/package.dsv
-- Up-to-date: /home/kireiji/Documents/GitHub/Exam/install/god_turtle/share/ament_index/resource_index/packages/god_turtle
-- Up-to-date: /home/kireiji/Documents/GitHub/Exam/install/god_turtle/share/god_turtle/cmake/god_turtleConfig.cmake
-- Up-to-date: /home/kireiji/Documents/GitHub/Exam/install/god_turtle/share/god_turtle/cmake/god_turtleConfig-version.cmake
-- Up-to-date: /home/kireiji/Documents/GitHub/Exam/install/god_turtle/share/god_turtle/package.xml
