[0.014s] Invoking command in '/home/kireiji/Documents/GitHub/Exam/build/teleop_turtle': CMAKE_PREFIX_PATH=${CMAKE_PREFIX_PATH}:/home/kireiji/RoboticsDev_ws/install/launch_testing_examples:/home/kireiji/RoboticsDev_ws/install/examples_rclpy_pointcloud_publisher:/home/kireiji/RoboticsDev_ws/install/examples_rclpy_minimal_subscriber:/home/kireiji/RoboticsDev_ws/install/examples_rclpy_minimal_service:/home/kireiji/RoboticsDev_ws/install/examples_rclpy_minimal_publisher:/home/kireiji/RoboticsDev_ws/install/examples_rclpy_minimal_client:/home/kireiji/RoboticsDev_ws/install/examples_rclpy_minimal_action_server:/home/kireiji/RoboticsDev_ws/install/examples_rclpy_minimal_action_client:/home/kireiji/RoboticsDev_ws/install/examples_rclpy_guard_conditions:/home/kireiji/RoboticsDev_ws/install/examples_rclpy_executors:/home/kireiji/ros2_ws/install/my_py_pkg:/opt/ros/humble /usr/bin/cmake /home/kireiji/Documents/GitHub/Exam/src/teleop_turtle -DCMAKE_INSTALL_PREFIX=/home/kireiji/Documents/GitHub/Exam/install/teleop_turtle
[0.075s] -- The C compiler identification is GNU 11.4.0
[0.112s] -- The CXX compiler identification is GNU 11.4.0
[0.117s] -- Detecting C compiler ABI info
[0.164s] -- Detecting C compiler ABI info - done
[0.168s] -- Check for working C compiler: /usr/bin/cc - skipped
[0.168s] -- Detecting C compile features
[0.169s] -- Detecting C compile features - done
[0.170s] -- Detecting CXX compiler ABI info
[0.224s] -- Detecting CXX compiler ABI info - done
[0.233s] -- Check for working CXX compiler: /usr/bin/c++ - skipped
[0.234s] -- Detecting CXX compile features
[0.234s] -- Detecting CXX compile features - done
[0.239s] -- Found ament_cmake: 1.3.10 (/opt/ros/humble/share/ament_cmake/cmake)
[0.638s] -- Found Python3: /usr/local/bin/python3 (found version "3.10.0") found components: Interpreter 
[0.731s] -- Found rclcpp: 16.0.10 (/opt/ros/humble/share/rclcpp/cmake)
[0.772s] -- Found rosidl_generator_c: 3.1.5 (/opt/ros/humble/share/rosidl_generator_c/cmake)
[0.778s] -- Found rosidl_adapter: 3.1.5 (/opt/ros/humble/share/rosidl_adapter/cmake)
[0.786s] -- Found rosidl_generator_cpp: 3.1.5 (/opt/ros/humble/share/rosidl_generator_cpp/cmake)
[0.797s] -- Using all available rosidl_typesupport_c: rosidl_typesupport_fastrtps_c;rosidl_typesupport_introspection_c
[0.812s] -- Using all available rosidl_typesupport_cpp: rosidl_typesupport_fastrtps_cpp;rosidl_typesupport_introspection_cpp
[0.855s] -- Found rmw_implementation_cmake: 6.1.2 (/opt/ros/humble/share/rmw_implementation_cmake/cmake)
[0.859s] -- Found rmw_fastrtps_cpp: 6.2.7 (/opt/ros/humble/share/rmw_fastrtps_cpp/cmake)
[0.926s] -- Found OpenSSL: /usr/lib/x86_64-linux-gnu/libcrypto.so (found version "3.0.2")  
[0.946s] -- Found FastRTPS: /opt/ros/humble/include  
[0.974s] -- Using RMW implementation 'rmw_fastrtps_cpp' as default
[0.984s] -- Looking for pthread.h
[1.031s] -- Looking for pthread.h - found
[1.032s] -- Performing Test CMAKE_HAVE_LIBC_PTHREAD
[1.080s] -- Performing Test CMAKE_HAVE_LIBC_PTHREAD - Success
[1.081s] -- Found Threads: TRUE  
[1.119s] -- Found rclpy: 3.3.14 (/opt/ros/humble/share/rclpy/cmake)
[1.308s] -- Configuring done
[1.314s] -- Generating done
[1.315s] -- Build files have been written to: /home/kireiji/Documents/GitHub/Exam/build/teleop_turtle
[1.323s] Invoked command in '/home/kireiji/Documents/GitHub/Exam/build/teleop_turtle' returned '0': CMAKE_PREFIX_PATH=${CMAKE_PREFIX_PATH}:/home/kireiji/RoboticsDev_ws/install/launch_testing_examples:/home/kireiji/RoboticsDev_ws/install/examples_rclpy_pointcloud_publisher:/home/kireiji/RoboticsDev_ws/install/examples_rclpy_minimal_subscriber:/home/kireiji/RoboticsDev_ws/install/examples_rclpy_minimal_service:/home/kireiji/RoboticsDev_ws/install/examples_rclpy_minimal_publisher:/home/kireiji/RoboticsDev_ws/install/examples_rclpy_minimal_client:/home/kireiji/RoboticsDev_ws/install/examples_rclpy_minimal_action_server:/home/kireiji/RoboticsDev_ws/install/examples_rclpy_minimal_action_client:/home/kireiji/RoboticsDev_ws/install/examples_rclpy_guard_conditions:/home/kireiji/RoboticsDev_ws/install/examples_rclpy_executors:/home/kireiji/ros2_ws/install/my_py_pkg:/opt/ros/humble /usr/bin/cmake /home/kireiji/Documents/GitHub/Exam/src/teleop_turtle -DCMAKE_INSTALL_PREFIX=/home/kireiji/Documents/GitHub/Exam/install/teleop_turtle
[1.323s] Invoking command in '/home/kireiji/Documents/GitHub/Exam/build/teleop_turtle': CMAKE_PREFIX_PATH=${CMAKE_PREFIX_PATH}:/home/kireiji/RoboticsDev_ws/install/launch_testing_examples:/home/kireiji/RoboticsDev_ws/install/examples_rclpy_pointcloud_publisher:/home/kireiji/RoboticsDev_ws/install/examples_rclpy_minimal_subscriber:/home/kireiji/RoboticsDev_ws/install/examples_rclpy_minimal_service:/home/kireiji/RoboticsDev_ws/install/examples_rclpy_minimal_publisher:/home/kireiji/RoboticsDev_ws/install/examples_rclpy_minimal_client:/home/kireiji/RoboticsDev_ws/install/examples_rclpy_minimal_action_server:/home/kireiji/RoboticsDev_ws/install/examples_rclpy_minimal_action_client:/home/kireiji/RoboticsDev_ws/install/examples_rclpy_guard_conditions:/home/kireiji/RoboticsDev_ws/install/examples_rclpy_executors:/home/kireiji/ros2_ws/install/my_py_pkg:/opt/ros/humble /usr/bin/cmake --build /home/kireiji/Documents/GitHub/Exam/build/teleop_turtle -- -j16 -l16
[1.355s] [ 50%] [32mBuilding CXX object CMakeFiles/cpp_node_test.dir/src/cpp_node.cpp.o[0m
[1.360s] [ 50%] Built target ament_cmake_python_copy_teleop_turtle
[1.528s] [100%] [32m[1mLinking CXX executable cpp_node_test[0m
[1.537s] running egg_info
[1.537s] creating teleop_turtle.egg-info
[1.538s] writing manifest file 'teleop_turtle.egg-info/SOURCES.txt'
[1.539s] writing manifest file 'teleop_turtle.egg-info/SOURCES.txt'
[1.559s] [100%] Built target ament_cmake_python_build_teleop_turtle_egg
[1.592s] [100%] Built target cpp_node_test
[1.599s] Invoked command in '/home/kireiji/Documents/GitHub/Exam/build/teleop_turtle' returned '0': CMAKE_PREFIX_PATH=${CMAKE_PREFIX_PATH}:/home/kireiji/RoboticsDev_ws/install/launch_testing_examples:/home/kireiji/RoboticsDev_ws/install/examples_rclpy_pointcloud_publisher:/home/kireiji/RoboticsDev_ws/install/examples_rclpy_minimal_subscriber:/home/kireiji/RoboticsDev_ws/install/examples_rclpy_minimal_service:/home/kireiji/RoboticsDev_ws/install/examples_rclpy_minimal_publisher:/home/kireiji/RoboticsDev_ws/install/examples_rclpy_minimal_client:/home/kireiji/RoboticsDev_ws/install/examples_rclpy_minimal_action_server:/home/kireiji/RoboticsDev_ws/install/examples_rclpy_minimal_action_client:/home/kireiji/RoboticsDev_ws/install/examples_rclpy_guard_conditions:/home/kireiji/RoboticsDev_ws/install/examples_rclpy_executors:/home/kireiji/ros2_ws/install/my_py_pkg:/opt/ros/humble /usr/bin/cmake --build /home/kireiji/Documents/GitHub/Exam/build/teleop_turtle -- -j16 -l16
[1.620s] Invoking command in '/home/kireiji/Documents/GitHub/Exam/build/teleop_turtle': CMAKE_PREFIX_PATH=${CMAKE_PREFIX_PATH}:/home/kireiji/RoboticsDev_ws/install/launch_testing_examples:/home/kireiji/RoboticsDev_ws/install/examples_rclpy_pointcloud_publisher:/home/kireiji/RoboticsDev_ws/install/examples_rclpy_minimal_subscriber:/home/kireiji/RoboticsDev_ws/install/examples_rclpy_minimal_service:/home/kireiji/RoboticsDev_ws/install/examples_rclpy_minimal_publisher:/home/kireiji/RoboticsDev_ws/install/examples_rclpy_minimal_client:/home/kireiji/RoboticsDev_ws/install/examples_rclpy_minimal_action_server:/home/kireiji/RoboticsDev_ws/install/examples_rclpy_minimal_action_client:/home/kireiji/RoboticsDev_ws/install/examples_rclpy_guard_conditions:/home/kireiji/RoboticsDev_ws/install/examples_rclpy_executors:/home/kireiji/ros2_ws/install/my_py_pkg:/opt/ros/humble /usr/bin/cmake --install /home/kireiji/Documents/GitHub/Exam/build/teleop_turtle
[1.625s] -- Install configuration: ""
[1.625s] -- Installing: /home/kireiji/Documents/GitHub/Exam/install/teleop_turtle/share/teleop_turtle/environment/pythonpath.sh
[1.625s] -- Installing: /home/kireiji/Documents/GitHub/Exam/install/teleop_turtle/share/teleop_turtle/environment/pythonpath.dsv
[1.625s] -- Installing: /home/kireiji/Documents/GitHub/Exam/install/teleop_turtle/lib/python3.10/site-packages/teleop_turtle-0.0.0-py3.10.egg-info
[1.625s] -- Installing: /home/kireiji/Documents/GitHub/Exam/install/teleop_turtle/lib/python3.10/site-packages/teleop_turtle-0.0.0-py3.10.egg-info/PKG-INFO
[1.625s] -- Installing: /home/kireiji/Documents/GitHub/Exam/install/teleop_turtle/lib/python3.10/site-packages/teleop_turtle-0.0.0-py3.10.egg-info/dependency_links.txt
[1.625s] -- Installing: /home/kireiji/Documents/GitHub/Exam/install/teleop_turtle/lib/python3.10/site-packages/teleop_turtle-0.0.0-py3.10.egg-info/top_level.txt
[1.625s] -- Installing: /home/kireiji/Documents/GitHub/Exam/install/teleop_turtle/lib/python3.10/site-packages/teleop_turtle-0.0.0-py3.10.egg-info/SOURCES.txt
[1.625s] -- Installing: /home/kireiji/Documents/GitHub/Exam/install/teleop_turtle/lib/python3.10/site-packages/teleop_turtle
[1.625s] -- Installing: /home/kireiji/Documents/GitHub/Exam/install/teleop_turtle/lib/python3.10/site-packages/teleop_turtle/__init__.py
[1.625s] -- Installing: /home/kireiji/Documents/GitHub/Exam/install/teleop_turtle/lib/python3.10/site-packages/teleop_turtle/dummy_module.py
[1.671s] Listing '/home/kireiji/Documents/GitHub/Exam/install/teleop_turtle/lib/python3.10/site-packages/teleop_turtle'...
[1.671s] Compiling '/home/kireiji/Documents/GitHub/Exam/install/teleop_turtle/lib/python3.10/site-packages/teleop_turtle/__init__.py'...
[1.671s] Compiling '/home/kireiji/Documents/GitHub/Exam/install/teleop_turtle/lib/python3.10/site-packages/teleop_turtle/dummy_module.py'...
[1.671s] -- Installing: /home/kireiji/Documents/GitHub/Exam/install/teleop_turtle/lib/teleop_turtle/dummy_script.py
[1.671s] -- Installing: /home/kireiji/Documents/GitHub/Exam/install/teleop_turtle/lib/teleop_turtle/cpp_node_test
[1.672s] -- Set runtime path of "/home/kireiji/Documents/GitHub/Exam/install/teleop_turtle/lib/teleop_turtle/cpp_node_test" to ""
[1.672s] -- Up-to-date: /home/kireiji/Documents/GitHub/Exam/install/teleop_turtle/share/teleop_turtle
[1.672s] -- Installing: /home/kireiji/Documents/GitHub/Exam/install/teleop_turtle/share/ament_index/resource_index/package_run_dependencies/teleop_turtle
[1.672s] -- Installing: /home/kireiji/Documents/GitHub/Exam/install/teleop_turtle/share/ament_index/resource_index/parent_prefix_path/teleop_turtle
[1.672s] -- Installing: /home/kireiji/Documents/GitHub/Exam/install/teleop_turtle/share/teleop_turtle/environment/ament_prefix_path.sh
[1.672s] -- Installing: /home/kireiji/Documents/GitHub/Exam/install/teleop_turtle/share/teleop_turtle/environment/ament_prefix_path.dsv
[1.672s] -- Installing: /home/kireiji/Documents/GitHub/Exam/install/teleop_turtle/share/teleop_turtle/environment/path.sh
[1.672s] -- Installing: /home/kireiji/Documents/GitHub/Exam/install/teleop_turtle/share/teleop_turtle/environment/path.dsv
[1.672s] -- Installing: /home/kireiji/Documents/GitHub/Exam/install/teleop_turtle/share/teleop_turtle/local_setup.bash
[1.672s] -- Installing: /home/kireiji/Documents/GitHub/Exam/install/teleop_turtle/share/teleop_turtle/local_setup.sh
[1.672s] -- Installing: /home/kireiji/Documents/GitHub/Exam/install/teleop_turtle/share/teleop_turtle/local_setup.zsh
[1.672s] -- Installing: /home/kireiji/Documents/GitHub/Exam/install/teleop_turtle/share/teleop_turtle/local_setup.dsv
[1.672s] -- Installing: /home/kireiji/Documents/GitHub/Exam/install/teleop_turtle/share/teleop_turtle/package.dsv
[1.672s] -- Installing: /home/kireiji/Documents/GitHub/Exam/install/teleop_turtle/share/ament_index/resource_index/packages/teleop_turtle
[1.672s] -- Installing: /home/kireiji/Documents/GitHub/Exam/install/teleop_turtle/share/teleop_turtle/cmake/teleop_turtleConfig.cmake
[1.672s] -- Installing: /home/kireiji/Documents/GitHub/Exam/install/teleop_turtle/share/teleop_turtle/cmake/teleop_turtleConfig-version.cmake
[1.672s] -- Installing: /home/kireiji/Documents/GitHub/Exam/install/teleop_turtle/share/teleop_turtle/package.xml
[1.673s] Invoked command in '/home/kireiji/Documents/GitHub/Exam/build/teleop_turtle' returned '0': CMAKE_PREFIX_PATH=${CMAKE_PREFIX_PATH}:/home/kireiji/RoboticsDev_ws/install/launch_testing_examples:/home/kireiji/RoboticsDev_ws/install/examples_rclpy_pointcloud_publisher:/home/kireiji/RoboticsDev_ws/install/examples_rclpy_minimal_subscriber:/home/kireiji/RoboticsDev_ws/install/examples_rclpy_minimal_service:/home/kireiji/RoboticsDev_ws/install/examples_rclpy_minimal_publisher:/home/kireiji/RoboticsDev_ws/install/examples_rclpy_minimal_client:/home/kireiji/RoboticsDev_ws/install/examples_rclpy_minimal_action_server:/home/kireiji/RoboticsDev_ws/install/examples_rclpy_minimal_action_client:/home/kireiji/RoboticsDev_ws/install/examples_rclpy_guard_conditions:/home/kireiji/RoboticsDev_ws/install/examples_rclpy_executors:/home/kireiji/ros2_ws/install/my_py_pkg:/opt/ros/humble /usr/bin/cmake --install /home/kireiji/Documents/GitHub/Exam/build/teleop_turtle
