[0.078s] DEBUG:colcon:Command line arguments: ['/usr/bin/colcon', 'build']
[0.078s] DEBUG:colcon:Parsed command line arguments: Namespace(log_base=None, log_level=None, verb_name='build', build_base='build', install_base='install', merge_install=False, symlink_install=False, test_result_base=None, continue_on_error=False, executor='parallel', parallel_workers=16, event_handlers=None, ignore_user_meta=False, metas=['./colcon.meta'], base_paths=['.'], packages_ignore=None, packages_ignore_regex=None, paths=None, packages_up_to=None, packages_up_to_regex=None, packages_above=None, packages_above_and_dependencies=None, packages_above_depth=None, packages_select_by_dep=None, packages_skip_by_dep=None, packages_skip_up_to=None, packages_select_build_failed=False, packages_skip_build_finished=False, packages_select_test_failures=False, packages_skip_test_passed=False, packages_select=None, packages_skip=None, packages_select_regex=None, packages_skip_regex=None, packages_start=None, packages_end=None, allow_overriding=[], cmake_args=None, cmake_target=None, cmake_target_skip_unavailable=False, cmake_clean_cache=False, cmake_clean_first=False, cmake_force_configure=False, ament_cmake_args=None, catkin_cmake_args=None, catkin_skip_building_tests=False, verb_parser=<colcon_defaults.argument_parser.defaults.DefaultArgumentsDecorator object at 0x705f05e37790>, verb_extension=<colcon_core.verb.build.BuildVerb object at 0x705f05e37280>, main=<bound method BuildVerb.main of <colcon_core.verb.build.BuildVerb object at 0x705f05e37280>>)
[0.184s] Level 1:colcon.colcon_core.package_discovery:discover_packages(colcon_meta) check parameters
[0.184s] Level 1:colcon.colcon_core.package_discovery:discover_packages(recursive) check parameters
[0.184s] Level 1:colcon.colcon_core.package_discovery:discover_packages(ignore) check parameters
[0.184s] Level 1:colcon.colcon_core.package_discovery:discover_packages(path) check parameters
[0.184s] Level 1:colcon.colcon_core.package_discovery:discover_packages(colcon_meta) discover
[0.184s] Level 1:colcon.colcon_core.package_discovery:discover_packages(recursive) discover
[0.184s] INFO:colcon.colcon_core.package_discovery:Crawling recursively for packages in '/home/kireiji/Documents/GitHub/Exam'
[0.184s] Level 1:colcon.colcon_core.package_identification:_identify(.) by extensions ['ignore', 'ignore_ament_install']
[0.184s] Level 1:colcon.colcon_core.package_identification:_identify(.) by extension 'ignore'
[0.184s] Level 1:colcon.colcon_core.package_identification:_identify(.) by extension 'ignore_ament_install'
[0.184s] Level 1:colcon.colcon_core.package_identification:_identify(.) by extensions ['colcon_pkg']
[0.184s] Level 1:colcon.colcon_core.package_identification:_identify(.) by extension 'colcon_pkg'
[0.184s] Level 1:colcon.colcon_core.package_identification:_identify(.) by extensions ['colcon_meta']
[0.184s] Level 1:colcon.colcon_core.package_identification:_identify(.) by extension 'colcon_meta'
[0.184s] Level 1:colcon.colcon_core.package_identification:_identify(.) by extensions ['ros']
[0.184s] Level 1:colcon.colcon_core.package_identification:_identify(.) by extension 'ros'
[0.198s] Level 1:colcon.colcon_core.package_identification:_identify(.) by extensions ['cmake', 'python']
[0.198s] Level 1:colcon.colcon_core.package_identification:_identify(.) by extension 'cmake'
[0.198s] Level 1:colcon.colcon_core.package_identification:_identify(.) by extension 'python'
[0.198s] Level 1:colcon.colcon_core.package_identification:_identify(.) by extensions ['python_setup_py']
[0.198s] Level 1:colcon.colcon_core.package_identification:_identify(.) by extension 'python_setup_py'
[0.199s] Level 1:colcon.colcon_core.package_identification:_identify(build) by extensions ['ignore', 'ignore_ament_install']
[0.199s] Level 1:colcon.colcon_core.package_identification:_identify(build) by extension 'ignore'
[0.199s] Level 1:colcon.colcon_core.package_identification:_identify(build) ignored
[0.199s] Level 1:colcon.colcon_core.package_identification:_identify(install) by extensions ['ignore', 'ignore_ament_install']
[0.199s] Level 1:colcon.colcon_core.package_identification:_identify(install) by extension 'ignore'
[0.199s] Level 1:colcon.colcon_core.package_identification:_identify(install) ignored
[0.199s] Level 1:colcon.colcon_core.package_identification:_identify(log) by extensions ['ignore', 'ignore_ament_install']
[0.199s] Level 1:colcon.colcon_core.package_identification:_identify(log) by extension 'ignore'
[0.199s] Level 1:colcon.colcon_core.package_identification:_identify(log) ignored
[0.199s] Level 1:colcon.colcon_core.package_identification:_identify(src) by extensions ['ignore', 'ignore_ament_install']
[0.199s] Level 1:colcon.colcon_core.package_identification:_identify(src) by extension 'ignore'
[0.199s] Level 1:colcon.colcon_core.package_identification:_identify(src) by extension 'ignore_ament_install'
[0.199s] Level 1:colcon.colcon_core.package_identification:_identify(src) by extensions ['colcon_pkg']
[0.199s] Level 1:colcon.colcon_core.package_identification:_identify(src) by extension 'colcon_pkg'
[0.199s] Level 1:colcon.colcon_core.package_identification:_identify(src) by extensions ['colcon_meta']
[0.199s] Level 1:colcon.colcon_core.package_identification:_identify(src) by extension 'colcon_meta'
[0.199s] Level 1:colcon.colcon_core.package_identification:_identify(src) by extensions ['ros']
[0.199s] Level 1:colcon.colcon_core.package_identification:_identify(src) by extension 'ros'
[0.199s] Level 1:colcon.colcon_core.package_identification:_identify(src) by extensions ['cmake', 'python']
[0.199s] Level 1:colcon.colcon_core.package_identification:_identify(src) by extension 'cmake'
[0.199s] Level 1:colcon.colcon_core.package_identification:_identify(src) by extension 'python'
[0.199s] Level 1:colcon.colcon_core.package_identification:_identify(src) by extensions ['python_setup_py']
[0.199s] Level 1:colcon.colcon_core.package_identification:_identify(src) by extension 'python_setup_py'
[0.199s] Level 1:colcon.colcon_core.package_identification:_identify(src/teleop_turtle) by extensions ['ignore', 'ignore_ament_install']
[0.199s] Level 1:colcon.colcon_core.package_identification:_identify(src/teleop_turtle) by extension 'ignore'
[0.199s] Level 1:colcon.colcon_core.package_identification:_identify(src/teleop_turtle) by extension 'ignore_ament_install'
[0.199s] Level 1:colcon.colcon_core.package_identification:_identify(src/teleop_turtle) by extensions ['colcon_pkg']
[0.199s] Level 1:colcon.colcon_core.package_identification:_identify(src/teleop_turtle) by extension 'colcon_pkg'
[0.199s] Level 1:colcon.colcon_core.package_identification:_identify(src/teleop_turtle) by extensions ['colcon_meta']
[0.199s] Level 1:colcon.colcon_core.package_identification:_identify(src/teleop_turtle) by extension 'colcon_meta'
[0.199s] Level 1:colcon.colcon_core.package_identification:_identify(src/teleop_turtle) by extensions ['ros']
[0.199s] Level 1:colcon.colcon_core.package_identification:_identify(src/teleop_turtle) by extension 'ros'
[0.201s] DEBUG:colcon.colcon_core.package_identification:Package 'src/teleop_turtle' with type 'ros.ament_cmake' and name 'teleop_turtle'
[0.201s] Level 1:colcon.colcon_core.package_identification:_identify(src/turtlesim_plus) by extensions ['ignore', 'ignore_ament_install']
[0.201s] Level 1:colcon.colcon_core.package_identification:_identify(src/turtlesim_plus) by extension 'ignore'
[0.201s] Level 1:colcon.colcon_core.package_identification:_identify(src/turtlesim_plus) by extension 'ignore_ament_install'
[0.201s] Level 1:colcon.colcon_core.package_identification:_identify(src/turtlesim_plus) by extensions ['colcon_pkg']
[0.201s] Level 1:colcon.colcon_core.package_identification:_identify(src/turtlesim_plus) by extension 'colcon_pkg'
[0.201s] Level 1:colcon.colcon_core.package_identification:_identify(src/turtlesim_plus) by extensions ['colcon_meta']
[0.201s] Level 1:colcon.colcon_core.package_identification:_identify(src/turtlesim_plus) by extension 'colcon_meta'
[0.201s] Level 1:colcon.colcon_core.package_identification:_identify(src/turtlesim_plus) by extensions ['ros']
[0.201s] Level 1:colcon.colcon_core.package_identification:_identify(src/turtlesim_plus) by extension 'ros'
[0.202s] DEBUG:colcon.colcon_core.package_identification:Package 'src/turtlesim_plus' with type 'ros.ament_cmake' and name 'turtlesim_plus'
[0.202s] Level 1:colcon.colcon_core.package_identification:_identify(src/turtlesim_plus_interfaces) by extensions ['ignore', 'ignore_ament_install']
[0.202s] Level 1:colcon.colcon_core.package_identification:_identify(src/turtlesim_plus_interfaces) by extension 'ignore'
[0.202s] Level 1:colcon.colcon_core.package_identification:_identify(src/turtlesim_plus_interfaces) by extension 'ignore_ament_install'
[0.202s] Level 1:colcon.colcon_core.package_identification:_identify(src/turtlesim_plus_interfaces) by extensions ['colcon_pkg']
[0.202s] Level 1:colcon.colcon_core.package_identification:_identify(src/turtlesim_plus_interfaces) by extension 'colcon_pkg'
[0.202s] Level 1:colcon.colcon_core.package_identification:_identify(src/turtlesim_plus_interfaces) by extensions ['colcon_meta']
[0.202s] Level 1:colcon.colcon_core.package_identification:_identify(src/turtlesim_plus_interfaces) by extension 'colcon_meta'
[0.202s] Level 1:colcon.colcon_core.package_identification:_identify(src/turtlesim_plus_interfaces) by extensions ['ros']
[0.202s] Level 1:colcon.colcon_core.package_identification:_identify(src/turtlesim_plus_interfaces) by extension 'ros'
[0.202s] DEBUG:colcon.colcon_core.package_identification:Package 'src/turtlesim_plus_interfaces' with type 'ros.ament_cmake' and name 'turtlesim_plus_interfaces'
[0.203s] Level 1:colcon.colcon_core.package_discovery:discover_packages(recursive) using defaults
[0.203s] Level 1:colcon.colcon_core.package_discovery:discover_packages(ignore) discover
[0.203s] Level 1:colcon.colcon_core.package_discovery:discover_packages(ignore) using defaults
[0.203s] Level 1:colcon.colcon_core.package_discovery:discover_packages(path) discover
[0.203s] Level 1:colcon.colcon_core.package_discovery:discover_packages(path) using defaults
[0.215s] Level 1:colcon.colcon_core.package_discovery:discover_packages(prefix_path) check parameters
[0.215s] Level 1:colcon.colcon_core.package_discovery:discover_packages(prefix_path) discover
[0.216s] DEBUG:colcon.colcon_installed_package_information.package_discovery:Found 2 installed packages in /home/kireiji/ros2_ws/install
[0.217s] DEBUG:colcon.colcon_installed_package_information.package_discovery:Found 1 installed packages in /home/kireiji/advRobotics_ws/install
[0.217s] DEBUG:colcon.colcon_installed_package_information.package_discovery:Found 2 installed packages in /home/kireiji/FRA501_WS/install
[0.218s] DEBUG:colcon.colcon_installed_package_information.package_discovery:Found 35 installed packages in /home/kireiji/RoboticsDev_ws/install
[0.219s] DEBUG:colcon.colcon_installed_package_information.package_discovery:Found 271 installed packages in /opt/ros/humble
[0.226s] Level 1:colcon.colcon_core.package_discovery:discover_packages(prefix_path) using defaults
[0.248s] Level 5:colcon.colcon_core.verb:set package 'teleop_turtle' build argument 'cmake_args' from command line to 'None'
[0.248s] Level 5:colcon.colcon_core.verb:set package 'teleop_turtle' build argument 'cmake_target' from command line to 'None'
[0.248s] Level 5:colcon.colcon_core.verb:set package 'teleop_turtle' build argument 'cmake_target_skip_unavailable' from command line to 'False'
[0.248s] Level 5:colcon.colcon_core.verb:set package 'teleop_turtle' build argument 'cmake_clean_cache' from command line to 'False'
[0.248s] Level 5:colcon.colcon_core.verb:set package 'teleop_turtle' build argument 'cmake_clean_first' from command line to 'False'
[0.248s] Level 5:colcon.colcon_core.verb:set package 'teleop_turtle' build argument 'cmake_force_configure' from command line to 'False'
[0.248s] Level 5:colcon.colcon_core.verb:set package 'teleop_turtle' build argument 'ament_cmake_args' from command line to 'None'
[0.248s] Level 5:colcon.colcon_core.verb:set package 'teleop_turtle' build argument 'catkin_cmake_args' from command line to 'None'
[0.248s] Level 5:colcon.colcon_core.verb:set package 'teleop_turtle' build argument 'catkin_skip_building_tests' from command line to 'False'
[0.248s] DEBUG:colcon.colcon_core.verb:Building package 'teleop_turtle' with the following arguments: {'ament_cmake_args': None, 'build_base': '/home/kireiji/Documents/GitHub/Exam/build/teleop_turtle', 'catkin_cmake_args': None, 'catkin_skip_building_tests': False, 'cmake_args': None, 'cmake_clean_cache': False, 'cmake_clean_first': False, 'cmake_force_configure': False, 'cmake_target': None, 'cmake_target_skip_unavailable': False, 'install_base': '/home/kireiji/Documents/GitHub/Exam/install/teleop_turtle', 'merge_install': False, 'path': '/home/kireiji/Documents/GitHub/Exam/src/teleop_turtle', 'symlink_install': False, 'test_result_base': None}
[0.249s] Level 5:colcon.colcon_core.verb:set package 'turtlesim_plus' build argument 'cmake_args' from command line to 'None'
[0.249s] Level 5:colcon.colcon_core.verb:set package 'turtlesim_plus' build argument 'cmake_target' from command line to 'None'
[0.249s] Level 5:colcon.colcon_core.verb:set package 'turtlesim_plus' build argument 'cmake_target_skip_unavailable' from command line to 'False'
[0.249s] Level 5:colcon.colcon_core.verb:set package 'turtlesim_plus' build argument 'cmake_clean_cache' from command line to 'False'
[0.249s] Level 5:colcon.colcon_core.verb:set package 'turtlesim_plus' build argument 'cmake_clean_first' from command line to 'False'
[0.249s] Level 5:colcon.colcon_core.verb:set package 'turtlesim_plus' build argument 'cmake_force_configure' from command line to 'False'
[0.249s] Level 5:colcon.colcon_core.verb:set package 'turtlesim_plus' build argument 'ament_cmake_args' from command line to 'None'
[0.249s] Level 5:colcon.colcon_core.verb:set package 'turtlesim_plus' build argument 'catkin_cmake_args' from command line to 'None'
[0.249s] Level 5:colcon.colcon_core.verb:set package 'turtlesim_plus' build argument 'catkin_skip_building_tests' from command line to 'False'
[0.249s] DEBUG:colcon.colcon_core.verb:Building package 'turtlesim_plus' with the following arguments: {'ament_cmake_args': None, 'build_base': '/home/kireiji/Documents/GitHub/Exam/build/turtlesim_plus', 'catkin_cmake_args': None, 'catkin_skip_building_tests': False, 'cmake_args': None, 'cmake_clean_cache': False, 'cmake_clean_first': False, 'cmake_force_configure': False, 'cmake_target': None, 'cmake_target_skip_unavailable': False, 'install_base': '/home/kireiji/Documents/GitHub/Exam/install/turtlesim_plus', 'merge_install': False, 'path': '/home/kireiji/Documents/GitHub/Exam/src/turtlesim_plus', 'symlink_install': False, 'test_result_base': None}
[0.249s] Level 5:colcon.colcon_core.verb:set package 'turtlesim_plus_interfaces' build argument 'cmake_args' from command line to 'None'
[0.249s] Level 5:colcon.colcon_core.verb:set package 'turtlesim_plus_interfaces' build argument 'cmake_target' from command line to 'None'
[0.249s] Level 5:colcon.colcon_core.verb:set package 'turtlesim_plus_interfaces' build argument 'cmake_target_skip_unavailable' from command line to 'False'
[0.249s] Level 5:colcon.colcon_core.verb:set package 'turtlesim_plus_interfaces' build argument 'cmake_clean_cache' from command line to 'False'
[0.249s] Level 5:colcon.colcon_core.verb:set package 'turtlesim_plus_interfaces' build argument 'cmake_clean_first' from command line to 'False'
[0.249s] Level 5:colcon.colcon_core.verb:set package 'turtlesim_plus_interfaces' build argument 'cmake_force_configure' from command line to 'False'
[0.249s] Level 5:colcon.colcon_core.verb:set package 'turtlesim_plus_interfaces' build argument 'ament_cmake_args' from command line to 'None'
[0.249s] Level 5:colcon.colcon_core.verb:set package 'turtlesim_plus_interfaces' build argument 'catkin_cmake_args' from command line to 'None'
[0.249s] Level 5:colcon.colcon_core.verb:set package 'turtlesim_plus_interfaces' build argument 'catkin_skip_building_tests' from command line to 'False'
[0.249s] DEBUG:colcon.colcon_core.verb:Building package 'turtlesim_plus_interfaces' with the following arguments: {'ament_cmake_args': None, 'build_base': '/home/kireiji/Documents/GitHub/Exam/build/turtlesim_plus_interfaces', 'catkin_cmake_args': None, 'catkin_skip_building_tests': False, 'cmake_args': None, 'cmake_clean_cache': False, 'cmake_clean_first': False, 'cmake_force_configure': False, 'cmake_target': None, 'cmake_target_skip_unavailable': False, 'install_base': '/home/kireiji/Documents/GitHub/Exam/install/turtlesim_plus_interfaces', 'merge_install': False, 'path': '/home/kireiji/Documents/GitHub/Exam/src/turtlesim_plus_interfaces', 'symlink_install': False, 'test_result_base': None}
[0.249s] INFO:colcon.colcon_core.executor:Executing jobs using 'parallel' executor
[0.250s] DEBUG:colcon.colcon_parallel_executor.executor.parallel:run_until_complete
[0.250s] INFO:colcon.colcon_ros.task.ament_cmake.build:Building ROS package in '/home/kireiji/Documents/GitHub/Exam/src/teleop_turtle' with build type 'ament_cmake'
[0.250s] INFO:colcon.colcon_cmake.task.cmake.build:Building CMake package in '/home/kireiji/Documents/GitHub/Exam/src/teleop_turtle'
[0.251s] INFO:colcon.colcon_core.plugin_system:Skipping extension 'colcon_core.shell.bat': Not used on non-Windows systems
[0.252s] INFO:colcon.colcon_core.shell:Skip shell extension 'powershell' for command environment: Not usable outside of PowerShell
[0.252s] DEBUG:colcon.colcon_core.shell:Skip shell extension 'dsv' for command environment
[0.255s] INFO:colcon.colcon_ros.task.ament_cmake.build:Building ROS package in '/home/kireiji/Documents/GitHub/Exam/src/turtlesim_plus' with build type 'ament_cmake'
[0.255s] INFO:colcon.colcon_cmake.task.cmake.build:Building CMake package in '/home/kireiji/Documents/GitHub/Exam/src/turtlesim_plus'
[0.255s] INFO:colcon.colcon_core.shell:Skip shell extension 'powershell' for command environment: Not usable outside of PowerShell
[0.255s] DEBUG:colcon.colcon_core.shell:Skip shell extension 'dsv' for command environment
[0.259s] INFO:colcon.colcon_ros.task.ament_cmake.build:Building ROS package in '/home/kireiji/Documents/GitHub/Exam/src/turtlesim_plus_interfaces' with build type 'ament_cmake'
[0.259s] INFO:colcon.colcon_cmake.task.cmake.build:Building CMake package in '/home/kireiji/Documents/GitHub/Exam/src/turtlesim_plus_interfaces'
[0.259s] INFO:colcon.colcon_core.shell:Skip shell extension 'powershell' for command environment: Not usable outside of PowerShell
[0.259s] DEBUG:colcon.colcon_core.shell:Skip shell extension 'dsv' for command environment
[0.266s] DEBUG:colcon.colcon_core.event_handler.log_command:Invoking command in '/home/kireiji/Documents/GitHub/Exam/build/teleop_turtle': CMAKE_PREFIX_PATH=${CMAKE_PREFIX_PATH}:/home/kireiji/RoboticsDev_ws/install/launch_testing_examples:/home/kireiji/RoboticsDev_ws/install/examples_rclpy_pointcloud_publisher:/home/kireiji/RoboticsDev_ws/install/examples_rclpy_minimal_subscriber:/home/kireiji/RoboticsDev_ws/install/examples_rclpy_minimal_service:/home/kireiji/RoboticsDev_ws/install/examples_rclpy_minimal_publisher:/home/kireiji/RoboticsDev_ws/install/examples_rclpy_minimal_client:/home/kireiji/RoboticsDev_ws/install/examples_rclpy_minimal_action_server:/home/kireiji/RoboticsDev_ws/install/examples_rclpy_minimal_action_client:/home/kireiji/RoboticsDev_ws/install/examples_rclpy_guard_conditions:/home/kireiji/RoboticsDev_ws/install/examples_rclpy_executors:/home/kireiji/ros2_ws/install/my_py_pkg:/opt/ros/humble /usr/bin/cmake --build /home/kireiji/Documents/GitHub/Exam/build/teleop_turtle -- -j16 -l16
[0.268s] DEBUG:colcon.colcon_core.event_handler.log_command:Invoking command in '/home/kireiji/Documents/GitHub/Exam/build/turtlesim_plus': CMAKE_PREFIX_PATH=${CMAKE_PREFIX_PATH}:/home/kireiji/RoboticsDev_ws/install/launch_testing_examples:/home/kireiji/RoboticsDev_ws/install/examples_rclpy_pointcloud_publisher:/home/kireiji/RoboticsDev_ws/install/examples_rclpy_minimal_subscriber:/home/kireiji/RoboticsDev_ws/install/examples_rclpy_minimal_service:/home/kireiji/RoboticsDev_ws/install/examples_rclpy_minimal_publisher:/home/kireiji/RoboticsDev_ws/install/examples_rclpy_minimal_client:/home/kireiji/RoboticsDev_ws/install/examples_rclpy_minimal_action_server:/home/kireiji/RoboticsDev_ws/install/examples_rclpy_minimal_action_client:/home/kireiji/RoboticsDev_ws/install/examples_rclpy_guard_conditions:/home/kireiji/RoboticsDev_ws/install/examples_rclpy_executors:/home/kireiji/ros2_ws/install/my_py_pkg:/opt/ros/humble /usr/bin/cmake --build /home/kireiji/Documents/GitHub/Exam/build/turtlesim_plus -- -j16 -l16
[0.270s] DEBUG:colcon.colcon_core.event_handler.log_command:Invoking command in '/home/kireiji/Documents/GitHub/Exam/build/turtlesim_plus_interfaces': CMAKE_PREFIX_PATH=${CMAKE_PREFIX_PATH}:/home/kireiji/RoboticsDev_ws/install/launch_testing_examples:/home/kireiji/RoboticsDev_ws/install/examples_rclpy_pointcloud_publisher:/home/kireiji/RoboticsDev_ws/install/examples_rclpy_minimal_subscriber:/home/kireiji/RoboticsDev_ws/install/examples_rclpy_minimal_service:/home/kireiji/RoboticsDev_ws/install/examples_rclpy_minimal_publisher:/home/kireiji/RoboticsDev_ws/install/examples_rclpy_minimal_client:/home/kireiji/RoboticsDev_ws/install/examples_rclpy_minimal_action_server:/home/kireiji/RoboticsDev_ws/install/examples_rclpy_minimal_action_client:/home/kireiji/RoboticsDev_ws/install/examples_rclpy_guard_conditions:/home/kireiji/RoboticsDev_ws/install/examples_rclpy_executors:/home/kireiji/ros2_ws/install/my_py_pkg:/opt/ros/humble /usr/bin/cmake --build /home/kireiji/Documents/GitHub/Exam/build/turtlesim_plus_interfaces -- -j16 -l16
[0.508s] DEBUG:colcon.colcon_core.event_handler.log_command:Invoked command in '/home/kireiji/Documents/GitHub/Exam/build/teleop_turtle' returned '0': CMAKE_PREFIX_PATH=${CMAKE_PREFIX_PATH}:/home/kireiji/RoboticsDev_ws/install/launch_testing_examples:/home/kireiji/RoboticsDev_ws/install/examples_rclpy_pointcloud_publisher:/home/kireiji/RoboticsDev_ws/install/examples_rclpy_minimal_subscriber:/home/kireiji/RoboticsDev_ws/install/examples_rclpy_minimal_service:/home/kireiji/RoboticsDev_ws/install/examples_rclpy_minimal_publisher:/home/kireiji/RoboticsDev_ws/install/examples_rclpy_minimal_client:/home/kireiji/RoboticsDev_ws/install/examples_rclpy_minimal_action_server:/home/kireiji/RoboticsDev_ws/install/examples_rclpy_minimal_action_client:/home/kireiji/RoboticsDev_ws/install/examples_rclpy_guard_conditions:/home/kireiji/RoboticsDev_ws/install/examples_rclpy_executors:/home/kireiji/ros2_ws/install/my_py_pkg:/opt/ros/humble /usr/bin/cmake --build /home/kireiji/Documents/GitHub/Exam/build/teleop_turtle -- -j16 -l16
[0.515s] DEBUG:colcon.colcon_core.event_handler.log_command:Invoked command in '/home/kireiji/Documents/GitHub/Exam/build/turtlesim_plus' returned '0': CMAKE_PREFIX_PATH=${CMAKE_PREFIX_PATH}:/home/kireiji/RoboticsDev_ws/install/launch_testing_examples:/home/kireiji/RoboticsDev_ws/install/examples_rclpy_pointcloud_publisher:/home/kireiji/RoboticsDev_ws/install/examples_rclpy_minimal_subscriber:/home/kireiji/RoboticsDev_ws/install/examples_rclpy_minimal_service:/home/kireiji/RoboticsDev_ws/install/examples_rclpy_minimal_publisher:/home/kireiji/RoboticsDev_ws/install/examples_rclpy_minimal_client:/home/kireiji/RoboticsDev_ws/install/examples_rclpy_minimal_action_server:/home/kireiji/RoboticsDev_ws/install/examples_rclpy_minimal_action_client:/home/kireiji/RoboticsDev_ws/install/examples_rclpy_guard_conditions:/home/kireiji/RoboticsDev_ws/install/examples_rclpy_executors:/home/kireiji/ros2_ws/install/my_py_pkg:/opt/ros/humble /usr/bin/cmake --build /home/kireiji/Documents/GitHub/Exam/build/turtlesim_plus -- -j16 -l16
[0.522s] DEBUG:colcon.colcon_core.event_handler.log_command:Invoked command in '/home/kireiji/Documents/GitHub/Exam/build/turtlesim_plus_interfaces' returned '0': CMAKE_PREFIX_PATH=${CMAKE_PREFIX_PATH}:/home/kireiji/RoboticsDev_ws/install/launch_testing_examples:/home/kireiji/RoboticsDev_ws/install/examples_rclpy_pointcloud_publisher:/home/kireiji/RoboticsDev_ws/install/examples_rclpy_minimal_subscriber:/home/kireiji/RoboticsDev_ws/install/examples_rclpy_minimal_service:/home/kireiji/RoboticsDev_ws/install/examples_rclpy_minimal_publisher:/home/kireiji/RoboticsDev_ws/install/examples_rclpy_minimal_client:/home/kireiji/RoboticsDev_ws/install/examples_rclpy_minimal_action_server:/home/kireiji/RoboticsDev_ws/install/examples_rclpy_minimal_action_client:/home/kireiji/RoboticsDev_ws/install/examples_rclpy_guard_conditions:/home/kireiji/RoboticsDev_ws/install/examples_rclpy_executors:/home/kireiji/ros2_ws/install/my_py_pkg:/opt/ros/humble /usr/bin/cmake --build /home/kireiji/Documents/GitHub/Exam/build/turtlesim_plus_interfaces -- -j16 -l16
[0.533s] DEBUG:colcon.colcon_core.event_handler.log_command:Invoking command in '/home/kireiji/Documents/GitHub/Exam/build/teleop_turtle': CMAKE_PREFIX_PATH=${CMAKE_PREFIX_PATH}:/home/kireiji/RoboticsDev_ws/install/launch_testing_examples:/home/kireiji/RoboticsDev_ws/install/examples_rclpy_pointcloud_publisher:/home/kireiji/RoboticsDev_ws/install/examples_rclpy_minimal_subscriber:/home/kireiji/RoboticsDev_ws/install/examples_rclpy_minimal_service:/home/kireiji/RoboticsDev_ws/install/examples_rclpy_minimal_publisher:/home/kireiji/RoboticsDev_ws/install/examples_rclpy_minimal_client:/home/kireiji/RoboticsDev_ws/install/examples_rclpy_minimal_action_server:/home/kireiji/RoboticsDev_ws/install/examples_rclpy_minimal_action_client:/home/kireiji/RoboticsDev_ws/install/examples_rclpy_guard_conditions:/home/kireiji/RoboticsDev_ws/install/examples_rclpy_executors:/home/kireiji/ros2_ws/install/my_py_pkg:/opt/ros/humble /usr/bin/cmake --install /home/kireiji/Documents/GitHub/Exam/build/teleop_turtle
[0.535s] DEBUG:colcon.colcon_core.event_handler.log_command:Invoking command in '/home/kireiji/Documents/GitHub/Exam/build/turtlesim_plus': CMAKE_PREFIX_PATH=${CMAKE_PREFIX_PATH}:/home/kireiji/RoboticsDev_ws/install/launch_testing_examples:/home/kireiji/RoboticsDev_ws/install/examples_rclpy_pointcloud_publisher:/home/kireiji/RoboticsDev_ws/install/examples_rclpy_minimal_subscriber:/home/kireiji/RoboticsDev_ws/install/examples_rclpy_minimal_service:/home/kireiji/RoboticsDev_ws/install/examples_rclpy_minimal_publisher:/home/kireiji/RoboticsDev_ws/install/examples_rclpy_minimal_client:/home/kireiji/RoboticsDev_ws/install/examples_rclpy_minimal_action_server:/home/kireiji/RoboticsDev_ws/install/examples_rclpy_minimal_action_client:/home/kireiji/RoboticsDev_ws/install/examples_rclpy_guard_conditions:/home/kireiji/RoboticsDev_ws/install/examples_rclpy_executors:/home/kireiji/ros2_ws/install/my_py_pkg:/opt/ros/humble /usr/bin/cmake --install /home/kireiji/Documents/GitHub/Exam/build/turtlesim_plus
[0.576s] Level 1:colcon.colcon_core.environment:create_environment_scripts_only(turtlesim_plus)
[0.576s] DEBUG:colcon.colcon_core.event_handler.log_command:Invoked command in '/home/kireiji/Documents/GitHub/Exam/build/turtlesim_plus' returned '0': CMAKE_PREFIX_PATH=${CMAKE_PREFIX_PATH}:/home/kireiji/RoboticsDev_ws/install/launch_testing_examples:/home/kireiji/RoboticsDev_ws/install/examples_rclpy_pointcloud_publisher:/home/kireiji/RoboticsDev_ws/install/examples_rclpy_minimal_subscriber:/home/kireiji/RoboticsDev_ws/install/examples_rclpy_minimal_service:/home/kireiji/RoboticsDev_ws/install/examples_rclpy_minimal_publisher:/home/kireiji/RoboticsDev_ws/install/examples_rclpy_minimal_client:/home/kireiji/RoboticsDev_ws/install/examples_rclpy_minimal_action_server:/home/kireiji/RoboticsDev_ws/install/examples_rclpy_minimal_action_client:/home/kireiji/RoboticsDev_ws/install/examples_rclpy_guard_conditions:/home/kireiji/RoboticsDev_ws/install/examples_rclpy_executors:/home/kireiji/ros2_ws/install/my_py_pkg:/opt/ros/humble /usr/bin/cmake --install /home/kireiji/Documents/GitHub/Exam/build/turtlesim_plus
[0.578s] Level 1:colcon.colcon_core.environment:checking '/home/kireiji/Documents/GitHub/Exam/install/turtlesim_plus' for CMake module files
[0.578s] Level 1:colcon.colcon_core.environment:checking '/home/kireiji/Documents/GitHub/Exam/install/turtlesim_plus' for CMake config files
[0.578s] Level 1:colcon.colcon_core.shell:create_environment_hook('turtlesim_plus', 'cmake_prefix_path')
[0.578s] INFO:colcon.colcon_core.shell:Creating environment hook '/home/kireiji/Documents/GitHub/Exam/install/turtlesim_plus/share/turtlesim_plus/hook/cmake_prefix_path.ps1'
[0.579s] INFO:colcon.colcon_core.shell:Creating environment descriptor '/home/kireiji/Documents/GitHub/Exam/install/turtlesim_plus/share/turtlesim_plus/hook/cmake_prefix_path.dsv'
[0.579s] INFO:colcon.colcon_core.shell:Creating environment hook '/home/kireiji/Documents/GitHub/Exam/install/turtlesim_plus/share/turtlesim_plus/hook/cmake_prefix_path.sh'
[0.580s] Level 1:colcon.colcon_core.environment:checking '/home/kireiji/Documents/GitHub/Exam/install/turtlesim_plus/lib'
[0.580s] Level 1:colcon.colcon_core.environment:checking '/home/kireiji/Documents/GitHub/Exam/install/turtlesim_plus/bin'
[0.580s] Level 1:colcon.colcon_core.environment:checking '/home/kireiji/Documents/GitHub/Exam/install/turtlesim_plus/lib/pkgconfig/turtlesim_plus.pc'
[0.580s] Level 1:colcon.colcon_core.environment:checking '/home/kireiji/Documents/GitHub/Exam/install/turtlesim_plus/lib/python3.10/site-packages'
[0.580s] Level 1:colcon.colcon_core.shell:create_environment_hook('turtlesim_plus', 'pythonpath')
[0.580s] INFO:colcon.colcon_core.shell:Creating environment hook '/home/kireiji/Documents/GitHub/Exam/install/turtlesim_plus/share/turtlesim_plus/hook/pythonpath.ps1'
[0.581s] INFO:colcon.colcon_core.shell:Creating environment descriptor '/home/kireiji/Documents/GitHub/Exam/install/turtlesim_plus/share/turtlesim_plus/hook/pythonpath.dsv'
[0.581s] INFO:colcon.colcon_core.shell:Creating environment hook '/home/kireiji/Documents/GitHub/Exam/install/turtlesim_plus/share/turtlesim_plus/hook/pythonpath.sh'
[0.581s] Level 1:colcon.colcon_core.environment:checking '/home/kireiji/Documents/GitHub/Exam/install/turtlesim_plus/bin'
[0.581s] INFO:colcon.colcon_core.shell:Creating package script '/home/kireiji/Documents/GitHub/Exam/install/turtlesim_plus/share/turtlesim_plus/package.ps1'
[0.582s] INFO:colcon.colcon_core.shell:Creating package descriptor '/home/kireiji/Documents/GitHub/Exam/install/turtlesim_plus/share/turtlesim_plus/package.dsv'
[0.582s] INFO:colcon.colcon_core.shell:Creating package script '/home/kireiji/Documents/GitHub/Exam/install/turtlesim_plus/share/turtlesim_plus/package.sh'
[0.583s] INFO:colcon.colcon_core.shell:Creating package script '/home/kireiji/Documents/GitHub/Exam/install/turtlesim_plus/share/turtlesim_plus/package.bash'
[0.583s] INFO:colcon.colcon_core.shell:Creating package script '/home/kireiji/Documents/GitHub/Exam/install/turtlesim_plus/share/turtlesim_plus/package.zsh'
[0.583s] Level 1:colcon.colcon_core.environment:create_file_with_runtime_dependencies(/home/kireiji/Documents/GitHub/Exam/install/turtlesim_plus/share/colcon-core/packages/turtlesim_plus)
[0.584s] Level 1:colcon.colcon_core.environment:create_environment_scripts_only(teleop_turtle)
[0.584s] Level 1:colcon.colcon_core.environment:checking '/home/kireiji/Documents/GitHub/Exam/install/teleop_turtle' for CMake module files
[0.584s] DEBUG:colcon.colcon_core.event_handler.log_command:Invoked command in '/home/kireiji/Documents/GitHub/Exam/build/teleop_turtle' returned '0': CMAKE_PREFIX_PATH=${CMAKE_PREFIX_PATH}:/home/kireiji/RoboticsDev_ws/install/launch_testing_examples:/home/kireiji/RoboticsDev_ws/install/examples_rclpy_pointcloud_publisher:/home/kireiji/RoboticsDev_ws/install/examples_rclpy_minimal_subscriber:/home/kireiji/RoboticsDev_ws/install/examples_rclpy_minimal_service:/home/kireiji/RoboticsDev_ws/install/examples_rclpy_minimal_publisher:/home/kireiji/RoboticsDev_ws/install/examples_rclpy_minimal_client:/home/kireiji/RoboticsDev_ws/install/examples_rclpy_minimal_action_server:/home/kireiji/RoboticsDev_ws/install/examples_rclpy_minimal_action_client:/home/kireiji/RoboticsDev_ws/install/examples_rclpy_guard_conditions:/home/kireiji/RoboticsDev_ws/install/examples_rclpy_executors:/home/kireiji/ros2_ws/install/my_py_pkg:/opt/ros/humble /usr/bin/cmake --install /home/kireiji/Documents/GitHub/Exam/build/teleop_turtle
[0.585s] Level 1:colcon.colcon_core.environment:checking '/home/kireiji/Documents/GitHub/Exam/install/teleop_turtle' for CMake config files
[0.585s] Level 1:colcon.colcon_core.shell:create_environment_hook('teleop_turtle', 'cmake_prefix_path')
[0.585s] INFO:colcon.colcon_core.shell:Creating environment hook '/home/kireiji/Documents/GitHub/Exam/install/teleop_turtle/share/teleop_turtle/hook/cmake_prefix_path.ps1'
[0.585s] INFO:colcon.colcon_core.shell:Creating environment descriptor '/home/kireiji/Documents/GitHub/Exam/install/teleop_turtle/share/teleop_turtle/hook/cmake_prefix_path.dsv'
[0.585s] INFO:colcon.colcon_core.shell:Creating environment hook '/home/kireiji/Documents/GitHub/Exam/install/teleop_turtle/share/teleop_turtle/hook/cmake_prefix_path.sh'
[0.586s] Level 1:colcon.colcon_core.environment:checking '/home/kireiji/Documents/GitHub/Exam/install/teleop_turtle/lib'
[0.586s] Level 1:colcon.colcon_core.environment:checking '/home/kireiji/Documents/GitHub/Exam/install/teleop_turtle/bin'
[0.586s] Level 1:colcon.colcon_core.environment:checking '/home/kireiji/Documents/GitHub/Exam/install/teleop_turtle/lib/pkgconfig/teleop_turtle.pc'
[0.586s] Level 1:colcon.colcon_core.environment:checking '/home/kireiji/Documents/GitHub/Exam/install/teleop_turtle/lib/python3.10/site-packages'
[0.586s] Level 1:colcon.colcon_core.shell:create_environment_hook('teleop_turtle', 'pythonpath')
[0.586s] INFO:colcon.colcon_core.shell:Creating environment hook '/home/kireiji/Documents/GitHub/Exam/install/teleop_turtle/share/teleop_turtle/hook/pythonpath.ps1'
[0.586s] INFO:colcon.colcon_core.shell:Creating environment descriptor '/home/kireiji/Documents/GitHub/Exam/install/teleop_turtle/share/teleop_turtle/hook/pythonpath.dsv'
[0.586s] INFO:colcon.colcon_core.shell:Creating environment hook '/home/kireiji/Documents/GitHub/Exam/install/teleop_turtle/share/teleop_turtle/hook/pythonpath.sh'
[0.587s] Level 1:colcon.colcon_core.environment:checking '/home/kireiji/Documents/GitHub/Exam/install/teleop_turtle/bin'
[0.587s] INFO:colcon.colcon_core.shell:Creating package script '/home/kireiji/Documents/GitHub/Exam/install/teleop_turtle/share/teleop_turtle/package.ps1'
[0.587s] INFO:colcon.colcon_core.shell:Creating package descriptor '/home/kireiji/Documents/GitHub/Exam/install/teleop_turtle/share/teleop_turtle/package.dsv'
[0.587s] INFO:colcon.colcon_core.shell:Creating package script '/home/kireiji/Documents/GitHub/Exam/install/teleop_turtle/share/teleop_turtle/package.sh'
[0.588s] INFO:colcon.colcon_core.shell:Creating package script '/home/kireiji/Documents/GitHub/Exam/install/teleop_turtle/share/teleop_turtle/package.bash'
[0.588s] INFO:colcon.colcon_core.shell:Creating package script '/home/kireiji/Documents/GitHub/Exam/install/teleop_turtle/share/teleop_turtle/package.zsh'
[0.588s] Level 1:colcon.colcon_core.environment:create_file_with_runtime_dependencies(/home/kireiji/Documents/GitHub/Exam/install/teleop_turtle/share/colcon-core/packages/teleop_turtle)
[0.601s] Level 1:colcon.colcon_core.environment:create_environment_scripts_only(turtlesim_plus)
[0.601s] Level 1:colcon.colcon_core.environment:checking '/home/kireiji/Documents/GitHub/Exam/install/turtlesim_plus' for CMake module files
[0.601s] Level 1:colcon.colcon_core.environment:checking '/home/kireiji/Documents/GitHub/Exam/install/turtlesim_plus' for CMake config files
[0.602s] Level 1:colcon.colcon_core.shell:create_environment_hook('turtlesim_plus', 'cmake_prefix_path')
[0.602s] INFO:colcon.colcon_core.shell:Creating environment hook '/home/kireiji/Documents/GitHub/Exam/install/turtlesim_plus/share/turtlesim_plus/hook/cmake_prefix_path.ps1'
[0.602s] INFO:colcon.colcon_core.shell:Creating environment descriptor '/home/kireiji/Documents/GitHub/Exam/install/turtlesim_plus/share/turtlesim_plus/hook/cmake_prefix_path.dsv'
[0.602s] INFO:colcon.colcon_core.shell:Creating environment hook '/home/kireiji/Documents/GitHub/Exam/install/turtlesim_plus/share/turtlesim_plus/hook/cmake_prefix_path.sh'
[0.603s] Level 1:colcon.colcon_core.environment:checking '/home/kireiji/Documents/GitHub/Exam/install/turtlesim_plus/lib'
[0.603s] Level 1:colcon.colcon_core.environment:checking '/home/kireiji/Documents/GitHub/Exam/install/turtlesim_plus/bin'
[0.603s] Level 1:colcon.colcon_core.environment:checking '/home/kireiji/Documents/GitHub/Exam/install/turtlesim_plus/lib/pkgconfig/turtlesim_plus.pc'
[0.603s] Level 1:colcon.colcon_core.environment:checking '/home/kireiji/Documents/GitHub/Exam/install/turtlesim_plus/lib/python3.10/site-packages'
[0.603s] Level 1:colcon.colcon_core.shell:create_environment_hook('turtlesim_plus', 'pythonpath')
[0.603s] INFO:colcon.colcon_core.shell:Creating environment hook '/home/kireiji/Documents/GitHub/Exam/install/turtlesim_plus/share/turtlesim_plus/hook/pythonpath.ps1'
[0.603s] INFO:colcon.colcon_core.shell:Creating environment descriptor '/home/kireiji/Documents/GitHub/Exam/install/turtlesim_plus/share/turtlesim_plus/hook/pythonpath.dsv'
[0.603s] INFO:colcon.colcon_core.shell:Creating environment hook '/home/kireiji/Documents/GitHub/Exam/install/turtlesim_plus/share/turtlesim_plus/hook/pythonpath.sh'
[0.604s] Level 1:colcon.colcon_core.environment:checking '/home/kireiji/Documents/GitHub/Exam/install/turtlesim_plus/bin'
[0.604s] INFO:colcon.colcon_core.shell:Creating package script '/home/kireiji/Documents/GitHub/Exam/install/turtlesim_plus/share/turtlesim_plus/package.ps1'
[0.604s] INFO:colcon.colcon_core.shell:Creating package descriptor '/home/kireiji/Documents/GitHub/Exam/install/turtlesim_plus/share/turtlesim_plus/package.dsv'
[0.604s] INFO:colcon.colcon_core.shell:Creating package script '/home/kireiji/Documents/GitHub/Exam/install/turtlesim_plus/share/turtlesim_plus/package.sh'
[0.605s] INFO:colcon.colcon_core.shell:Creating package script '/home/kireiji/Documents/GitHub/Exam/install/turtlesim_plus/share/turtlesim_plus/package.bash'
[0.605s] INFO:colcon.colcon_core.shell:Creating package script '/home/kireiji/Documents/GitHub/Exam/install/turtlesim_plus/share/turtlesim_plus/package.zsh'
[0.605s] Level 1:colcon.colcon_core.environment:create_file_with_runtime_dependencies(/home/kireiji/Documents/GitHub/Exam/install/turtlesim_plus/share/colcon-core/packages/turtlesim_plus)
[0.607s] Level 1:colcon.colcon_core.environment:create_environment_scripts_only(teleop_turtle)
[0.607s] Level 1:colcon.colcon_core.environment:checking '/home/kireiji/Documents/GitHub/Exam/install/teleop_turtle' for CMake module files
[0.607s] Level 1:colcon.colcon_core.environment:checking '/home/kireiji/Documents/GitHub/Exam/install/teleop_turtle' for CMake config files
[0.607s] Level 1:colcon.colcon_core.shell:create_environment_hook('teleop_turtle', 'cmake_prefix_path')
[0.608s] INFO:colcon.colcon_core.shell:Creating environment hook '/home/kireiji/Documents/GitHub/Exam/install/teleop_turtle/share/teleop_turtle/hook/cmake_prefix_path.ps1'
[0.608s] INFO:colcon.colcon_core.shell:Creating environment descriptor '/home/kireiji/Documents/GitHub/Exam/install/teleop_turtle/share/teleop_turtle/hook/cmake_prefix_path.dsv'
[0.608s] INFO:colcon.colcon_core.shell:Creating environment hook '/home/kireiji/Documents/GitHub/Exam/install/teleop_turtle/share/teleop_turtle/hook/cmake_prefix_path.sh'
[0.608s] Level 1:colcon.colcon_core.environment:checking '/home/kireiji/Documents/GitHub/Exam/install/teleop_turtle/lib'
[0.608s] Level 1:colcon.colcon_core.environment:checking '/home/kireiji/Documents/GitHub/Exam/install/teleop_turtle/bin'
[0.608s] Level 1:colcon.colcon_core.environment:checking '/home/kireiji/Documents/GitHub/Exam/install/teleop_turtle/lib/pkgconfig/teleop_turtle.pc'
[0.609s] Level 1:colcon.colcon_core.environment:checking '/home/kireiji/Documents/GitHub/Exam/install/teleop_turtle/lib/python3.10/site-packages'
[0.609s] Level 1:colcon.colcon_core.shell:create_environment_hook('teleop_turtle', 'pythonpath')
[0.609s] INFO:colcon.colcon_core.shell:Creating environment hook '/home/kireiji/Documents/GitHub/Exam/install/teleop_turtle/share/teleop_turtle/hook/pythonpath.ps1'
[0.609s] INFO:colcon.colcon_core.shell:Creating environment descriptor '/home/kireiji/Documents/GitHub/Exam/install/teleop_turtle/share/teleop_turtle/hook/pythonpath.dsv'
[0.609s] INFO:colcon.colcon_core.shell:Creating environment hook '/home/kireiji/Documents/GitHub/Exam/install/teleop_turtle/share/teleop_turtle/hook/pythonpath.sh'
[0.609s] Level 1:colcon.colcon_core.environment:checking '/home/kireiji/Documents/GitHub/Exam/install/teleop_turtle/bin'
[0.609s] INFO:colcon.colcon_core.shell:Creating package script '/home/kireiji/Documents/GitHub/Exam/install/teleop_turtle/share/teleop_turtle/package.ps1'
[0.610s] INFO:colcon.colcon_core.shell:Creating package descriptor '/home/kireiji/Documents/GitHub/Exam/install/teleop_turtle/share/teleop_turtle/package.dsv'
[0.610s] INFO:colcon.colcon_core.shell:Creating package script '/home/kireiji/Documents/GitHub/Exam/install/teleop_turtle/share/teleop_turtle/package.sh'
[0.610s] INFO:colcon.colcon_core.shell:Creating package script '/home/kireiji/Documents/GitHub/Exam/install/teleop_turtle/share/teleop_turtle/package.bash'
[0.610s] INFO:colcon.colcon_core.shell:Creating package script '/home/kireiji/Documents/GitHub/Exam/install/teleop_turtle/share/teleop_turtle/package.zsh'
[0.611s] Level 1:colcon.colcon_core.environment:create_file_with_runtime_dependencies(/home/kireiji/Documents/GitHub/Exam/install/teleop_turtle/share/colcon-core/packages/teleop_turtle)
[0.613s] DEBUG:colcon.colcon_core.event_handler.log_command:Invoking command in '/home/kireiji/Documents/GitHub/Exam/build/turtlesim_plus_interfaces': CMAKE_PREFIX_PATH=${CMAKE_PREFIX_PATH}:/home/kireiji/RoboticsDev_ws/install/launch_testing_examples:/home/kireiji/RoboticsDev_ws/install/examples_rclpy_pointcloud_publisher:/home/kireiji/RoboticsDev_ws/install/examples_rclpy_minimal_subscriber:/home/kireiji/RoboticsDev_ws/install/examples_rclpy_minimal_service:/home/kireiji/RoboticsDev_ws/install/examples_rclpy_minimal_publisher:/home/kireiji/RoboticsDev_ws/install/examples_rclpy_minimal_client:/home/kireiji/RoboticsDev_ws/install/examples_rclpy_minimal_action_server:/home/kireiji/RoboticsDev_ws/install/examples_rclpy_minimal_action_client:/home/kireiji/RoboticsDev_ws/install/examples_rclpy_guard_conditions:/home/kireiji/RoboticsDev_ws/install/examples_rclpy_executors:/home/kireiji/ros2_ws/install/my_py_pkg:/opt/ros/humble /usr/bin/cmake --install /home/kireiji/Documents/GitHub/Exam/build/turtlesim_plus_interfaces
[0.659s] Level 1:colcon.colcon_core.environment:create_environment_scripts_only(turtlesim_plus_interfaces)
[0.659s] Level 1:colcon.colcon_core.environment:checking '/home/kireiji/Documents/GitHub/Exam/install/turtlesim_plus_interfaces' for CMake module files
[0.660s] DEBUG:colcon.colcon_core.event_handler.log_command:Invoked command in '/home/kireiji/Documents/GitHub/Exam/build/turtlesim_plus_interfaces' returned '0': CMAKE_PREFIX_PATH=${CMAKE_PREFIX_PATH}:/home/kireiji/RoboticsDev_ws/install/launch_testing_examples:/home/kireiji/RoboticsDev_ws/install/examples_rclpy_pointcloud_publisher:/home/kireiji/RoboticsDev_ws/install/examples_rclpy_minimal_subscriber:/home/kireiji/RoboticsDev_ws/install/examples_rclpy_minimal_service:/home/kireiji/RoboticsDev_ws/install/examples_rclpy_minimal_publisher:/home/kireiji/RoboticsDev_ws/install/examples_rclpy_minimal_client:/home/kireiji/RoboticsDev_ws/install/examples_rclpy_minimal_action_server:/home/kireiji/RoboticsDev_ws/install/examples_rclpy_minimal_action_client:/home/kireiji/RoboticsDev_ws/install/examples_rclpy_guard_conditions:/home/kireiji/RoboticsDev_ws/install/examples_rclpy_executors:/home/kireiji/ros2_ws/install/my_py_pkg:/opt/ros/humble /usr/bin/cmake --install /home/kireiji/Documents/GitHub/Exam/build/turtlesim_plus_interfaces
[0.660s] Level 1:colcon.colcon_core.environment:checking '/home/kireiji/Documents/GitHub/Exam/install/turtlesim_plus_interfaces' for CMake config files
[0.660s] Level 1:colcon.colcon_core.shell:create_environment_hook('turtlesim_plus_interfaces', 'cmake_prefix_path')
[0.661s] INFO:colcon.colcon_core.shell:Creating environment hook '/home/kireiji/Documents/GitHub/Exam/install/turtlesim_plus_interfaces/share/turtlesim_plus_interfaces/hook/cmake_prefix_path.ps1'
[0.661s] INFO:colcon.colcon_core.shell:Creating environment descriptor '/home/kireiji/Documents/GitHub/Exam/install/turtlesim_plus_interfaces/share/turtlesim_plus_interfaces/hook/cmake_prefix_path.dsv'
[0.661s] INFO:colcon.colcon_core.shell:Creating environment hook '/home/kireiji/Documents/GitHub/Exam/install/turtlesim_plus_interfaces/share/turtlesim_plus_interfaces/hook/cmake_prefix_path.sh'
[0.662s] Level 1:colcon.colcon_core.environment:checking '/home/kireiji/Documents/GitHub/Exam/install/turtlesim_plus_interfaces/lib'
[0.662s] Level 1:colcon.colcon_core.shell:create_environment_hook('turtlesim_plus_interfaces', 'ld_library_path_lib')
[0.662s] INFO:colcon.colcon_core.shell:Creating environment hook '/home/kireiji/Documents/GitHub/Exam/install/turtlesim_plus_interfaces/share/turtlesim_plus_interfaces/hook/ld_library_path_lib.ps1'
[0.662s] INFO:colcon.colcon_core.shell:Creating environment descriptor '/home/kireiji/Documents/GitHub/Exam/install/turtlesim_plus_interfaces/share/turtlesim_plus_interfaces/hook/ld_library_path_lib.dsv'
[0.662s] INFO:colcon.colcon_core.shell:Creating environment hook '/home/kireiji/Documents/GitHub/Exam/install/turtlesim_plus_interfaces/share/turtlesim_plus_interfaces/hook/ld_library_path_lib.sh'
[0.663s] Level 1:colcon.colcon_core.environment:checking '/home/kireiji/Documents/GitHub/Exam/install/turtlesim_plus_interfaces/bin'
[0.663s] Level 1:colcon.colcon_core.environment:checking '/home/kireiji/Documents/GitHub/Exam/install/turtlesim_plus_interfaces/lib/pkgconfig/turtlesim_plus_interfaces.pc'
[0.663s] Level 1:colcon.colcon_core.environment:checking '/home/kireiji/Documents/GitHub/Exam/install/turtlesim_plus_interfaces/lib/python3.10/site-packages'
[0.663s] Level 1:colcon.colcon_core.shell:create_environment_hook('turtlesim_plus_interfaces', 'pythonpath')
[0.663s] INFO:colcon.colcon_core.shell:Creating environment hook '/home/kireiji/Documents/GitHub/Exam/install/turtlesim_plus_interfaces/share/turtlesim_plus_interfaces/hook/pythonpath.ps1'
[0.663s] INFO:colcon.colcon_core.shell:Creating environment descriptor '/home/kireiji/Documents/GitHub/Exam/install/turtlesim_plus_interfaces/share/turtlesim_plus_interfaces/hook/pythonpath.dsv'
[0.663s] INFO:colcon.colcon_core.shell:Creating environment hook '/home/kireiji/Documents/GitHub/Exam/install/turtlesim_plus_interfaces/share/turtlesim_plus_interfaces/hook/pythonpath.sh'
[0.664s] Level 1:colcon.colcon_core.environment:checking '/home/kireiji/Documents/GitHub/Exam/install/turtlesim_plus_interfaces/bin'
[0.664s] INFO:colcon.colcon_core.shell:Creating package script '/home/kireiji/Documents/GitHub/Exam/install/turtlesim_plus_interfaces/share/turtlesim_plus_interfaces/package.ps1'
[0.664s] INFO:colcon.colcon_core.shell:Creating package descriptor '/home/kireiji/Documents/GitHub/Exam/install/turtlesim_plus_interfaces/share/turtlesim_plus_interfaces/package.dsv'
[0.664s] INFO:colcon.colcon_core.shell:Creating package script '/home/kireiji/Documents/GitHub/Exam/install/turtlesim_plus_interfaces/share/turtlesim_plus_interfaces/package.sh'
[0.665s] INFO:colcon.colcon_core.shell:Creating package script '/home/kireiji/Documents/GitHub/Exam/install/turtlesim_plus_interfaces/share/turtlesim_plus_interfaces/package.bash'
[0.665s] INFO:colcon.colcon_core.shell:Creating package script '/home/kireiji/Documents/GitHub/Exam/install/turtlesim_plus_interfaces/share/turtlesim_plus_interfaces/package.zsh'
[0.665s] Level 1:colcon.colcon_core.environment:create_file_with_runtime_dependencies(/home/kireiji/Documents/GitHub/Exam/install/turtlesim_plus_interfaces/share/colcon-core/packages/turtlesim_plus_interfaces)
[0.758s] Level 1:colcon.colcon_core.environment:create_environment_scripts_only(turtlesim_plus_interfaces)
[0.758s] Level 1:colcon.colcon_core.environment:checking '/home/kireiji/Documents/GitHub/Exam/install/turtlesim_plus_interfaces' for CMake module files
[0.758s] Level 1:colcon.colcon_core.environment:checking '/home/kireiji/Documents/GitHub/Exam/install/turtlesim_plus_interfaces' for CMake config files
[0.759s] Level 1:colcon.colcon_core.shell:create_environment_hook('turtlesim_plus_interfaces', 'cmake_prefix_path')
[0.759s] INFO:colcon.colcon_core.shell:Creating environment hook '/home/kireiji/Documents/GitHub/Exam/install/turtlesim_plus_interfaces/share/turtlesim_plus_interfaces/hook/cmake_prefix_path.ps1'
[0.759s] INFO:colcon.colcon_core.shell:Creating environment descriptor '/home/kireiji/Documents/GitHub/Exam/install/turtlesim_plus_interfaces/share/turtlesim_plus_interfaces/hook/cmake_prefix_path.dsv'
[0.760s] INFO:colcon.colcon_core.shell:Creating environment hook '/home/kireiji/Documents/GitHub/Exam/install/turtlesim_plus_interfaces/share/turtlesim_plus_interfaces/hook/cmake_prefix_path.sh'
[0.760s] Level 1:colcon.colcon_core.environment:checking '/home/kireiji/Documents/GitHub/Exam/install/turtlesim_plus_interfaces/lib'
[0.760s] Level 1:colcon.colcon_core.shell:create_environment_hook('turtlesim_plus_interfaces', 'ld_library_path_lib')
[0.760s] INFO:colcon.colcon_core.shell:Creating environment hook '/home/kireiji/Documents/GitHub/Exam/install/turtlesim_plus_interfaces/share/turtlesim_plus_interfaces/hook/ld_library_path_lib.ps1'
[0.760s] INFO:colcon.colcon_core.shell:Creating environment descriptor '/home/kireiji/Documents/GitHub/Exam/install/turtlesim_plus_interfaces/share/turtlesim_plus_interfaces/hook/ld_library_path_lib.dsv'
[0.760s] INFO:colcon.colcon_core.shell:Creating environment hook '/home/kireiji/Documents/GitHub/Exam/install/turtlesim_plus_interfaces/share/turtlesim_plus_interfaces/hook/ld_library_path_lib.sh'
[0.761s] Level 1:colcon.colcon_core.environment:checking '/home/kireiji/Documents/GitHub/Exam/install/turtlesim_plus_interfaces/bin'
[0.761s] Level 1:colcon.colcon_core.environment:checking '/home/kireiji/Documents/GitHub/Exam/install/turtlesim_plus_interfaces/lib/pkgconfig/turtlesim_plus_interfaces.pc'
[0.761s] Level 1:colcon.colcon_core.environment:checking '/home/kireiji/Documents/GitHub/Exam/install/turtlesim_plus_interfaces/lib/python3.10/site-packages'
[0.761s] Level 1:colcon.colcon_core.shell:create_environment_hook('turtlesim_plus_interfaces', 'pythonpath')
[0.761s] INFO:colcon.colcon_core.shell:Creating environment hook '/home/kireiji/Documents/GitHub/Exam/install/turtlesim_plus_interfaces/share/turtlesim_plus_interfaces/hook/pythonpath.ps1'
[0.761s] INFO:colcon.colcon_core.shell:Creating environment descriptor '/home/kireiji/Documents/GitHub/Exam/install/turtlesim_plus_interfaces/share/turtlesim_plus_interfaces/hook/pythonpath.dsv'
[0.761s] INFO:colcon.colcon_core.shell:Creating environment hook '/home/kireiji/Documents/GitHub/Exam/install/turtlesim_plus_interfaces/share/turtlesim_plus_interfaces/hook/pythonpath.sh'
[0.762s] Level 1:colcon.colcon_core.environment:checking '/home/kireiji/Documents/GitHub/Exam/install/turtlesim_plus_interfaces/bin'
[0.762s] INFO:colcon.colcon_core.shell:Creating package script '/home/kireiji/Documents/GitHub/Exam/install/turtlesim_plus_interfaces/share/turtlesim_plus_interfaces/package.ps1'
[0.762s] INFO:colcon.colcon_core.shell:Creating package descriptor '/home/kireiji/Documents/GitHub/Exam/install/turtlesim_plus_interfaces/share/turtlesim_plus_interfaces/package.dsv'
[0.762s] INFO:colcon.colcon_core.shell:Creating package script '/home/kireiji/Documents/GitHub/Exam/install/turtlesim_plus_interfaces/share/turtlesim_plus_interfaces/package.sh'
[0.763s] INFO:colcon.colcon_core.shell:Creating package script '/home/kireiji/Documents/GitHub/Exam/install/turtlesim_plus_interfaces/share/turtlesim_plus_interfaces/package.bash'
[0.763s] INFO:colcon.colcon_core.shell:Creating package script '/home/kireiji/Documents/GitHub/Exam/install/turtlesim_plus_interfaces/share/turtlesim_plus_interfaces/package.zsh'
[0.763s] Level 1:colcon.colcon_core.environment:create_file_with_runtime_dependencies(/home/kireiji/Documents/GitHub/Exam/install/turtlesim_plus_interfaces/share/colcon-core/packages/turtlesim_plus_interfaces)
[0.763s] DEBUG:colcon.colcon_parallel_executor.executor.parallel:closing loop
[0.763s] DEBUG:colcon.colcon_parallel_executor.executor.parallel:loop closed
[0.763s] DEBUG:colcon.colcon_parallel_executor.executor.parallel:run_until_complete finished with '0'
[0.763s] DEBUG:colcon.colcon_core.event_reactor:joining thread
[0.767s] INFO:colcon.colcon_core.plugin_system:Skipping extension 'colcon_notification.desktop_notification.terminal_notifier': Not used on non-Darwin systems
[0.767s] INFO:colcon.colcon_core.plugin_system:Skipping extension 'colcon_notification.desktop_notification.win32': Not used on non-Windows systems
[0.767s] INFO:colcon.colcon_notification.desktop_notification:Sending desktop notification using 'notify2'
[0.775s] DEBUG:colcon.colcon_core.event_reactor:joined thread
[0.775s] INFO:colcon.colcon_core.shell:Creating prefix script '/home/kireiji/Documents/GitHub/Exam/install/local_setup.ps1'
[0.776s] INFO:colcon.colcon_core.shell:Creating prefix util module '/home/kireiji/Documents/GitHub/Exam/install/_local_setup_util_ps1.py'
[0.776s] INFO:colcon.colcon_core.shell:Creating prefix chain script '/home/kireiji/Documents/GitHub/Exam/install/setup.ps1'
[0.778s] INFO:colcon.colcon_core.shell:Creating prefix script '/home/kireiji/Documents/GitHub/Exam/install/local_setup.sh'
[0.778s] INFO:colcon.colcon_core.shell:Creating prefix util module '/home/kireiji/Documents/GitHub/Exam/install/_local_setup_util_sh.py'
[0.778s] INFO:colcon.colcon_core.shell:Creating prefix chain script '/home/kireiji/Documents/GitHub/Exam/install/setup.sh'
[0.780s] INFO:colcon.colcon_core.shell:Creating prefix script '/home/kireiji/Documents/GitHub/Exam/install/local_setup.bash'
[0.780s] INFO:colcon.colcon_core.shell:Creating prefix chain script '/home/kireiji/Documents/GitHub/Exam/install/setup.bash'
[0.781s] INFO:colcon.colcon_core.shell:Creating prefix script '/home/kireiji/Documents/GitHub/Exam/install/local_setup.zsh'
[0.781s] INFO:colcon.colcon_core.shell:Creating prefix chain script '/home/kireiji/Documents/GitHub/Exam/install/setup.zsh'
