[0.008s] Invoking command in '/home/kireiji/Documents/GitHub/Exam/build/exam': CMAKE_PREFIX_PATH=${CMAKE_PREFIX_PATH}:/home/kireiji/RoboticsDev_ws/install/launch_testing_examples:/home/kireiji/RoboticsDev_ws/install/examples_rclpy_pointcloud_publisher:/home/kireiji/RoboticsDev_ws/install/examples_rclpy_minimal_subscriber:/home/kireiji/RoboticsDev_ws/install/examples_rclpy_minimal_service:/home/kireiji/RoboticsDev_ws/install/examples_rclpy_minimal_publisher:/home/kireiji/RoboticsDev_ws/install/examples_rclpy_minimal_client:/home/kireiji/RoboticsDev_ws/install/examples_rclpy_minimal_action_server:/home/kireiji/RoboticsDev_ws/install/examples_rclpy_minimal_action_client:/home/kireiji/RoboticsDev_ws/install/examples_rclpy_guard_conditions:/home/kireiji/RoboticsDev_ws/install/examples_rclpy_executors:/home/kireiji/ros2_ws/install/my_py_pkg:/opt/ros/humble /usr/bin/cmake /home/kireiji/Documents/GitHub/Exam/src/exam -DCMAKE_INSTALL_PREFIX=/home/kireiji/Documents/GitHub/Exam/install/exam
[0.045s] -- The C compiler identification is GNU 11.4.0
[0.079s] -- The CXX compiler identification is GNU 11.4.0
[0.083s] -- Detecting C compiler ABI info
[0.128s] -- Detecting C compiler ABI info - done
[0.133s] -- Check for working C compiler: /usr/bin/cc - skipped
[0.133s] -- Detecting C compile features
[0.133s] -- Detecting C compile features - done
[0.135s] -- Detecting CXX compiler ABI info
[0.186s] -- Detecting CXX compiler ABI info - done
[0.190s] -- Check for working CXX compiler: /usr/bin/c++ - skipped
[0.190s] -- Detecting CXX compile features
[0.190s] -- Detecting CXX compile features - done
[0.194s] -- Found ament_cmake: 1.3.10 (/opt/ros/humble/share/ament_cmake/cmake)
[0.572s] -- Found Python3: /usr/local/bin/python3 (found version "3.10.0") found components: Interpreter 
[0.661s] -- Found rclcpp: 16.0.10 (/opt/ros/humble/share/rclcpp/cmake)
[0.700s] -- Found rosidl_generator_c: 3.1.5 (/opt/ros/humble/share/rosidl_generator_c/cmake)
[0.705s] -- Found rosidl_adapter: 3.1.5 (/opt/ros/humble/share/rosidl_adapter/cmake)
[0.713s] -- Found rosidl_generator_cpp: 3.1.5 (/opt/ros/humble/share/rosidl_generator_cpp/cmake)
[0.723s] -- Using all available rosidl_typesupport_c: rosidl_typesupport_fastrtps_c;rosidl_typesupport_introspection_c
[0.737s] -- Using all available rosidl_typesupport_cpp: rosidl_typesupport_fastrtps_cpp;rosidl_typesupport_introspection_cpp
[0.776s] -- Found rmw_implementation_cmake: 6.1.2 (/opt/ros/humble/share/rmw_implementation_cmake/cmake)
[0.780s] -- Found rmw_fastrtps_cpp: 6.2.7 (/opt/ros/humble/share/rmw_fastrtps_cpp/cmake)
[0.844s] -- Found OpenSSL: /usr/lib/x86_64-linux-gnu/libcrypto.so (found version "3.0.2")  
[0.863s] -- Found FastRTPS: /opt/ros/humble/include  
[0.890s] -- Using RMW implementation 'rmw_fastrtps_cpp' as default
[0.898s] -- Looking for pthread.h
[0.945s] -- Looking for pthread.h - found
[0.946s] -- Performing Test CMAKE_HAVE_LIBC_PTHREAD
[0.992s] -- Performing Test CMAKE_HAVE_LIBC_PTHREAD - Success
[0.993s] -- Found Threads: TRUE  
[1.030s] -- Found rclpy: 3.3.14 (/opt/ros/humble/share/rclpy/cmake)
[1.180s] -- Configuring done
[1.185s] -- Generating done
[1.186s] -- Build files have been written to: /home/kireiji/Documents/GitHub/Exam/build/exam
[1.194s] Invoked command in '/home/kireiji/Documents/GitHub/Exam/build/exam' returned '0': CMAKE_PREFIX_PATH=${CMAKE_PREFIX_PATH}:/home/kireiji/RoboticsDev_ws/install/launch_testing_examples:/home/kireiji/RoboticsDev_ws/install/examples_rclpy_pointcloud_publisher:/home/kireiji/RoboticsDev_ws/install/examples_rclpy_minimal_subscriber:/home/kireiji/RoboticsDev_ws/install/examples_rclpy_minimal_service:/home/kireiji/RoboticsDev_ws/install/examples_rclpy_minimal_publisher:/home/kireiji/RoboticsDev_ws/install/examples_rclpy_minimal_client:/home/kireiji/RoboticsDev_ws/install/examples_rclpy_minimal_action_server:/home/kireiji/RoboticsDev_ws/install/examples_rclpy_minimal_action_client:/home/kireiji/RoboticsDev_ws/install/examples_rclpy_guard_conditions:/home/kireiji/RoboticsDev_ws/install/examples_rclpy_executors:/home/kireiji/ros2_ws/install/my_py_pkg:/opt/ros/humble /usr/bin/cmake /home/kireiji/Documents/GitHub/Exam/src/exam -DCMAKE_INSTALL_PREFIX=/home/kireiji/Documents/GitHub/Exam/install/exam
[1.194s] Invoking command in '/home/kireiji/Documents/GitHub/Exam/build/exam': CMAKE_PREFIX_PATH=${CMAKE_PREFIX_PATH}:/home/kireiji/RoboticsDev_ws/install/launch_testing_examples:/home/kireiji/RoboticsDev_ws/install/examples_rclpy_pointcloud_publisher:/home/kireiji/RoboticsDev_ws/install/examples_rclpy_minimal_subscriber:/home/kireiji/RoboticsDev_ws/install/examples_rclpy_minimal_service:/home/kireiji/RoboticsDev_ws/install/examples_rclpy_minimal_publisher:/home/kireiji/RoboticsDev_ws/install/examples_rclpy_minimal_client:/home/kireiji/RoboticsDev_ws/install/examples_rclpy_minimal_action_server:/home/kireiji/RoboticsDev_ws/install/examples_rclpy_minimal_action_client:/home/kireiji/RoboticsDev_ws/install/examples_rclpy_guard_conditions:/home/kireiji/RoboticsDev_ws/install/examples_rclpy_executors:/home/kireiji/ros2_ws/install/my_py_pkg:/opt/ros/humble /usr/bin/cmake --build /home/kireiji/Documents/GitHub/Exam/build/exam -- -j16 -l16
[1.225s] [ 50%] [32mBuilding CXX object CMakeFiles/cpp_node_test.dir/src/cpp_node.cpp.o[0m
[1.230s] [ 50%] Built target ament_cmake_python_copy_exam
[1.389s] [100%] [32m[1mLinking CXX executable cpp_node_test[0m
[1.400s] running egg_info
[1.400s] creating exam.egg-info
[1.400s] writing manifest file 'exam.egg-info/SOURCES.txt'
[1.402s] writing manifest file 'exam.egg-info/SOURCES.txt'
[1.419s] [100%] Built target ament_cmake_python_build_exam_egg
[1.448s] [100%] Built target cpp_node_test
[1.455s] Invoked command in '/home/kireiji/Documents/GitHub/Exam/build/exam' returned '0': CMAKE_PREFIX_PATH=${CMAKE_PREFIX_PATH}:/home/kireiji/RoboticsDev_ws/install/launch_testing_examples:/home/kireiji/RoboticsDev_ws/install/examples_rclpy_pointcloud_publisher:/home/kireiji/RoboticsDev_ws/install/examples_rclpy_minimal_subscriber:/home/kireiji/RoboticsDev_ws/install/examples_rclpy_minimal_service:/home/kireiji/RoboticsDev_ws/install/examples_rclpy_minimal_publisher:/home/kireiji/RoboticsDev_ws/install/examples_rclpy_minimal_client:/home/kireiji/RoboticsDev_ws/install/examples_rclpy_minimal_action_server:/home/kireiji/RoboticsDev_ws/install/examples_rclpy_minimal_action_client:/home/kireiji/RoboticsDev_ws/install/examples_rclpy_guard_conditions:/home/kireiji/RoboticsDev_ws/install/examples_rclpy_executors:/home/kireiji/ros2_ws/install/my_py_pkg:/opt/ros/humble /usr/bin/cmake --build /home/kireiji/Documents/GitHub/Exam/build/exam -- -j16 -l16
[1.481s] Invoking command in '/home/kireiji/Documents/GitHub/Exam/build/exam': CMAKE_PREFIX_PATH=${CMAKE_PREFIX_PATH}:/home/kireiji/RoboticsDev_ws/install/launch_testing_examples:/home/kireiji/RoboticsDev_ws/install/examples_rclpy_pointcloud_publisher:/home/kireiji/RoboticsDev_ws/install/examples_rclpy_minimal_subscriber:/home/kireiji/RoboticsDev_ws/install/examples_rclpy_minimal_service:/home/kireiji/RoboticsDev_ws/install/examples_rclpy_minimal_publisher:/home/kireiji/RoboticsDev_ws/install/examples_rclpy_minimal_client:/home/kireiji/RoboticsDev_ws/install/examples_rclpy_minimal_action_server:/home/kireiji/RoboticsDev_ws/install/examples_rclpy_minimal_action_client:/home/kireiji/RoboticsDev_ws/install/examples_rclpy_guard_conditions:/home/kireiji/RoboticsDev_ws/install/examples_rclpy_executors:/home/kireiji/ros2_ws/install/my_py_pkg:/opt/ros/humble /usr/bin/cmake --install /home/kireiji/Documents/GitHub/Exam/build/exam
[1.486s] -- Install configuration: ""
[1.486s] -- Installing: /home/kireiji/Documents/GitHub/Exam/install/exam/share/exam/environment/pythonpath.sh
[1.486s] -- Installing: /home/kireiji/Documents/GitHub/Exam/install/exam/share/exam/environment/pythonpath.dsv
[1.486s] -- Installing: /home/kireiji/Documents/GitHub/Exam/install/exam/lib/python3.10/site-packages/exam-0.0.0-py3.10.egg-info
[1.486s] -- Installing: /home/kireiji/Documents/GitHub/Exam/install/exam/lib/python3.10/site-packages/exam-0.0.0-py3.10.egg-info/PKG-INFO
[1.486s] -- Installing: /home/kireiji/Documents/GitHub/Exam/install/exam/lib/python3.10/site-packages/exam-0.0.0-py3.10.egg-info/dependency_links.txt
[1.486s] -- Installing: /home/kireiji/Documents/GitHub/Exam/install/exam/lib/python3.10/site-packages/exam-0.0.0-py3.10.egg-info/top_level.txt
[1.486s] -- Installing: /home/kireiji/Documents/GitHub/Exam/install/exam/lib/python3.10/site-packages/exam-0.0.0-py3.10.egg-info/SOURCES.txt
[1.486s] -- Installing: /home/kireiji/Documents/GitHub/Exam/install/exam/lib/python3.10/site-packages/exam
[1.486s] -- Installing: /home/kireiji/Documents/GitHub/Exam/install/exam/lib/python3.10/site-packages/exam/__init__.py
[1.486s] -- Installing: /home/kireiji/Documents/GitHub/Exam/install/exam/lib/python3.10/site-packages/exam/dummy_module.py
[1.516s] Listing '/home/kireiji/Documents/GitHub/Exam/install/exam/lib/python3.10/site-packages/exam'...
[1.517s] Compiling '/home/kireiji/Documents/GitHub/Exam/install/exam/lib/python3.10/site-packages/exam/__init__.py'...
[1.517s] Compiling '/home/kireiji/Documents/GitHub/Exam/install/exam/lib/python3.10/site-packages/exam/dummy_module.py'...
[1.519s] -- Installing: /home/kireiji/Documents/GitHub/Exam/install/exam/lib/exam/dummy_script.py
[1.519s] -- Installing: /home/kireiji/Documents/GitHub/Exam/install/exam/lib/exam/cpp_node_test
[1.520s] -- Set runtime path of "/home/kireiji/Documents/GitHub/Exam/install/exam/lib/exam/cpp_node_test" to ""
[1.520s] -- Up-to-date: /home/kireiji/Documents/GitHub/Exam/install/exam/share/exam
[1.520s] -- Installing: /home/kireiji/Documents/GitHub/Exam/install/exam/share/ament_index/resource_index/package_run_dependencies/exam
[1.520s] -- Installing: /home/kireiji/Documents/GitHub/Exam/install/exam/share/ament_index/resource_index/parent_prefix_path/exam
[1.520s] -- Installing: /home/kireiji/Documents/GitHub/Exam/install/exam/share/exam/environment/ament_prefix_path.sh
[1.520s] -- Installing: /home/kireiji/Documents/GitHub/Exam/install/exam/share/exam/environment/ament_prefix_path.dsv
[1.520s] -- Installing: /home/kireiji/Documents/GitHub/Exam/install/exam/share/exam/environment/path.sh
[1.520s] -- Installing: /home/kireiji/Documents/GitHub/Exam/install/exam/share/exam/environment/path.dsv
[1.520s] -- Installing: /home/kireiji/Documents/GitHub/Exam/install/exam/share/exam/local_setup.bash
[1.520s] -- Installing: /home/kireiji/Documents/GitHub/Exam/install/exam/share/exam/local_setup.sh
[1.520s] -- Installing: /home/kireiji/Documents/GitHub/Exam/install/exam/share/exam/local_setup.zsh
[1.520s] -- Installing: /home/kireiji/Documents/GitHub/Exam/install/exam/share/exam/local_setup.dsv
[1.520s] -- Installing: /home/kireiji/Documents/GitHub/Exam/install/exam/share/exam/package.dsv
[1.520s] -- Installing: /home/kireiji/Documents/GitHub/Exam/install/exam/share/ament_index/resource_index/packages/exam
[1.520s] -- Installing: /home/kireiji/Documents/GitHub/Exam/install/exam/share/exam/cmake/examConfig.cmake
[1.520s] -- Installing: /home/kireiji/Documents/GitHub/Exam/install/exam/share/exam/cmake/examConfig-version.cmake
[1.520s] -- Installing: /home/kireiji/Documents/GitHub/Exam/install/exam/share/exam/package.xml
[1.522s] Invoked command in '/home/kireiji/Documents/GitHub/Exam/build/exam' returned '0': CMAKE_PREFIX_PATH=${CMAKE_PREFIX_PATH}:/home/kireiji/RoboticsDev_ws/install/launch_testing_examples:/home/kireiji/RoboticsDev_ws/install/examples_rclpy_pointcloud_publisher:/home/kireiji/RoboticsDev_ws/install/examples_rclpy_minimal_subscriber:/home/kireiji/RoboticsDev_ws/install/examples_rclpy_minimal_service:/home/kireiji/RoboticsDev_ws/install/examples_rclpy_minimal_publisher:/home/kireiji/RoboticsDev_ws/install/examples_rclpy_minimal_client:/home/kireiji/RoboticsDev_ws/install/examples_rclpy_minimal_action_server:/home/kireiji/RoboticsDev_ws/install/examples_rclpy_minimal_action_client:/home/kireiji/RoboticsDev_ws/install/examples_rclpy_guard_conditions:/home/kireiji/RoboticsDev_ws/install/examples_rclpy_executors:/home/kireiji/ros2_ws/install/my_py_pkg:/opt/ros/humble /usr/bin/cmake --install /home/kireiji/Documents/GitHub/Exam/build/exam
