[0.063s] DEBUG:colcon:Command line arguments: ['/usr/bin/colcon', 'build']
[0.063s] DEBUG:colcon:Parsed command line arguments: Namespace(log_base=None, log_level=None, verb_name='build', build_base='build', install_base='install', merge_install=False, symlink_install=False, test_result_base=None, continue_on_error=False, executor='parallel', parallel_workers=16, event_handlers=None, ignore_user_meta=False, metas=['./colcon.meta'], base_paths=['.'], packages_ignore=None, packages_ignore_regex=None, paths=None, packages_up_to=None, packages_up_to_regex=None, packages_above=None, packages_above_and_dependencies=None, packages_above_depth=None, packages_select_by_dep=None, packages_skip_by_dep=None, packages_skip_up_to=None, packages_select_build_failed=False, packages_skip_build_finished=False, packages_select_test_failures=False, packages_skip_test_passed=False, packages_select=None, packages_skip=None, packages_select_regex=None, packages_skip_regex=None, packages_start=None, packages_end=None, allow_overriding=[], cmake_args=None, cmake_target=None, cmake_target_skip_unavailable=False, cmake_clean_cache=False, cmake_clean_first=False, cmake_force_configure=False, ament_cmake_args=None, catkin_cmake_args=None, catkin_skip_building_tests=False, verb_parser=<colcon_defaults.argument_parser.defaults.DefaultArgumentsDecorator object at 0x7a8312735600>, verb_extension=<colcon_core.verb.build.BuildVerb object at 0x7a83127350f0>, main=<bound method BuildVerb.main of <colcon_core.verb.build.BuildVerb object at 0x7a83127350f0>>)
[0.162s] Level 1:colcon.colcon_core.package_discovery:discover_packages(colcon_meta) check parameters
[0.162s] Level 1:colcon.colcon_core.package_discovery:discover_packages(recursive) check parameters
[0.162s] Level 1:colcon.colcon_core.package_discovery:discover_packages(ignore) check parameters
[0.162s] Level 1:colcon.colcon_core.package_discovery:discover_packages(path) check parameters
[0.162s] Level 1:colcon.colcon_core.package_discovery:discover_packages(colcon_meta) discover
[0.162s] Level 1:colcon.colcon_core.package_discovery:discover_packages(recursive) discover
[0.162s] INFO:colcon.colcon_core.package_discovery:Crawling recursively for packages in '/home/kireiji/Documents/GitHub/Exam'
[0.162s] Level 1:colcon.colcon_core.package_identification:_identify(.) by extensions ['ignore', 'ignore_ament_install']
[0.163s] Level 1:colcon.colcon_core.package_identification:_identify(.) by extension 'ignore'
[0.163s] Level 1:colcon.colcon_core.package_identification:_identify(.) by extension 'ignore_ament_install'
[0.163s] Level 1:colcon.colcon_core.package_identification:_identify(.) by extensions ['colcon_pkg']
[0.163s] Level 1:colcon.colcon_core.package_identification:_identify(.) by extension 'colcon_pkg'
[0.163s] Level 1:colcon.colcon_core.package_identification:_identify(.) by extensions ['colcon_meta']
[0.163s] Level 1:colcon.colcon_core.package_identification:_identify(.) by extension 'colcon_meta'
[0.163s] Level 1:colcon.colcon_core.package_identification:_identify(.) by extensions ['ros']
[0.163s] Level 1:colcon.colcon_core.package_identification:_identify(.) by extension 'ros'
[0.177s] Level 1:colcon.colcon_core.package_identification:_identify(.) by extensions ['cmake', 'python']
[0.177s] Level 1:colcon.colcon_core.package_identification:_identify(.) by extension 'cmake'
[0.177s] Level 1:colcon.colcon_core.package_identification:_identify(.) by extension 'python'
[0.177s] Level 1:colcon.colcon_core.package_identification:_identify(.) by extensions ['python_setup_py']
[0.177s] Level 1:colcon.colcon_core.package_identification:_identify(.) by extension 'python_setup_py'
[0.178s] Level 1:colcon.colcon_core.package_identification:_identify(build) by extensions ['ignore', 'ignore_ament_install']
[0.178s] Level 1:colcon.colcon_core.package_identification:_identify(build) by extension 'ignore'
[0.178s] Level 1:colcon.colcon_core.package_identification:_identify(build) ignored
[0.178s] Level 1:colcon.colcon_core.package_identification:_identify(install) by extensions ['ignore', 'ignore_ament_install']
[0.178s] Level 1:colcon.colcon_core.package_identification:_identify(install) by extension 'ignore'
[0.178s] Level 1:colcon.colcon_core.package_identification:_identify(install) ignored
[0.178s] Level 1:colcon.colcon_core.package_identification:_identify(log) by extensions ['ignore', 'ignore_ament_install']
[0.178s] Level 1:colcon.colcon_core.package_identification:_identify(log) by extension 'ignore'
[0.178s] Level 1:colcon.colcon_core.package_identification:_identify(log) ignored
[0.178s] Level 1:colcon.colcon_core.package_identification:_identify(src) by extensions ['ignore', 'ignore_ament_install']
[0.178s] Level 1:colcon.colcon_core.package_identification:_identify(src) by extension 'ignore'
[0.178s] Level 1:colcon.colcon_core.package_identification:_identify(src) by extension 'ignore_ament_install'
[0.178s] Level 1:colcon.colcon_core.package_identification:_identify(src) by extensions ['colcon_pkg']
[0.178s] Level 1:colcon.colcon_core.package_identification:_identify(src) by extension 'colcon_pkg'
[0.178s] Level 1:colcon.colcon_core.package_identification:_identify(src) by extensions ['colcon_meta']
[0.178s] Level 1:colcon.colcon_core.package_identification:_identify(src) by extension 'colcon_meta'
[0.178s] Level 1:colcon.colcon_core.package_identification:_identify(src) by extensions ['ros']
[0.178s] Level 1:colcon.colcon_core.package_identification:_identify(src) by extension 'ros'
[0.178s] Level 1:colcon.colcon_core.package_identification:_identify(src) by extensions ['cmake', 'python']
[0.178s] Level 1:colcon.colcon_core.package_identification:_identify(src) by extension 'cmake'
[0.178s] Level 1:colcon.colcon_core.package_identification:_identify(src) by extension 'python'
[0.178s] Level 1:colcon.colcon_core.package_identification:_identify(src) by extensions ['python_setup_py']
[0.178s] Level 1:colcon.colcon_core.package_identification:_identify(src) by extension 'python_setup_py'
[0.178s] Level 1:colcon.colcon_core.package_identification:_identify(src/god_turtle) by extensions ['ignore', 'ignore_ament_install']
[0.178s] Level 1:colcon.colcon_core.package_identification:_identify(src/god_turtle) by extension 'ignore'
[0.178s] Level 1:colcon.colcon_core.package_identification:_identify(src/god_turtle) by extension 'ignore_ament_install'
[0.178s] Level 1:colcon.colcon_core.package_identification:_identify(src/god_turtle) by extensions ['colcon_pkg']
[0.178s] Level 1:colcon.colcon_core.package_identification:_identify(src/god_turtle) by extension 'colcon_pkg'
[0.178s] Level 1:colcon.colcon_core.package_identification:_identify(src/god_turtle) by extensions ['colcon_meta']
[0.178s] Level 1:colcon.colcon_core.package_identification:_identify(src/god_turtle) by extension 'colcon_meta'
[0.178s] Level 1:colcon.colcon_core.package_identification:_identify(src/god_turtle) by extensions ['ros']
[0.178s] Level 1:colcon.colcon_core.package_identification:_identify(src/god_turtle) by extension 'ros'
[0.180s] DEBUG:colcon.colcon_core.package_identification:Package 'src/god_turtle' with type 'ros.ament_cmake' and name 'god_turtle'
[0.180s] Level 1:colcon.colcon_core.package_identification:_identify(src/turtlesim_plus) by extensions ['ignore', 'ignore_ament_install']
[0.180s] Level 1:colcon.colcon_core.package_identification:_identify(src/turtlesim_plus) by extension 'ignore'
[0.180s] Level 1:colcon.colcon_core.package_identification:_identify(src/turtlesim_plus) by extension 'ignore_ament_install'
[0.180s] Level 1:colcon.colcon_core.package_identification:_identify(src/turtlesim_plus) by extensions ['colcon_pkg']
[0.180s] Level 1:colcon.colcon_core.package_identification:_identify(src/turtlesim_plus) by extension 'colcon_pkg'
[0.180s] Level 1:colcon.colcon_core.package_identification:_identify(src/turtlesim_plus) by extensions ['colcon_meta']
[0.180s] Level 1:colcon.colcon_core.package_identification:_identify(src/turtlesim_plus) by extension 'colcon_meta'
[0.180s] Level 1:colcon.colcon_core.package_identification:_identify(src/turtlesim_plus) by extensions ['ros']
[0.180s] Level 1:colcon.colcon_core.package_identification:_identify(src/turtlesim_plus) by extension 'ros'
[0.181s] DEBUG:colcon.colcon_core.package_identification:Package 'src/turtlesim_plus' with type 'ros.ament_cmake' and name 'turtlesim_plus'
[0.181s] Level 1:colcon.colcon_core.package_identification:_identify(src/turtlesim_plus_interfaces) by extensions ['ignore', 'ignore_ament_install']
[0.181s] Level 1:colcon.colcon_core.package_identification:_identify(src/turtlesim_plus_interfaces) by extension 'ignore'
[0.181s] Level 1:colcon.colcon_core.package_identification:_identify(src/turtlesim_plus_interfaces) by extension 'ignore_ament_install'
[0.181s] Level 1:colcon.colcon_core.package_identification:_identify(src/turtlesim_plus_interfaces) by extensions ['colcon_pkg']
[0.181s] Level 1:colcon.colcon_core.package_identification:_identify(src/turtlesim_plus_interfaces) by extension 'colcon_pkg'
[0.181s] Level 1:colcon.colcon_core.package_identification:_identify(src/turtlesim_plus_interfaces) by extensions ['colcon_meta']
[0.181s] Level 1:colcon.colcon_core.package_identification:_identify(src/turtlesim_plus_interfaces) by extension 'colcon_meta'
[0.181s] Level 1:colcon.colcon_core.package_identification:_identify(src/turtlesim_plus_interfaces) by extensions ['ros']
[0.181s] Level 1:colcon.colcon_core.package_identification:_identify(src/turtlesim_plus_interfaces) by extension 'ros'
[0.182s] DEBUG:colcon.colcon_core.package_identification:Package 'src/turtlesim_plus_interfaces' with type 'ros.ament_cmake' and name 'turtlesim_plus_interfaces'
[0.182s] Level 1:colcon.colcon_core.package_discovery:discover_packages(recursive) using defaults
[0.182s] Level 1:colcon.colcon_core.package_discovery:discover_packages(ignore) discover
[0.182s] Level 1:colcon.colcon_core.package_discovery:discover_packages(ignore) using defaults
[0.182s] Level 1:colcon.colcon_core.package_discovery:discover_packages(path) discover
[0.182s] Level 1:colcon.colcon_core.package_discovery:discover_packages(path) using defaults
[0.193s] Level 1:colcon.colcon_core.package_discovery:discover_packages(prefix_path) check parameters
[0.193s] Level 1:colcon.colcon_core.package_discovery:discover_packages(prefix_path) discover
[0.194s] DEBUG:colcon.colcon_installed_package_information.package_discovery:Found 3 installed packages in /home/kireiji/Documents/GitHub/Exam/install
[0.194s] DEBUG:colcon.colcon_installed_package_information.package_discovery:Found 2 installed packages in /home/kireiji/ros2_ws/install
[0.194s] DEBUG:colcon.colcon_installed_package_information.package_discovery:Found 1 installed packages in /home/kireiji/advRobotics_ws/install
[0.195s] DEBUG:colcon.colcon_installed_package_information.package_discovery:Found 2 installed packages in /home/kireiji/FRA501_WS/install
[0.195s] DEBUG:colcon.colcon_installed_package_information.package_discovery:Found 271 installed packages in /opt/ros/humble
[0.202s] Level 1:colcon.colcon_core.package_discovery:discover_packages(prefix_path) using defaults
[0.224s] Level 5:colcon.colcon_core.verb:set package 'god_turtle' build argument 'cmake_args' from command line to 'None'
[0.224s] Level 5:colcon.colcon_core.verb:set package 'god_turtle' build argument 'cmake_target' from command line to 'None'
[0.224s] Level 5:colcon.colcon_core.verb:set package 'god_turtle' build argument 'cmake_target_skip_unavailable' from command line to 'False'
[0.224s] Level 5:colcon.colcon_core.verb:set package 'god_turtle' build argument 'cmake_clean_cache' from command line to 'False'
[0.224s] Level 5:colcon.colcon_core.verb:set package 'god_turtle' build argument 'cmake_clean_first' from command line to 'False'
[0.224s] Level 5:colcon.colcon_core.verb:set package 'god_turtle' build argument 'cmake_force_configure' from command line to 'False'
[0.224s] Level 5:colcon.colcon_core.verb:set package 'god_turtle' build argument 'ament_cmake_args' from command line to 'None'
[0.224s] Level 5:colcon.colcon_core.verb:set package 'god_turtle' build argument 'catkin_cmake_args' from command line to 'None'
[0.224s] Level 5:colcon.colcon_core.verb:set package 'god_turtle' build argument 'catkin_skip_building_tests' from command line to 'False'
[0.224s] DEBUG:colcon.colcon_core.verb:Building package 'god_turtle' with the following arguments: {'ament_cmake_args': None, 'build_base': '/home/kireiji/Documents/GitHub/Exam/build/god_turtle', 'catkin_cmake_args': None, 'catkin_skip_building_tests': False, 'cmake_args': None, 'cmake_clean_cache': False, 'cmake_clean_first': False, 'cmake_force_configure': False, 'cmake_target': None, 'cmake_target_skip_unavailable': False, 'install_base': '/home/kireiji/Documents/GitHub/Exam/install/god_turtle', 'merge_install': False, 'path': '/home/kireiji/Documents/GitHub/Exam/src/god_turtle', 'symlink_install': False, 'test_result_base': None}
[0.224s] Level 5:colcon.colcon_core.verb:set package 'turtlesim_plus' build argument 'cmake_args' from command line to 'None'
[0.224s] Level 5:colcon.colcon_core.verb:set package 'turtlesim_plus' build argument 'cmake_target' from command line to 'None'
[0.224s] Level 5:colcon.colcon_core.verb:set package 'turtlesim_plus' build argument 'cmake_target_skip_unavailable' from command line to 'False'
[0.224s] Level 5:colcon.colcon_core.verb:set package 'turtlesim_plus' build argument 'cmake_clean_cache' from command line to 'False'
[0.224s] Level 5:colcon.colcon_core.verb:set package 'turtlesim_plus' build argument 'cmake_clean_first' from command line to 'False'
[0.224s] Level 5:colcon.colcon_core.verb:set package 'turtlesim_plus' build argument 'cmake_force_configure' from command line to 'False'
[0.224s] Level 5:colcon.colcon_core.verb:set package 'turtlesim_plus' build argument 'ament_cmake_args' from command line to 'None'
[0.224s] Level 5:colcon.colcon_core.verb:set package 'turtlesim_plus' build argument 'catkin_cmake_args' from command line to 'None'
[0.224s] Level 5:colcon.colcon_core.verb:set package 'turtlesim_plus' build argument 'catkin_skip_building_tests' from command line to 'False'
[0.224s] DEBUG:colcon.colcon_core.verb:Building package 'turtlesim_plus' with the following arguments: {'ament_cmake_args': None, 'build_base': '/home/kireiji/Documents/GitHub/Exam/build/turtlesim_plus', 'catkin_cmake_args': None, 'catkin_skip_building_tests': False, 'cmake_args': None, 'cmake_clean_cache': False, 'cmake_clean_first': False, 'cmake_force_configure': False, 'cmake_target': None, 'cmake_target_skip_unavailable': False, 'install_base': '/home/kireiji/Documents/GitHub/Exam/install/turtlesim_plus', 'merge_install': False, 'path': '/home/kireiji/Documents/GitHub/Exam/src/turtlesim_plus', 'symlink_install': False, 'test_result_base': None}
[0.224s] Level 5:colcon.colcon_core.verb:set package 'turtlesim_plus_interfaces' build argument 'cmake_args' from command line to 'None'
[0.224s] Level 5:colcon.colcon_core.verb:set package 'turtlesim_plus_interfaces' build argument 'cmake_target' from command line to 'None'
[0.224s] Level 5:colcon.colcon_core.verb:set package 'turtlesim_plus_interfaces' build argument 'cmake_target_skip_unavailable' from command line to 'False'
[0.224s] Level 5:colcon.colcon_core.verb:set package 'turtlesim_plus_interfaces' build argument 'cmake_clean_cache' from command line to 'False'
[0.224s] Level 5:colcon.colcon_core.verb:set package 'turtlesim_plus_interfaces' build argument 'cmake_clean_first' from command line to 'False'
[0.224s] Level 5:colcon.colcon_core.verb:set package 'turtlesim_plus_interfaces' build argument 'cmake_force_configure' from command line to 'False'
[0.224s] Level 5:colcon.colcon_core.verb:set package 'turtlesim_plus_interfaces' build argument 'ament_cmake_args' from command line to 'None'
[0.224s] Level 5:colcon.colcon_core.verb:set package 'turtlesim_plus_interfaces' build argument 'catkin_cmake_args' from command line to 'None'
[0.224s] Level 5:colcon.colcon_core.verb:set package 'turtlesim_plus_interfaces' build argument 'catkin_skip_building_tests' from command line to 'False'
[0.224s] DEBUG:colcon.colcon_core.verb:Building package 'turtlesim_plus_interfaces' with the following arguments: {'ament_cmake_args': None, 'build_base': '/home/kireiji/Documents/GitHub/Exam/build/turtlesim_plus_interfaces', 'catkin_cmake_args': None, 'catkin_skip_building_tests': False, 'cmake_args': None, 'cmake_clean_cache': False, 'cmake_clean_first': False, 'cmake_force_configure': False, 'cmake_target': None, 'cmake_target_skip_unavailable': False, 'install_base': '/home/kireiji/Documents/GitHub/Exam/install/turtlesim_plus_interfaces', 'merge_install': False, 'path': '/home/kireiji/Documents/GitHub/Exam/src/turtlesim_plus_interfaces', 'symlink_install': False, 'test_result_base': None}
[0.224s] INFO:colcon.colcon_core.executor:Executing jobs using 'parallel' executor
[0.225s] DEBUG:colcon.colcon_parallel_executor.executor.parallel:run_until_complete
[0.225s] INFO:colcon.colcon_ros.task.ament_cmake.build:Building ROS package in '/home/kireiji/Documents/GitHub/Exam/src/god_turtle' with build type 'ament_cmake'
[0.225s] INFO:colcon.colcon_cmake.task.cmake.build:Building CMake package in '/home/kireiji/Documents/GitHub/Exam/src/god_turtle'
[0.226s] INFO:colcon.colcon_core.plugin_system:Skipping extension 'colcon_core.shell.bat': Not used on non-Windows systems
[0.227s] INFO:colcon.colcon_core.shell:Skip shell extension 'powershell' for command environment: Not usable outside of PowerShell
[0.227s] DEBUG:colcon.colcon_core.shell:Skip shell extension 'dsv' for command environment
[0.229s] INFO:colcon.colcon_ros.task.ament_cmake.build:Building ROS package in '/home/kireiji/Documents/GitHub/Exam/src/turtlesim_plus' with build type 'ament_cmake'
[0.229s] INFO:colcon.colcon_cmake.task.cmake.build:Building CMake package in '/home/kireiji/Documents/GitHub/Exam/src/turtlesim_plus'
[0.229s] INFO:colcon.colcon_core.shell:Skip shell extension 'powershell' for command environment: Not usable outside of PowerShell
[0.229s] DEBUG:colcon.colcon_core.shell:Skip shell extension 'dsv' for command environment
[0.232s] INFO:colcon.colcon_ros.task.ament_cmake.build:Building ROS package in '/home/kireiji/Documents/GitHub/Exam/src/turtlesim_plus_interfaces' with build type 'ament_cmake'
[0.232s] INFO:colcon.colcon_cmake.task.cmake.build:Building CMake package in '/home/kireiji/Documents/GitHub/Exam/src/turtlesim_plus_interfaces'
[0.232s] INFO:colcon.colcon_core.shell:Skip shell extension 'powershell' for command environment: Not usable outside of PowerShell
[0.232s] DEBUG:colcon.colcon_core.shell:Skip shell extension 'dsv' for command environment
[0.238s] DEBUG:colcon.colcon_core.event_handler.log_command:Invoking command in '/home/kireiji/Documents/GitHub/Exam/build/god_turtle': CMAKE_PREFIX_PATH=${CMAKE_PREFIX_PATH}:/home/kireiji/ros2_ws/install/my_py_pkg:/opt/ros/humble /usr/bin/cmake --build /home/kireiji/Documents/GitHub/Exam/build/god_turtle -- -j16 -l16
[0.239s] DEBUG:colcon.colcon_core.event_handler.log_command:Invoking command in '/home/kireiji/Documents/GitHub/Exam/build/turtlesim_plus': CMAKE_PREFIX_PATH=${CMAKE_PREFIX_PATH}:/home/kireiji/ros2_ws/install/my_py_pkg:/opt/ros/humble /usr/bin/cmake --build /home/kireiji/Documents/GitHub/Exam/build/turtlesim_plus -- -j16 -l16
[0.241s] DEBUG:colcon.colcon_core.event_handler.log_command:Invoking command in '/home/kireiji/Documents/GitHub/Exam/build/turtlesim_plus_interfaces': CMAKE_PREFIX_PATH=${CMAKE_PREFIX_PATH}:/home/kireiji/ros2_ws/install/my_py_pkg:/opt/ros/humble /usr/bin/cmake --build /home/kireiji/Documents/GitHub/Exam/build/turtlesim_plus_interfaces -- -j16 -l16
[0.463s] DEBUG:colcon.colcon_core.event_handler.log_command:Invoked command in '/home/kireiji/Documents/GitHub/Exam/build/god_turtle' returned '0': CMAKE_PREFIX_PATH=${CMAKE_PREFIX_PATH}:/home/kireiji/ros2_ws/install/my_py_pkg:/opt/ros/humble /usr/bin/cmake --build /home/kireiji/Documents/GitHub/Exam/build/god_turtle -- -j16 -l16
[0.464s] DEBUG:colcon.colcon_core.event_handler.log_command:Invoked command in '/home/kireiji/Documents/GitHub/Exam/build/turtlesim_plus' returned '0': CMAKE_PREFIX_PATH=${CMAKE_PREFIX_PATH}:/home/kireiji/ros2_ws/install/my_py_pkg:/opt/ros/humble /usr/bin/cmake --build /home/kireiji/Documents/GitHub/Exam/build/turtlesim_plus -- -j16 -l16
[0.484s] DEBUG:colcon.colcon_core.event_handler.log_command:Invoking command in '/home/kireiji/Documents/GitHub/Exam/build/turtlesim_plus': CMAKE_PREFIX_PATH=${CMAKE_PREFIX_PATH}:/home/kireiji/ros2_ws/install/my_py_pkg:/opt/ros/humble /usr/bin/cmake --install /home/kireiji/Documents/GitHub/Exam/build/turtlesim_plus
[0.485s] DEBUG:colcon.colcon_core.event_handler.log_command:Invoking command in '/home/kireiji/Documents/GitHub/Exam/build/god_turtle': CMAKE_PREFIX_PATH=${CMAKE_PREFIX_PATH}:/home/kireiji/ros2_ws/install/my_py_pkg:/opt/ros/humble /usr/bin/cmake --install /home/kireiji/Documents/GitHub/Exam/build/god_turtle
[0.485s] DEBUG:colcon.colcon_core.event_handler.log_command:Invoked command in '/home/kireiji/Documents/GitHub/Exam/build/turtlesim_plus_interfaces' returned '0': CMAKE_PREFIX_PATH=${CMAKE_PREFIX_PATH}:/home/kireiji/ros2_ws/install/my_py_pkg:/opt/ros/humble /usr/bin/cmake --build /home/kireiji/Documents/GitHub/Exam/build/turtlesim_plus_interfaces -- -j16 -l16
[0.517s] Level 1:colcon.colcon_core.environment:create_environment_scripts_only(turtlesim_plus)
[0.518s] DEBUG:colcon.colcon_core.event_handler.log_command:Invoked command in '/home/kireiji/Documents/GitHub/Exam/build/turtlesim_plus' returned '0': CMAKE_PREFIX_PATH=${CMAKE_PREFIX_PATH}:/home/kireiji/ros2_ws/install/my_py_pkg:/opt/ros/humble /usr/bin/cmake --install /home/kireiji/Documents/GitHub/Exam/build/turtlesim_plus
[0.519s] Level 1:colcon.colcon_core.environment:checking '/home/kireiji/Documents/GitHub/Exam/install/turtlesim_plus' for CMake module files
[0.519s] Level 1:colcon.colcon_core.environment:checking '/home/kireiji/Documents/GitHub/Exam/install/turtlesim_plus' for CMake config files
[0.520s] Level 1:colcon.colcon_core.shell:create_environment_hook('turtlesim_plus', 'cmake_prefix_path')
[0.520s] INFO:colcon.colcon_core.shell:Creating environment hook '/home/kireiji/Documents/GitHub/Exam/install/turtlesim_plus/share/turtlesim_plus/hook/cmake_prefix_path.ps1'
[0.520s] INFO:colcon.colcon_core.shell:Creating environment descriptor '/home/kireiji/Documents/GitHub/Exam/install/turtlesim_plus/share/turtlesim_plus/hook/cmake_prefix_path.dsv'
[0.520s] INFO:colcon.colcon_core.shell:Creating environment hook '/home/kireiji/Documents/GitHub/Exam/install/turtlesim_plus/share/turtlesim_plus/hook/cmake_prefix_path.sh'
[0.521s] Level 1:colcon.colcon_core.environment:checking '/home/kireiji/Documents/GitHub/Exam/install/turtlesim_plus/lib'
[0.521s] Level 1:colcon.colcon_core.environment:checking '/home/kireiji/Documents/GitHub/Exam/install/turtlesim_plus/bin'
[0.521s] Level 1:colcon.colcon_core.environment:checking '/home/kireiji/Documents/GitHub/Exam/install/turtlesim_plus/lib/pkgconfig/turtlesim_plus.pc'
[0.521s] Level 1:colcon.colcon_core.environment:checking '/home/kireiji/Documents/GitHub/Exam/install/turtlesim_plus/lib/python3.10/site-packages'
[0.521s] Level 1:colcon.colcon_core.shell:create_environment_hook('turtlesim_plus', 'pythonpath')
[0.521s] INFO:colcon.colcon_core.shell:Creating environment hook '/home/kireiji/Documents/GitHub/Exam/install/turtlesim_plus/share/turtlesim_plus/hook/pythonpath.ps1'
[0.522s] INFO:colcon.colcon_core.shell:Creating environment descriptor '/home/kireiji/Documents/GitHub/Exam/install/turtlesim_plus/share/turtlesim_plus/hook/pythonpath.dsv'
[0.522s] INFO:colcon.colcon_core.shell:Creating environment hook '/home/kireiji/Documents/GitHub/Exam/install/turtlesim_plus/share/turtlesim_plus/hook/pythonpath.sh'
[0.522s] Level 1:colcon.colcon_core.environment:checking '/home/kireiji/Documents/GitHub/Exam/install/turtlesim_plus/bin'
[0.522s] INFO:colcon.colcon_core.shell:Creating package script '/home/kireiji/Documents/GitHub/Exam/install/turtlesim_plus/share/turtlesim_plus/package.ps1'
[0.523s] INFO:colcon.colcon_core.shell:Creating package descriptor '/home/kireiji/Documents/GitHub/Exam/install/turtlesim_plus/share/turtlesim_plus/package.dsv'
[0.523s] INFO:colcon.colcon_core.shell:Creating package script '/home/kireiji/Documents/GitHub/Exam/install/turtlesim_plus/share/turtlesim_plus/package.sh'
[0.524s] INFO:colcon.colcon_core.shell:Creating package script '/home/kireiji/Documents/GitHub/Exam/install/turtlesim_plus/share/turtlesim_plus/package.bash'
[0.524s] INFO:colcon.colcon_core.shell:Creating package script '/home/kireiji/Documents/GitHub/Exam/install/turtlesim_plus/share/turtlesim_plus/package.zsh'
[0.524s] Level 1:colcon.colcon_core.environment:create_file_with_runtime_dependencies(/home/kireiji/Documents/GitHub/Exam/install/turtlesim_plus/share/colcon-core/packages/turtlesim_plus)
[0.525s] Level 1:colcon.colcon_core.environment:create_environment_scripts_only(god_turtle)
[0.526s] Level 1:colcon.colcon_core.environment:checking '/home/kireiji/Documents/GitHub/Exam/install/god_turtle' for CMake module files
[0.526s] DEBUG:colcon.colcon_core.event_handler.log_command:Invoked command in '/home/kireiji/Documents/GitHub/Exam/build/god_turtle' returned '0': CMAKE_PREFIX_PATH=${CMAKE_PREFIX_PATH}:/home/kireiji/ros2_ws/install/my_py_pkg:/opt/ros/humble /usr/bin/cmake --install /home/kireiji/Documents/GitHub/Exam/build/god_turtle
[0.526s] Level 1:colcon.colcon_core.environment:checking '/home/kireiji/Documents/GitHub/Exam/install/god_turtle' for CMake config files
[0.526s] Level 1:colcon.colcon_core.shell:create_environment_hook('god_turtle', 'cmake_prefix_path')
[0.527s] INFO:colcon.colcon_core.shell:Creating environment hook '/home/kireiji/Documents/GitHub/Exam/install/god_turtle/share/god_turtle/hook/cmake_prefix_path.ps1'
[0.527s] INFO:colcon.colcon_core.shell:Creating environment descriptor '/home/kireiji/Documents/GitHub/Exam/install/god_turtle/share/god_turtle/hook/cmake_prefix_path.dsv'
[0.527s] INFO:colcon.colcon_core.shell:Creating environment hook '/home/kireiji/Documents/GitHub/Exam/install/god_turtle/share/god_turtle/hook/cmake_prefix_path.sh'
[0.527s] Level 1:colcon.colcon_core.environment:checking '/home/kireiji/Documents/GitHub/Exam/install/god_turtle/lib'
[0.527s] Level 1:colcon.colcon_core.environment:checking '/home/kireiji/Documents/GitHub/Exam/install/god_turtle/bin'
[0.527s] Level 1:colcon.colcon_core.environment:checking '/home/kireiji/Documents/GitHub/Exam/install/god_turtle/lib/pkgconfig/god_turtle.pc'
[0.527s] Level 1:colcon.colcon_core.environment:checking '/home/kireiji/Documents/GitHub/Exam/install/god_turtle/lib/python3.10/site-packages'
[0.527s] Level 1:colcon.colcon_core.shell:create_environment_hook('god_turtle', 'pythonpath')
[0.528s] INFO:colcon.colcon_core.shell:Creating environment hook '/home/kireiji/Documents/GitHub/Exam/install/god_turtle/share/god_turtle/hook/pythonpath.ps1'
[0.528s] INFO:colcon.colcon_core.shell:Creating environment descriptor '/home/kireiji/Documents/GitHub/Exam/install/god_turtle/share/god_turtle/hook/pythonpath.dsv'
[0.528s] INFO:colcon.colcon_core.shell:Creating environment hook '/home/kireiji/Documents/GitHub/Exam/install/god_turtle/share/god_turtle/hook/pythonpath.sh'
[0.528s] Level 1:colcon.colcon_core.environment:checking '/home/kireiji/Documents/GitHub/Exam/install/god_turtle/bin'
[0.528s] INFO:colcon.colcon_core.shell:Creating package script '/home/kireiji/Documents/GitHub/Exam/install/god_turtle/share/god_turtle/package.ps1'
[0.529s] INFO:colcon.colcon_core.shell:Creating package descriptor '/home/kireiji/Documents/GitHub/Exam/install/god_turtle/share/god_turtle/package.dsv'
[0.529s] INFO:colcon.colcon_core.shell:Creating package script '/home/kireiji/Documents/GitHub/Exam/install/god_turtle/share/god_turtle/package.sh'
[0.529s] INFO:colcon.colcon_core.shell:Creating package script '/home/kireiji/Documents/GitHub/Exam/install/god_turtle/share/god_turtle/package.bash'
[0.529s] INFO:colcon.colcon_core.shell:Creating package script '/home/kireiji/Documents/GitHub/Exam/install/god_turtle/share/god_turtle/package.zsh'
[0.530s] Level 1:colcon.colcon_core.environment:create_file_with_runtime_dependencies(/home/kireiji/Documents/GitHub/Exam/install/god_turtle/share/colcon-core/packages/god_turtle)
[0.539s] Level 1:colcon.colcon_core.environment:create_environment_scripts_only(turtlesim_plus)
[0.539s] Level 1:colcon.colcon_core.environment:checking '/home/kireiji/Documents/GitHub/Exam/install/turtlesim_plus' for CMake module files
[0.539s] Level 1:colcon.colcon_core.environment:checking '/home/kireiji/Documents/GitHub/Exam/install/turtlesim_plus' for CMake config files
[0.539s] Level 1:colcon.colcon_core.shell:create_environment_hook('turtlesim_plus', 'cmake_prefix_path')
[0.540s] INFO:colcon.colcon_core.shell:Creating environment hook '/home/kireiji/Documents/GitHub/Exam/install/turtlesim_plus/share/turtlesim_plus/hook/cmake_prefix_path.ps1'
[0.540s] INFO:colcon.colcon_core.shell:Creating environment descriptor '/home/kireiji/Documents/GitHub/Exam/install/turtlesim_plus/share/turtlesim_plus/hook/cmake_prefix_path.dsv'
[0.540s] INFO:colcon.colcon_core.shell:Creating environment hook '/home/kireiji/Documents/GitHub/Exam/install/turtlesim_plus/share/turtlesim_plus/hook/cmake_prefix_path.sh'
[0.540s] Level 1:colcon.colcon_core.environment:checking '/home/kireiji/Documents/GitHub/Exam/install/turtlesim_plus/lib'
[0.540s] Level 1:colcon.colcon_core.environment:checking '/home/kireiji/Documents/GitHub/Exam/install/turtlesim_plus/bin'
[0.540s] Level 1:colcon.colcon_core.environment:checking '/home/kireiji/Documents/GitHub/Exam/install/turtlesim_plus/lib/pkgconfig/turtlesim_plus.pc'
[0.541s] Level 1:colcon.colcon_core.environment:checking '/home/kireiji/Documents/GitHub/Exam/install/turtlesim_plus/lib/python3.10/site-packages'
[0.541s] Level 1:colcon.colcon_core.shell:create_environment_hook('turtlesim_plus', 'pythonpath')
[0.541s] INFO:colcon.colcon_core.shell:Creating environment hook '/home/kireiji/Documents/GitHub/Exam/install/turtlesim_plus/share/turtlesim_plus/hook/pythonpath.ps1'
[0.541s] INFO:colcon.colcon_core.shell:Creating environment descriptor '/home/kireiji/Documents/GitHub/Exam/install/turtlesim_plus/share/turtlesim_plus/hook/pythonpath.dsv'
[0.541s] INFO:colcon.colcon_core.shell:Creating environment hook '/home/kireiji/Documents/GitHub/Exam/install/turtlesim_plus/share/turtlesim_plus/hook/pythonpath.sh'
[0.541s] Level 1:colcon.colcon_core.environment:checking '/home/kireiji/Documents/GitHub/Exam/install/turtlesim_plus/bin'
[0.542s] INFO:colcon.colcon_core.shell:Creating package script '/home/kireiji/Documents/GitHub/Exam/install/turtlesim_plus/share/turtlesim_plus/package.ps1'
[0.542s] INFO:colcon.colcon_core.shell:Creating package descriptor '/home/kireiji/Documents/GitHub/Exam/install/turtlesim_plus/share/turtlesim_plus/package.dsv'
[0.542s] INFO:colcon.colcon_core.shell:Creating package script '/home/kireiji/Documents/GitHub/Exam/install/turtlesim_plus/share/turtlesim_plus/package.sh'
[0.542s] INFO:colcon.colcon_core.shell:Creating package script '/home/kireiji/Documents/GitHub/Exam/install/turtlesim_plus/share/turtlesim_plus/package.bash'
[0.542s] INFO:colcon.colcon_core.shell:Creating package script '/home/kireiji/Documents/GitHub/Exam/install/turtlesim_plus/share/turtlesim_plus/package.zsh'
[0.543s] Level 1:colcon.colcon_core.environment:create_file_with_runtime_dependencies(/home/kireiji/Documents/GitHub/Exam/install/turtlesim_plus/share/colcon-core/packages/turtlesim_plus)
[0.545s] Level 1:colcon.colcon_core.environment:create_environment_scripts_only(god_turtle)
[0.545s] Level 1:colcon.colcon_core.environment:checking '/home/kireiji/Documents/GitHub/Exam/install/god_turtle' for CMake module files
[0.546s] Level 1:colcon.colcon_core.environment:checking '/home/kireiji/Documents/GitHub/Exam/install/god_turtle' for CMake config files
[0.546s] Level 1:colcon.colcon_core.shell:create_environment_hook('god_turtle', 'cmake_prefix_path')
[0.546s] INFO:colcon.colcon_core.shell:Creating environment hook '/home/kireiji/Documents/GitHub/Exam/install/god_turtle/share/god_turtle/hook/cmake_prefix_path.ps1'
[0.546s] INFO:colcon.colcon_core.shell:Creating environment descriptor '/home/kireiji/Documents/GitHub/Exam/install/god_turtle/share/god_turtle/hook/cmake_prefix_path.dsv'
[0.546s] INFO:colcon.colcon_core.shell:Creating environment hook '/home/kireiji/Documents/GitHub/Exam/install/god_turtle/share/god_turtle/hook/cmake_prefix_path.sh'
[0.546s] Level 1:colcon.colcon_core.environment:checking '/home/kireiji/Documents/GitHub/Exam/install/god_turtle/lib'
[0.547s] Level 1:colcon.colcon_core.environment:checking '/home/kireiji/Documents/GitHub/Exam/install/god_turtle/bin'
[0.547s] Level 1:colcon.colcon_core.environment:checking '/home/kireiji/Documents/GitHub/Exam/install/god_turtle/lib/pkgconfig/god_turtle.pc'
[0.547s] Level 1:colcon.colcon_core.environment:checking '/home/kireiji/Documents/GitHub/Exam/install/god_turtle/lib/python3.10/site-packages'
[0.547s] Level 1:colcon.colcon_core.shell:create_environment_hook('god_turtle', 'pythonpath')
[0.547s] INFO:colcon.colcon_core.shell:Creating environment hook '/home/kireiji/Documents/GitHub/Exam/install/god_turtle/share/god_turtle/hook/pythonpath.ps1'
[0.547s] INFO:colcon.colcon_core.shell:Creating environment descriptor '/home/kireiji/Documents/GitHub/Exam/install/god_turtle/share/god_turtle/hook/pythonpath.dsv'
[0.547s] INFO:colcon.colcon_core.shell:Creating environment hook '/home/kireiji/Documents/GitHub/Exam/install/god_turtle/share/god_turtle/hook/pythonpath.sh'
[0.547s] Level 1:colcon.colcon_core.environment:checking '/home/kireiji/Documents/GitHub/Exam/install/god_turtle/bin'
[0.548s] INFO:colcon.colcon_core.shell:Creating package script '/home/kireiji/Documents/GitHub/Exam/install/god_turtle/share/god_turtle/package.ps1'
[0.548s] INFO:colcon.colcon_core.shell:Creating package descriptor '/home/kireiji/Documents/GitHub/Exam/install/god_turtle/share/god_turtle/package.dsv'
[0.548s] INFO:colcon.colcon_core.shell:Creating package script '/home/kireiji/Documents/GitHub/Exam/install/god_turtle/share/god_turtle/package.sh'
[0.548s] INFO:colcon.colcon_core.shell:Creating package script '/home/kireiji/Documents/GitHub/Exam/install/god_turtle/share/god_turtle/package.bash'
[0.549s] INFO:colcon.colcon_core.shell:Creating package script '/home/kireiji/Documents/GitHub/Exam/install/god_turtle/share/god_turtle/package.zsh'
[0.549s] Level 1:colcon.colcon_core.environment:create_file_with_runtime_dependencies(/home/kireiji/Documents/GitHub/Exam/install/god_turtle/share/colcon-core/packages/god_turtle)
[0.555s] DEBUG:colcon.colcon_core.event_handler.log_command:Invoking command in '/home/kireiji/Documents/GitHub/Exam/build/turtlesim_plus_interfaces': CMAKE_PREFIX_PATH=${CMAKE_PREFIX_PATH}:/home/kireiji/ros2_ws/install/my_py_pkg:/opt/ros/humble /usr/bin/cmake --install /home/kireiji/Documents/GitHub/Exam/build/turtlesim_plus_interfaces
[0.594s] Level 1:colcon.colcon_core.environment:create_environment_scripts_only(turtlesim_plus_interfaces)
[0.595s] Level 1:colcon.colcon_core.environment:checking '/home/kireiji/Documents/GitHub/Exam/install/turtlesim_plus_interfaces' for CMake module files
[0.595s] DEBUG:colcon.colcon_core.event_handler.log_command:Invoked command in '/home/kireiji/Documents/GitHub/Exam/build/turtlesim_plus_interfaces' returned '0': CMAKE_PREFIX_PATH=${CMAKE_PREFIX_PATH}:/home/kireiji/ros2_ws/install/my_py_pkg:/opt/ros/humble /usr/bin/cmake --install /home/kireiji/Documents/GitHub/Exam/build/turtlesim_plus_interfaces
[0.595s] Level 1:colcon.colcon_core.environment:checking '/home/kireiji/Documents/GitHub/Exam/install/turtlesim_plus_interfaces' for CMake config files
[0.596s] Level 1:colcon.colcon_core.shell:create_environment_hook('turtlesim_plus_interfaces', 'cmake_prefix_path')
[0.596s] INFO:colcon.colcon_core.shell:Creating environment hook '/home/kireiji/Documents/GitHub/Exam/install/turtlesim_plus_interfaces/share/turtlesim_plus_interfaces/hook/cmake_prefix_path.ps1'
[0.596s] INFO:colcon.colcon_core.shell:Creating environment descriptor '/home/kireiji/Documents/GitHub/Exam/install/turtlesim_plus_interfaces/share/turtlesim_plus_interfaces/hook/cmake_prefix_path.dsv'
[0.596s] INFO:colcon.colcon_core.shell:Creating environment hook '/home/kireiji/Documents/GitHub/Exam/install/turtlesim_plus_interfaces/share/turtlesim_plus_interfaces/hook/cmake_prefix_path.sh'
[0.597s] Level 1:colcon.colcon_core.environment:checking '/home/kireiji/Documents/GitHub/Exam/install/turtlesim_plus_interfaces/lib'
[0.597s] Level 1:colcon.colcon_core.shell:create_environment_hook('turtlesim_plus_interfaces', 'ld_library_path_lib')
[0.597s] INFO:colcon.colcon_core.shell:Creating environment hook '/home/kireiji/Documents/GitHub/Exam/install/turtlesim_plus_interfaces/share/turtlesim_plus_interfaces/hook/ld_library_path_lib.ps1'
[0.597s] INFO:colcon.colcon_core.shell:Creating environment descriptor '/home/kireiji/Documents/GitHub/Exam/install/turtlesim_plus_interfaces/share/turtlesim_plus_interfaces/hook/ld_library_path_lib.dsv'
[0.597s] INFO:colcon.colcon_core.shell:Creating environment hook '/home/kireiji/Documents/GitHub/Exam/install/turtlesim_plus_interfaces/share/turtlesim_plus_interfaces/hook/ld_library_path_lib.sh'
[0.597s] Level 1:colcon.colcon_core.environment:checking '/home/kireiji/Documents/GitHub/Exam/install/turtlesim_plus_interfaces/bin'
[0.597s] Level 1:colcon.colcon_core.environment:checking '/home/kireiji/Documents/GitHub/Exam/install/turtlesim_plus_interfaces/lib/pkgconfig/turtlesim_plus_interfaces.pc'
[0.598s] Level 1:colcon.colcon_core.environment:checking '/home/kireiji/Documents/GitHub/Exam/install/turtlesim_plus_interfaces/lib/python3.10/site-packages'
[0.598s] Level 1:colcon.colcon_core.shell:create_environment_hook('turtlesim_plus_interfaces', 'pythonpath')
[0.598s] INFO:colcon.colcon_core.shell:Creating environment hook '/home/kireiji/Documents/GitHub/Exam/install/turtlesim_plus_interfaces/share/turtlesim_plus_interfaces/hook/pythonpath.ps1'
[0.598s] INFO:colcon.colcon_core.shell:Creating environment descriptor '/home/kireiji/Documents/GitHub/Exam/install/turtlesim_plus_interfaces/share/turtlesim_plus_interfaces/hook/pythonpath.dsv'
[0.598s] INFO:colcon.colcon_core.shell:Creating environment hook '/home/kireiji/Documents/GitHub/Exam/install/turtlesim_plus_interfaces/share/turtlesim_plus_interfaces/hook/pythonpath.sh'
[0.598s] Level 1:colcon.colcon_core.environment:checking '/home/kireiji/Documents/GitHub/Exam/install/turtlesim_plus_interfaces/bin'
[0.599s] INFO:colcon.colcon_core.shell:Creating package script '/home/kireiji/Documents/GitHub/Exam/install/turtlesim_plus_interfaces/share/turtlesim_plus_interfaces/package.ps1'
[0.599s] INFO:colcon.colcon_core.shell:Creating package descriptor '/home/kireiji/Documents/GitHub/Exam/install/turtlesim_plus_interfaces/share/turtlesim_plus_interfaces/package.dsv'
[0.599s] INFO:colcon.colcon_core.shell:Creating package script '/home/kireiji/Documents/GitHub/Exam/install/turtlesim_plus_interfaces/share/turtlesim_plus_interfaces/package.sh'
[0.599s] INFO:colcon.colcon_core.shell:Creating package script '/home/kireiji/Documents/GitHub/Exam/install/turtlesim_plus_interfaces/share/turtlesim_plus_interfaces/package.bash'
[0.600s] INFO:colcon.colcon_core.shell:Creating package script '/home/kireiji/Documents/GitHub/Exam/install/turtlesim_plus_interfaces/share/turtlesim_plus_interfaces/package.zsh'
[0.600s] Level 1:colcon.colcon_core.environment:create_file_with_runtime_dependencies(/home/kireiji/Documents/GitHub/Exam/install/turtlesim_plus_interfaces/share/colcon-core/packages/turtlesim_plus_interfaces)
[0.672s] Level 1:colcon.colcon_core.environment:create_environment_scripts_only(turtlesim_plus_interfaces)
[0.672s] Level 1:colcon.colcon_core.environment:checking '/home/kireiji/Documents/GitHub/Exam/install/turtlesim_plus_interfaces' for CMake module files
[0.672s] Level 1:colcon.colcon_core.environment:checking '/home/kireiji/Documents/GitHub/Exam/install/turtlesim_plus_interfaces' for CMake config files
[0.673s] Level 1:colcon.colcon_core.shell:create_environment_hook('turtlesim_plus_interfaces', 'cmake_prefix_path')
[0.673s] INFO:colcon.colcon_core.shell:Creating environment hook '/home/kireiji/Documents/GitHub/Exam/install/turtlesim_plus_interfaces/share/turtlesim_plus_interfaces/hook/cmake_prefix_path.ps1'
[0.673s] INFO:colcon.colcon_core.shell:Creating environment descriptor '/home/kireiji/Documents/GitHub/Exam/install/turtlesim_plus_interfaces/share/turtlesim_plus_interfaces/hook/cmake_prefix_path.dsv'
[0.673s] INFO:colcon.colcon_core.shell:Creating environment hook '/home/kireiji/Documents/GitHub/Exam/install/turtlesim_plus_interfaces/share/turtlesim_plus_interfaces/hook/cmake_prefix_path.sh'
[0.674s] Level 1:colcon.colcon_core.environment:checking '/home/kireiji/Documents/GitHub/Exam/install/turtlesim_plus_interfaces/lib'
[0.674s] Level 1:colcon.colcon_core.shell:create_environment_hook('turtlesim_plus_interfaces', 'ld_library_path_lib')
[0.674s] INFO:colcon.colcon_core.shell:Creating environment hook '/home/kireiji/Documents/GitHub/Exam/install/turtlesim_plus_interfaces/share/turtlesim_plus_interfaces/hook/ld_library_path_lib.ps1'
[0.674s] INFO:colcon.colcon_core.shell:Creating environment descriptor '/home/kireiji/Documents/GitHub/Exam/install/turtlesim_plus_interfaces/share/turtlesim_plus_interfaces/hook/ld_library_path_lib.dsv'
[0.674s] INFO:colcon.colcon_core.shell:Creating environment hook '/home/kireiji/Documents/GitHub/Exam/install/turtlesim_plus_interfaces/share/turtlesim_plus_interfaces/hook/ld_library_path_lib.sh'
[0.674s] Level 1:colcon.colcon_core.environment:checking '/home/kireiji/Documents/GitHub/Exam/install/turtlesim_plus_interfaces/bin'
[0.674s] Level 1:colcon.colcon_core.environment:checking '/home/kireiji/Documents/GitHub/Exam/install/turtlesim_plus_interfaces/lib/pkgconfig/turtlesim_plus_interfaces.pc'
[0.674s] Level 1:colcon.colcon_core.environment:checking '/home/kireiji/Documents/GitHub/Exam/install/turtlesim_plus_interfaces/lib/python3.10/site-packages'
[0.675s] Level 1:colcon.colcon_core.shell:create_environment_hook('turtlesim_plus_interfaces', 'pythonpath')
[0.675s] INFO:colcon.colcon_core.shell:Creating environment hook '/home/kireiji/Documents/GitHub/Exam/install/turtlesim_plus_interfaces/share/turtlesim_plus_interfaces/hook/pythonpath.ps1'
[0.675s] INFO:colcon.colcon_core.shell:Creating environment descriptor '/home/kireiji/Documents/GitHub/Exam/install/turtlesim_plus_interfaces/share/turtlesim_plus_interfaces/hook/pythonpath.dsv'
[0.675s] INFO:colcon.colcon_core.shell:Creating environment hook '/home/kireiji/Documents/GitHub/Exam/install/turtlesim_plus_interfaces/share/turtlesim_plus_interfaces/hook/pythonpath.sh'
[0.675s] Level 1:colcon.colcon_core.environment:checking '/home/kireiji/Documents/GitHub/Exam/install/turtlesim_plus_interfaces/bin'
[0.676s] INFO:colcon.colcon_core.shell:Creating package script '/home/kireiji/Documents/GitHub/Exam/install/turtlesim_plus_interfaces/share/turtlesim_plus_interfaces/package.ps1'
[0.676s] INFO:colcon.colcon_core.shell:Creating package descriptor '/home/kireiji/Documents/GitHub/Exam/install/turtlesim_plus_interfaces/share/turtlesim_plus_interfaces/package.dsv'
[0.676s] INFO:colcon.colcon_core.shell:Creating package script '/home/kireiji/Documents/GitHub/Exam/install/turtlesim_plus_interfaces/share/turtlesim_plus_interfaces/package.sh'
[0.676s] INFO:colcon.colcon_core.shell:Creating package script '/home/kireiji/Documents/GitHub/Exam/install/turtlesim_plus_interfaces/share/turtlesim_plus_interfaces/package.bash'
[0.677s] INFO:colcon.colcon_core.shell:Creating package script '/home/kireiji/Documents/GitHub/Exam/install/turtlesim_plus_interfaces/share/turtlesim_plus_interfaces/package.zsh'
[0.677s] Level 1:colcon.colcon_core.environment:create_file_with_runtime_dependencies(/home/kireiji/Documents/GitHub/Exam/install/turtlesim_plus_interfaces/share/colcon-core/packages/turtlesim_plus_interfaces)
[0.677s] DEBUG:colcon.colcon_parallel_executor.executor.parallel:closing loop
[0.677s] DEBUG:colcon.colcon_parallel_executor.executor.parallel:loop closed
[0.677s] DEBUG:colcon.colcon_parallel_executor.executor.parallel:run_until_complete finished with '0'
[0.677s] DEBUG:colcon.colcon_core.event_reactor:joining thread
[0.681s] INFO:colcon.colcon_core.plugin_system:Skipping extension 'colcon_notification.desktop_notification.terminal_notifier': Not used on non-Darwin systems
[0.681s] INFO:colcon.colcon_core.plugin_system:Skipping extension 'colcon_notification.desktop_notification.win32': Not used on non-Windows systems
[0.681s] INFO:colcon.colcon_notification.desktop_notification:Sending desktop notification using 'notify2'
[0.688s] DEBUG:colcon.colcon_core.event_reactor:joined thread
[0.688s] INFO:colcon.colcon_core.shell:Creating prefix script '/home/kireiji/Documents/GitHub/Exam/install/local_setup.ps1'
[0.689s] INFO:colcon.colcon_core.shell:Creating prefix util module '/home/kireiji/Documents/GitHub/Exam/install/_local_setup_util_ps1.py'
[0.690s] INFO:colcon.colcon_core.shell:Creating prefix chain script '/home/kireiji/Documents/GitHub/Exam/install/setup.ps1'
[0.691s] INFO:colcon.colcon_core.shell:Creating prefix script '/home/kireiji/Documents/GitHub/Exam/install/local_setup.sh'
[0.691s] INFO:colcon.colcon_core.shell:Creating prefix util module '/home/kireiji/Documents/GitHub/Exam/install/_local_setup_util_sh.py'
[0.691s] INFO:colcon.colcon_core.shell:Creating prefix chain script '/home/kireiji/Documents/GitHub/Exam/install/setup.sh'
[0.692s] INFO:colcon.colcon_core.shell:Creating prefix script '/home/kireiji/Documents/GitHub/Exam/install/local_setup.bash'
[0.692s] INFO:colcon.colcon_core.shell:Creating prefix chain script '/home/kireiji/Documents/GitHub/Exam/install/setup.bash'
[0.693s] INFO:colcon.colcon_core.shell:Creating prefix script '/home/kireiji/Documents/GitHub/Exam/install/local_setup.zsh'
[0.693s] INFO:colcon.colcon_core.shell:Creating prefix chain script '/home/kireiji/Documents/GitHub/Exam/install/setup.zsh'
