[35m[1mConsolidate compiler generated dependencies of target cpp_node_test[0m
[100%] Built target cpp_node_test
[100%] Built target ament_cmake_python_copy_teleop_turtle
running egg_info
writing manifest file 'teleop_turtle.egg-info/SOURCES.txt'
[100%] Built target ament_cmake_python_build_teleop_turtle_egg
-- Install configuration: ""
-- Up-to-date: /home/kireiji/Documents/GitHub/Exam/install/teleop_turtle/share/teleop_turtle/environment/pythonpath.sh
-- Up-to-date: /home/kireiji/Documents/GitHub/Exam/install/teleop_turtle/share/teleop_turtle/environment/pythonpath.dsv
-- Up-to-date: /home/kireiji/Documents/GitHub/Exam/install/teleop_turtle/lib/python3.10/site-packages/teleop_turtle-0.0.0-py3.10.egg-info
-- Installing: /home/kireiji/Documents/GitHub/Exam/install/teleop_turtle/lib/python3.10/site-packages/teleop_turtle-0.0.0-py3.10.egg-info/PKG-INFO
-- Installing: /home/kireiji/Documents/GitHub/Exam/install/teleop_turtle/lib/python3.10/site-packages/teleop_turtle-0.0.0-py3.10.egg-info/dependency_links.txt
-- Installing: /home/kireiji/Documents/GitHub/Exam/install/teleop_turtle/lib/python3.10/site-packages/teleop_turtle-0.0.0-py3.10.egg-info/top_level.txt
-- Installing: /home/kireiji/Documents/GitHub/Exam/install/teleop_turtle/lib/python3.10/site-packages/teleop_turtle-0.0.0-py3.10.egg-info/SOURCES.txt
-- Up-to-date: /home/kireiji/Documents/GitHub/Exam/install/teleop_turtle/lib/python3.10/site-packages/teleop_turtle
-- Up-to-date: /home/kireiji/Documents/GitHub/Exam/install/teleop_turtle/lib/python3.10/site-packages/teleop_turtle/__init__.py
-- Up-to-date: /home/kireiji/Documents/GitHub/Exam/install/teleop_turtle/lib/python3.10/site-packages/teleop_turtle/dummy_module.py
Listing '/home/kireiji/Documents/GitHub/Exam/install/teleop_turtle/lib/python3.10/site-packages/teleop_turtle'...
-- Up-to-date: /home/kireiji/Documents/GitHub/Exam/install/teleop_turtle/lib/teleop_turtle/dummy_script.py
-- Up-to-date: /home/kireiji/Documents/GitHub/Exam/install/teleop_turtle/lib/teleop_turtle/cpp_node_test
-- Up-to-date: /home/kireiji/Documents/GitHub/Exam/install/teleop_turtle/share/teleop_turtle
-- Up-to-date: /home/kireiji/Documents/GitHub/Exam/install/teleop_turtle/share/ament_index/resource_index/package_run_dependencies/teleop_turtle
-- Up-to-date: /home/kireiji/Documents/GitHub/Exam/install/teleop_turtle/share/ament_index/resource_index/parent_prefix_path/teleop_turtle
-- Up-to-date: /home/kireiji/Documents/GitHub/Exam/install/teleop_turtle/share/teleop_turtle/environment/ament_prefix_path.sh
-- Up-to-date: /home/kireiji/Documents/GitHub/Exam/install/teleop_turtle/share/teleop_turtle/environment/ament_prefix_path.dsv
-- Up-to-date: /home/kireiji/Documents/GitHub/Exam/install/teleop_turtle/share/teleop_turtle/environment/path.sh
-- Up-to-date: /home/kireiji/Documents/GitHub/Exam/install/teleop_turtle/share/teleop_turtle/environment/path.dsv
-- Up-to-date: /home/kireiji/Documents/GitHub/Exam/install/teleop_turtle/share/teleop_turtle/local_setup.bash
-- Up-to-date: /home/kireiji/Documents/GitHub/Exam/install/teleop_turtle/share/teleop_turtle/local_setup.sh
-- Up-to-date: /home/kireiji/Documents/GitHub/Exam/install/teleop_turtle/share/teleop_turtle/local_setup.zsh
-- Up-to-date: /home/kireiji/Documents/GitHub/Exam/install/teleop_turtle/share/teleop_turtle/local_setup.dsv
-- Up-to-date: /home/kireiji/Documents/GitHub/Exam/install/teleop_turtle/share/teleop_turtle/package.dsv
-- Up-to-date: /home/kireiji/Documents/GitHub/Exam/install/teleop_turtle/share/ament_index/resource_index/packages/teleop_turtle
-- Up-to-date: /home/kireiji/Documents/GitHub/Exam/install/teleop_turtle/share/teleop_turtle/cmake/teleop_turtleConfig.cmake
-- Up-to-date: /home/kireiji/Documents/GitHub/Exam/install/teleop_turtle/share/teleop_turtle/cmake/teleop_turtleConfig-version.cmake
-- Up-to-date: /home/kireiji/Documents/GitHub/Exam/install/teleop_turtle/share/teleop_turtle/package.xml
