[0.016s] Invoking command in '/home/kireiji/Documents/GitHub/Exam/build/teleop_turtle': CMAKE_PREFIX_PATH=${CMAKE_PREFIX_PATH}:/home/kireiji/RoboticsDev_ws/install/launch_testing_examples:/home/kireiji/RoboticsDev_ws/install/examples_rclpy_pointcloud_publisher:/home/kireiji/RoboticsDev_ws/install/examples_rclpy_minimal_subscriber:/home/kireiji/RoboticsDev_ws/install/examples_rclpy_minimal_service:/home/kireiji/RoboticsDev_ws/install/examples_rclpy_minimal_publisher:/home/kireiji/RoboticsDev_ws/install/examples_rclpy_minimal_client:/home/kireiji/RoboticsDev_ws/install/examples_rclpy_minimal_action_server:/home/kireiji/RoboticsDev_ws/install/examples_rclpy_minimal_action_client:/home/kireiji/RoboticsDev_ws/install/examples_rclpy_guard_conditions:/home/kireiji/RoboticsDev_ws/install/examples_rclpy_executors:/home/kireiji/ros2_ws/install/my_py_pkg:/opt/ros/humble /usr/bin/cmake --build /home/kireiji/Documents/GitHub/Exam/build/teleop_turtle -- -j16 -l16
[0.042s] [35m[1mConsolidate compiler generated dependencies of target cpp_node_test[0m
[0.049s] [100%] Built target cpp_node_test
[0.052s] [100%] Built target ament_cmake_python_copy_teleop_turtle
[0.229s] running egg_info
[0.231s] writing manifest file 'teleop_turtle.egg-info/SOURCES.txt'
[0.250s] [100%] Built target ament_cmake_python_build_teleop_turtle_egg
[0.258s] Invoked command in '/home/kireiji/Documents/GitHub/Exam/build/teleop_turtle' returned '0': CMAKE_PREFIX_PATH=${CMAKE_PREFIX_PATH}:/home/kireiji/RoboticsDev_ws/install/launch_testing_examples:/home/kireiji/RoboticsDev_ws/install/examples_rclpy_pointcloud_publisher:/home/kireiji/RoboticsDev_ws/install/examples_rclpy_minimal_subscriber:/home/kireiji/RoboticsDev_ws/install/examples_rclpy_minimal_service:/home/kireiji/RoboticsDev_ws/install/examples_rclpy_minimal_publisher:/home/kireiji/RoboticsDev_ws/install/examples_rclpy_minimal_client:/home/kireiji/RoboticsDev_ws/install/examples_rclpy_minimal_action_server:/home/kireiji/RoboticsDev_ws/install/examples_rclpy_minimal_action_client:/home/kireiji/RoboticsDev_ws/install/examples_rclpy_guard_conditions:/home/kireiji/RoboticsDev_ws/install/examples_rclpy_executors:/home/kireiji/ros2_ws/install/my_py_pkg:/opt/ros/humble /usr/bin/cmake --build /home/kireiji/Documents/GitHub/Exam/build/teleop_turtle -- -j16 -l16
[0.283s] Invoking command in '/home/kireiji/Documents/GitHub/Exam/build/teleop_turtle': CMAKE_PREFIX_PATH=${CMAKE_PREFIX_PATH}:/home/kireiji/RoboticsDev_ws/install/launch_testing_examples:/home/kireiji/RoboticsDev_ws/install/examples_rclpy_pointcloud_publisher:/home/kireiji/RoboticsDev_ws/install/examples_rclpy_minimal_subscriber:/home/kireiji/RoboticsDev_ws/install/examples_rclpy_minimal_service:/home/kireiji/RoboticsDev_ws/install/examples_rclpy_minimal_publisher:/home/kireiji/RoboticsDev_ws/install/examples_rclpy_minimal_client:/home/kireiji/RoboticsDev_ws/install/examples_rclpy_minimal_action_server:/home/kireiji/RoboticsDev_ws/install/examples_rclpy_minimal_action_client:/home/kireiji/RoboticsDev_ws/install/examples_rclpy_guard_conditions:/home/kireiji/RoboticsDev_ws/install/examples_rclpy_executors:/home/kireiji/ros2_ws/install/my_py_pkg:/opt/ros/humble /usr/bin/cmake --install /home/kireiji/Documents/GitHub/Exam/build/teleop_turtle
[0.288s] -- Install configuration: ""
[0.288s] -- Up-to-date: /home/kireiji/Documents/GitHub/Exam/install/teleop_turtle/share/teleop_turtle/environment/pythonpath.sh
[0.288s] -- Up-to-date: /home/kireiji/Documents/GitHub/Exam/install/teleop_turtle/share/teleop_turtle/environment/pythonpath.dsv
[0.288s] -- Up-to-date: /home/kireiji/Documents/GitHub/Exam/install/teleop_turtle/lib/python3.10/site-packages/teleop_turtle-0.0.0-py3.10.egg-info
[0.288s] -- Installing: /home/kireiji/Documents/GitHub/Exam/install/teleop_turtle/lib/python3.10/site-packages/teleop_turtle-0.0.0-py3.10.egg-info/PKG-INFO
[0.288s] -- Installing: /home/kireiji/Documents/GitHub/Exam/install/teleop_turtle/lib/python3.10/site-packages/teleop_turtle-0.0.0-py3.10.egg-info/dependency_links.txt
[0.288s] -- Installing: /home/kireiji/Documents/GitHub/Exam/install/teleop_turtle/lib/python3.10/site-packages/teleop_turtle-0.0.0-py3.10.egg-info/top_level.txt
[0.288s] -- Installing: /home/kireiji/Documents/GitHub/Exam/install/teleop_turtle/lib/python3.10/site-packages/teleop_turtle-0.0.0-py3.10.egg-info/SOURCES.txt
[0.288s] -- Up-to-date: /home/kireiji/Documents/GitHub/Exam/install/teleop_turtle/lib/python3.10/site-packages/teleop_turtle
[0.288s] -- Up-to-date: /home/kireiji/Documents/GitHub/Exam/install/teleop_turtle/lib/python3.10/site-packages/teleop_turtle/__init__.py
[0.288s] -- Up-to-date: /home/kireiji/Documents/GitHub/Exam/install/teleop_turtle/lib/python3.10/site-packages/teleop_turtle/dummy_module.py
[0.320s] Listing '/home/kireiji/Documents/GitHub/Exam/install/teleop_turtle/lib/python3.10/site-packages/teleop_turtle'...
[0.323s] -- Up-to-date: /home/kireiji/Documents/GitHub/Exam/install/teleop_turtle/lib/teleop_turtle/dummy_script.py
[0.323s] -- Up-to-date: /home/kireiji/Documents/GitHub/Exam/install/teleop_turtle/lib/teleop_turtle/cpp_node_test
[0.323s] -- Up-to-date: /home/kireiji/Documents/GitHub/Exam/install/teleop_turtle/share/teleop_turtle
[0.324s] -- Up-to-date: /home/kireiji/Documents/GitHub/Exam/install/teleop_turtle/share/ament_index/resource_index/package_run_dependencies/teleop_turtle
[0.324s] -- Up-to-date: /home/kireiji/Documents/GitHub/Exam/install/teleop_turtle/share/ament_index/resource_index/parent_prefix_path/teleop_turtle
[0.324s] -- Up-to-date: /home/kireiji/Documents/GitHub/Exam/install/teleop_turtle/share/teleop_turtle/environment/ament_prefix_path.sh
[0.324s] -- Up-to-date: /home/kireiji/Documents/GitHub/Exam/install/teleop_turtle/share/teleop_turtle/environment/ament_prefix_path.dsv
[0.324s] -- Up-to-date: /home/kireiji/Documents/GitHub/Exam/install/teleop_turtle/share/teleop_turtle/environment/path.sh
[0.324s] -- Up-to-date: /home/kireiji/Documents/GitHub/Exam/install/teleop_turtle/share/teleop_turtle/environment/path.dsv
[0.324s] -- Up-to-date: /home/kireiji/Documents/GitHub/Exam/install/teleop_turtle/share/teleop_turtle/local_setup.bash
[0.324s] -- Up-to-date: /home/kireiji/Documents/GitHub/Exam/install/teleop_turtle/share/teleop_turtle/local_setup.sh
[0.325s] -- Up-to-date: /home/kireiji/Documents/GitHub/Exam/install/teleop_turtle/share/teleop_turtle/local_setup.zsh
[0.325s] -- Up-to-date: /home/kireiji/Documents/GitHub/Exam/install/teleop_turtle/share/teleop_turtle/local_setup.dsv
[0.325s] -- Up-to-date: /home/kireiji/Documents/GitHub/Exam/install/teleop_turtle/share/teleop_turtle/package.dsv
[0.325s] -- Up-to-date: /home/kireiji/Documents/GitHub/Exam/install/teleop_turtle/share/ament_index/resource_index/packages/teleop_turtle
[0.325s] -- Up-to-date: /home/kireiji/Documents/GitHub/Exam/install/teleop_turtle/share/teleop_turtle/cmake/teleop_turtleConfig.cmake
[0.325s] -- Up-to-date: /home/kireiji/Documents/GitHub/Exam/install/teleop_turtle/share/teleop_turtle/cmake/teleop_turtleConfig-version.cmake
[0.325s] -- Up-to-date: /home/kireiji/Documents/GitHub/Exam/install/teleop_turtle/share/teleop_turtle/package.xml
[0.334s] Invoked command in '/home/kireiji/Documents/GitHub/Exam/build/teleop_turtle' returned '0': CMAKE_PREFIX_PATH=${CMAKE_PREFIX_PATH}:/home/kireiji/RoboticsDev_ws/install/launch_testing_examples:/home/kireiji/RoboticsDev_ws/install/examples_rclpy_pointcloud_publisher:/home/kireiji/RoboticsDev_ws/install/examples_rclpy_minimal_subscriber:/home/kireiji/RoboticsDev_ws/install/examples_rclpy_minimal_service:/home/kireiji/RoboticsDev_ws/install/examples_rclpy_minimal_publisher:/home/kireiji/RoboticsDev_ws/install/examples_rclpy_minimal_client:/home/kireiji/RoboticsDev_ws/install/examples_rclpy_minimal_action_server:/home/kireiji/RoboticsDev_ws/install/examples_rclpy_minimal_action_client:/home/kireiji/RoboticsDev_ws/install/examples_rclpy_guard_conditions:/home/kireiji/RoboticsDev_ws/install/examples_rclpy_executors:/home/kireiji/ros2_ws/install/my_py_pkg:/opt/ros/humble /usr/bin/cmake --install /home/kireiji/Documents/GitHub/Exam/build/teleop_turtle
