[0.024s] Invoking command in '/home/kireiji/Documents/GitHub/Exam/build/god_turtle': CMAKE_PREFIX_PATH=${CMAKE_PREFIX_PATH}:/home/kireiji/RoboticsDev_ws/install/launch_testing_examples:/home/kireiji/RoboticsDev_ws/install/examples_rclpy_pointcloud_publisher:/home/kireiji/RoboticsDev_ws/install/examples_rclpy_minimal_subscriber:/home/kireiji/RoboticsDev_ws/install/examples_rclpy_minimal_service:/home/kireiji/RoboticsDev_ws/install/examples_rclpy_minimal_publisher:/home/kireiji/RoboticsDev_ws/install/examples_rclpy_minimal_client:/home/kireiji/RoboticsDev_ws/install/examples_rclpy_minimal_action_server:/home/kireiji/RoboticsDev_ws/install/examples_rclpy_minimal_action_client:/home/kireiji/RoboticsDev_ws/install/examples_rclpy_guard_conditions:/home/kireiji/RoboticsDev_ws/install/examples_rclpy_executors:/home/kireiji/ros2_ws/install/my_py_pkg:/opt/ros/humble /usr/bin/cmake --build /home/kireiji/Documents/GitHub/Exam/build/god_turtle -- -j16 -l16
[0.075s] [100%] Built target cpp_node_test
[0.081s] [100%] Built target ament_cmake_python_copy_god_turtle
[0.319s] running egg_info
[0.322s] writing manifest file 'god_turtle.egg-info/SOURCES.txt'
[0.346s] [100%] Built target ament_cmake_python_build_god_turtle_egg
[0.354s] Invoked command in '/home/kireiji/Documents/GitHub/Exam/build/god_turtle' returned '0': CMAKE_PREFIX_PATH=${CMAKE_PREFIX_PATH}:/home/kireiji/RoboticsDev_ws/install/launch_testing_examples:/home/kireiji/RoboticsDev_ws/install/examples_rclpy_pointcloud_publisher:/home/kireiji/RoboticsDev_ws/install/examples_rclpy_minimal_subscriber:/home/kireiji/RoboticsDev_ws/install/examples_rclpy_minimal_service:/home/kireiji/RoboticsDev_ws/install/examples_rclpy_minimal_publisher:/home/kireiji/RoboticsDev_ws/install/examples_rclpy_minimal_client:/home/kireiji/RoboticsDev_ws/install/examples_rclpy_minimal_action_server:/home/kireiji/RoboticsDev_ws/install/examples_rclpy_minimal_action_client:/home/kireiji/RoboticsDev_ws/install/examples_rclpy_guard_conditions:/home/kireiji/RoboticsDev_ws/install/examples_rclpy_executors:/home/kireiji/ros2_ws/install/my_py_pkg:/opt/ros/humble /usr/bin/cmake --build /home/kireiji/Documents/GitHub/Exam/build/god_turtle -- -j16 -l16
[0.380s] Invoking command in '/home/kireiji/Documents/GitHub/Exam/build/god_turtle': CMAKE_PREFIX_PATH=${CMAKE_PREFIX_PATH}:/home/kireiji/RoboticsDev_ws/install/launch_testing_examples:/home/kireiji/RoboticsDev_ws/install/examples_rclpy_pointcloud_publisher:/home/kireiji/RoboticsDev_ws/install/examples_rclpy_minimal_subscriber:/home/kireiji/RoboticsDev_ws/install/examples_rclpy_minimal_service:/home/kireiji/RoboticsDev_ws/install/examples_rclpy_minimal_publisher:/home/kireiji/RoboticsDev_ws/install/examples_rclpy_minimal_client:/home/kireiji/RoboticsDev_ws/install/examples_rclpy_minimal_action_server:/home/kireiji/RoboticsDev_ws/install/examples_rclpy_minimal_action_client:/home/kireiji/RoboticsDev_ws/install/examples_rclpy_guard_conditions:/home/kireiji/RoboticsDev_ws/install/examples_rclpy_executors:/home/kireiji/ros2_ws/install/my_py_pkg:/opt/ros/humble /usr/bin/cmake --install /home/kireiji/Documents/GitHub/Exam/build/god_turtle
[0.384s] -- Install configuration: ""
[0.384s] -- Up-to-date: /home/kireiji/Documents/GitHub/Exam/install/god_turtle/share/god_turtle/environment/pythonpath.sh
[0.384s] -- Up-to-date: /home/kireiji/Documents/GitHub/Exam/install/god_turtle/share/god_turtle/environment/pythonpath.dsv
[0.384s] -- Up-to-date: /home/kireiji/Documents/GitHub/Exam/install/god_turtle/lib/python3.10/site-packages/god_turtle-0.0.0-py3.10.egg-info
[0.384s] -- Installing: /home/kireiji/Documents/GitHub/Exam/install/god_turtle/lib/python3.10/site-packages/god_turtle-0.0.0-py3.10.egg-info/PKG-INFO
[0.384s] -- Installing: /home/kireiji/Documents/GitHub/Exam/install/god_turtle/lib/python3.10/site-packages/god_turtle-0.0.0-py3.10.egg-info/dependency_links.txt
[0.384s] -- Installing: /home/kireiji/Documents/GitHub/Exam/install/god_turtle/lib/python3.10/site-packages/god_turtle-0.0.0-py3.10.egg-info/top_level.txt
[0.384s] -- Installing: /home/kireiji/Documents/GitHub/Exam/install/god_turtle/lib/python3.10/site-packages/god_turtle-0.0.0-py3.10.egg-info/SOURCES.txt
[0.384s] -- Up-to-date: /home/kireiji/Documents/GitHub/Exam/install/god_turtle/lib/python3.10/site-packages/god_turtle
[0.384s] -- Up-to-date: /home/kireiji/Documents/GitHub/Exam/install/god_turtle/lib/python3.10/site-packages/god_turtle/__init__.py
[0.384s] -- Up-to-date: /home/kireiji/Documents/GitHub/Exam/install/god_turtle/lib/python3.10/site-packages/god_turtle/dummy_module.py
[0.411s] Listing '/home/kireiji/Documents/GitHub/Exam/install/god_turtle/lib/python3.10/site-packages/god_turtle'...
[0.414s] -- Up-to-date: /home/kireiji/Documents/GitHub/Exam/install/god_turtle/lib/god_turtle/dummy_script.py
[0.414s] -- Up-to-date: /home/kireiji/Documents/GitHub/Exam/install/god_turtle/lib/god_turtle/teleop_turtle.py
[0.414s] -- Installing: /home/kireiji/Documents/GitHub/Exam/install/god_turtle/lib/god_turtle/controller.py
[0.414s] -- Up-to-date: /home/kireiji/Documents/GitHub/Exam/install/god_turtle/lib/god_turtle/cpp_node_test
[0.414s] -- Up-to-date: /home/kireiji/Documents/GitHub/Exam/install/god_turtle/share/god_turtle/launch
[0.414s] -- Up-to-date: /home/kireiji/Documents/GitHub/Exam/install/god_turtle/share/god_turtle/launch/god_turtle.launch.py
[0.414s] -- Up-to-date: /home/kireiji/Documents/GitHub/Exam/install/god_turtle/share/ament_index/resource_index/package_run_dependencies/god_turtle
[0.415s] -- Up-to-date: /home/kireiji/Documents/GitHub/Exam/install/god_turtle/share/ament_index/resource_index/parent_prefix_path/god_turtle
[0.415s] -- Up-to-date: /home/kireiji/Documents/GitHub/Exam/install/god_turtle/share/god_turtle/environment/ament_prefix_path.sh
[0.415s] -- Up-to-date: /home/kireiji/Documents/GitHub/Exam/install/god_turtle/share/god_turtle/environment/ament_prefix_path.dsv
[0.415s] -- Up-to-date: /home/kireiji/Documents/GitHub/Exam/install/god_turtle/share/god_turtle/environment/path.sh
[0.415s] -- Up-to-date: /home/kireiji/Documents/GitHub/Exam/install/god_turtle/share/god_turtle/environment/path.dsv
[0.415s] -- Up-to-date: /home/kireiji/Documents/GitHub/Exam/install/god_turtle/share/god_turtle/local_setup.bash
[0.415s] -- Up-to-date: /home/kireiji/Documents/GitHub/Exam/install/god_turtle/share/god_turtle/local_setup.sh
[0.415s] -- Up-to-date: /home/kireiji/Documents/GitHub/Exam/install/god_turtle/share/god_turtle/local_setup.zsh
[0.415s] -- Up-to-date: /home/kireiji/Documents/GitHub/Exam/install/god_turtle/share/god_turtle/local_setup.dsv
[0.415s] -- Installing: /home/kireiji/Documents/GitHub/Exam/install/god_turtle/share/god_turtle/package.dsv
[0.415s] -- Up-to-date: /home/kireiji/Documents/GitHub/Exam/install/god_turtle/share/ament_index/resource_index/packages/god_turtle
[0.415s] -- Up-to-date: /home/kireiji/Documents/GitHub/Exam/install/god_turtle/share/god_turtle/cmake/god_turtleConfig.cmake
[0.415s] -- Up-to-date: /home/kireiji/Documents/GitHub/Exam/install/god_turtle/share/god_turtle/cmake/god_turtleConfig-version.cmake
[0.415s] -- Up-to-date: /home/kireiji/Documents/GitHub/Exam/install/god_turtle/share/god_turtle/package.xml
[0.416s] Invoked command in '/home/kireiji/Documents/GitHub/Exam/build/god_turtle' returned '0': CMAKE_PREFIX_PATH=${CMAKE_PREFIX_PATH}:/home/kireiji/RoboticsDev_ws/install/launch_testing_examples:/home/kireiji/RoboticsDev_ws/install/examples_rclpy_pointcloud_publisher:/home/kireiji/RoboticsDev_ws/install/examples_rclpy_minimal_subscriber:/home/kireiji/RoboticsDev_ws/install/examples_rclpy_minimal_service:/home/kireiji/RoboticsDev_ws/install/examples_rclpy_minimal_publisher:/home/kireiji/RoboticsDev_ws/install/examples_rclpy_minimal_client:/home/kireiji/RoboticsDev_ws/install/examples_rclpy_minimal_action_server:/home/kireiji/RoboticsDev_ws/install/examples_rclpy_minimal_action_client:/home/kireiji/RoboticsDev_ws/install/examples_rclpy_guard_conditions:/home/kireiji/RoboticsDev_ws/install/examples_rclpy_executors:/home/kireiji/ros2_ws/install/my_py_pkg:/opt/ros/humble /usr/bin/cmake --install /home/kireiji/Documents/GitHub/Exam/build/god_turtle
