[0.010s] Invoking command in '/home/kireiji/Documents/GitHub/Exam/build/turtlesim_plus_interfaces': CMAKE_PREFIX_PATH=${CMAKE_PREFIX_PATH}:/home/kireiji/ros2_ws/install/my_py_pkg:/opt/ros/humble /usr/bin/cmake --build /home/kireiji/Documents/GitHub/Exam/build/turtlesim_plus_interfaces -- -j16 -l16
[0.024s] -- Found ament_cmake: 1.3.10 (/opt/ros/humble/share/ament_cmake/cmake)
[0.118s] -- Found ament_lint_auto: 0.12.11 (/opt/ros/humble/share/ament_lint_auto/cmake)
[0.182s] -- Found rosidl_default_generators: 1.2.0 (/opt/ros/humble/share/rosidl_default_generators/cmake)
[0.184s] -- Using all available rosidl_typesupport_c: rosidl_typesupport_fastrtps_c;rosidl_typesupport_introspection_c
[0.186s] -- Found rosidl_adapter: 3.1.5 (/opt/ros/humble/share/rosidl_adapter/cmake)
[0.204s] -- Using all available rosidl_typesupport_cpp: rosidl_typesupport_fastrtps_cpp;rosidl_typesupport_introspection_cpp
[0.416s] -- Found ament_cmake_ros: 0.10.0 (/opt/ros/humble/share/ament_cmake_ros/cmake)
[0.541s] -- Using all available rosidl_typesupport_c: rosidl_typesupport_fastrtps_c;rosidl_typesupport_introspection_c
[0.703s] -- Using all available rosidl_typesupport_cpp: rosidl_typesupport_fastrtps_cpp;rosidl_typesupport_introspection_cpp
[0.720s] -- Found python_cmake_module: 0.10.0 (/opt/ros/humble/share/python_cmake_module/cmake)
[0.737s] -- Using PYTHON_EXECUTABLE: /usr/local/bin/python3
[0.737s] -- Using PYTHON_INCLUDE_DIRS: /usr/local/include/python3.10
[0.737s] -- Using PYTHON_LIBRARIES: /usr/local/lib/libpython3.10.a
[0.825s] -- Using numpy include directory: /home/kireiji/.local/lib/python3.10/site-packages/numpy/_core/include
[0.835s] -- Added test 'lint_cmake' to check CMake code style
[0.836s] -- Added test 'xmllint' to check XML markup files
[0.840s] -- Configuring done
[0.863s] -- Generating done
[0.865s] -- Build files have been written to: /home/kireiji/Documents/GitHub/Exam/build/turtlesim_plus_interfaces
[0.882s] [  1%] [34m[1mGenerating C code for ROS interfaces[0m
[0.889s] [  3%] [34m[1mGenerating C++ code for ROS interfaces[0m
[0.906s] [  3%] Built target ament_cmake_python_copy_turtlesim_plus_interfaces
[1.078s] running egg_info
[1.081s] writing manifest file 'turtlesim_plus_interfaces.egg-info/SOURCES.txt'
[1.101s] [  3%] Built target ament_cmake_python_build_turtlesim_plus_interfaces_egg
[1.458s] [  3%] Built target turtlesim_plus_interfaces__cpp
[1.465s] [  7%] [34m[1mGenerating C++ introspection for ROS interfaces[0m
[1.465s] [  7%] [34m[1mGenerating C++ type support for eProsima Fast-RTPS[0m
[1.465s] [  7%] [34m[1mGenerating C++ type support dispatch for ROS interfaces[0m
[1.490s] [35m[1mConsolidate compiler generated dependencies of target turtlesim_plus_interfaces__rosidl_generator_c[0m
[1.498s] [ 11%] [32mBuilding C object CMakeFiles/turtlesim_plus_interfaces__rosidl_generator_c.dir/rosidl_generator_c/turtlesim_plus_interfaces/msg/detail/scanner_data__functions.c.o[0m
[1.498s] [ 11%] [32mBuilding C object CMakeFiles/turtlesim_plus_interfaces__rosidl_generator_c.dir/rosidl_generator_c/turtlesim_plus_interfaces/action/detail/get_data__functions.c.o[0m
[1.498s] [ 12%] [32mBuilding C object CMakeFiles/turtlesim_plus_interfaces__rosidl_generator_c.dir/rosidl_generator_c/turtlesim_plus_interfaces/msg/detail/scanner_data_array__functions.c.o[0m
[1.498s] [ 14%] [32mBuilding C object CMakeFiles/turtlesim_plus_interfaces__rosidl_generator_c.dir/rosidl_generator_c/turtlesim_plus_interfaces/srv/detail/yaml_req__functions.c.o[0m
[1.498s] [ 15%] [32mBuilding C object CMakeFiles/turtlesim_plus_interfaces__rosidl_generator_c.dir/rosidl_generator_c/turtlesim_plus_interfaces/srv/detail/give_position__functions.c.o[0m
[1.599s] [ 17%] [32m[1mLinking C shared library libturtlesim_plus_interfaces__rosidl_generator_c.so[0m
[1.631s] [ 17%] Built target turtlesim_plus_interfaces__rosidl_generator_c
[1.638s] [ 20%] [34m[1mGenerating C type support for eProsima Fast-RTPS[0m
[1.638s] [ 22%] [34m[1mGenerating C introspection for ROS interfaces[0m
[1.638s] [ 22%] [34m[1mGenerating C type support dispatch for ROS interfaces[0m
[1.837s] [35m[1mConsolidate compiler generated dependencies of target turtlesim_plus_interfaces__rosidl_typesupport_cpp[0m
[1.848s] [ 25%] [32mBuilding CXX object CMakeFiles/turtlesim_plus_interfaces__rosidl_typesupport_cpp.dir/rosidl_typesupport_cpp/turtlesim_plus_interfaces/action/get_data__type_support.cpp.o[0m
[1.848s] [ 25%] [32mBuilding CXX object CMakeFiles/turtlesim_plus_interfaces__rosidl_typesupport_cpp.dir/rosidl_typesupport_cpp/turtlesim_plus_interfaces/srv/give_position__type_support.cpp.o[0m
[1.849s] [ 26%] [32mBuilding CXX object CMakeFiles/turtlesim_plus_interfaces__rosidl_typesupport_cpp.dir/rosidl_typesupport_cpp/turtlesim_plus_interfaces/msg/scanner_data__type_support.cpp.o[0m
[1.850s] [ 28%] [32mBuilding CXX object CMakeFiles/turtlesim_plus_interfaces__rosidl_typesupport_cpp.dir/rosidl_typesupport_cpp/turtlesim_plus_interfaces/msg/scanner_data_array__type_support.cpp.o[0m
[1.851s] [ 30%] [32mBuilding CXX object CMakeFiles/turtlesim_plus_interfaces__rosidl_typesupport_cpp.dir/rosidl_typesupport_cpp/turtlesim_plus_interfaces/srv/yaml_req__type_support.cpp.o[0m
[2.036s] [35m[1mConsolidate compiler generated dependencies of target turtlesim_plus_interfaces__rosidl_typesupport_introspection_cpp[0m
[2.051s] [ 31%] [32mBuilding CXX object CMakeFiles/turtlesim_plus_interfaces__rosidl_typesupport_introspection_cpp.dir/rosidl_typesupport_introspection_cpp/turtlesim_plus_interfaces/action/detail/get_data__type_support.cpp.o[0m
[2.051s] [ 34%] [32mBuilding CXX object CMakeFiles/turtlesim_plus_interfaces__rosidl_typesupport_introspection_cpp.dir/rosidl_typesupport_introspection_cpp/turtlesim_plus_interfaces/srv/detail/give_position__type_support.cpp.o[0m
[2.051s] [ 34%] [32mBuilding CXX object CMakeFiles/turtlesim_plus_interfaces__rosidl_typesupport_introspection_cpp.dir/rosidl_typesupport_introspection_cpp/turtlesim_plus_interfaces/msg/detail/scanner_data_array__type_support.cpp.o[0m
[2.051s] [ 36%] [32mBuilding CXX object CMakeFiles/turtlesim_plus_interfaces__rosidl_typesupport_introspection_cpp.dir/rosidl_typesupport_introspection_cpp/turtlesim_plus_interfaces/msg/detail/scanner_data__type_support.cpp.o[0m
[2.052s] [ 38%] [32mBuilding CXX object CMakeFiles/turtlesim_plus_interfaces__rosidl_typesupport_introspection_cpp.dir/rosidl_typesupport_introspection_cpp/turtlesim_plus_interfaces/srv/detail/yaml_req__type_support.cpp.o[0m
[2.106s] [35m[1mConsolidate compiler generated dependencies of target turtlesim_plus_interfaces__rosidl_typesupport_c[0m
[2.121s] [ 39%] [32mBuilding CXX object CMakeFiles/turtlesim_plus_interfaces__rosidl_typesupport_c.dir/rosidl_typesupport_c/turtlesim_plus_interfaces/msg/scanner_data__type_support.cpp.o[0m
[2.126s] [ 41%] [32mBuilding CXX object CMakeFiles/turtlesim_plus_interfaces__rosidl_typesupport_c.dir/rosidl_typesupport_c/turtlesim_plus_interfaces/msg/scanner_data_array__type_support.cpp.o[0m
[2.127s] [ 42%] [32mBuilding CXX object CMakeFiles/turtlesim_plus_interfaces__rosidl_typesupport_c.dir/rosidl_typesupport_c/turtlesim_plus_interfaces/srv/give_position__type_support.cpp.o[0m
[2.178s] [ 44%] [32mBuilding CXX object CMakeFiles/turtlesim_plus_interfaces__rosidl_typesupport_c.dir/rosidl_typesupport_c/turtlesim_plus_interfaces/action/get_data__type_support.cpp.o[0m
[2.199s] [ 46%] [32mBuilding CXX object CMakeFiles/turtlesim_plus_interfaces__rosidl_typesupport_c.dir/rosidl_typesupport_c/turtlesim_plus_interfaces/srv/yaml_req__type_support.cpp.o[0m
[2.200s] [35m[1mConsolidate compiler generated dependencies of target turtlesim_plus_interfaces__rosidl_typesupport_fastrtps_cpp[0m
[2.219s] [ 47%] [32mBuilding CXX object CMakeFiles/turtlesim_plus_interfaces__rosidl_typesupport_fastrtps_cpp.dir/rosidl_typesupport_fastrtps_cpp/turtlesim_plus_interfaces/msg/detail/dds_fastrtps/scanner_data_array__type_support.cpp.o[0m
[2.219s] [ 49%] [32mBuilding CXX object CMakeFiles/turtlesim_plus_interfaces__rosidl_typesupport_fastrtps_cpp.dir/rosidl_typesupport_fastrtps_cpp/turtlesim_plus_interfaces/msg/detail/dds_fastrtps/scanner_data__type_support.cpp.o[0m
[2.247s] [ 50%] [32mBuilding CXX object CMakeFiles/turtlesim_plus_interfaces__rosidl_typesupport_fastrtps_cpp.dir/rosidl_typesupport_fastrtps_cpp/turtlesim_plus_interfaces/srv/detail/dds_fastrtps/give_position__type_support.cpp.o[0m
[2.251s] [ 52%] [32mBuilding CXX object CMakeFiles/turtlesim_plus_interfaces__rosidl_typesupport_fastrtps_cpp.dir/rosidl_typesupport_fastrtps_cpp/turtlesim_plus_interfaces/action/detail/dds_fastrtps/get_data__type_support.cpp.o[0m
[2.251s] [ 53%] [32m[1mLinking CXX shared library libturtlesim_plus_interfaces__rosidl_typesupport_c.so[0m
[2.254s] [ 55%] [32mBuilding CXX object CMakeFiles/turtlesim_plus_interfaces__rosidl_typesupport_fastrtps_cpp.dir/rosidl_typesupport_fastrtps_cpp/turtlesim_plus_interfaces/srv/detail/dds_fastrtps/yaml_req__type_support.cpp.o[0m
[2.308s] [ 55%] Built target turtlesim_plus_interfaces__rosidl_typesupport_c
[2.416s] [ 57%] [32m[1mLinking CXX shared library libturtlesim_plus_interfaces__rosidl_typesupport_cpp.so[0m
[2.461s] [ 57%] Built target turtlesim_plus_interfaces__rosidl_typesupport_cpp
[2.511s] [35m[1mConsolidate compiler generated dependencies of target turtlesim_plus_interfaces__rosidl_typesupport_fastrtps_c[0m
[2.531s] [ 58%] [32mBuilding CXX object CMakeFiles/turtlesim_plus_interfaces__rosidl_typesupport_fastrtps_c.dir/rosidl_typesupport_fastrtps_c/turtlesim_plus_interfaces/msg/detail/scanner_data__type_support_c.cpp.o[0m
[2.537s] [ 60%] [32mBuilding CXX object CMakeFiles/turtlesim_plus_interfaces__rosidl_typesupport_fastrtps_c.dir/rosidl_typesupport_fastrtps_c/turtlesim_plus_interfaces/msg/detail/scanner_data_array__type_support_c.cpp.o[0m
[2.541s] [ 61%] [32mBuilding CXX object CMakeFiles/turtlesim_plus_interfaces__rosidl_typesupport_fastrtps_c.dir/rosidl_typesupport_fastrtps_c/turtlesim_plus_interfaces/action/detail/get_data__type_support_c.cpp.o[0m
[2.541s] [ 63%] [32mBuilding CXX object CMakeFiles/turtlesim_plus_interfaces__rosidl_typesupport_fastrtps_c.dir/rosidl_typesupport_fastrtps_c/turtlesim_plus_interfaces/srv/detail/give_position__type_support_c.cpp.o[0m
[2.545s] [ 65%] [32mBuilding CXX object CMakeFiles/turtlesim_plus_interfaces__rosidl_typesupport_fastrtps_c.dir/rosidl_typesupport_fastrtps_c/turtlesim_plus_interfaces/srv/detail/yaml_req__type_support_c.cpp.o[0m
[2.546s] [35m[1mConsolidate compiler generated dependencies of target turtlesim_plus_interfaces__rosidl_typesupport_introspection_c[0m
[2.572s] [ 66%] [32mBuilding C object CMakeFiles/turtlesim_plus_interfaces__rosidl_typesupport_introspection_c.dir/rosidl_typesupport_introspection_c/turtlesim_plus_interfaces/msg/detail/scanner_data__type_support.c.o[0m
[2.579s] [ 68%] [32mBuilding C object CMakeFiles/turtlesim_plus_interfaces__rosidl_typesupport_introspection_c.dir/rosidl_typesupport_introspection_c/turtlesim_plus_interfaces/msg/detail/scanner_data_array__type_support.c.o[0m
[2.581s] [ 69%] [32mBuilding C object CMakeFiles/turtlesim_plus_interfaces__rosidl_typesupport_introspection_c.dir/rosidl_typesupport_introspection_c/turtlesim_plus_interfaces/srv/detail/give_position__type_support.c.o[0m
[2.602s] [ 71%] [32mBuilding C object CMakeFiles/turtlesim_plus_interfaces__rosidl_typesupport_introspection_c.dir/rosidl_typesupport_introspection_c/turtlesim_plus_interfaces/action/detail/get_data__type_support.c.o[0m
[2.630s] [ 73%] [32mBuilding C object CMakeFiles/turtlesim_plus_interfaces__rosidl_typesupport_introspection_c.dir/rosidl_typesupport_introspection_c/turtlesim_plus_interfaces/srv/detail/yaml_req__type_support.c.o[0m
[2.679s] [ 74%] [32m[1mLinking C shared library libturtlesim_plus_interfaces__rosidl_typesupport_introspection_c.so[0m
[2.718s] [ 74%] Built target turtlesim_plus_interfaces__rosidl_typesupport_introspection_c
[2.796s] [ 76%] [32m[1mLinking CXX shared library libturtlesim_plus_interfaces__rosidl_typesupport_introspection_cpp.so[0m
[2.860s] [ 76%] Built target turtlesim_plus_interfaces__rosidl_typesupport_introspection_cpp
[2.883s] [ 77%] [32m[1mLinking CXX shared library libturtlesim_plus_interfaces__rosidl_typesupport_fastrtps_cpp.so[0m
[2.929s] [ 79%] [32m[1mLinking CXX shared library libturtlesim_plus_interfaces__rosidl_typesupport_fastrtps_c.so[0m
[2.938s] [ 79%] Built target turtlesim_plus_interfaces__rosidl_typesupport_fastrtps_cpp
[2.976s] [ 79%] Built target turtlesim_plus_interfaces__rosidl_typesupport_fastrtps_c
[2.988s] [ 79%] Built target turtlesim_plus_interfaces
[2.999s] [ 80%] [34m[1mGenerating Python code for ROS interfaces[0m
[3.924s] [ 80%] Built target turtlesim_plus_interfaces__py
[3.930s] [35m[1mConsolidate compiler generated dependencies of target turtlesim_plus_interfaces__rosidl_generator_py[0m
[3.939s] [ 85%] [32mBuilding C object CMakeFiles/turtlesim_plus_interfaces__rosidl_generator_py.dir/rosidl_generator_py/turtlesim_plus_interfaces/msg/_scanner_data_array_s.c.o[0m
[3.940s] [ 85%] [32mBuilding C object CMakeFiles/turtlesim_plus_interfaces__rosidl_generator_py.dir/rosidl_generator_py/turtlesim_plus_interfaces/srv/_give_position_s.c.o[0m
[3.940s] [ 85%] [32mBuilding C object CMakeFiles/turtlesim_plus_interfaces__rosidl_generator_py.dir/rosidl_generator_py/turtlesim_plus_interfaces/msg/_scanner_data_s.c.o[0m
[3.940s] [ 88%] [32mBuilding C object CMakeFiles/turtlesim_plus_interfaces__rosidl_generator_py.dir/rosidl_generator_py/turtlesim_plus_interfaces/action/_get_data_s.c.o[0m
[3.940s] [ 88%] [32mBuilding C object CMakeFiles/turtlesim_plus_interfaces__rosidl_generator_py.dir/rosidl_generator_py/turtlesim_plus_interfaces/srv/_yaml_req_s.c.o[0m
[4.050s] [ 90%] [32m[1mLinking C shared library rosidl_generator_py/turtlesim_plus_interfaces/libturtlesim_plus_interfaces__rosidl_generator_py.so[0m
[4.297s] [ 90%] Built target turtlesim_plus_interfaces__rosidl_generator_py
[4.304s] [35m[1mConsolidate compiler generated dependencies of target turtlesim_plus_interfaces__rosidl_typesupport_c__pyext[0m
[4.304s] [35m[1mConsolidate compiler generated dependencies of target turtlesim_plus_interfaces__rosidl_typesupport_introspection_c__pyext[0m
[4.304s] [35m[1mConsolidate compiler generated dependencies of target turtlesim_plus_interfaces__rosidl_typesupport_fastrtps_c__pyext[0m
[4.312s] [ 95%] [32mBuilding C object CMakeFiles/turtlesim_plus_interfaces__rosidl_typesupport_c__pyext.dir/rosidl_generator_py/turtlesim_plus_interfaces/_turtlesim_plus_interfaces_s.ep.rosidl_typesupport_c.c.o[0m
[4.312s] [ 95%] [32mBuilding C object CMakeFiles/turtlesim_plus_interfaces__rosidl_typesupport_fastrtps_c__pyext.dir/rosidl_generator_py/turtlesim_plus_interfaces/_turtlesim_plus_interfaces_s.ep.rosidl_typesupport_fastrtps_c.c.o[0m
[4.312s] [ 95%] [32mBuilding C object CMakeFiles/turtlesim_plus_interfaces__rosidl_typesupport_introspection_c__pyext.dir/rosidl_generator_py/turtlesim_plus_interfaces/_turtlesim_plus_interfaces_s.ep.rosidl_typesupport_introspection_c.c.o[0m
[4.404s] [100%] [32m[1mLinking C shared library rosidl_generator_py/turtlesim_plus_interfaces/turtlesim_plus_interfaces_s__rosidl_typesupport_fastrtps_c.cpython-310-x86_64-linux-gnu.so[0m
[4.404s] [100%] [32m[1mLinking C shared library rosidl_generator_py/turtlesim_plus_interfaces/turtlesim_plus_interfaces_s__rosidl_typesupport_introspection_c.cpython-310-x86_64-linux-gnu.so[0m
[4.404s] [100%] [32m[1mLinking C shared library rosidl_generator_py/turtlesim_plus_interfaces/turtlesim_plus_interfaces_s__rosidl_typesupport_c.cpython-310-x86_64-linux-gnu.so[0m
[4.430s] [100%] Built target turtlesim_plus_interfaces__rosidl_typesupport_c__pyext
[4.430s] [100%] Built target turtlesim_plus_interfaces__rosidl_typesupport_fastrtps_c__pyext
[4.430s] [100%] Built target turtlesim_plus_interfaces__rosidl_typesupport_introspection_c__pyext
[4.438s] Invoked command in '/home/kireiji/Documents/GitHub/Exam/build/turtlesim_plus_interfaces' returned '0': CMAKE_PREFIX_PATH=${CMAKE_PREFIX_PATH}:/home/kireiji/ros2_ws/install/my_py_pkg:/opt/ros/humble /usr/bin/cmake --build /home/kireiji/Documents/GitHub/Exam/build/turtlesim_plus_interfaces -- -j16 -l16
[4.520s] Invoking command in '/home/kireiji/Documents/GitHub/Exam/build/turtlesim_plus_interfaces': CMAKE_PREFIX_PATH=${CMAKE_PREFIX_PATH}:/home/kireiji/ros2_ws/install/my_py_pkg:/opt/ros/humble /usr/bin/cmake --install /home/kireiji/Documents/GitHub/Exam/build/turtlesim_plus_interfaces
[4.526s] -- Install configuration: ""
[4.526s] -- Installing: /home/kireiji/Documents/GitHub/Exam/install/turtlesim_plus_interfaces/share/ament_index/resource_index/rosidl_interfaces/turtlesim_plus_interfaces
[4.526s] -- Up-to-date: /home/kireiji/Documents/GitHub/Exam/install/turtlesim_plus_interfaces/include/turtlesim_plus_interfaces/turtlesim_plus_interfaces
[4.526s] -- Up-to-date: /home/kireiji/Documents/GitHub/Exam/install/turtlesim_plus_interfaces/include/turtlesim_plus_interfaces/turtlesim_plus_interfaces/msg
[4.526s] -- Up-to-date: /home/kireiji/Documents/GitHub/Exam/install/turtlesim_plus_interfaces/include/turtlesim_plus_interfaces/turtlesim_plus_interfaces/msg/rosidl_generator_c__visibility_control.h
[4.526s] -- Installing: /home/kireiji/Documents/GitHub/Exam/install/turtlesim_plus_interfaces/include/turtlesim_plus_interfaces/turtlesim_plus_interfaces/msg/scanner_data.h
[4.526s] -- Installing: /home/kireiji/Documents/GitHub/Exam/install/turtlesim_plus_interfaces/include/turtlesim_plus_interfaces/turtlesim_plus_interfaces/msg/scanner_data_array.h
[4.526s] -- Up-to-date: /home/kireiji/Documents/GitHub/Exam/install/turtlesim_plus_interfaces/include/turtlesim_plus_interfaces/turtlesim_plus_interfaces/msg/detail
[4.526s] -- Installing: /home/kireiji/Documents/GitHub/Exam/install/turtlesim_plus_interfaces/include/turtlesim_plus_interfaces/turtlesim_plus_interfaces/msg/detail/scanner_data_array__functions.h
[4.526s] -- Installing: /home/kireiji/Documents/GitHub/Exam/install/turtlesim_plus_interfaces/include/turtlesim_plus_interfaces/turtlesim_plus_interfaces/msg/detail/scanner_data_array__struct.h
[4.526s] -- Installing: /home/kireiji/Documents/GitHub/Exam/install/turtlesim_plus_interfaces/include/turtlesim_plus_interfaces/turtlesim_plus_interfaces/msg/detail/scanner_data__functions.h
[4.526s] -- Installing: /home/kireiji/Documents/GitHub/Exam/install/turtlesim_plus_interfaces/include/turtlesim_plus_interfaces/turtlesim_plus_interfaces/msg/detail/scanner_data__struct.h
[4.526s] -- Installing: /home/kireiji/Documents/GitHub/Exam/install/turtlesim_plus_interfaces/include/turtlesim_plus_interfaces/turtlesim_plus_interfaces/msg/detail/scanner_data_array__type_support.h
[4.526s] -- Installing: /home/kireiji/Documents/GitHub/Exam/install/turtlesim_plus_interfaces/include/turtlesim_plus_interfaces/turtlesim_plus_interfaces/msg/detail/scanner_data_array__functions.c
[4.526s] -- Installing: /home/kireiji/Documents/GitHub/Exam/install/turtlesim_plus_interfaces/include/turtlesim_plus_interfaces/turtlesim_plus_interfaces/msg/detail/scanner_data__functions.c
[4.526s] -- Installing: /home/kireiji/Documents/GitHub/Exam/install/turtlesim_plus_interfaces/include/turtlesim_plus_interfaces/turtlesim_plus_interfaces/msg/detail/scanner_data__type_support.h
[4.526s] -- Up-to-date: /home/kireiji/Documents/GitHub/Exam/install/turtlesim_plus_interfaces/include/turtlesim_plus_interfaces/turtlesim_plus_interfaces/srv
[4.526s] -- Installing: /home/kireiji/Documents/GitHub/Exam/install/turtlesim_plus_interfaces/include/turtlesim_plus_interfaces/turtlesim_plus_interfaces/srv/yaml_req.h
[4.527s] -- Installing: /home/kireiji/Documents/GitHub/Exam/install/turtlesim_plus_interfaces/include/turtlesim_plus_interfaces/turtlesim_plus_interfaces/srv/give_position.h
[4.527s] -- Up-to-date: /home/kireiji/Documents/GitHub/Exam/install/turtlesim_plus_interfaces/include/turtlesim_plus_interfaces/turtlesim_plus_interfaces/srv/detail
[4.527s] -- Installing: /home/kireiji/Documents/GitHub/Exam/install/turtlesim_plus_interfaces/include/turtlesim_plus_interfaces/turtlesim_plus_interfaces/srv/detail/give_position__functions.c
[4.527s] -- Installing: /home/kireiji/Documents/GitHub/Exam/install/turtlesim_plus_interfaces/include/turtlesim_plus_interfaces/turtlesim_plus_interfaces/srv/detail/give_position__type_support.h
[4.527s] -- Installing: /home/kireiji/Documents/GitHub/Exam/install/turtlesim_plus_interfaces/include/turtlesim_plus_interfaces/turtlesim_plus_interfaces/srv/detail/yaml_req__functions.c
[4.527s] -- Installing: /home/kireiji/Documents/GitHub/Exam/install/turtlesim_plus_interfaces/include/turtlesim_plus_interfaces/turtlesim_plus_interfaces/srv/detail/give_position__struct.h
[4.527s] -- Installing: /home/kireiji/Documents/GitHub/Exam/install/turtlesim_plus_interfaces/include/turtlesim_plus_interfaces/turtlesim_plus_interfaces/srv/detail/give_position__functions.h
[4.527s] -- Installing: /home/kireiji/Documents/GitHub/Exam/install/turtlesim_plus_interfaces/include/turtlesim_plus_interfaces/turtlesim_plus_interfaces/srv/detail/yaml_req__type_support.h
[4.527s] -- Installing: /home/kireiji/Documents/GitHub/Exam/install/turtlesim_plus_interfaces/include/turtlesim_plus_interfaces/turtlesim_plus_interfaces/srv/detail/yaml_req__struct.h
[4.527s] -- Installing: /home/kireiji/Documents/GitHub/Exam/install/turtlesim_plus_interfaces/include/turtlesim_plus_interfaces/turtlesim_plus_interfaces/srv/detail/yaml_req__functions.h
[4.527s] -- Up-to-date: /home/kireiji/Documents/GitHub/Exam/install/turtlesim_plus_interfaces/include/turtlesim_plus_interfaces/turtlesim_plus_interfaces/action
[4.527s] -- Installing: /home/kireiji/Documents/GitHub/Exam/install/turtlesim_plus_interfaces/include/turtlesim_plus_interfaces/turtlesim_plus_interfaces/action/get_data.h
[4.527s] -- Up-to-date: /home/kireiji/Documents/GitHub/Exam/install/turtlesim_plus_interfaces/include/turtlesim_plus_interfaces/turtlesim_plus_interfaces/action/detail
[4.527s] -- Installing: /home/kireiji/Documents/GitHub/Exam/install/turtlesim_plus_interfaces/include/turtlesim_plus_interfaces/turtlesim_plus_interfaces/action/detail/get_data__type_support.h
[4.527s] -- Installing: /home/kireiji/Documents/GitHub/Exam/install/turtlesim_plus_interfaces/include/turtlesim_plus_interfaces/turtlesim_plus_interfaces/action/detail/get_data__functions.c
[4.527s] -- Installing: /home/kireiji/Documents/GitHub/Exam/install/turtlesim_plus_interfaces/include/turtlesim_plus_interfaces/turtlesim_plus_interfaces/action/detail/get_data__functions.h
[4.527s] -- Installing: /home/kireiji/Documents/GitHub/Exam/install/turtlesim_plus_interfaces/include/turtlesim_plus_interfaces/turtlesim_plus_interfaces/action/detail/get_data__struct.h
[4.527s] -- Up-to-date: /home/kireiji/Documents/GitHub/Exam/install/turtlesim_plus_interfaces/share/turtlesim_plus_interfaces/environment/library_path.sh
[4.527s] -- Installing: /home/kireiji/Documents/GitHub/Exam/install/turtlesim_plus_interfaces/share/turtlesim_plus_interfaces/environment/library_path.dsv
[4.527s] -- Installing: /home/kireiji/Documents/GitHub/Exam/install/turtlesim_plus_interfaces/lib/libturtlesim_plus_interfaces__rosidl_generator_c.so
[4.528s] -- Set runtime path of "/home/kireiji/Documents/GitHub/Exam/install/turtlesim_plus_interfaces/lib/libturtlesim_plus_interfaces__rosidl_generator_c.so" to ""
[4.528s] -- Up-to-date: /home/kireiji/Documents/GitHub/Exam/install/turtlesim_plus_interfaces/include/turtlesim_plus_interfaces/turtlesim_plus_interfaces
[4.528s] -- Up-to-date: /home/kireiji/Documents/GitHub/Exam/install/turtlesim_plus_interfaces/include/turtlesim_plus_interfaces/turtlesim_plus_interfaces/msg
[4.528s] -- Up-to-date: /home/kireiji/Documents/GitHub/Exam/install/turtlesim_plus_interfaces/include/turtlesim_plus_interfaces/turtlesim_plus_interfaces/msg/rosidl_typesupport_fastrtps_c__visibility_control.h
[4.528s] -- Up-to-date: /home/kireiji/Documents/GitHub/Exam/install/turtlesim_plus_interfaces/include/turtlesim_plus_interfaces/turtlesim_plus_interfaces/msg/detail
[4.528s] -- Installing: /home/kireiji/Documents/GitHub/Exam/install/turtlesim_plus_interfaces/include/turtlesim_plus_interfaces/turtlesim_plus_interfaces/msg/detail/scanner_data_array__rosidl_typesupport_fastrtps_c.h
[4.528s] -- Installing: /home/kireiji/Documents/GitHub/Exam/install/turtlesim_plus_interfaces/include/turtlesim_plus_interfaces/turtlesim_plus_interfaces/msg/detail/scanner_data__rosidl_typesupport_fastrtps_c.h
[4.528s] -- Up-to-date: /home/kireiji/Documents/GitHub/Exam/install/turtlesim_plus_interfaces/include/turtlesim_plus_interfaces/turtlesim_plus_interfaces/srv
[4.528s] -- Up-to-date: /home/kireiji/Documents/GitHub/Exam/install/turtlesim_plus_interfaces/include/turtlesim_plus_interfaces/turtlesim_plus_interfaces/srv/detail
[4.528s] -- Installing: /home/kireiji/Documents/GitHub/Exam/install/turtlesim_plus_interfaces/include/turtlesim_plus_interfaces/turtlesim_plus_interfaces/srv/detail/give_position__rosidl_typesupport_fastrtps_c.h
[4.528s] -- Installing: /home/kireiji/Documents/GitHub/Exam/install/turtlesim_plus_interfaces/include/turtlesim_plus_interfaces/turtlesim_plus_interfaces/srv/detail/yaml_req__rosidl_typesupport_fastrtps_c.h
[4.528s] -- Up-to-date: /home/kireiji/Documents/GitHub/Exam/install/turtlesim_plus_interfaces/include/turtlesim_plus_interfaces/turtlesim_plus_interfaces/action
[4.528s] -- Up-to-date: /home/kireiji/Documents/GitHub/Exam/install/turtlesim_plus_interfaces/include/turtlesim_plus_interfaces/turtlesim_plus_interfaces/action/detail
[4.528s] -- Installing: /home/kireiji/Documents/GitHub/Exam/install/turtlesim_plus_interfaces/include/turtlesim_plus_interfaces/turtlesim_plus_interfaces/action/detail/get_data__rosidl_typesupport_fastrtps_c.h
[4.528s] -- Installing: /home/kireiji/Documents/GitHub/Exam/install/turtlesim_plus_interfaces/lib/libturtlesim_plus_interfaces__rosidl_typesupport_fastrtps_c.so
[4.528s] -- Set runtime path of "/home/kireiji/Documents/GitHub/Exam/install/turtlesim_plus_interfaces/lib/libturtlesim_plus_interfaces__rosidl_typesupport_fastrtps_c.so" to ""
[4.528s] -- Up-to-date: /home/kireiji/Documents/GitHub/Exam/install/turtlesim_plus_interfaces/include/turtlesim_plus_interfaces/turtlesim_plus_interfaces
[4.528s] -- Up-to-date: /home/kireiji/Documents/GitHub/Exam/install/turtlesim_plus_interfaces/include/turtlesim_plus_interfaces/turtlesim_plus_interfaces/msg
[4.528s] -- Up-to-date: /home/kireiji/Documents/GitHub/Exam/install/turtlesim_plus_interfaces/include/turtlesim_plus_interfaces/turtlesim_plus_interfaces/msg/detail
[4.529s] -- Installing: /home/kireiji/Documents/GitHub/Exam/install/turtlesim_plus_interfaces/include/turtlesim_plus_interfaces/turtlesim_plus_interfaces/msg/detail/scanner_data_array__type_support.c
[4.529s] -- Installing: /home/kireiji/Documents/GitHub/Exam/install/turtlesim_plus_interfaces/include/turtlesim_plus_interfaces/turtlesim_plus_interfaces/msg/detail/scanner_data__rosidl_typesupport_introspection_c.h
[4.529s] -- Installing: /home/kireiji/Documents/GitHub/Exam/install/turtlesim_plus_interfaces/include/turtlesim_plus_interfaces/turtlesim_plus_interfaces/msg/detail/scanner_data__type_support.c
[4.529s] -- Installing: /home/kireiji/Documents/GitHub/Exam/install/turtlesim_plus_interfaces/include/turtlesim_plus_interfaces/turtlesim_plus_interfaces/msg/detail/scanner_data_array__rosidl_typesupport_introspection_c.h
[4.529s] -- Up-to-date: /home/kireiji/Documents/GitHub/Exam/install/turtlesim_plus_interfaces/include/turtlesim_plus_interfaces/turtlesim_plus_interfaces/msg/rosidl_typesupport_introspection_c__visibility_control.h
[4.529s] -- Up-to-date: /home/kireiji/Documents/GitHub/Exam/install/turtlesim_plus_interfaces/include/turtlesim_plus_interfaces/turtlesim_plus_interfaces/srv
[4.529s] -- Up-to-date: /home/kireiji/Documents/GitHub/Exam/install/turtlesim_plus_interfaces/include/turtlesim_plus_interfaces/turtlesim_plus_interfaces/srv/detail
[4.529s] -- Installing: /home/kireiji/Documents/GitHub/Exam/install/turtlesim_plus_interfaces/include/turtlesim_plus_interfaces/turtlesim_plus_interfaces/srv/detail/yaml_req__rosidl_typesupport_introspection_c.h
[4.529s] -- Installing: /home/kireiji/Documents/GitHub/Exam/install/turtlesim_plus_interfaces/include/turtlesim_plus_interfaces/turtlesim_plus_interfaces/srv/detail/give_position__rosidl_typesupport_introspection_c.h
[4.529s] -- Installing: /home/kireiji/Documents/GitHub/Exam/install/turtlesim_plus_interfaces/include/turtlesim_plus_interfaces/turtlesim_plus_interfaces/srv/detail/give_position__type_support.c
[4.529s] -- Installing: /home/kireiji/Documents/GitHub/Exam/install/turtlesim_plus_interfaces/include/turtlesim_plus_interfaces/turtlesim_plus_interfaces/srv/detail/yaml_req__type_support.c
[4.529s] -- Up-to-date: /home/kireiji/Documents/GitHub/Exam/install/turtlesim_plus_interfaces/include/turtlesim_plus_interfaces/turtlesim_plus_interfaces/action
[4.529s] -- Up-to-date: /home/kireiji/Documents/GitHub/Exam/install/turtlesim_plus_interfaces/include/turtlesim_plus_interfaces/turtlesim_plus_interfaces/action/detail
[4.529s] -- Installing: /home/kireiji/Documents/GitHub/Exam/install/turtlesim_plus_interfaces/include/turtlesim_plus_interfaces/turtlesim_plus_interfaces/action/detail/get_data__rosidl_typesupport_introspection_c.h
[4.529s] -- Installing: /home/kireiji/Documents/GitHub/Exam/install/turtlesim_plus_interfaces/include/turtlesim_plus_interfaces/turtlesim_plus_interfaces/action/detail/get_data__type_support.c
[4.529s] -- Installing: /home/kireiji/Documents/GitHub/Exam/install/turtlesim_plus_interfaces/lib/libturtlesim_plus_interfaces__rosidl_typesupport_introspection_c.so
[4.529s] -- Set runtime path of "/home/kireiji/Documents/GitHub/Exam/install/turtlesim_plus_interfaces/lib/libturtlesim_plus_interfaces__rosidl_typesupport_introspection_c.so" to ""
[4.529s] -- Installing: /home/kireiji/Documents/GitHub/Exam/install/turtlesim_plus_interfaces/lib/libturtlesim_plus_interfaces__rosidl_typesupport_c.so
[4.530s] -- Set runtime path of "/home/kireiji/Documents/GitHub/Exam/install/turtlesim_plus_interfaces/lib/libturtlesim_plus_interfaces__rosidl_typesupport_c.so" to ""
[4.530s] -- Up-to-date: /home/kireiji/Documents/GitHub/Exam/install/turtlesim_plus_interfaces/include/turtlesim_plus_interfaces/turtlesim_plus_interfaces
[4.530s] -- Up-to-date: /home/kireiji/Documents/GitHub/Exam/install/turtlesim_plus_interfaces/include/turtlesim_plus_interfaces/turtlesim_plus_interfaces/msg
[4.530s] -- Installing: /home/kireiji/Documents/GitHub/Exam/install/turtlesim_plus_interfaces/include/turtlesim_plus_interfaces/turtlesim_plus_interfaces/msg/scanner_data.hpp
[4.530s] -- Installing: /home/kireiji/Documents/GitHub/Exam/install/turtlesim_plus_interfaces/include/turtlesim_plus_interfaces/turtlesim_plus_interfaces/msg/scanner_data_array.hpp
[4.530s] -- Up-to-date: /home/kireiji/Documents/GitHub/Exam/install/turtlesim_plus_interfaces/include/turtlesim_plus_interfaces/turtlesim_plus_interfaces/msg/detail
[4.530s] -- Installing: /home/kireiji/Documents/GitHub/Exam/install/turtlesim_plus_interfaces/include/turtlesim_plus_interfaces/turtlesim_plus_interfaces/msg/detail/scanner_data__builder.hpp
[4.530s] -- Installing: /home/kireiji/Documents/GitHub/Exam/install/turtlesim_plus_interfaces/include/turtlesim_plus_interfaces/turtlesim_plus_interfaces/msg/detail/scanner_data__traits.hpp
[4.530s] -- Installing: /home/kireiji/Documents/GitHub/Exam/install/turtlesim_plus_interfaces/include/turtlesim_plus_interfaces/turtlesim_plus_interfaces/msg/detail/scanner_data_array__builder.hpp
[4.530s] -- Installing: /home/kireiji/Documents/GitHub/Exam/install/turtlesim_plus_interfaces/include/turtlesim_plus_interfaces/turtlesim_plus_interfaces/msg/detail/scanner_data_array__traits.hpp
[4.530s] -- Installing: /home/kireiji/Documents/GitHub/Exam/install/turtlesim_plus_interfaces/include/turtlesim_plus_interfaces/turtlesim_plus_interfaces/msg/detail/scanner_data__struct.hpp
[4.530s] -- Installing: /home/kireiji/Documents/GitHub/Exam/install/turtlesim_plus_interfaces/include/turtlesim_plus_interfaces/turtlesim_plus_interfaces/msg/detail/scanner_data_array__struct.hpp
[4.530s] -- Up-to-date: /home/kireiji/Documents/GitHub/Exam/install/turtlesim_plus_interfaces/include/turtlesim_plus_interfaces/turtlesim_plus_interfaces/srv
[4.530s] -- Installing: /home/kireiji/Documents/GitHub/Exam/install/turtlesim_plus_interfaces/include/turtlesim_plus_interfaces/turtlesim_plus_interfaces/srv/give_position.hpp
[4.530s] -- Installing: /home/kireiji/Documents/GitHub/Exam/install/turtlesim_plus_interfaces/include/turtlesim_plus_interfaces/turtlesim_plus_interfaces/srv/yaml_req.hpp
[4.530s] -- Up-to-date: /home/kireiji/Documents/GitHub/Exam/install/turtlesim_plus_interfaces/include/turtlesim_plus_interfaces/turtlesim_plus_interfaces/srv/detail
[4.530s] -- Installing: /home/kireiji/Documents/GitHub/Exam/install/turtlesim_plus_interfaces/include/turtlesim_plus_interfaces/turtlesim_plus_interfaces/srv/detail/give_position__traits.hpp
[4.530s] -- Installing: /home/kireiji/Documents/GitHub/Exam/install/turtlesim_plus_interfaces/include/turtlesim_plus_interfaces/turtlesim_plus_interfaces/srv/detail/yaml_req__builder.hpp
[4.530s] -- Installing: /home/kireiji/Documents/GitHub/Exam/install/turtlesim_plus_interfaces/include/turtlesim_plus_interfaces/turtlesim_plus_interfaces/srv/detail/yaml_req__traits.hpp
[4.530s] -- Installing: /home/kireiji/Documents/GitHub/Exam/install/turtlesim_plus_interfaces/include/turtlesim_plus_interfaces/turtlesim_plus_interfaces/srv/detail/give_position__struct.hpp
[4.530s] -- Installing: /home/kireiji/Documents/GitHub/Exam/install/turtlesim_plus_interfaces/include/turtlesim_plus_interfaces/turtlesim_plus_interfaces/srv/detail/give_position__builder.hpp
[4.531s] -- Installing: /home/kireiji/Documents/GitHub/Exam/install/turtlesim_plus_interfaces/include/turtlesim_plus_interfaces/turtlesim_plus_interfaces/srv/detail/yaml_req__struct.hpp
[4.531s] -- Up-to-date: /home/kireiji/Documents/GitHub/Exam/install/turtlesim_plus_interfaces/include/turtlesim_plus_interfaces/turtlesim_plus_interfaces/action
[4.531s] -- Installing: /home/kireiji/Documents/GitHub/Exam/install/turtlesim_plus_interfaces/include/turtlesim_plus_interfaces/turtlesim_plus_interfaces/action/get_data.hpp
[4.531s] -- Up-to-date: /home/kireiji/Documents/GitHub/Exam/install/turtlesim_plus_interfaces/include/turtlesim_plus_interfaces/turtlesim_plus_interfaces/action/detail
[4.531s] -- Installing: /home/kireiji/Documents/GitHub/Exam/install/turtlesim_plus_interfaces/include/turtlesim_plus_interfaces/turtlesim_plus_interfaces/action/detail/get_data__struct.hpp
[4.531s] -- Installing: /home/kireiji/Documents/GitHub/Exam/install/turtlesim_plus_interfaces/include/turtlesim_plus_interfaces/turtlesim_plus_interfaces/action/detail/get_data__builder.hpp
[4.531s] -- Installing: /home/kireiji/Documents/GitHub/Exam/install/turtlesim_plus_interfaces/include/turtlesim_plus_interfaces/turtlesim_plus_interfaces/action/detail/get_data__traits.hpp
[4.531s] -- Up-to-date: /home/kireiji/Documents/GitHub/Exam/install/turtlesim_plus_interfaces/include/turtlesim_plus_interfaces/turtlesim_plus_interfaces
[4.531s] -- Up-to-date: /home/kireiji/Documents/GitHub/Exam/install/turtlesim_plus_interfaces/include/turtlesim_plus_interfaces/turtlesim_plus_interfaces/msg
[4.531s] -- Up-to-date: /home/kireiji/Documents/GitHub/Exam/install/turtlesim_plus_interfaces/include/turtlesim_plus_interfaces/turtlesim_plus_interfaces/msg/rosidl_typesupport_fastrtps_cpp__visibility_control.h
[4.531s] -- Up-to-date: /home/kireiji/Documents/GitHub/Exam/install/turtlesim_plus_interfaces/include/turtlesim_plus_interfaces/turtlesim_plus_interfaces/msg/detail
[4.531s] -- Installing: /home/kireiji/Documents/GitHub/Exam/install/turtlesim_plus_interfaces/include/turtlesim_plus_interfaces/turtlesim_plus_interfaces/msg/detail/scanner_data__rosidl_typesupport_fastrtps_cpp.hpp
[4.531s] -- Up-to-date: /home/kireiji/Documents/GitHub/Exam/install/turtlesim_plus_interfaces/include/turtlesim_plus_interfaces/turtlesim_plus_interfaces/msg/detail/dds_fastrtps
[4.531s] -- Installing: /home/kireiji/Documents/GitHub/Exam/install/turtlesim_plus_interfaces/include/turtlesim_plus_interfaces/turtlesim_plus_interfaces/msg/detail/scanner_data_array__rosidl_typesupport_fastrtps_cpp.hpp
[4.531s] -- Up-to-date: /home/kireiji/Documents/GitHub/Exam/install/turtlesim_plus_interfaces/include/turtlesim_plus_interfaces/turtlesim_plus_interfaces/srv
[4.531s] -- Up-to-date: /home/kireiji/Documents/GitHub/Exam/install/turtlesim_plus_interfaces/include/turtlesim_plus_interfaces/turtlesim_plus_interfaces/srv/detail
[4.531s] -- Installing: /home/kireiji/Documents/GitHub/Exam/install/turtlesim_plus_interfaces/include/turtlesim_plus_interfaces/turtlesim_plus_interfaces/srv/detail/yaml_req__rosidl_typesupport_fastrtps_cpp.hpp
[4.531s] -- Installing: /home/kireiji/Documents/GitHub/Exam/install/turtlesim_plus_interfaces/include/turtlesim_plus_interfaces/turtlesim_plus_interfaces/srv/detail/give_position__rosidl_typesupport_fastrtps_cpp.hpp
[4.531s] -- Up-to-date: /home/kireiji/Documents/GitHub/Exam/install/turtlesim_plus_interfaces/include/turtlesim_plus_interfaces/turtlesim_plus_interfaces/srv/detail/dds_fastrtps
[4.531s] -- Up-to-date: /home/kireiji/Documents/GitHub/Exam/install/turtlesim_plus_interfaces/include/turtlesim_plus_interfaces/turtlesim_plus_interfaces/action
[4.531s] -- Up-to-date: /home/kireiji/Documents/GitHub/Exam/install/turtlesim_plus_interfaces/include/turtlesim_plus_interfaces/turtlesim_plus_interfaces/action/detail
[4.531s] -- Up-to-date: /home/kireiji/Documents/GitHub/Exam/install/turtlesim_plus_interfaces/include/turtlesim_plus_interfaces/turtlesim_plus_interfaces/action/detail/dds_fastrtps
[4.531s] -- Installing: /home/kireiji/Documents/GitHub/Exam/install/turtlesim_plus_interfaces/include/turtlesim_plus_interfaces/turtlesim_plus_interfaces/action/detail/get_data__rosidl_typesupport_fastrtps_cpp.hpp
[4.532s] -- Installing: /home/kireiji/Documents/GitHub/Exam/install/turtlesim_plus_interfaces/lib/libturtlesim_plus_interfaces__rosidl_typesupport_fastrtps_cpp.so
[4.532s] -- Set runtime path of "/home/kireiji/Documents/GitHub/Exam/install/turtlesim_plus_interfaces/lib/libturtlesim_plus_interfaces__rosidl_typesupport_fastrtps_cpp.so" to ""
[4.532s] -- Up-to-date: /home/kireiji/Documents/GitHub/Exam/install/turtlesim_plus_interfaces/include/turtlesim_plus_interfaces/turtlesim_plus_interfaces
[4.532s] -- Up-to-date: /home/kireiji/Documents/GitHub/Exam/install/turtlesim_plus_interfaces/include/turtlesim_plus_interfaces/turtlesim_plus_interfaces/msg
[4.532s] -- Up-to-date: /home/kireiji/Documents/GitHub/Exam/install/turtlesim_plus_interfaces/include/turtlesim_plus_interfaces/turtlesim_plus_interfaces/msg/detail
[4.532s] -- Installing: /home/kireiji/Documents/GitHub/Exam/install/turtlesim_plus_interfaces/include/turtlesim_plus_interfaces/turtlesim_plus_interfaces/msg/detail/scanner_data__type_support.cpp
[4.532s] -- Installing: /home/kireiji/Documents/GitHub/Exam/install/turtlesim_plus_interfaces/include/turtlesim_plus_interfaces/turtlesim_plus_interfaces/msg/detail/scanner_data_array__rosidl_typesupport_introspection_cpp.hpp
[4.532s] -- Installing: /home/kireiji/Documents/GitHub/Exam/install/turtlesim_plus_interfaces/include/turtlesim_plus_interfaces/turtlesim_plus_interfaces/msg/detail/scanner_data_array__type_support.cpp
[4.532s] -- Installing: /home/kireiji/Documents/GitHub/Exam/install/turtlesim_plus_interfaces/include/turtlesim_plus_interfaces/turtlesim_plus_interfaces/msg/detail/scanner_data__rosidl_typesupport_introspection_cpp.hpp
[4.532s] -- Up-to-date: /home/kireiji/Documents/GitHub/Exam/install/turtlesim_plus_interfaces/include/turtlesim_plus_interfaces/turtlesim_plus_interfaces/srv
[4.532s] -- Up-to-date: /home/kireiji/Documents/GitHub/Exam/install/turtlesim_plus_interfaces/include/turtlesim_plus_interfaces/turtlesim_plus_interfaces/srv/detail
[4.532s] -- Installing: /home/kireiji/Documents/GitHub/Exam/install/turtlesim_plus_interfaces/include/turtlesim_plus_interfaces/turtlesim_plus_interfaces/srv/detail/give_position__rosidl_typesupport_introspection_cpp.hpp
[4.532s] -- Installing: /home/kireiji/Documents/GitHub/Exam/install/turtlesim_plus_interfaces/include/turtlesim_plus_interfaces/turtlesim_plus_interfaces/srv/detail/give_position__type_support.cpp
[4.532s] -- Installing: /home/kireiji/Documents/GitHub/Exam/install/turtlesim_plus_interfaces/include/turtlesim_plus_interfaces/turtlesim_plus_interfaces/srv/detail/yaml_req__type_support.cpp
[4.532s] -- Installing: /home/kireiji/Documents/GitHub/Exam/install/turtlesim_plus_interfaces/include/turtlesim_plus_interfaces/turtlesim_plus_interfaces/srv/detail/yaml_req__rosidl_typesupport_introspection_cpp.hpp
[4.532s] -- Up-to-date: /home/kireiji/Documents/GitHub/Exam/install/turtlesim_plus_interfaces/include/turtlesim_plus_interfaces/turtlesim_plus_interfaces/action
[4.532s] -- Up-to-date: /home/kireiji/Documents/GitHub/Exam/install/turtlesim_plus_interfaces/include/turtlesim_plus_interfaces/turtlesim_plus_interfaces/action/detail
[4.532s] -- Installing: /home/kireiji/Documents/GitHub/Exam/install/turtlesim_plus_interfaces/include/turtlesim_plus_interfaces/turtlesim_plus_interfaces/action/detail/get_data__rosidl_typesupport_introspection_cpp.hpp
[4.532s] -- Installing: /home/kireiji/Documents/GitHub/Exam/install/turtlesim_plus_interfaces/include/turtlesim_plus_interfaces/turtlesim_plus_interfaces/action/detail/get_data__type_support.cpp
[4.532s] -- Installing: /home/kireiji/Documents/GitHub/Exam/install/turtlesim_plus_interfaces/lib/libturtlesim_plus_interfaces__rosidl_typesupport_introspection_cpp.so
[4.533s] -- Set runtime path of "/home/kireiji/Documents/GitHub/Exam/install/turtlesim_plus_interfaces/lib/libturtlesim_plus_interfaces__rosidl_typesupport_introspection_cpp.so" to ""
[4.533s] -- Installing: /home/kireiji/Documents/GitHub/Exam/install/turtlesim_plus_interfaces/lib/libturtlesim_plus_interfaces__rosidl_typesupport_cpp.so
[4.533s] -- Set runtime path of "/home/kireiji/Documents/GitHub/Exam/install/turtlesim_plus_interfaces/lib/libturtlesim_plus_interfaces__rosidl_typesupport_cpp.so" to ""
[4.533s] -- Up-to-date: /home/kireiji/Documents/GitHub/Exam/install/turtlesim_plus_interfaces/share/turtlesim_plus_interfaces/environment/pythonpath.sh
[4.533s] -- Installing: /home/kireiji/Documents/GitHub/Exam/install/turtlesim_plus_interfaces/share/turtlesim_plus_interfaces/environment/pythonpath.dsv
[4.533s] -- Up-to-date: /home/kireiji/Documents/GitHub/Exam/install/turtlesim_plus_interfaces/lib/python3.10/site-packages/turtlesim_plus_interfaces-0.0.0-py3.10.egg-info
[4.533s] -- Installing: /home/kireiji/Documents/GitHub/Exam/install/turtlesim_plus_interfaces/lib/python3.10/site-packages/turtlesim_plus_interfaces-0.0.0-py3.10.egg-info/PKG-INFO
[4.533s] -- Installing: /home/kireiji/Documents/GitHub/Exam/install/turtlesim_plus_interfaces/lib/python3.10/site-packages/turtlesim_plus_interfaces-0.0.0-py3.10.egg-info/dependency_links.txt
[4.533s] -- Installing: /home/kireiji/Documents/GitHub/Exam/install/turtlesim_plus_interfaces/lib/python3.10/site-packages/turtlesim_plus_interfaces-0.0.0-py3.10.egg-info/top_level.txt
[4.533s] -- Installing: /home/kireiji/Documents/GitHub/Exam/install/turtlesim_plus_interfaces/lib/python3.10/site-packages/turtlesim_plus_interfaces-0.0.0-py3.10.egg-info/SOURCES.txt
[4.533s] -- Up-to-date: /home/kireiji/Documents/GitHub/Exam/install/turtlesim_plus_interfaces/lib/python3.10/site-packages/turtlesim_plus_interfaces
[4.533s] -- Installing: /home/kireiji/Documents/GitHub/Exam/install/turtlesim_plus_interfaces/lib/python3.10/site-packages/turtlesim_plus_interfaces/__init__.py
[4.533s] -- Installing: /home/kireiji/Documents/GitHub/Exam/install/turtlesim_plus_interfaces/lib/python3.10/site-packages/turtlesim_plus_interfaces/turtlesim_plus_interfaces_s__rosidl_typesupport_introspection_c.cpython-310-x86_64-linux-gnu.so
[4.533s] -- Installing: /home/kireiji/Documents/GitHub/Exam/install/turtlesim_plus_interfaces/lib/python3.10/site-packages/turtlesim_plus_interfaces/_turtlesim_plus_interfaces_s.ep.rosidl_typesupport_fastrtps_c.c
[4.534s] -- Up-to-date: /home/kireiji/Documents/GitHub/Exam/install/turtlesim_plus_interfaces/lib/python3.10/site-packages/turtlesim_plus_interfaces/msg
[4.534s] -- Installing: /home/kireiji/Documents/GitHub/Exam/install/turtlesim_plus_interfaces/lib/python3.10/site-packages/turtlesim_plus_interfaces/msg/_scanner_data_array.py
[4.534s] -- Installing: /home/kireiji/Documents/GitHub/Exam/install/turtlesim_plus_interfaces/lib/python3.10/site-packages/turtlesim_plus_interfaces/msg/__init__.py
[4.534s] -- Installing: /home/kireiji/Documents/GitHub/Exam/install/turtlesim_plus_interfaces/lib/python3.10/site-packages/turtlesim_plus_interfaces/msg/_scanner_data_array_s.c
[4.534s] -- Installing: /home/kireiji/Documents/GitHub/Exam/install/turtlesim_plus_interfaces/lib/python3.10/site-packages/turtlesim_plus_interfaces/msg/_scanner_data.py
[4.534s] -- Installing: /home/kireiji/Documents/GitHub/Exam/install/turtlesim_plus_interfaces/lib/python3.10/site-packages/turtlesim_plus_interfaces/msg/_scanner_data_s.c
[4.534s] -- Installing: /home/kireiji/Documents/GitHub/Exam/install/turtlesim_plus_interfaces/lib/python3.10/site-packages/turtlesim_plus_interfaces/_turtlesim_plus_interfaces_s.ep.rosidl_typesupport_c.c
[4.534s] -- Installing: /home/kireiji/Documents/GitHub/Exam/install/turtlesim_plus_interfaces/lib/python3.10/site-packages/turtlesim_plus_interfaces/_turtlesim_plus_interfaces_s.ep.rosidl_typesupport_introspection_c.c
[4.534s] -- Installing: /home/kireiji/Documents/GitHub/Exam/install/turtlesim_plus_interfaces/lib/python3.10/site-packages/turtlesim_plus_interfaces/libturtlesim_plus_interfaces__rosidl_generator_py.so
[4.543s] -- Up-to-date: /home/kireiji/Documents/GitHub/Exam/install/turtlesim_plus_interfaces/lib/python3.10/site-packages/turtlesim_plus_interfaces/srv
[4.543s] -- Installing: /home/kireiji/Documents/GitHub/Exam/install/turtlesim_plus_interfaces/lib/python3.10/site-packages/turtlesim_plus_interfaces/srv/_give_position.py
[4.543s] -- Installing: /home/kireiji/Documents/GitHub/Exam/install/turtlesim_plus_interfaces/lib/python3.10/site-packages/turtlesim_plus_interfaces/srv/__init__.py
[4.543s] -- Installing: /home/kireiji/Documents/GitHub/Exam/install/turtlesim_plus_interfaces/lib/python3.10/site-packages/turtlesim_plus_interfaces/srv/_yaml_req_s.c
[4.544s] -- Installing: /home/kireiji/Documents/GitHub/Exam/install/turtlesim_plus_interfaces/lib/python3.10/site-packages/turtlesim_plus_interfaces/srv/_give_position_s.c
[4.544s] -- Installing: /home/kireiji/Documents/GitHub/Exam/install/turtlesim_plus_interfaces/lib/python3.10/site-packages/turtlesim_plus_interfaces/srv/_yaml_req.py
[4.544s] -- Up-to-date: /home/kireiji/Documents/GitHub/Exam/install/turtlesim_plus_interfaces/lib/python3.10/site-packages/turtlesim_plus_interfaces/action
[4.544s] -- Installing: /home/kireiji/Documents/GitHub/Exam/install/turtlesim_plus_interfaces/lib/python3.10/site-packages/turtlesim_plus_interfaces/action/__init__.py
[4.544s] -- Installing: /home/kireiji/Documents/GitHub/Exam/install/turtlesim_plus_interfaces/lib/python3.10/site-packages/turtlesim_plus_interfaces/action/_get_data_s.c
[4.544s] -- Installing: /home/kireiji/Documents/GitHub/Exam/install/turtlesim_plus_interfaces/lib/python3.10/site-packages/turtlesim_plus_interfaces/action/_get_data.py
[4.544s] -- Installing: /home/kireiji/Documents/GitHub/Exam/install/turtlesim_plus_interfaces/lib/python3.10/site-packages/turtlesim_plus_interfaces/turtlesim_plus_interfaces_s__rosidl_typesupport_c.cpython-310-x86_64-linux-gnu.so
[4.544s] -- Installing: /home/kireiji/Documents/GitHub/Exam/install/turtlesim_plus_interfaces/lib/python3.10/site-packages/turtlesim_plus_interfaces/turtlesim_plus_interfaces_s__rosidl_typesupport_fastrtps_c.cpython-310-x86_64-linux-gnu.so
[4.578s] Listing '/home/kireiji/Documents/GitHub/Exam/install/turtlesim_plus_interfaces/lib/python3.10/site-packages/turtlesim_plus_interfaces'...
[4.578s] Compiling '/home/kireiji/Documents/GitHub/Exam/install/turtlesim_plus_interfaces/lib/python3.10/site-packages/turtlesim_plus_interfaces/__init__.py'...
[4.578s] Listing '/home/kireiji/Documents/GitHub/Exam/install/turtlesim_plus_interfaces/lib/python3.10/site-packages/turtlesim_plus_interfaces/action'...
[4.578s] Compiling '/home/kireiji/Documents/GitHub/Exam/install/turtlesim_plus_interfaces/lib/python3.10/site-packages/turtlesim_plus_interfaces/action/__init__.py'...
[4.578s] Compiling '/home/kireiji/Documents/GitHub/Exam/install/turtlesim_plus_interfaces/lib/python3.10/site-packages/turtlesim_plus_interfaces/action/_get_data.py'...
[4.578s] Listing '/home/kireiji/Documents/GitHub/Exam/install/turtlesim_plus_interfaces/lib/python3.10/site-packages/turtlesim_plus_interfaces/msg'...
[4.578s] Compiling '/home/kireiji/Documents/GitHub/Exam/install/turtlesim_plus_interfaces/lib/python3.10/site-packages/turtlesim_plus_interfaces/msg/__init__.py'...
[4.578s] Compiling '/home/kireiji/Documents/GitHub/Exam/install/turtlesim_plus_interfaces/lib/python3.10/site-packages/turtlesim_plus_interfaces/msg/_scanner_data.py'...
[4.578s] Compiling '/home/kireiji/Documents/GitHub/Exam/install/turtlesim_plus_interfaces/lib/python3.10/site-packages/turtlesim_plus_interfaces/msg/_scanner_data_array.py'...
[4.578s] Listing '/home/kireiji/Documents/GitHub/Exam/install/turtlesim_plus_interfaces/lib/python3.10/site-packages/turtlesim_plus_interfaces/srv'...
[4.578s] Compiling '/home/kireiji/Documents/GitHub/Exam/install/turtlesim_plus_interfaces/lib/python3.10/site-packages/turtlesim_plus_interfaces/srv/__init__.py'...
[4.578s] Compiling '/home/kireiji/Documents/GitHub/Exam/install/turtlesim_plus_interfaces/lib/python3.10/site-packages/turtlesim_plus_interfaces/srv/_give_position.py'...
[4.578s] Compiling '/home/kireiji/Documents/GitHub/Exam/install/turtlesim_plus_interfaces/lib/python3.10/site-packages/turtlesim_plus_interfaces/srv/_yaml_req.py'...
[4.581s] -- Installing: /home/kireiji/Documents/GitHub/Exam/install/turtlesim_plus_interfaces/lib/python3.10/site-packages/turtlesim_plus_interfaces/turtlesim_plus_interfaces_s__rosidl_typesupport_fastrtps_c.cpython-310-x86_64-linux-gnu.so
[4.581s] -- Set runtime path of "/home/kireiji/Documents/GitHub/Exam/install/turtlesim_plus_interfaces/lib/python3.10/site-packages/turtlesim_plus_interfaces/turtlesim_plus_interfaces_s__rosidl_typesupport_fastrtps_c.cpython-310-x86_64-linux-gnu.so" to ""
[4.581s] -- Installing: /home/kireiji/Documents/GitHub/Exam/install/turtlesim_plus_interfaces/lib/python3.10/site-packages/turtlesim_plus_interfaces/turtlesim_plus_interfaces_s__rosidl_typesupport_introspection_c.cpython-310-x86_64-linux-gnu.so
[4.582s] -- Set runtime path of "/home/kireiji/Documents/GitHub/Exam/install/turtlesim_plus_interfaces/lib/python3.10/site-packages/turtlesim_plus_interfaces/turtlesim_plus_interfaces_s__rosidl_typesupport_introspection_c.cpython-310-x86_64-linux-gnu.so" to ""
[4.582s] -- Installing: /home/kireiji/Documents/GitHub/Exam/install/turtlesim_plus_interfaces/lib/python3.10/site-packages/turtlesim_plus_interfaces/turtlesim_plus_interfaces_s__rosidl_typesupport_c.cpython-310-x86_64-linux-gnu.so
[4.582s] -- Set runtime path of "/home/kireiji/Documents/GitHub/Exam/install/turtlesim_plus_interfaces/lib/python3.10/site-packages/turtlesim_plus_interfaces/turtlesim_plus_interfaces_s__rosidl_typesupport_c.cpython-310-x86_64-linux-gnu.so" to ""
[4.582s] -- Installing: /home/kireiji/Documents/GitHub/Exam/install/turtlesim_plus_interfaces/lib/libturtlesim_plus_interfaces__rosidl_generator_py.so
[4.590s] -- Set runtime path of "/home/kireiji/Documents/GitHub/Exam/install/turtlesim_plus_interfaces/lib/libturtlesim_plus_interfaces__rosidl_generator_py.so" to ""
[4.590s] -- Up-to-date: /home/kireiji/Documents/GitHub/Exam/install/turtlesim_plus_interfaces/share/turtlesim_plus_interfaces/msg/ScannerData.idl
[4.590s] -- Up-to-date: /home/kireiji/Documents/GitHub/Exam/install/turtlesim_plus_interfaces/share/turtlesim_plus_interfaces/msg/ScannerDataArray.idl
[4.590s] -- Up-to-date: /home/kireiji/Documents/GitHub/Exam/install/turtlesim_plus_interfaces/share/turtlesim_plus_interfaces/srv/GivePosition.idl
[4.590s] -- Up-to-date: /home/kireiji/Documents/GitHub/Exam/install/turtlesim_plus_interfaces/share/turtlesim_plus_interfaces/action/GetData.idl
[4.590s] -- Installing: /home/kireiji/Documents/GitHub/Exam/install/turtlesim_plus_interfaces/share/turtlesim_plus_interfaces/srv/YamlReq.idl
[4.590s] -- Up-to-date: /home/kireiji/Documents/GitHub/Exam/install/turtlesim_plus_interfaces/share/turtlesim_plus_interfaces/msg/ScannerData.msg
[4.590s] -- Up-to-date: /home/kireiji/Documents/GitHub/Exam/install/turtlesim_plus_interfaces/share/turtlesim_plus_interfaces/msg/ScannerDataArray.msg
[4.590s] -- Up-to-date: /home/kireiji/Documents/GitHub/Exam/install/turtlesim_plus_interfaces/share/turtlesim_plus_interfaces/srv/GivePosition.srv
[4.590s] -- Up-to-date: /home/kireiji/Documents/GitHub/Exam/install/turtlesim_plus_interfaces/share/turtlesim_plus_interfaces/srv/GivePosition_Request.msg
[4.590s] -- Up-to-date: /home/kireiji/Documents/GitHub/Exam/install/turtlesim_plus_interfaces/share/turtlesim_plus_interfaces/srv/GivePosition_Response.msg
[4.590s] -- Up-to-date: /home/kireiji/Documents/GitHub/Exam/install/turtlesim_plus_interfaces/share/turtlesim_plus_interfaces/action/GetData.action
[4.590s] -- Installing: /home/kireiji/Documents/GitHub/Exam/install/turtlesim_plus_interfaces/share/turtlesim_plus_interfaces/srv/YamlReq.srv
[4.591s] -- Installing: /home/kireiji/Documents/GitHub/Exam/install/turtlesim_plus_interfaces/share/turtlesim_plus_interfaces/srv/YamlReq_Request.msg
[4.591s] -- Installing: /home/kireiji/Documents/GitHub/Exam/install/turtlesim_plus_interfaces/share/turtlesim_plus_interfaces/srv/YamlReq_Response.msg
[4.591s] -- Up-to-date: /home/kireiji/Documents/GitHub/Exam/install/turtlesim_plus_interfaces/share/ament_index/resource_index/package_run_dependencies/turtlesim_plus_interfaces
[4.591s] -- Up-to-date: /home/kireiji/Documents/GitHub/Exam/install/turtlesim_plus_interfaces/share/ament_index/resource_index/parent_prefix_path/turtlesim_plus_interfaces
[4.591s] -- Up-to-date: /home/kireiji/Documents/GitHub/Exam/install/turtlesim_plus_interfaces/share/turtlesim_plus_interfaces/environment/ament_prefix_path.sh
[4.591s] -- Installing: /home/kireiji/Documents/GitHub/Exam/install/turtlesim_plus_interfaces/share/turtlesim_plus_interfaces/environment/ament_prefix_path.dsv
[4.591s] -- Up-to-date: /home/kireiji/Documents/GitHub/Exam/install/turtlesim_plus_interfaces/share/turtlesim_plus_interfaces/environment/path.sh
[4.591s] -- Installing: /home/kireiji/Documents/GitHub/Exam/install/turtlesim_plus_interfaces/share/turtlesim_plus_interfaces/environment/path.dsv
[4.591s] -- Up-to-date: /home/kireiji/Documents/GitHub/Exam/install/turtlesim_plus_interfaces/share/turtlesim_plus_interfaces/local_setup.bash
[4.591s] -- Up-to-date: /home/kireiji/Documents/GitHub/Exam/install/turtlesim_plus_interfaces/share/turtlesim_plus_interfaces/local_setup.sh
[4.591s] -- Up-to-date: /home/kireiji/Documents/GitHub/Exam/install/turtlesim_plus_interfaces/share/turtlesim_plus_interfaces/local_setup.zsh
[4.591s] -- Installing: /home/kireiji/Documents/GitHub/Exam/install/turtlesim_plus_interfaces/share/turtlesim_plus_interfaces/local_setup.dsv
[4.591s] -- Installing: /home/kireiji/Documents/GitHub/Exam/install/turtlesim_plus_interfaces/share/turtlesim_plus_interfaces/package.dsv
[4.591s] -- Up-to-date: /home/kireiji/Documents/GitHub/Exam/install/turtlesim_plus_interfaces/share/ament_index/resource_index/packages/turtlesim_plus_interfaces
[4.591s] -- Up-to-date: /home/kireiji/Documents/GitHub/Exam/install/turtlesim_plus_interfaces/share/turtlesim_plus_interfaces/cmake/export_turtlesim_plus_interfaces__rosidl_generator_cExport.cmake
[4.591s] -- Up-to-date: /home/kireiji/Documents/GitHub/Exam/install/turtlesim_plus_interfaces/share/turtlesim_plus_interfaces/cmake/export_turtlesim_plus_interfaces__rosidl_generator_cExport-noconfig.cmake
[4.591s] -- Up-to-date: /home/kireiji/Documents/GitHub/Exam/install/turtlesim_plus_interfaces/share/turtlesim_plus_interfaces/cmake/export_turtlesim_plus_interfaces__rosidl_typesupport_fastrtps_cExport.cmake
[4.591s] -- Up-to-date: /home/kireiji/Documents/GitHub/Exam/install/turtlesim_plus_interfaces/share/turtlesim_plus_interfaces/cmake/export_turtlesim_plus_interfaces__rosidl_typesupport_fastrtps_cExport-noconfig.cmake
[4.591s] -- Up-to-date: /home/kireiji/Documents/GitHub/Exam/install/turtlesim_plus_interfaces/share/turtlesim_plus_interfaces/cmake/turtlesim_plus_interfaces__rosidl_typesupport_introspection_cExport.cmake
[4.591s] -- Up-to-date: /home/kireiji/Documents/GitHub/Exam/install/turtlesim_plus_interfaces/share/turtlesim_plus_interfaces/cmake/turtlesim_plus_interfaces__rosidl_typesupport_introspection_cExport-noconfig.cmake
[4.591s] -- Up-to-date: /home/kireiji/Documents/GitHub/Exam/install/turtlesim_plus_interfaces/share/turtlesim_plus_interfaces/cmake/turtlesim_plus_interfaces__rosidl_typesupport_cExport.cmake
[4.591s] -- Up-to-date: /home/kireiji/Documents/GitHub/Exam/install/turtlesim_plus_interfaces/share/turtlesim_plus_interfaces/cmake/turtlesim_plus_interfaces__rosidl_typesupport_cExport-noconfig.cmake
[4.591s] -- Up-to-date: /home/kireiji/Documents/GitHub/Exam/install/turtlesim_plus_interfaces/share/turtlesim_plus_interfaces/cmake/export_turtlesim_plus_interfaces__rosidl_generator_cppExport.cmake
[4.591s] -- Up-to-date: /home/kireiji/Documents/GitHub/Exam/install/turtlesim_plus_interfaces/share/turtlesim_plus_interfaces/cmake/export_turtlesim_plus_interfaces__rosidl_typesupport_fastrtps_cppExport.cmake
[4.591s] -- Up-to-date: /home/kireiji/Documents/GitHub/Exam/install/turtlesim_plus_interfaces/share/turtlesim_plus_interfaces/cmake/export_turtlesim_plus_interfaces__rosidl_typesupport_fastrtps_cppExport-noconfig.cmake
[4.591s] -- Up-to-date: /home/kireiji/Documents/GitHub/Exam/install/turtlesim_plus_interfaces/share/turtlesim_plus_interfaces/cmake/turtlesim_plus_interfaces__rosidl_typesupport_introspection_cppExport.cmake
[4.592s] -- Up-to-date: /home/kireiji/Documents/GitHub/Exam/install/turtlesim_plus_interfaces/share/turtlesim_plus_interfaces/cmake/turtlesim_plus_interfaces__rosidl_typesupport_introspection_cppExport-noconfig.cmake
[4.592s] -- Up-to-date: /home/kireiji/Documents/GitHub/Exam/install/turtlesim_plus_interfaces/share/turtlesim_plus_interfaces/cmake/turtlesim_plus_interfaces__rosidl_typesupport_cppExport.cmake
[4.592s] -- Up-to-date: /home/kireiji/Documents/GitHub/Exam/install/turtlesim_plus_interfaces/share/turtlesim_plus_interfaces/cmake/turtlesim_plus_interfaces__rosidl_typesupport_cppExport-noconfig.cmake
[4.592s] -- Up-to-date: /home/kireiji/Documents/GitHub/Exam/install/turtlesim_plus_interfaces/share/turtlesim_plus_interfaces/cmake/export_turtlesim_plus_interfaces__rosidl_generator_pyExport.cmake
[4.592s] -- Up-to-date: /home/kireiji/Documents/GitHub/Exam/install/turtlesim_plus_interfaces/share/turtlesim_plus_interfaces/cmake/export_turtlesim_plus_interfaces__rosidl_generator_pyExport-noconfig.cmake
[4.592s] -- Installing: /home/kireiji/Documents/GitHub/Exam/install/turtlesim_plus_interfaces/share/turtlesim_plus_interfaces/cmake/rosidl_cmake-extras.cmake
[4.592s] -- Up-to-date: /home/kireiji/Documents/GitHub/Exam/install/turtlesim_plus_interfaces/share/turtlesim_plus_interfaces/cmake/ament_cmake_export_dependencies-extras.cmake
[4.592s] -- Up-to-date: /home/kireiji/Documents/GitHub/Exam/install/turtlesim_plus_interfaces/share/turtlesim_plus_interfaces/cmake/ament_cmake_export_include_directories-extras.cmake
[4.592s] -- Up-to-date: /home/kireiji/Documents/GitHub/Exam/install/turtlesim_plus_interfaces/share/turtlesim_plus_interfaces/cmake/ament_cmake_export_libraries-extras.cmake
[4.592s] -- Up-to-date: /home/kireiji/Documents/GitHub/Exam/install/turtlesim_plus_interfaces/share/turtlesim_plus_interfaces/cmake/ament_cmake_export_targets-extras.cmake
[4.592s] -- Up-to-date: /home/kireiji/Documents/GitHub/Exam/install/turtlesim_plus_interfaces/share/turtlesim_plus_interfaces/cmake/rosidl_cmake_export_typesupport_targets-extras.cmake
[4.592s] -- Up-to-date: /home/kireiji/Documents/GitHub/Exam/install/turtlesim_plus_interfaces/share/turtlesim_plus_interfaces/cmake/rosidl_cmake_export_typesupport_libraries-extras.cmake
[4.592s] -- Up-to-date: /home/kireiji/Documents/GitHub/Exam/install/turtlesim_plus_interfaces/share/turtlesim_plus_interfaces/cmake/turtlesim_plus_interfacesConfig.cmake
[4.592s] -- Up-to-date: /home/kireiji/Documents/GitHub/Exam/install/turtlesim_plus_interfaces/share/turtlesim_plus_interfaces/cmake/turtlesim_plus_interfacesConfig-version.cmake
[4.592s] -- Up-to-date: /home/kireiji/Documents/GitHub/Exam/install/turtlesim_plus_interfaces/share/turtlesim_plus_interfaces/package.xml
[4.593s] Invoked command in '/home/kireiji/Documents/GitHub/Exam/build/turtlesim_plus_interfaces' returned '0': CMAKE_PREFIX_PATH=${CMAKE_PREFIX_PATH}:/home/kireiji/ros2_ws/install/my_py_pkg:/opt/ros/humble /usr/bin/cmake --install /home/kireiji/Documents/GitHub/Exam/build/turtlesim_plus_interfaces
