[0.011s] Invoking command in '/home/kireiji/Documents/GitHub/Exam/build/turtlesim_plus': CMAKE_PREFIX_PATH=${CMAKE_PREFIX_PATH}:/home/kireiji/RoboticsDev_ws/install/launch_testing_examples:/home/kireiji/RoboticsDev_ws/install/examples_rclpy_pointcloud_publisher:/home/kireiji/RoboticsDev_ws/install/examples_rclpy_minimal_subscriber:/home/kireiji/RoboticsDev_ws/install/examples_rclpy_minimal_service:/home/kireiji/RoboticsDev_ws/install/examples_rclpy_minimal_publisher:/home/kireiji/RoboticsDev_ws/install/examples_rclpy_minimal_client:/home/kireiji/RoboticsDev_ws/install/examples_rclpy_minimal_action_server:/home/kireiji/RoboticsDev_ws/install/examples_rclpy_minimal_action_client:/home/kireiji/RoboticsDev_ws/install/examples_rclpy_guard_conditions:/home/kireiji/RoboticsDev_ws/install/examples_rclpy_executors:/home/kireiji/ros2_ws/install/my_py_pkg:/opt/ros/humble /usr/bin/cmake /home/kireiji/Documents/GitHub/Exam/src/turtlesim_plus -DCMAKE_INSTALL_PREFIX=/home/kireiji/Documents/GitHub/Exam/install/turtlesim_plus
[0.071s] -- The C compiler identification is GNU 11.4.0
[0.110s] -- The CXX compiler identification is GNU 11.4.0
[0.114s] -- Detecting C compiler ABI info
[0.158s] -- Detecting C compiler ABI info - done
[0.163s] -- Check for working C compiler: /usr/bin/cc - skipped
[0.164s] -- Detecting C compile features
[0.164s] -- Detecting C compile features - done
[0.166s] -- Detecting CXX compiler ABI info
[0.219s] -- Detecting CXX compiler ABI info - done
[0.223s] -- Check for working CXX compiler: /usr/bin/c++ - skipped
[0.223s] -- Detecting CXX compile features
[0.224s] -- Detecting CXX compile features - done
[0.227s] -- Found ament_cmake: 1.3.10 (/opt/ros/humble/share/ament_cmake/cmake)
[0.620s] -- Found Python3: /usr/local/bin/python3 (found version "3.10.0") found components: Interpreter 
[0.713s] -- Found rclcpp: 16.0.10 (/opt/ros/humble/share/rclcpp/cmake)
[0.754s] -- Found rosidl_generator_c: 3.1.5 (/opt/ros/humble/share/rosidl_generator_c/cmake)
[0.760s] -- Found rosidl_adapter: 3.1.5 (/opt/ros/humble/share/rosidl_adapter/cmake)
[0.768s] -- Found rosidl_generator_cpp: 3.1.5 (/opt/ros/humble/share/rosidl_generator_cpp/cmake)
[0.779s] -- Using all available rosidl_typesupport_c: rosidl_typesupport_fastrtps_c;rosidl_typesupport_introspection_c
[0.794s] -- Using all available rosidl_typesupport_cpp: rosidl_typesupport_fastrtps_cpp;rosidl_typesupport_introspection_cpp
[0.836s] -- Found rmw_implementation_cmake: 6.1.2 (/opt/ros/humble/share/rmw_implementation_cmake/cmake)
[0.840s] -- Found rmw_fastrtps_cpp: 6.2.7 (/opt/ros/humble/share/rmw_fastrtps_cpp/cmake)
[0.906s] -- Found OpenSSL: /usr/lib/x86_64-linux-gnu/libcrypto.so (found version "3.0.2")  
[0.925s] -- Found FastRTPS: /opt/ros/humble/include  
[0.954s] -- Using RMW implementation 'rmw_fastrtps_cpp' as default
[0.964s] -- Looking for pthread.h
[1.011s] -- Looking for pthread.h - found
[1.011s] -- Performing Test CMAKE_HAVE_LIBC_PTHREAD
[1.060s] -- Performing Test CMAKE_HAVE_LIBC_PTHREAD - Success
[1.060s] -- Found Threads: TRUE  
[1.100s] -- Found rclpy: 3.3.14 (/opt/ros/humble/share/rclpy/cmake)
[1.275s] -- Configuring done
[1.278s] -- Generating done
[1.279s] -- Build files have been written to: /home/kireiji/Documents/GitHub/Exam/build/turtlesim_plus
[1.285s] Invoked command in '/home/kireiji/Documents/GitHub/Exam/build/turtlesim_plus' returned '0': CMAKE_PREFIX_PATH=${CMAKE_PREFIX_PATH}:/home/kireiji/RoboticsDev_ws/install/launch_testing_examples:/home/kireiji/RoboticsDev_ws/install/examples_rclpy_pointcloud_publisher:/home/kireiji/RoboticsDev_ws/install/examples_rclpy_minimal_subscriber:/home/kireiji/RoboticsDev_ws/install/examples_rclpy_minimal_service:/home/kireiji/RoboticsDev_ws/install/examples_rclpy_minimal_publisher:/home/kireiji/RoboticsDev_ws/install/examples_rclpy_minimal_client:/home/kireiji/RoboticsDev_ws/install/examples_rclpy_minimal_action_server:/home/kireiji/RoboticsDev_ws/install/examples_rclpy_minimal_action_client:/home/kireiji/RoboticsDev_ws/install/examples_rclpy_guard_conditions:/home/kireiji/RoboticsDev_ws/install/examples_rclpy_executors:/home/kireiji/ros2_ws/install/my_py_pkg:/opt/ros/humble /usr/bin/cmake /home/kireiji/Documents/GitHub/Exam/src/turtlesim_plus -DCMAKE_INSTALL_PREFIX=/home/kireiji/Documents/GitHub/Exam/install/turtlesim_plus
[1.286s] Invoking command in '/home/kireiji/Documents/GitHub/Exam/build/turtlesim_plus': CMAKE_PREFIX_PATH=${CMAKE_PREFIX_PATH}:/home/kireiji/RoboticsDev_ws/install/launch_testing_examples:/home/kireiji/RoboticsDev_ws/install/examples_rclpy_pointcloud_publisher:/home/kireiji/RoboticsDev_ws/install/examples_rclpy_minimal_subscriber:/home/kireiji/RoboticsDev_ws/install/examples_rclpy_minimal_service:/home/kireiji/RoboticsDev_ws/install/examples_rclpy_minimal_publisher:/home/kireiji/RoboticsDev_ws/install/examples_rclpy_minimal_client:/home/kireiji/RoboticsDev_ws/install/examples_rclpy_minimal_action_server:/home/kireiji/RoboticsDev_ws/install/examples_rclpy_minimal_action_client:/home/kireiji/RoboticsDev_ws/install/examples_rclpy_guard_conditions:/home/kireiji/RoboticsDev_ws/install/examples_rclpy_executors:/home/kireiji/ros2_ws/install/my_py_pkg:/opt/ros/humble /usr/bin/cmake --build /home/kireiji/Documents/GitHub/Exam/build/turtlesim_plus -- -j16 -l16
[1.326s] Built target ament_cmake_python_copy_turtlesim_plus
[1.505s] running egg_info
[1.505s] creating turtlesim_plus.egg-info
[1.506s] writing manifest file 'turtlesim_plus.egg-info/SOURCES.txt'
[1.507s] writing manifest file 'turtlesim_plus.egg-info/SOURCES.txt'
[1.525s] Built target ament_cmake_python_build_turtlesim_plus_egg
[1.533s] Invoked command in '/home/kireiji/Documents/GitHub/Exam/build/turtlesim_plus' returned '0': CMAKE_PREFIX_PATH=${CMAKE_PREFIX_PATH}:/home/kireiji/RoboticsDev_ws/install/launch_testing_examples:/home/kireiji/RoboticsDev_ws/install/examples_rclpy_pointcloud_publisher:/home/kireiji/RoboticsDev_ws/install/examples_rclpy_minimal_subscriber:/home/kireiji/RoboticsDev_ws/install/examples_rclpy_minimal_service:/home/kireiji/RoboticsDev_ws/install/examples_rclpy_minimal_publisher:/home/kireiji/RoboticsDev_ws/install/examples_rclpy_minimal_client:/home/kireiji/RoboticsDev_ws/install/examples_rclpy_minimal_action_server:/home/kireiji/RoboticsDev_ws/install/examples_rclpy_minimal_action_client:/home/kireiji/RoboticsDev_ws/install/examples_rclpy_guard_conditions:/home/kireiji/RoboticsDev_ws/install/examples_rclpy_executors:/home/kireiji/ros2_ws/install/my_py_pkg:/opt/ros/humble /usr/bin/cmake --build /home/kireiji/Documents/GitHub/Exam/build/turtlesim_plus -- -j16 -l16
[1.557s] Invoking command in '/home/kireiji/Documents/GitHub/Exam/build/turtlesim_plus': CMAKE_PREFIX_PATH=${CMAKE_PREFIX_PATH}:/home/kireiji/RoboticsDev_ws/install/launch_testing_examples:/home/kireiji/RoboticsDev_ws/install/examples_rclpy_pointcloud_publisher:/home/kireiji/RoboticsDev_ws/install/examples_rclpy_minimal_subscriber:/home/kireiji/RoboticsDev_ws/install/examples_rclpy_minimal_service:/home/kireiji/RoboticsDev_ws/install/examples_rclpy_minimal_publisher:/home/kireiji/RoboticsDev_ws/install/examples_rclpy_minimal_client:/home/kireiji/RoboticsDev_ws/install/examples_rclpy_minimal_action_server:/home/kireiji/RoboticsDev_ws/install/examples_rclpy_minimal_action_client:/home/kireiji/RoboticsDev_ws/install/examples_rclpy_guard_conditions:/home/kireiji/RoboticsDev_ws/install/examples_rclpy_executors:/home/kireiji/ros2_ws/install/my_py_pkg:/opt/ros/humble /usr/bin/cmake --install /home/kireiji/Documents/GitHub/Exam/build/turtlesim_plus
[1.562s] -- Install configuration: ""
[1.562s] -- Installing: /home/kireiji/Documents/GitHub/Exam/install/turtlesim_plus/share/turtlesim_plus/environment/pythonpath.sh
[1.562s] -- Installing: /home/kireiji/Documents/GitHub/Exam/install/turtlesim_plus/share/turtlesim_plus/environment/pythonpath.dsv
[1.562s] -- Installing: /home/kireiji/Documents/GitHub/Exam/install/turtlesim_plus/lib/python3.10/site-packages/turtlesim_plus-1.0.0-py3.10.egg-info
[1.562s] -- Installing: /home/kireiji/Documents/GitHub/Exam/install/turtlesim_plus/lib/python3.10/site-packages/turtlesim_plus-1.0.0-py3.10.egg-info/PKG-INFO
[1.563s] -- Installing: /home/kireiji/Documents/GitHub/Exam/install/turtlesim_plus/lib/python3.10/site-packages/turtlesim_plus-1.0.0-py3.10.egg-info/dependency_links.txt
[1.563s] -- Installing: /home/kireiji/Documents/GitHub/Exam/install/turtlesim_plus/lib/python3.10/site-packages/turtlesim_plus-1.0.0-py3.10.egg-info/top_level.txt
[1.563s] -- Installing: /home/kireiji/Documents/GitHub/Exam/install/turtlesim_plus/lib/python3.10/site-packages/turtlesim_plus-1.0.0-py3.10.egg-info/SOURCES.txt
[1.563s] -- Installing: /home/kireiji/Documents/GitHub/Exam/install/turtlesim_plus/lib/python3.10/site-packages/turtlesim_plus
[1.563s] -- Installing: /home/kireiji/Documents/GitHub/Exam/install/turtlesim_plus/lib/python3.10/site-packages/turtlesim_plus/__init__.py
[1.563s] -- Installing: /home/kireiji/Documents/GitHub/Exam/install/turtlesim_plus/lib/python3.10/site-packages/turtlesim_plus/ros2_plugins.py
[1.563s] -- Installing: /home/kireiji/Documents/GitHub/Exam/install/turtlesim_plus/lib/python3.10/site-packages/turtlesim_plus/entity.py
[1.563s] -- Installing: /home/kireiji/Documents/GitHub/Exam/install/turtlesim_plus/lib/python3.10/site-packages/turtlesim_plus/image
[1.563s] -- Installing: /home/kireiji/Documents/GitHub/Exam/install/turtlesim_plus/lib/python3.10/site-packages/turtlesim_plus/image/turtle
[1.563s] -- Installing: /home/kireiji/Documents/GitHub/Exam/install/turtlesim_plus/lib/python3.10/site-packages/turtlesim_plus/image/turtle/bouncy.png
[1.563s] -- Installing: /home/kireiji/Documents/GitHub/Exam/install/turtlesim_plus/lib/python3.10/site-packages/turtlesim_plus/image/turtle/foxy.png
[1.563s] -- Installing: /home/kireiji/Documents/GitHub/Exam/install/turtlesim_plus/lib/python3.10/site-packages/turtlesim_plus/image/turtle/crystal.png
[1.563s] -- Installing: /home/kireiji/Documents/GitHub/Exam/install/turtlesim_plus/lib/python3.10/site-packages/turtlesim_plus/image/turtle/galactic.png
[1.563s] -- Installing: /home/kireiji/Documents/GitHub/Exam/install/turtlesim_plus/lib/python3.10/site-packages/turtlesim_plus/image/turtle/otto.png
[1.563s] -- Installing: /home/kireiji/Documents/GitHub/Exam/install/turtlesim_plus/lib/python3.10/site-packages/turtlesim_plus/image/turtle/eloquent.png
[1.564s] -- Installing: /home/kireiji/Documents/GitHub/Exam/install/turtlesim_plus/lib/python3.10/site-packages/turtlesim_plus/image/turtle/dashing.png
[1.564s] -- Installing: /home/kireiji/Documents/GitHub/Exam/install/turtlesim_plus/lib/python3.10/site-packages/turtlesim_plus/image/turtle/humble.png
[1.564s] -- Installing: /home/kireiji/Documents/GitHub/Exam/install/turtlesim_plus/lib/python3.10/site-packages/turtlesim_plus/image/turtle/rolling.png
[1.564s] -- Installing: /home/kireiji/Documents/GitHub/Exam/install/turtlesim_plus/lib/python3.10/site-packages/turtlesim_plus/image/turtle/ardent.png
[1.564s] -- Installing: /home/kireiji/Documents/GitHub/Exam/install/turtlesim_plus/lib/python3.10/site-packages/turtlesim_plus/image/object
[1.564s] -- Installing: /home/kireiji/Documents/GitHub/Exam/install/turtlesim_plus/lib/python3.10/site-packages/turtlesim_plus/image/object/pizza.png
[1.564s] -- Installing: /home/kireiji/Documents/GitHub/Exam/install/turtlesim_plus/lib/python3.10/site-packages/turtlesim_plus/image/object/parcel.png
[1.564s] -- Installing: /home/kireiji/Documents/GitHub/Exam/install/turtlesim_plus/lib/python3.10/site-packages/turtlesim_plus/image/map
[1.564s] -- Installing: /home/kireiji/Documents/GitHub/Exam/install/turtlesim_plus/lib/python3.10/site-packages/turtlesim_plus/image/map/map.png
[1.600s] Listing '/home/kireiji/Documents/GitHub/Exam/install/turtlesim_plus/lib/python3.10/site-packages/turtlesim_plus'...
[1.600s] Compiling '/home/kireiji/Documents/GitHub/Exam/install/turtlesim_plus/lib/python3.10/site-packages/turtlesim_plus/__init__.py'...
[1.600s] Compiling '/home/kireiji/Documents/GitHub/Exam/install/turtlesim_plus/lib/python3.10/site-packages/turtlesim_plus/entity.py'...
[1.600s] Listing '/home/kireiji/Documents/GitHub/Exam/install/turtlesim_plus/lib/python3.10/site-packages/turtlesim_plus/image'...
[1.600s] Listing '/home/kireiji/Documents/GitHub/Exam/install/turtlesim_plus/lib/python3.10/site-packages/turtlesim_plus/image/map'...
[1.600s] Listing '/home/kireiji/Documents/GitHub/Exam/install/turtlesim_plus/lib/python3.10/site-packages/turtlesim_plus/image/object'...
[1.600s] Listing '/home/kireiji/Documents/GitHub/Exam/install/turtlesim_plus/lib/python3.10/site-packages/turtlesim_plus/image/turtle'...
[1.600s] Compiling '/home/kireiji/Documents/GitHub/Exam/install/turtlesim_plus/lib/python3.10/site-packages/turtlesim_plus/ros2_plugins.py'...
[1.604s] -- Installing: /home/kireiji/Documents/GitHub/Exam/install/turtlesim_plus/lib/turtlesim_plus/turtlesim_plus_node.py
[1.604s] -- Installing: /home/kireiji/Documents/GitHub/Exam/install/turtlesim_plus/lib/turtlesim_plus/pizza_on_click.py
[1.604s] -- Up-to-date: /home/kireiji/Documents/GitHub/Exam/install/turtlesim_plus/share/turtlesim_plus
[1.604s] -- Installing: /home/kireiji/Documents/GitHub/Exam/install/turtlesim_plus/share/ament_index/resource_index/package_run_dependencies/turtlesim_plus
[1.604s] -- Installing: /home/kireiji/Documents/GitHub/Exam/install/turtlesim_plus/share/ament_index/resource_index/parent_prefix_path/turtlesim_plus
[1.604s] -- Installing: /home/kireiji/Documents/GitHub/Exam/install/turtlesim_plus/share/turtlesim_plus/environment/ament_prefix_path.sh
[1.604s] -- Installing: /home/kireiji/Documents/GitHub/Exam/install/turtlesim_plus/share/turtlesim_plus/environment/ament_prefix_path.dsv
[1.604s] -- Installing: /home/kireiji/Documents/GitHub/Exam/install/turtlesim_plus/share/turtlesim_plus/environment/path.sh
[1.604s] -- Installing: /home/kireiji/Documents/GitHub/Exam/install/turtlesim_plus/share/turtlesim_plus/environment/path.dsv
[1.604s] -- Installing: /home/kireiji/Documents/GitHub/Exam/install/turtlesim_plus/share/turtlesim_plus/local_setup.bash
[1.604s] -- Installing: /home/kireiji/Documents/GitHub/Exam/install/turtlesim_plus/share/turtlesim_plus/local_setup.sh
[1.604s] -- Installing: /home/kireiji/Documents/GitHub/Exam/install/turtlesim_plus/share/turtlesim_plus/local_setup.zsh
[1.604s] -- Installing: /home/kireiji/Documents/GitHub/Exam/install/turtlesim_plus/share/turtlesim_plus/local_setup.dsv
[1.604s] -- Installing: /home/kireiji/Documents/GitHub/Exam/install/turtlesim_plus/share/turtlesim_plus/package.dsv
[1.605s] -- Installing: /home/kireiji/Documents/GitHub/Exam/install/turtlesim_plus/share/ament_index/resource_index/packages/turtlesim_plus
[1.605s] -- Installing: /home/kireiji/Documents/GitHub/Exam/install/turtlesim_plus/share/turtlesim_plus/cmake/turtlesim_plusConfig.cmake
[1.605s] -- Installing: /home/kireiji/Documents/GitHub/Exam/install/turtlesim_plus/share/turtlesim_plus/cmake/turtlesim_plusConfig-version.cmake
[1.605s] -- Installing: /home/kireiji/Documents/GitHub/Exam/install/turtlesim_plus/share/turtlesim_plus/package.xml
[1.606s] Invoked command in '/home/kireiji/Documents/GitHub/Exam/build/turtlesim_plus' returned '0': CMAKE_PREFIX_PATH=${CMAKE_PREFIX_PATH}:/home/kireiji/RoboticsDev_ws/install/launch_testing_examples:/home/kireiji/RoboticsDev_ws/install/examples_rclpy_pointcloud_publisher:/home/kireiji/RoboticsDev_ws/install/examples_rclpy_minimal_subscriber:/home/kireiji/RoboticsDev_ws/install/examples_rclpy_minimal_service:/home/kireiji/RoboticsDev_ws/install/examples_rclpy_minimal_publisher:/home/kireiji/RoboticsDev_ws/install/examples_rclpy_minimal_client:/home/kireiji/RoboticsDev_ws/install/examples_rclpy_minimal_action_server:/home/kireiji/RoboticsDev_ws/install/examples_rclpy_minimal_action_client:/home/kireiji/RoboticsDev_ws/install/examples_rclpy_guard_conditions:/home/kireiji/RoboticsDev_ws/install/examples_rclpy_executors:/home/kireiji/ros2_ws/install/my_py_pkg:/opt/ros/humble /usr/bin/cmake --install /home/kireiji/Documents/GitHub/Exam/build/turtlesim_plus
