[0.009s] Invoking command in '/home/kireiji/Documents/GitHub/Exam/build/God_turtle': CMAKE_PREFIX_PATH=${CMAKE_PREFIX_PATH}:/home/kireiji/RoboticsDev_ws/install/launch_testing_examples:/home/kireiji/RoboticsDev_ws/install/examples_rclpy_pointcloud_publisher:/home/kireiji/RoboticsDev_ws/install/examples_rclpy_minimal_subscriber:/home/kireiji/RoboticsDev_ws/install/examples_rclpy_minimal_service:/home/kireiji/RoboticsDev_ws/install/examples_rclpy_minimal_publisher:/home/kireiji/RoboticsDev_ws/install/examples_rclpy_minimal_client:/home/kireiji/RoboticsDev_ws/install/examples_rclpy_minimal_action_server:/home/kireiji/RoboticsDev_ws/install/examples_rclpy_minimal_action_client:/home/kireiji/RoboticsDev_ws/install/examples_rclpy_guard_conditions:/home/kireiji/RoboticsDev_ws/install/examples_rclpy_executors:/home/kireiji/ros2_ws/install/my_py_pkg:/opt/ros/humble /usr/bin/cmake /home/kireiji/Documents/GitHub/Exam/src/God_turtle -DCMAKE_INSTALL_PREFIX=/home/kireiji/Documents/GitHub/Exam/install/God_turtle
[0.047s] -- The C compiler identification is GNU 11.4.0
[0.083s] -- The CXX compiler identification is GNU 11.4.0
[0.088s] -- Detecting C compiler ABI info
[0.138s] -- Detecting C compiler ABI info - done
[0.143s] -- Check for working C compiler: /usr/bin/cc - skipped
[0.143s] -- Detecting C compile features
[0.143s] -- Detecting C compile features - done
[0.145s] -- Detecting CXX compiler ABI info
[0.203s] -- Detecting CXX compiler ABI info - done
[0.211s] -- Check for working CXX compiler: /usr/bin/c++ - skipped
[0.211s] -- Detecting CXX compile features
[0.211s] -- Detecting CXX compile features - done
[0.214s] -- Found ament_cmake: 1.3.10 (/opt/ros/humble/share/ament_cmake/cmake)
[0.621s] -- Found Python3: /usr/local/bin/python3 (found version "3.10.0") found components: Interpreter 
[0.715s] -- Found rclcpp: 16.0.10 (/opt/ros/humble/share/rclcpp/cmake)
[0.755s] -- Found rosidl_generator_c: 3.1.5 (/opt/ros/humble/share/rosidl_generator_c/cmake)
[0.761s] -- Found rosidl_adapter: 3.1.5 (/opt/ros/humble/share/rosidl_adapter/cmake)
[0.768s] -- Found rosidl_generator_cpp: 3.1.5 (/opt/ros/humble/share/rosidl_generator_cpp/cmake)
[0.778s] -- Using all available rosidl_typesupport_c: rosidl_typesupport_fastrtps_c;rosidl_typesupport_introspection_c
[0.792s] -- Using all available rosidl_typesupport_cpp: rosidl_typesupport_fastrtps_cpp;rosidl_typesupport_introspection_cpp
[0.832s] -- Found rmw_implementation_cmake: 6.1.2 (/opt/ros/humble/share/rmw_implementation_cmake/cmake)
[0.835s] -- Found rmw_fastrtps_cpp: 6.2.7 (/opt/ros/humble/share/rmw_fastrtps_cpp/cmake)
[0.899s] -- Found OpenSSL: /usr/lib/x86_64-linux-gnu/libcrypto.so (found version "3.0.2")  
[0.918s] -- Found FastRTPS: /opt/ros/humble/include  
[0.946s] -- Using RMW implementation 'rmw_fastrtps_cpp' as default
[0.955s] -- Looking for pthread.h
[1.003s] -- Looking for pthread.h - found
[1.003s] -- Performing Test CMAKE_HAVE_LIBC_PTHREAD
[1.051s] -- Performing Test CMAKE_HAVE_LIBC_PTHREAD - Success
[1.051s] -- Found Threads: TRUE  
[1.089s] -- Found rclpy: 3.3.14 (/opt/ros/humble/share/rclpy/cmake)
[1.171s] WARNING: Package name "God_turtle" does not follow the naming conventions. It should start with a lower case letter and only contain lower case letters, digits, underscores, and dashes.
[1.240s] WARNING: Package name "God_turtle" does not follow the naming conventions. It should start with a lower case letter and only contain lower case letters, digits, underscores, and dashes.
[1.249s] -- Configuring done
[1.254s] -- Generating done
[1.255s] -- Build files have been written to: /home/kireiji/Documents/GitHub/Exam/build/God_turtle
[1.261s] Invoked command in '/home/kireiji/Documents/GitHub/Exam/build/God_turtle' returned '0': CMAKE_PREFIX_PATH=${CMAKE_PREFIX_PATH}:/home/kireiji/RoboticsDev_ws/install/launch_testing_examples:/home/kireiji/RoboticsDev_ws/install/examples_rclpy_pointcloud_publisher:/home/kireiji/RoboticsDev_ws/install/examples_rclpy_minimal_subscriber:/home/kireiji/RoboticsDev_ws/install/examples_rclpy_minimal_service:/home/kireiji/RoboticsDev_ws/install/examples_rclpy_minimal_publisher:/home/kireiji/RoboticsDev_ws/install/examples_rclpy_minimal_client:/home/kireiji/RoboticsDev_ws/install/examples_rclpy_minimal_action_server:/home/kireiji/RoboticsDev_ws/install/examples_rclpy_minimal_action_client:/home/kireiji/RoboticsDev_ws/install/examples_rclpy_guard_conditions:/home/kireiji/RoboticsDev_ws/install/examples_rclpy_executors:/home/kireiji/ros2_ws/install/my_py_pkg:/opt/ros/humble /usr/bin/cmake /home/kireiji/Documents/GitHub/Exam/src/God_turtle -DCMAKE_INSTALL_PREFIX=/home/kireiji/Documents/GitHub/Exam/install/God_turtle
[1.263s] Invoking command in '/home/kireiji/Documents/GitHub/Exam/build/God_turtle': CMAKE_PREFIX_PATH=${CMAKE_PREFIX_PATH}:/home/kireiji/RoboticsDev_ws/install/launch_testing_examples:/home/kireiji/RoboticsDev_ws/install/examples_rclpy_pointcloud_publisher:/home/kireiji/RoboticsDev_ws/install/examples_rclpy_minimal_subscriber:/home/kireiji/RoboticsDev_ws/install/examples_rclpy_minimal_service:/home/kireiji/RoboticsDev_ws/install/examples_rclpy_minimal_publisher:/home/kireiji/RoboticsDev_ws/install/examples_rclpy_minimal_client:/home/kireiji/RoboticsDev_ws/install/examples_rclpy_minimal_action_server:/home/kireiji/RoboticsDev_ws/install/examples_rclpy_minimal_action_client:/home/kireiji/RoboticsDev_ws/install/examples_rclpy_guard_conditions:/home/kireiji/RoboticsDev_ws/install/examples_rclpy_executors:/home/kireiji/ros2_ws/install/my_py_pkg:/opt/ros/humble /usr/bin/cmake --build /home/kireiji/Documents/GitHub/Exam/build/God_turtle -- -j16 -l16
[1.296s] [ 50%] [32mBuilding CXX object CMakeFiles/cpp_node_test.dir/src/cpp_node.cpp.o[0m
[1.300s] [ 50%] Built target ament_cmake_python_copy_God_turtle
[1.459s] [100%] [32m[1mLinking CXX executable cpp_node_test[0m
[1.472s] running egg_info
[1.473s] creating God_turtle.egg-info
[1.473s] writing manifest file 'God_turtle.egg-info/SOURCES.txt'
[1.475s] writing manifest file 'God_turtle.egg-info/SOURCES.txt'
[1.493s] [100%] Built target ament_cmake_python_build_God_turtle_egg
[1.519s] [100%] Built target cpp_node_test
[1.526s] Invoked command in '/home/kireiji/Documents/GitHub/Exam/build/God_turtle' returned '0': CMAKE_PREFIX_PATH=${CMAKE_PREFIX_PATH}:/home/kireiji/RoboticsDev_ws/install/launch_testing_examples:/home/kireiji/RoboticsDev_ws/install/examples_rclpy_pointcloud_publisher:/home/kireiji/RoboticsDev_ws/install/examples_rclpy_minimal_subscriber:/home/kireiji/RoboticsDev_ws/install/examples_rclpy_minimal_service:/home/kireiji/RoboticsDev_ws/install/examples_rclpy_minimal_publisher:/home/kireiji/RoboticsDev_ws/install/examples_rclpy_minimal_client:/home/kireiji/RoboticsDev_ws/install/examples_rclpy_minimal_action_server:/home/kireiji/RoboticsDev_ws/install/examples_rclpy_minimal_action_client:/home/kireiji/RoboticsDev_ws/install/examples_rclpy_guard_conditions:/home/kireiji/RoboticsDev_ws/install/examples_rclpy_executors:/home/kireiji/ros2_ws/install/my_py_pkg:/opt/ros/humble /usr/bin/cmake --build /home/kireiji/Documents/GitHub/Exam/build/God_turtle -- -j16 -l16
[1.552s] Invoking command in '/home/kireiji/Documents/GitHub/Exam/build/God_turtle': CMAKE_PREFIX_PATH=${CMAKE_PREFIX_PATH}:/home/kireiji/RoboticsDev_ws/install/launch_testing_examples:/home/kireiji/RoboticsDev_ws/install/examples_rclpy_pointcloud_publisher:/home/kireiji/RoboticsDev_ws/install/examples_rclpy_minimal_subscriber:/home/kireiji/RoboticsDev_ws/install/examples_rclpy_minimal_service:/home/kireiji/RoboticsDev_ws/install/examples_rclpy_minimal_publisher:/home/kireiji/RoboticsDev_ws/install/examples_rclpy_minimal_client:/home/kireiji/RoboticsDev_ws/install/examples_rclpy_minimal_action_server:/home/kireiji/RoboticsDev_ws/install/examples_rclpy_minimal_action_client:/home/kireiji/RoboticsDev_ws/install/examples_rclpy_guard_conditions:/home/kireiji/RoboticsDev_ws/install/examples_rclpy_executors:/home/kireiji/ros2_ws/install/my_py_pkg:/opt/ros/humble /usr/bin/cmake --install /home/kireiji/Documents/GitHub/Exam/build/God_turtle
[1.557s] -- Install configuration: ""
[1.557s] -- Installing: /home/kireiji/Documents/GitHub/Exam/install/God_turtle/share/God_turtle/environment/pythonpath.sh
[1.557s] -- Installing: /home/kireiji/Documents/GitHub/Exam/install/God_turtle/share/God_turtle/environment/pythonpath.dsv
[1.557s] -- Installing: /home/kireiji/Documents/GitHub/Exam/install/God_turtle/lib/python3.10/site-packages/God_turtle-0.0.0-py3.10.egg-info
[1.557s] -- Installing: /home/kireiji/Documents/GitHub/Exam/install/God_turtle/lib/python3.10/site-packages/God_turtle-0.0.0-py3.10.egg-info/PKG-INFO
[1.557s] -- Installing: /home/kireiji/Documents/GitHub/Exam/install/God_turtle/lib/python3.10/site-packages/God_turtle-0.0.0-py3.10.egg-info/dependency_links.txt
[1.557s] -- Installing: /home/kireiji/Documents/GitHub/Exam/install/God_turtle/lib/python3.10/site-packages/God_turtle-0.0.0-py3.10.egg-info/top_level.txt
[1.557s] -- Installing: /home/kireiji/Documents/GitHub/Exam/install/God_turtle/lib/python3.10/site-packages/God_turtle-0.0.0-py3.10.egg-info/SOURCES.txt
[1.557s] -- Installing: /home/kireiji/Documents/GitHub/Exam/install/God_turtle/lib/python3.10/site-packages/God_turtle
[1.557s] -- Installing: /home/kireiji/Documents/GitHub/Exam/install/God_turtle/lib/python3.10/site-packages/God_turtle/__init__.py
[1.557s] -- Installing: /home/kireiji/Documents/GitHub/Exam/install/God_turtle/lib/python3.10/site-packages/God_turtle/dummy_module.py
[1.589s] Listing '/home/kireiji/Documents/GitHub/Exam/install/God_turtle/lib/python3.10/site-packages/God_turtle'...
[1.589s] Compiling '/home/kireiji/Documents/GitHub/Exam/install/God_turtle/lib/python3.10/site-packages/God_turtle/__init__.py'...
[1.589s] Compiling '/home/kireiji/Documents/GitHub/Exam/install/God_turtle/lib/python3.10/site-packages/God_turtle/dummy_module.py'...
[1.592s] -- Installing: /home/kireiji/Documents/GitHub/Exam/install/God_turtle/lib/God_turtle/dummy_script.py
[1.592s] -- Installing: /home/kireiji/Documents/GitHub/Exam/install/God_turtle/lib/God_turtle/cpp_node_test
[1.592s] -- Set runtime path of "/home/kireiji/Documents/GitHub/Exam/install/God_turtle/lib/God_turtle/cpp_node_test" to ""
[1.592s] -- Up-to-date: /home/kireiji/Documents/GitHub/Exam/install/God_turtle/share/God_turtle
[1.592s] -- Installing: /home/kireiji/Documents/GitHub/Exam/install/God_turtle/share/ament_index/resource_index/package_run_dependencies/God_turtle
[1.592s] -- Installing: /home/kireiji/Documents/GitHub/Exam/install/God_turtle/share/ament_index/resource_index/parent_prefix_path/God_turtle
[1.592s] -- Installing: /home/kireiji/Documents/GitHub/Exam/install/God_turtle/share/God_turtle/environment/ament_prefix_path.sh
[1.592s] -- Installing: /home/kireiji/Documents/GitHub/Exam/install/God_turtle/share/God_turtle/environment/ament_prefix_path.dsv
[1.592s] -- Installing: /home/kireiji/Documents/GitHub/Exam/install/God_turtle/share/God_turtle/environment/path.sh
[1.592s] -- Installing: /home/kireiji/Documents/GitHub/Exam/install/God_turtle/share/God_turtle/environment/path.dsv
[1.592s] -- Installing: /home/kireiji/Documents/GitHub/Exam/install/God_turtle/share/God_turtle/local_setup.bash
[1.592s] -- Installing: /home/kireiji/Documents/GitHub/Exam/install/God_turtle/share/God_turtle/local_setup.sh
[1.593s] -- Installing: /home/kireiji/Documents/GitHub/Exam/install/God_turtle/share/God_turtle/local_setup.zsh
[1.593s] -- Installing: /home/kireiji/Documents/GitHub/Exam/install/God_turtle/share/God_turtle/local_setup.dsv
[1.593s] -- Installing: /home/kireiji/Documents/GitHub/Exam/install/God_turtle/share/God_turtle/package.dsv
[1.593s] -- Installing: /home/kireiji/Documents/GitHub/Exam/install/God_turtle/share/ament_index/resource_index/packages/God_turtle
[1.593s] -- Installing: /home/kireiji/Documents/GitHub/Exam/install/God_turtle/share/God_turtle/cmake/God_turtleConfig.cmake
[1.593s] -- Installing: /home/kireiji/Documents/GitHub/Exam/install/God_turtle/share/God_turtle/cmake/God_turtleConfig-version.cmake
[1.593s] -- Installing: /home/kireiji/Documents/GitHub/Exam/install/God_turtle/share/God_turtle/package.xml
[1.595s] Invoked command in '/home/kireiji/Documents/GitHub/Exam/build/God_turtle' returned '0': CMAKE_PREFIX_PATH=${CMAKE_PREFIX_PATH}:/home/kireiji/RoboticsDev_ws/install/launch_testing_examples:/home/kireiji/RoboticsDev_ws/install/examples_rclpy_pointcloud_publisher:/home/kireiji/RoboticsDev_ws/install/examples_rclpy_minimal_subscriber:/home/kireiji/RoboticsDev_ws/install/examples_rclpy_minimal_service:/home/kireiji/RoboticsDev_ws/install/examples_rclpy_minimal_publisher:/home/kireiji/RoboticsDev_ws/install/examples_rclpy_minimal_client:/home/kireiji/RoboticsDev_ws/install/examples_rclpy_minimal_action_server:/home/kireiji/RoboticsDev_ws/install/examples_rclpy_minimal_action_client:/home/kireiji/RoboticsDev_ws/install/examples_rclpy_guard_conditions:/home/kireiji/RoboticsDev_ws/install/examples_rclpy_executors:/home/kireiji/ros2_ws/install/my_py_pkg:/opt/ros/humble /usr/bin/cmake --install /home/kireiji/Documents/GitHub/Exam/build/God_turtle
