[0.070s] DEBUG:colcon:Command line arguments: ['/usr/bin/colcon', 'build']
[0.070s] DEBUG:colcon:Parsed command line arguments: Namespace(log_base=None, log_level=None, verb_name='build', build_base='build', install_base='install', merge_install=False, symlink_install=False, test_result_base=None, continue_on_error=False, executor='parallel', parallel_workers=16, event_handlers=None, ignore_user_meta=False, metas=['./colcon.meta'], base_paths=['.'], packages_ignore=None, packages_ignore_regex=None, paths=None, packages_up_to=None, packages_up_to_regex=None, packages_above=None, packages_above_and_dependencies=None, packages_above_depth=None, packages_select_by_dep=None, packages_skip_by_dep=None, packages_skip_up_to=None, packages_select_build_failed=False, packages_skip_build_finished=False, packages_select_test_failures=False, packages_skip_test_passed=False, packages_select=None, packages_skip=None, packages_select_regex=None, packages_skip_regex=None, packages_start=None, packages_end=None, allow_overriding=[], cmake_args=None, cmake_target=None, cmake_target_skip_unavailable=False, cmake_clean_cache=False, cmake_clean_first=False, cmake_force_configure=False, ament_cmake_args=None, catkin_cmake_args=None, catkin_skip_building_tests=False, verb_parser=<colcon_defaults.argument_parser.defaults.DefaultArgumentsDecorator object at 0x79bd78639600>, verb_extension=<colcon_core.verb.build.BuildVerb object at 0x79bd786390f0>, main=<bound method BuildVerb.main of <colcon_core.verb.build.BuildVerb object at 0x79bd786390f0>>)
[0.191s] Level 1:colcon.colcon_core.package_discovery:discover_packages(colcon_meta) check parameters
[0.191s] Level 1:colcon.colcon_core.package_discovery:discover_packages(recursive) check parameters
[0.191s] Level 1:colcon.colcon_core.package_discovery:discover_packages(ignore) check parameters
[0.191s] Level 1:colcon.colcon_core.package_discovery:discover_packages(path) check parameters
[0.191s] Level 1:colcon.colcon_core.package_discovery:discover_packages(colcon_meta) discover
[0.192s] Level 1:colcon.colcon_core.package_discovery:discover_packages(recursive) discover
[0.192s] INFO:colcon.colcon_core.package_discovery:Crawling recursively for packages in '/home/kireiji/Documents/GitHub/Exam'
[0.192s] Level 1:colcon.colcon_core.package_identification:_identify(.) by extensions ['ignore', 'ignore_ament_install']
[0.192s] Level 1:colcon.colcon_core.package_identification:_identify(.) by extension 'ignore'
[0.192s] Level 1:colcon.colcon_core.package_identification:_identify(.) by extension 'ignore_ament_install'
[0.192s] Level 1:colcon.colcon_core.package_identification:_identify(.) by extensions ['colcon_pkg']
[0.192s] Level 1:colcon.colcon_core.package_identification:_identify(.) by extension 'colcon_pkg'
[0.192s] Level 1:colcon.colcon_core.package_identification:_identify(.) by extensions ['colcon_meta']
[0.192s] Level 1:colcon.colcon_core.package_identification:_identify(.) by extension 'colcon_meta'
[0.192s] Level 1:colcon.colcon_core.package_identification:_identify(.) by extensions ['ros']
[0.192s] Level 1:colcon.colcon_core.package_identification:_identify(.) by extension 'ros'
[0.211s] Level 1:colcon.colcon_core.package_identification:_identify(.) by extensions ['cmake', 'python']
[0.212s] Level 1:colcon.colcon_core.package_identification:_identify(.) by extension 'cmake'
[0.212s] Level 1:colcon.colcon_core.package_identification:_identify(.) by extension 'python'
[0.212s] Level 1:colcon.colcon_core.package_identification:_identify(.) by extensions ['python_setup_py']
[0.212s] Level 1:colcon.colcon_core.package_identification:_identify(.) by extension 'python_setup_py'
[0.212s] Level 1:colcon.colcon_core.package_identification:_identify(build) by extensions ['ignore', 'ignore_ament_install']
[0.212s] Level 1:colcon.colcon_core.package_identification:_identify(build) by extension 'ignore'
[0.212s] Level 1:colcon.colcon_core.package_identification:_identify(build) ignored
[0.212s] Level 1:colcon.colcon_core.package_identification:_identify(install) by extensions ['ignore', 'ignore_ament_install']
[0.212s] Level 1:colcon.colcon_core.package_identification:_identify(install) by extension 'ignore'
[0.212s] Level 1:colcon.colcon_core.package_identification:_identify(install) ignored
[0.212s] Level 1:colcon.colcon_core.package_identification:_identify(log) by extensions ['ignore', 'ignore_ament_install']
[0.212s] Level 1:colcon.colcon_core.package_identification:_identify(log) by extension 'ignore'
[0.212s] Level 1:colcon.colcon_core.package_identification:_identify(log) ignored
[0.212s] Level 1:colcon.colcon_core.package_identification:_identify(src) by extensions ['ignore', 'ignore_ament_install']
[0.212s] Level 1:colcon.colcon_core.package_identification:_identify(src) by extension 'ignore'
[0.212s] Level 1:colcon.colcon_core.package_identification:_identify(src) by extension 'ignore_ament_install'
[0.212s] Level 1:colcon.colcon_core.package_identification:_identify(src) by extensions ['colcon_pkg']
[0.212s] Level 1:colcon.colcon_core.package_identification:_identify(src) by extension 'colcon_pkg'
[0.213s] Level 1:colcon.colcon_core.package_identification:_identify(src) by extensions ['colcon_meta']
[0.213s] Level 1:colcon.colcon_core.package_identification:_identify(src) by extension 'colcon_meta'
[0.213s] Level 1:colcon.colcon_core.package_identification:_identify(src) by extensions ['ros']
[0.213s] Level 1:colcon.colcon_core.package_identification:_identify(src) by extension 'ros'
[0.213s] Level 1:colcon.colcon_core.package_identification:_identify(src) by extensions ['cmake', 'python']
[0.213s] Level 1:colcon.colcon_core.package_identification:_identify(src) by extension 'cmake'
[0.213s] Level 1:colcon.colcon_core.package_identification:_identify(src) by extension 'python'
[0.213s] Level 1:colcon.colcon_core.package_identification:_identify(src) by extensions ['python_setup_py']
[0.213s] Level 1:colcon.colcon_core.package_identification:_identify(src) by extension 'python_setup_py'
[0.213s] Level 1:colcon.colcon_core.package_identification:_identify(src/god_turtle) by extensions ['ignore', 'ignore_ament_install']
[0.213s] Level 1:colcon.colcon_core.package_identification:_identify(src/god_turtle) by extension 'ignore'
[0.213s] Level 1:colcon.colcon_core.package_identification:_identify(src/god_turtle) by extension 'ignore_ament_install'
[0.213s] Level 1:colcon.colcon_core.package_identification:_identify(src/god_turtle) by extensions ['colcon_pkg']
[0.213s] Level 1:colcon.colcon_core.package_identification:_identify(src/god_turtle) by extension 'colcon_pkg'
[0.213s] Level 1:colcon.colcon_core.package_identification:_identify(src/god_turtle) by extensions ['colcon_meta']
[0.213s] Level 1:colcon.colcon_core.package_identification:_identify(src/god_turtle) by extension 'colcon_meta'
[0.213s] Level 1:colcon.colcon_core.package_identification:_identify(src/god_turtle) by extensions ['ros']
[0.213s] Level 1:colcon.colcon_core.package_identification:_identify(src/god_turtle) by extension 'ros'
[0.215s] DEBUG:colcon.colcon_core.package_identification:Package 'src/god_turtle' with type 'ros.ament_cmake' and name 'god_turtle'
[0.215s] Level 1:colcon.colcon_core.package_identification:_identify(src/turtlesim_plus) by extensions ['ignore', 'ignore_ament_install']
[0.215s] Level 1:colcon.colcon_core.package_identification:_identify(src/turtlesim_plus) by extension 'ignore'
[0.215s] Level 1:colcon.colcon_core.package_identification:_identify(src/turtlesim_plus) by extension 'ignore_ament_install'
[0.215s] Level 1:colcon.colcon_core.package_identification:_identify(src/turtlesim_plus) by extensions ['colcon_pkg']
[0.215s] Level 1:colcon.colcon_core.package_identification:_identify(src/turtlesim_plus) by extension 'colcon_pkg'
[0.215s] Level 1:colcon.colcon_core.package_identification:_identify(src/turtlesim_plus) by extensions ['colcon_meta']
[0.215s] Level 1:colcon.colcon_core.package_identification:_identify(src/turtlesim_plus) by extension 'colcon_meta'
[0.215s] Level 1:colcon.colcon_core.package_identification:_identify(src/turtlesim_plus) by extensions ['ros']
[0.215s] Level 1:colcon.colcon_core.package_identification:_identify(src/turtlesim_plus) by extension 'ros'
[0.216s] DEBUG:colcon.colcon_core.package_identification:Package 'src/turtlesim_plus' with type 'ros.ament_cmake' and name 'turtlesim_plus'
[0.216s] Level 1:colcon.colcon_core.package_identification:_identify(src/turtlesim_plus_interfaces) by extensions ['ignore', 'ignore_ament_install']
[0.216s] Level 1:colcon.colcon_core.package_identification:_identify(src/turtlesim_plus_interfaces) by extension 'ignore'
[0.216s] Level 1:colcon.colcon_core.package_identification:_identify(src/turtlesim_plus_interfaces) by extension 'ignore_ament_install'
[0.217s] Level 1:colcon.colcon_core.package_identification:_identify(src/turtlesim_plus_interfaces) by extensions ['colcon_pkg']
[0.217s] Level 1:colcon.colcon_core.package_identification:_identify(src/turtlesim_plus_interfaces) by extension 'colcon_pkg'
[0.217s] Level 1:colcon.colcon_core.package_identification:_identify(src/turtlesim_plus_interfaces) by extensions ['colcon_meta']
[0.217s] Level 1:colcon.colcon_core.package_identification:_identify(src/turtlesim_plus_interfaces) by extension 'colcon_meta'
[0.217s] Level 1:colcon.colcon_core.package_identification:_identify(src/turtlesim_plus_interfaces) by extensions ['ros']
[0.217s] Level 1:colcon.colcon_core.package_identification:_identify(src/turtlesim_plus_interfaces) by extension 'ros'
[0.217s] DEBUG:colcon.colcon_core.package_identification:Package 'src/turtlesim_plus_interfaces' with type 'ros.ament_cmake' and name 'turtlesim_plus_interfaces'
[0.217s] Level 1:colcon.colcon_core.package_discovery:discover_packages(recursive) using defaults
[0.217s] Level 1:colcon.colcon_core.package_discovery:discover_packages(ignore) discover
[0.217s] Level 1:colcon.colcon_core.package_discovery:discover_packages(ignore) using defaults
[0.217s] Level 1:colcon.colcon_core.package_discovery:discover_packages(path) discover
[0.217s] Level 1:colcon.colcon_core.package_discovery:discover_packages(path) using defaults
[0.232s] Level 1:colcon.colcon_core.package_discovery:discover_packages(prefix_path) check parameters
[0.232s] Level 1:colcon.colcon_core.package_discovery:discover_packages(prefix_path) discover
[0.234s] DEBUG:colcon.colcon_installed_package_information.package_discovery:Found 3 installed packages in /home/kireiji/Documents/GitHub/Exam/install
[0.234s] DEBUG:colcon.colcon_installed_package_information.package_discovery:Found 2 installed packages in /home/kireiji/ros2_ws/install
[0.235s] DEBUG:colcon.colcon_installed_package_information.package_discovery:Found 1 installed packages in /home/kireiji/advRobotics_ws/install
[0.235s] DEBUG:colcon.colcon_installed_package_information.package_discovery:Found 2 installed packages in /home/kireiji/FRA501_WS/install
[0.236s] DEBUG:colcon.colcon_installed_package_information.package_discovery:Found 271 installed packages in /opt/ros/humble
[0.250s] Level 1:colcon.colcon_core.package_discovery:discover_packages(prefix_path) using defaults
[0.278s] Level 5:colcon.colcon_core.verb:set package 'god_turtle' build argument 'cmake_args' from command line to 'None'
[0.278s] Level 5:colcon.colcon_core.verb:set package 'god_turtle' build argument 'cmake_target' from command line to 'None'
[0.278s] Level 5:colcon.colcon_core.verb:set package 'god_turtle' build argument 'cmake_target_skip_unavailable' from command line to 'False'
[0.278s] Level 5:colcon.colcon_core.verb:set package 'god_turtle' build argument 'cmake_clean_cache' from command line to 'False'
[0.278s] Level 5:colcon.colcon_core.verb:set package 'god_turtle' build argument 'cmake_clean_first' from command line to 'False'
[0.278s] Level 5:colcon.colcon_core.verb:set package 'god_turtle' build argument 'cmake_force_configure' from command line to 'False'
[0.278s] Level 5:colcon.colcon_core.verb:set package 'god_turtle' build argument 'ament_cmake_args' from command line to 'None'
[0.278s] Level 5:colcon.colcon_core.verb:set package 'god_turtle' build argument 'catkin_cmake_args' from command line to 'None'
[0.278s] Level 5:colcon.colcon_core.verb:set package 'god_turtle' build argument 'catkin_skip_building_tests' from command line to 'False'
[0.278s] DEBUG:colcon.colcon_core.verb:Building package 'god_turtle' with the following arguments: {'ament_cmake_args': None, 'build_base': '/home/kireiji/Documents/GitHub/Exam/build/god_turtle', 'catkin_cmake_args': None, 'catkin_skip_building_tests': False, 'cmake_args': None, 'cmake_clean_cache': False, 'cmake_clean_first': False, 'cmake_force_configure': False, 'cmake_target': None, 'cmake_target_skip_unavailable': False, 'install_base': '/home/kireiji/Documents/GitHub/Exam/install/god_turtle', 'merge_install': False, 'path': '/home/kireiji/Documents/GitHub/Exam/src/god_turtle', 'symlink_install': False, 'test_result_base': None}
[0.278s] Level 5:colcon.colcon_core.verb:set package 'turtlesim_plus' build argument 'cmake_args' from command line to 'None'
[0.278s] Level 5:colcon.colcon_core.verb:set package 'turtlesim_plus' build argument 'cmake_target' from command line to 'None'
[0.278s] Level 5:colcon.colcon_core.verb:set package 'turtlesim_plus' build argument 'cmake_target_skip_unavailable' from command line to 'False'
[0.279s] Level 5:colcon.colcon_core.verb:set package 'turtlesim_plus' build argument 'cmake_clean_cache' from command line to 'False'
[0.279s] Level 5:colcon.colcon_core.verb:set package 'turtlesim_plus' build argument 'cmake_clean_first' from command line to 'False'
[0.279s] Level 5:colcon.colcon_core.verb:set package 'turtlesim_plus' build argument 'cmake_force_configure' from command line to 'False'
[0.279s] Level 5:colcon.colcon_core.verb:set package 'turtlesim_plus' build argument 'ament_cmake_args' from command line to 'None'
[0.279s] Level 5:colcon.colcon_core.verb:set package 'turtlesim_plus' build argument 'catkin_cmake_args' from command line to 'None'
[0.279s] Level 5:colcon.colcon_core.verb:set package 'turtlesim_plus' build argument 'catkin_skip_building_tests' from command line to 'False'
[0.279s] DEBUG:colcon.colcon_core.verb:Building package 'turtlesim_plus' with the following arguments: {'ament_cmake_args': None, 'build_base': '/home/kireiji/Documents/GitHub/Exam/build/turtlesim_plus', 'catkin_cmake_args': None, 'catkin_skip_building_tests': False, 'cmake_args': None, 'cmake_clean_cache': False, 'cmake_clean_first': False, 'cmake_force_configure': False, 'cmake_target': None, 'cmake_target_skip_unavailable': False, 'install_base': '/home/kireiji/Documents/GitHub/Exam/install/turtlesim_plus', 'merge_install': False, 'path': '/home/kireiji/Documents/GitHub/Exam/src/turtlesim_plus', 'symlink_install': False, 'test_result_base': None}
[0.279s] Level 5:colcon.colcon_core.verb:set package 'turtlesim_plus_interfaces' build argument 'cmake_args' from command line to 'None'
[0.279s] Level 5:colcon.colcon_core.verb:set package 'turtlesim_plus_interfaces' build argument 'cmake_target' from command line to 'None'
[0.279s] Level 5:colcon.colcon_core.verb:set package 'turtlesim_plus_interfaces' build argument 'cmake_target_skip_unavailable' from command line to 'False'
[0.279s] Level 5:colcon.colcon_core.verb:set package 'turtlesim_plus_interfaces' build argument 'cmake_clean_cache' from command line to 'False'
[0.279s] Level 5:colcon.colcon_core.verb:set package 'turtlesim_plus_interfaces' build argument 'cmake_clean_first' from command line to 'False'
[0.279s] Level 5:colcon.colcon_core.verb:set package 'turtlesim_plus_interfaces' build argument 'cmake_force_configure' from command line to 'False'
[0.279s] Level 5:colcon.colcon_core.verb:set package 'turtlesim_plus_interfaces' build argument 'ament_cmake_args' from command line to 'None'
[0.279s] Level 5:colcon.colcon_core.verb:set package 'turtlesim_plus_interfaces' build argument 'catkin_cmake_args' from command line to 'None'
[0.279s] Level 5:colcon.colcon_core.verb:set package 'turtlesim_plus_interfaces' build argument 'catkin_skip_building_tests' from command line to 'False'
[0.279s] DEBUG:colcon.colcon_core.verb:Building package 'turtlesim_plus_interfaces' with the following arguments: {'ament_cmake_args': None, 'build_base': '/home/kireiji/Documents/GitHub/Exam/build/turtlesim_plus_interfaces', 'catkin_cmake_args': None, 'catkin_skip_building_tests': False, 'cmake_args': None, 'cmake_clean_cache': False, 'cmake_clean_first': False, 'cmake_force_configure': False, 'cmake_target': None, 'cmake_target_skip_unavailable': False, 'install_base': '/home/kireiji/Documents/GitHub/Exam/install/turtlesim_plus_interfaces', 'merge_install': False, 'path': '/home/kireiji/Documents/GitHub/Exam/src/turtlesim_plus_interfaces', 'symlink_install': False, 'test_result_base': None}
[0.279s] INFO:colcon.colcon_core.executor:Executing jobs using 'parallel' executor
[0.280s] DEBUG:colcon.colcon_parallel_executor.executor.parallel:run_until_complete
[0.280s] INFO:colcon.colcon_ros.task.ament_cmake.build:Building ROS package in '/home/kireiji/Documents/GitHub/Exam/src/god_turtle' with build type 'ament_cmake'
[0.281s] INFO:colcon.colcon_cmake.task.cmake.build:Building CMake package in '/home/kireiji/Documents/GitHub/Exam/src/god_turtle'
[0.282s] INFO:colcon.colcon_core.plugin_system:Skipping extension 'colcon_core.shell.bat': Not used on non-Windows systems
[0.282s] INFO:colcon.colcon_core.shell:Skip shell extension 'powershell' for command environment: Not usable outside of PowerShell
[0.282s] DEBUG:colcon.colcon_core.shell:Skip shell extension 'dsv' for command environment
[0.286s] INFO:colcon.colcon_ros.task.ament_cmake.build:Building ROS package in '/home/kireiji/Documents/GitHub/Exam/src/turtlesim_plus' with build type 'ament_cmake'
[0.286s] INFO:colcon.colcon_cmake.task.cmake.build:Building CMake package in '/home/kireiji/Documents/GitHub/Exam/src/turtlesim_plus'
[0.286s] INFO:colcon.colcon_core.shell:Skip shell extension 'powershell' for command environment: Not usable outside of PowerShell
[0.286s] DEBUG:colcon.colcon_core.shell:Skip shell extension 'dsv' for command environment
[0.289s] INFO:colcon.colcon_ros.task.ament_cmake.build:Building ROS package in '/home/kireiji/Documents/GitHub/Exam/src/turtlesim_plus_interfaces' with build type 'ament_cmake'
[0.290s] INFO:colcon.colcon_cmake.task.cmake.build:Building CMake package in '/home/kireiji/Documents/GitHub/Exam/src/turtlesim_plus_interfaces'
[0.290s] INFO:colcon.colcon_core.shell:Skip shell extension 'powershell' for command environment: Not usable outside of PowerShell
[0.290s] DEBUG:colcon.colcon_core.shell:Skip shell extension 'dsv' for command environment
[0.297s] DEBUG:colcon.colcon_core.event_handler.log_command:Invoking command in '/home/kireiji/Documents/GitHub/Exam/build/god_turtle': CMAKE_PREFIX_PATH=${CMAKE_PREFIX_PATH}:/home/kireiji/ros2_ws/install/my_py_pkg:/opt/ros/humble /usr/bin/cmake --build /home/kireiji/Documents/GitHub/Exam/build/god_turtle -- -j16 -l16
[0.300s] DEBUG:colcon.colcon_core.event_handler.log_command:Invoking command in '/home/kireiji/Documents/GitHub/Exam/build/turtlesim_plus': CMAKE_PREFIX_PATH=${CMAKE_PREFIX_PATH}:/home/kireiji/ros2_ws/install/my_py_pkg:/opt/ros/humble /usr/bin/cmake --build /home/kireiji/Documents/GitHub/Exam/build/turtlesim_plus -- -j16 -l16
[0.303s] DEBUG:colcon.colcon_core.event_handler.log_command:Invoking command in '/home/kireiji/Documents/GitHub/Exam/build/turtlesim_plus_interfaces': CMAKE_PREFIX_PATH=${CMAKE_PREFIX_PATH}:/home/kireiji/ros2_ws/install/my_py_pkg:/opt/ros/humble /usr/bin/cmake --build /home/kireiji/Documents/GitHub/Exam/build/turtlesim_plus_interfaces -- -j16 -l16
[0.832s] DEBUG:colcon.colcon_core.event_handler.log_command:Invoked command in '/home/kireiji/Documents/GitHub/Exam/build/god_turtle' returned '0': CMAKE_PREFIX_PATH=${CMAKE_PREFIX_PATH}:/home/kireiji/ros2_ws/install/my_py_pkg:/opt/ros/humble /usr/bin/cmake --build /home/kireiji/Documents/GitHub/Exam/build/god_turtle -- -j16 -l16
[0.835s] DEBUG:colcon.colcon_core.event_handler.log_command:Invoked command in '/home/kireiji/Documents/GitHub/Exam/build/turtlesim_plus' returned '0': CMAKE_PREFIX_PATH=${CMAKE_PREFIX_PATH}:/home/kireiji/ros2_ws/install/my_py_pkg:/opt/ros/humble /usr/bin/cmake --build /home/kireiji/Documents/GitHub/Exam/build/turtlesim_plus -- -j16 -l16
[0.887s] DEBUG:colcon.colcon_core.event_handler.log_command:Invoking command in '/home/kireiji/Documents/GitHub/Exam/build/turtlesim_plus': CMAKE_PREFIX_PATH=${CMAKE_PREFIX_PATH}:/home/kireiji/ros2_ws/install/my_py_pkg:/opt/ros/humble /usr/bin/cmake --install /home/kireiji/Documents/GitHub/Exam/build/turtlesim_plus
[0.891s] DEBUG:colcon.colcon_core.event_handler.log_command:Invoking command in '/home/kireiji/Documents/GitHub/Exam/build/god_turtle': CMAKE_PREFIX_PATH=${CMAKE_PREFIX_PATH}:/home/kireiji/ros2_ws/install/my_py_pkg:/opt/ros/humble /usr/bin/cmake --install /home/kireiji/Documents/GitHub/Exam/build/god_turtle
[0.905s] DEBUG:colcon.colcon_core.event_handler.log_command:Invoked command in '/home/kireiji/Documents/GitHub/Exam/build/turtlesim_plus_interfaces' returned '0': CMAKE_PREFIX_PATH=${CMAKE_PREFIX_PATH}:/home/kireiji/ros2_ws/install/my_py_pkg:/opt/ros/humble /usr/bin/cmake --build /home/kireiji/Documents/GitHub/Exam/build/turtlesim_plus_interfaces -- -j16 -l16
[0.998s] Level 1:colcon.colcon_core.environment:create_environment_scripts_only(turtlesim_plus)
[1.001s] DEBUG:colcon.colcon_core.event_handler.log_command:Invoked command in '/home/kireiji/Documents/GitHub/Exam/build/turtlesim_plus' returned '0': CMAKE_PREFIX_PATH=${CMAKE_PREFIX_PATH}:/home/kireiji/ros2_ws/install/my_py_pkg:/opt/ros/humble /usr/bin/cmake --install /home/kireiji/Documents/GitHub/Exam/build/turtlesim_plus
[1.006s] Level 1:colcon.colcon_core.environment:checking '/home/kireiji/Documents/GitHub/Exam/install/turtlesim_plus' for CMake module files
[1.007s] Level 1:colcon.colcon_core.environment:checking '/home/kireiji/Documents/GitHub/Exam/install/turtlesim_plus' for CMake config files
[1.008s] Level 1:colcon.colcon_core.shell:create_environment_hook('turtlesim_plus', 'cmake_prefix_path')
[1.008s] INFO:colcon.colcon_core.shell:Creating environment hook '/home/kireiji/Documents/GitHub/Exam/install/turtlesim_plus/share/turtlesim_plus/hook/cmake_prefix_path.ps1'
[1.009s] INFO:colcon.colcon_core.shell:Creating environment descriptor '/home/kireiji/Documents/GitHub/Exam/install/turtlesim_plus/share/turtlesim_plus/hook/cmake_prefix_path.dsv'
[1.010s] INFO:colcon.colcon_core.shell:Creating environment hook '/home/kireiji/Documents/GitHub/Exam/install/turtlesim_plus/share/turtlesim_plus/hook/cmake_prefix_path.sh'
[1.013s] Level 1:colcon.colcon_core.environment:checking '/home/kireiji/Documents/GitHub/Exam/install/turtlesim_plus/lib'
[1.014s] Level 1:colcon.colcon_core.environment:checking '/home/kireiji/Documents/GitHub/Exam/install/turtlesim_plus/bin'
[1.014s] Level 1:colcon.colcon_core.environment:checking '/home/kireiji/Documents/GitHub/Exam/install/turtlesim_plus/lib/pkgconfig/turtlesim_plus.pc'
[1.014s] Level 1:colcon.colcon_core.environment:checking '/home/kireiji/Documents/GitHub/Exam/install/turtlesim_plus/lib/python3.10/site-packages'
[1.014s] Level 1:colcon.colcon_core.shell:create_environment_hook('turtlesim_plus', 'pythonpath')
[1.015s] INFO:colcon.colcon_core.shell:Creating environment hook '/home/kireiji/Documents/GitHub/Exam/install/turtlesim_plus/share/turtlesim_plus/hook/pythonpath.ps1'
[1.016s] INFO:colcon.colcon_core.shell:Creating environment descriptor '/home/kireiji/Documents/GitHub/Exam/install/turtlesim_plus/share/turtlesim_plus/hook/pythonpath.dsv'
[1.017s] INFO:colcon.colcon_core.shell:Creating environment hook '/home/kireiji/Documents/GitHub/Exam/install/turtlesim_plus/share/turtlesim_plus/hook/pythonpath.sh'
[1.017s] Level 1:colcon.colcon_core.environment:checking '/home/kireiji/Documents/GitHub/Exam/install/turtlesim_plus/bin'
[1.018s] INFO:colcon.colcon_core.shell:Creating package script '/home/kireiji/Documents/GitHub/Exam/install/turtlesim_plus/share/turtlesim_plus/package.ps1'
[1.020s] INFO:colcon.colcon_core.shell:Creating package descriptor '/home/kireiji/Documents/GitHub/Exam/install/turtlesim_plus/share/turtlesim_plus/package.dsv'
[1.021s] INFO:colcon.colcon_core.shell:Creating package script '/home/kireiji/Documents/GitHub/Exam/install/turtlesim_plus/share/turtlesim_plus/package.sh'
[1.022s] INFO:colcon.colcon_core.shell:Creating package script '/home/kireiji/Documents/GitHub/Exam/install/turtlesim_plus/share/turtlesim_plus/package.bash'
[1.023s] INFO:colcon.colcon_core.shell:Creating package script '/home/kireiji/Documents/GitHub/Exam/install/turtlesim_plus/share/turtlesim_plus/package.zsh'
[1.024s] Level 1:colcon.colcon_core.environment:create_file_with_runtime_dependencies(/home/kireiji/Documents/GitHub/Exam/install/turtlesim_plus/share/colcon-core/packages/turtlesim_plus)
[1.028s] Level 1:colcon.colcon_core.environment:create_environment_scripts_only(god_turtle)
[1.030s] Level 1:colcon.colcon_core.environment:checking '/home/kireiji/Documents/GitHub/Exam/install/god_turtle' for CMake module files
[1.031s] DEBUG:colcon.colcon_core.event_handler.log_command:Invoked command in '/home/kireiji/Documents/GitHub/Exam/build/god_turtle' returned '0': CMAKE_PREFIX_PATH=${CMAKE_PREFIX_PATH}:/home/kireiji/ros2_ws/install/my_py_pkg:/opt/ros/humble /usr/bin/cmake --install /home/kireiji/Documents/GitHub/Exam/build/god_turtle
[1.031s] Level 1:colcon.colcon_core.environment:checking '/home/kireiji/Documents/GitHub/Exam/install/god_turtle' for CMake config files
[1.032s] Level 1:colcon.colcon_core.shell:create_environment_hook('god_turtle', 'cmake_prefix_path')
[1.032s] INFO:colcon.colcon_core.shell:Creating environment hook '/home/kireiji/Documents/GitHub/Exam/install/god_turtle/share/god_turtle/hook/cmake_prefix_path.ps1'
[1.034s] INFO:colcon.colcon_core.shell:Creating environment descriptor '/home/kireiji/Documents/GitHub/Exam/install/god_turtle/share/god_turtle/hook/cmake_prefix_path.dsv'
[1.034s] INFO:colcon.colcon_core.shell:Creating environment hook '/home/kireiji/Documents/GitHub/Exam/install/god_turtle/share/god_turtle/hook/cmake_prefix_path.sh'
[1.035s] Level 1:colcon.colcon_core.environment:checking '/home/kireiji/Documents/GitHub/Exam/install/god_turtle/lib'
[1.035s] Level 1:colcon.colcon_core.environment:checking '/home/kireiji/Documents/GitHub/Exam/install/god_turtle/bin'
[1.036s] Level 1:colcon.colcon_core.environment:checking '/home/kireiji/Documents/GitHub/Exam/install/god_turtle/lib/pkgconfig/god_turtle.pc'
[1.036s] Level 1:colcon.colcon_core.environment:checking '/home/kireiji/Documents/GitHub/Exam/install/god_turtle/lib/python3.10/site-packages'
[1.036s] Level 1:colcon.colcon_core.shell:create_environment_hook('god_turtle', 'pythonpath')
[1.037s] INFO:colcon.colcon_core.shell:Creating environment hook '/home/kireiji/Documents/GitHub/Exam/install/god_turtle/share/god_turtle/hook/pythonpath.ps1'
[1.038s] INFO:colcon.colcon_core.shell:Creating environment descriptor '/home/kireiji/Documents/GitHub/Exam/install/god_turtle/share/god_turtle/hook/pythonpath.dsv'
[1.039s] INFO:colcon.colcon_core.shell:Creating environment hook '/home/kireiji/Documents/GitHub/Exam/install/god_turtle/share/god_turtle/hook/pythonpath.sh'
[1.040s] Level 1:colcon.colcon_core.environment:checking '/home/kireiji/Documents/GitHub/Exam/install/god_turtle/bin'
[1.041s] INFO:colcon.colcon_core.shell:Creating package script '/home/kireiji/Documents/GitHub/Exam/install/god_turtle/share/god_turtle/package.ps1'
[1.042s] INFO:colcon.colcon_core.shell:Creating package descriptor '/home/kireiji/Documents/GitHub/Exam/install/god_turtle/share/god_turtle/package.dsv'
[1.043s] INFO:colcon.colcon_core.shell:Creating package script '/home/kireiji/Documents/GitHub/Exam/install/god_turtle/share/god_turtle/package.sh'
[1.045s] INFO:colcon.colcon_core.shell:Creating package script '/home/kireiji/Documents/GitHub/Exam/install/god_turtle/share/god_turtle/package.bash'
[1.046s] INFO:colcon.colcon_core.shell:Creating package script '/home/kireiji/Documents/GitHub/Exam/install/god_turtle/share/god_turtle/package.zsh'
[1.047s] Level 1:colcon.colcon_core.environment:create_file_with_runtime_dependencies(/home/kireiji/Documents/GitHub/Exam/install/god_turtle/share/colcon-core/packages/god_turtle)
[1.059s] Level 1:colcon.colcon_core.environment:create_environment_scripts_only(turtlesim_plus)
[1.060s] Level 1:colcon.colcon_core.environment:checking '/home/kireiji/Documents/GitHub/Exam/install/turtlesim_plus' for CMake module files
[1.062s] Level 1:colcon.colcon_core.environment:checking '/home/kireiji/Documents/GitHub/Exam/install/turtlesim_plus' for CMake config files
[1.062s] Level 1:colcon.colcon_core.shell:create_environment_hook('turtlesim_plus', 'cmake_prefix_path')
[1.063s] INFO:colcon.colcon_core.shell:Creating environment hook '/home/kireiji/Documents/GitHub/Exam/install/turtlesim_plus/share/turtlesim_plus/hook/cmake_prefix_path.ps1'
[1.064s] INFO:colcon.colcon_core.shell:Creating environment descriptor '/home/kireiji/Documents/GitHub/Exam/install/turtlesim_plus/share/turtlesim_plus/hook/cmake_prefix_path.dsv'
[1.065s] INFO:colcon.colcon_core.shell:Creating environment hook '/home/kireiji/Documents/GitHub/Exam/install/turtlesim_plus/share/turtlesim_plus/hook/cmake_prefix_path.sh'
[1.066s] Level 1:colcon.colcon_core.environment:checking '/home/kireiji/Documents/GitHub/Exam/install/turtlesim_plus/lib'
[1.066s] Level 1:colcon.colcon_core.environment:checking '/home/kireiji/Documents/GitHub/Exam/install/turtlesim_plus/bin'
[1.066s] Level 1:colcon.colcon_core.environment:checking '/home/kireiji/Documents/GitHub/Exam/install/turtlesim_plus/lib/pkgconfig/turtlesim_plus.pc'
[1.067s] Level 1:colcon.colcon_core.environment:checking '/home/kireiji/Documents/GitHub/Exam/install/turtlesim_plus/lib/python3.10/site-packages'
[1.067s] Level 1:colcon.colcon_core.shell:create_environment_hook('turtlesim_plus', 'pythonpath')
[1.068s] INFO:colcon.colcon_core.shell:Creating environment hook '/home/kireiji/Documents/GitHub/Exam/install/turtlesim_plus/share/turtlesim_plus/hook/pythonpath.ps1'
[1.068s] INFO:colcon.colcon_core.shell:Creating environment descriptor '/home/kireiji/Documents/GitHub/Exam/install/turtlesim_plus/share/turtlesim_plus/hook/pythonpath.dsv'
[1.069s] INFO:colcon.colcon_core.shell:Creating environment hook '/home/kireiji/Documents/GitHub/Exam/install/turtlesim_plus/share/turtlesim_plus/hook/pythonpath.sh'
[1.070s] Level 1:colcon.colcon_core.environment:checking '/home/kireiji/Documents/GitHub/Exam/install/turtlesim_plus/bin'
[1.070s] INFO:colcon.colcon_core.shell:Creating package script '/home/kireiji/Documents/GitHub/Exam/install/turtlesim_plus/share/turtlesim_plus/package.ps1'
[1.071s] INFO:colcon.colcon_core.shell:Creating package descriptor '/home/kireiji/Documents/GitHub/Exam/install/turtlesim_plus/share/turtlesim_plus/package.dsv'
[1.071s] INFO:colcon.colcon_core.shell:Creating package script '/home/kireiji/Documents/GitHub/Exam/install/turtlesim_plus/share/turtlesim_plus/package.sh'
[1.072s] INFO:colcon.colcon_core.shell:Creating package script '/home/kireiji/Documents/GitHub/Exam/install/turtlesim_plus/share/turtlesim_plus/package.bash'
[1.072s] INFO:colcon.colcon_core.shell:Creating package script '/home/kireiji/Documents/GitHub/Exam/install/turtlesim_plus/share/turtlesim_plus/package.zsh'
[1.072s] Level 1:colcon.colcon_core.environment:create_file_with_runtime_dependencies(/home/kireiji/Documents/GitHub/Exam/install/turtlesim_plus/share/colcon-core/packages/turtlesim_plus)
[1.085s] DEBUG:colcon.colcon_core.event_handler.log_command:Invoking command in '/home/kireiji/Documents/GitHub/Exam/build/turtlesim_plus_interfaces': CMAKE_PREFIX_PATH=${CMAKE_PREFIX_PATH}:/home/kireiji/ros2_ws/install/my_py_pkg:/opt/ros/humble /usr/bin/cmake --install /home/kireiji/Documents/GitHub/Exam/build/turtlesim_plus_interfaces
[1.090s] Level 1:colcon.colcon_core.environment:create_environment_scripts_only(god_turtle)
[1.091s] Level 1:colcon.colcon_core.environment:checking '/home/kireiji/Documents/GitHub/Exam/install/god_turtle' for CMake module files
[1.091s] Level 1:colcon.colcon_core.environment:checking '/home/kireiji/Documents/GitHub/Exam/install/god_turtle' for CMake config files
[1.092s] Level 1:colcon.colcon_core.shell:create_environment_hook('god_turtle', 'cmake_prefix_path')
[1.092s] INFO:colcon.colcon_core.shell:Creating environment hook '/home/kireiji/Documents/GitHub/Exam/install/god_turtle/share/god_turtle/hook/cmake_prefix_path.ps1'
[1.093s] INFO:colcon.colcon_core.shell:Creating environment descriptor '/home/kireiji/Documents/GitHub/Exam/install/god_turtle/share/god_turtle/hook/cmake_prefix_path.dsv'
[1.093s] INFO:colcon.colcon_core.shell:Creating environment hook '/home/kireiji/Documents/GitHub/Exam/install/god_turtle/share/god_turtle/hook/cmake_prefix_path.sh'
[1.095s] Level 1:colcon.colcon_core.environment:checking '/home/kireiji/Documents/GitHub/Exam/install/god_turtle/lib'
[1.095s] Level 1:colcon.colcon_core.environment:checking '/home/kireiji/Documents/GitHub/Exam/install/god_turtle/bin'
[1.096s] Level 1:colcon.colcon_core.environment:checking '/home/kireiji/Documents/GitHub/Exam/install/god_turtle/lib/pkgconfig/god_turtle.pc'
[1.097s] Level 1:colcon.colcon_core.environment:checking '/home/kireiji/Documents/GitHub/Exam/install/god_turtle/lib/python3.10/site-packages'
[1.097s] Level 1:colcon.colcon_core.shell:create_environment_hook('god_turtle', 'pythonpath')
[1.098s] INFO:colcon.colcon_core.shell:Creating environment hook '/home/kireiji/Documents/GitHub/Exam/install/god_turtle/share/god_turtle/hook/pythonpath.ps1'
[1.101s] INFO:colcon.colcon_core.shell:Creating environment descriptor '/home/kireiji/Documents/GitHub/Exam/install/god_turtle/share/god_turtle/hook/pythonpath.dsv'
[1.108s] INFO:colcon.colcon_core.shell:Creating environment hook '/home/kireiji/Documents/GitHub/Exam/install/god_turtle/share/god_turtle/hook/pythonpath.sh'
[1.113s] Level 1:colcon.colcon_core.environment:checking '/home/kireiji/Documents/GitHub/Exam/install/god_turtle/bin'
[1.114s] INFO:colcon.colcon_core.shell:Creating package script '/home/kireiji/Documents/GitHub/Exam/install/god_turtle/share/god_turtle/package.ps1'
[1.116s] INFO:colcon.colcon_core.shell:Creating package descriptor '/home/kireiji/Documents/GitHub/Exam/install/god_turtle/share/god_turtle/package.dsv'
[1.117s] INFO:colcon.colcon_core.shell:Creating package script '/home/kireiji/Documents/GitHub/Exam/install/god_turtle/share/god_turtle/package.sh'
[1.120s] INFO:colcon.colcon_core.shell:Creating package script '/home/kireiji/Documents/GitHub/Exam/install/god_turtle/share/god_turtle/package.bash'
[1.127s] INFO:colcon.colcon_core.shell:Creating package script '/home/kireiji/Documents/GitHub/Exam/install/god_turtle/share/god_turtle/package.zsh'
[1.129s] Level 1:colcon.colcon_core.environment:create_file_with_runtime_dependencies(/home/kireiji/Documents/GitHub/Exam/install/god_turtle/share/colcon-core/packages/god_turtle)
[1.206s] Level 1:colcon.colcon_core.environment:create_environment_scripts_only(turtlesim_plus_interfaces)
[1.207s] Level 1:colcon.colcon_core.environment:checking '/home/kireiji/Documents/GitHub/Exam/install/turtlesim_plus_interfaces' for CMake module files
[1.208s] DEBUG:colcon.colcon_core.event_handler.log_command:Invoked command in '/home/kireiji/Documents/GitHub/Exam/build/turtlesim_plus_interfaces' returned '0': CMAKE_PREFIX_PATH=${CMAKE_PREFIX_PATH}:/home/kireiji/ros2_ws/install/my_py_pkg:/opt/ros/humble /usr/bin/cmake --install /home/kireiji/Documents/GitHub/Exam/build/turtlesim_plus_interfaces
[1.208s] Level 1:colcon.colcon_core.environment:checking '/home/kireiji/Documents/GitHub/Exam/install/turtlesim_plus_interfaces' for CMake config files
[1.209s] Level 1:colcon.colcon_core.shell:create_environment_hook('turtlesim_plus_interfaces', 'cmake_prefix_path')
[1.210s] INFO:colcon.colcon_core.shell:Creating environment hook '/home/kireiji/Documents/GitHub/Exam/install/turtlesim_plus_interfaces/share/turtlesim_plus_interfaces/hook/cmake_prefix_path.ps1'
[1.215s] INFO:colcon.colcon_core.shell:Creating environment descriptor '/home/kireiji/Documents/GitHub/Exam/install/turtlesim_plus_interfaces/share/turtlesim_plus_interfaces/hook/cmake_prefix_path.dsv'
[1.215s] INFO:colcon.colcon_core.shell:Creating environment hook '/home/kireiji/Documents/GitHub/Exam/install/turtlesim_plus_interfaces/share/turtlesim_plus_interfaces/hook/cmake_prefix_path.sh'
[1.216s] Level 1:colcon.colcon_core.environment:checking '/home/kireiji/Documents/GitHub/Exam/install/turtlesim_plus_interfaces/lib'
[1.216s] Level 1:colcon.colcon_core.shell:create_environment_hook('turtlesim_plus_interfaces', 'ld_library_path_lib')
[1.216s] INFO:colcon.colcon_core.shell:Creating environment hook '/home/kireiji/Documents/GitHub/Exam/install/turtlesim_plus_interfaces/share/turtlesim_plus_interfaces/hook/ld_library_path_lib.ps1'
[1.217s] INFO:colcon.colcon_core.shell:Creating environment descriptor '/home/kireiji/Documents/GitHub/Exam/install/turtlesim_plus_interfaces/share/turtlesim_plus_interfaces/hook/ld_library_path_lib.dsv'
[1.217s] INFO:colcon.colcon_core.shell:Creating environment hook '/home/kireiji/Documents/GitHub/Exam/install/turtlesim_plus_interfaces/share/turtlesim_plus_interfaces/hook/ld_library_path_lib.sh'
[1.217s] Level 1:colcon.colcon_core.environment:checking '/home/kireiji/Documents/GitHub/Exam/install/turtlesim_plus_interfaces/bin'
[1.217s] Level 1:colcon.colcon_core.environment:checking '/home/kireiji/Documents/GitHub/Exam/install/turtlesim_plus_interfaces/lib/pkgconfig/turtlesim_plus_interfaces.pc'
[1.218s] Level 1:colcon.colcon_core.environment:checking '/home/kireiji/Documents/GitHub/Exam/install/turtlesim_plus_interfaces/lib/python3.10/site-packages'
[1.218s] Level 1:colcon.colcon_core.shell:create_environment_hook('turtlesim_plus_interfaces', 'pythonpath')
[1.218s] INFO:colcon.colcon_core.shell:Creating environment hook '/home/kireiji/Documents/GitHub/Exam/install/turtlesim_plus_interfaces/share/turtlesim_plus_interfaces/hook/pythonpath.ps1'
[1.219s] INFO:colcon.colcon_core.shell:Creating environment descriptor '/home/kireiji/Documents/GitHub/Exam/install/turtlesim_plus_interfaces/share/turtlesim_plus_interfaces/hook/pythonpath.dsv'
[1.219s] INFO:colcon.colcon_core.shell:Creating environment hook '/home/kireiji/Documents/GitHub/Exam/install/turtlesim_plus_interfaces/share/turtlesim_plus_interfaces/hook/pythonpath.sh'
[1.219s] Level 1:colcon.colcon_core.environment:checking '/home/kireiji/Documents/GitHub/Exam/install/turtlesim_plus_interfaces/bin'
[1.220s] INFO:colcon.colcon_core.shell:Creating package script '/home/kireiji/Documents/GitHub/Exam/install/turtlesim_plus_interfaces/share/turtlesim_plus_interfaces/package.ps1'
[1.221s] INFO:colcon.colcon_core.shell:Creating package descriptor '/home/kireiji/Documents/GitHub/Exam/install/turtlesim_plus_interfaces/share/turtlesim_plus_interfaces/package.dsv'
[1.221s] INFO:colcon.colcon_core.shell:Creating package script '/home/kireiji/Documents/GitHub/Exam/install/turtlesim_plus_interfaces/share/turtlesim_plus_interfaces/package.sh'
[1.222s] INFO:colcon.colcon_core.shell:Creating package script '/home/kireiji/Documents/GitHub/Exam/install/turtlesim_plus_interfaces/share/turtlesim_plus_interfaces/package.bash'
[1.222s] INFO:colcon.colcon_core.shell:Creating package script '/home/kireiji/Documents/GitHub/Exam/install/turtlesim_plus_interfaces/share/turtlesim_plus_interfaces/package.zsh'
[1.223s] Level 1:colcon.colcon_core.environment:create_file_with_runtime_dependencies(/home/kireiji/Documents/GitHub/Exam/install/turtlesim_plus_interfaces/share/colcon-core/packages/turtlesim_plus_interfaces)
[1.426s] Level 1:colcon.colcon_core.environment:create_environment_scripts_only(turtlesim_plus_interfaces)
[1.427s] Level 1:colcon.colcon_core.environment:checking '/home/kireiji/Documents/GitHub/Exam/install/turtlesim_plus_interfaces' for CMake module files
[1.428s] Level 1:colcon.colcon_core.environment:checking '/home/kireiji/Documents/GitHub/Exam/install/turtlesim_plus_interfaces' for CMake config files
[1.429s] Level 1:colcon.colcon_core.shell:create_environment_hook('turtlesim_plus_interfaces', 'cmake_prefix_path')
[1.429s] INFO:colcon.colcon_core.shell:Creating environment hook '/home/kireiji/Documents/GitHub/Exam/install/turtlesim_plus_interfaces/share/turtlesim_plus_interfaces/hook/cmake_prefix_path.ps1'
[1.430s] INFO:colcon.colcon_core.shell:Creating environment descriptor '/home/kireiji/Documents/GitHub/Exam/install/turtlesim_plus_interfaces/share/turtlesim_plus_interfaces/hook/cmake_prefix_path.dsv'
[1.430s] INFO:colcon.colcon_core.shell:Creating environment hook '/home/kireiji/Documents/GitHub/Exam/install/turtlesim_plus_interfaces/share/turtlesim_plus_interfaces/hook/cmake_prefix_path.sh'
[1.431s] Level 1:colcon.colcon_core.environment:checking '/home/kireiji/Documents/GitHub/Exam/install/turtlesim_plus_interfaces/lib'
[1.431s] Level 1:colcon.colcon_core.shell:create_environment_hook('turtlesim_plus_interfaces', 'ld_library_path_lib')
[1.432s] INFO:colcon.colcon_core.shell:Creating environment hook '/home/kireiji/Documents/GitHub/Exam/install/turtlesim_plus_interfaces/share/turtlesim_plus_interfaces/hook/ld_library_path_lib.ps1'
[1.432s] INFO:colcon.colcon_core.shell:Creating environment descriptor '/home/kireiji/Documents/GitHub/Exam/install/turtlesim_plus_interfaces/share/turtlesim_plus_interfaces/hook/ld_library_path_lib.dsv'
[1.432s] INFO:colcon.colcon_core.shell:Creating environment hook '/home/kireiji/Documents/GitHub/Exam/install/turtlesim_plus_interfaces/share/turtlesim_plus_interfaces/hook/ld_library_path_lib.sh'
[1.432s] Level 1:colcon.colcon_core.environment:checking '/home/kireiji/Documents/GitHub/Exam/install/turtlesim_plus_interfaces/bin'
[1.432s] Level 1:colcon.colcon_core.environment:checking '/home/kireiji/Documents/GitHub/Exam/install/turtlesim_plus_interfaces/lib/pkgconfig/turtlesim_plus_interfaces.pc'
[1.433s] Level 1:colcon.colcon_core.environment:checking '/home/kireiji/Documents/GitHub/Exam/install/turtlesim_plus_interfaces/lib/python3.10/site-packages'
[1.433s] Level 1:colcon.colcon_core.shell:create_environment_hook('turtlesim_plus_interfaces', 'pythonpath')
[1.433s] INFO:colcon.colcon_core.shell:Creating environment hook '/home/kireiji/Documents/GitHub/Exam/install/turtlesim_plus_interfaces/share/turtlesim_plus_interfaces/hook/pythonpath.ps1'
[1.433s] INFO:colcon.colcon_core.shell:Creating environment descriptor '/home/kireiji/Documents/GitHub/Exam/install/turtlesim_plus_interfaces/share/turtlesim_plus_interfaces/hook/pythonpath.dsv'
[1.433s] INFO:colcon.colcon_core.shell:Creating environment hook '/home/kireiji/Documents/GitHub/Exam/install/turtlesim_plus_interfaces/share/turtlesim_plus_interfaces/hook/pythonpath.sh'
[1.434s] Level 1:colcon.colcon_core.environment:checking '/home/kireiji/Documents/GitHub/Exam/install/turtlesim_plus_interfaces/bin'
[1.435s] INFO:colcon.colcon_core.shell:Creating package script '/home/kireiji/Documents/GitHub/Exam/install/turtlesim_plus_interfaces/share/turtlesim_plus_interfaces/package.ps1'
[1.436s] INFO:colcon.colcon_core.shell:Creating package descriptor '/home/kireiji/Documents/GitHub/Exam/install/turtlesim_plus_interfaces/share/turtlesim_plus_interfaces/package.dsv'
[1.437s] INFO:colcon.colcon_core.shell:Creating package script '/home/kireiji/Documents/GitHub/Exam/install/turtlesim_plus_interfaces/share/turtlesim_plus_interfaces/package.sh'
[1.437s] INFO:colcon.colcon_core.shell:Creating package script '/home/kireiji/Documents/GitHub/Exam/install/turtlesim_plus_interfaces/share/turtlesim_plus_interfaces/package.bash'
[1.437s] INFO:colcon.colcon_core.shell:Creating package script '/home/kireiji/Documents/GitHub/Exam/install/turtlesim_plus_interfaces/share/turtlesim_plus_interfaces/package.zsh'
[1.438s] Level 1:colcon.colcon_core.environment:create_file_with_runtime_dependencies(/home/kireiji/Documents/GitHub/Exam/install/turtlesim_plus_interfaces/share/colcon-core/packages/turtlesim_plus_interfaces)
[1.438s] DEBUG:colcon.colcon_parallel_executor.executor.parallel:closing loop
[1.439s] DEBUG:colcon.colcon_parallel_executor.executor.parallel:loop closed
[1.439s] DEBUG:colcon.colcon_parallel_executor.executor.parallel:run_until_complete finished with '0'
[1.439s] DEBUG:colcon.colcon_core.event_reactor:joining thread
[1.449s] INFO:colcon.colcon_core.plugin_system:Skipping extension 'colcon_notification.desktop_notification.terminal_notifier': Not used on non-Darwin systems
[1.449s] INFO:colcon.colcon_core.plugin_system:Skipping extension 'colcon_notification.desktop_notification.win32': Not used on non-Windows systems
[1.449s] INFO:colcon.colcon_notification.desktop_notification:Sending desktop notification using 'notify2'
[1.469s] DEBUG:colcon.colcon_core.event_reactor:joined thread
[1.470s] INFO:colcon.colcon_core.shell:Creating prefix script '/home/kireiji/Documents/GitHub/Exam/install/local_setup.ps1'
[1.472s] INFO:colcon.colcon_core.shell:Creating prefix util module '/home/kireiji/Documents/GitHub/Exam/install/_local_setup_util_ps1.py'
[1.473s] INFO:colcon.colcon_core.shell:Creating prefix chain script '/home/kireiji/Documents/GitHub/Exam/install/setup.ps1'
[1.476s] INFO:colcon.colcon_core.shell:Creating prefix script '/home/kireiji/Documents/GitHub/Exam/install/local_setup.sh'
[1.477s] INFO:colcon.colcon_core.shell:Creating prefix util module '/home/kireiji/Documents/GitHub/Exam/install/_local_setup_util_sh.py'
[1.477s] INFO:colcon.colcon_core.shell:Creating prefix chain script '/home/kireiji/Documents/GitHub/Exam/install/setup.sh'
[1.479s] INFO:colcon.colcon_core.shell:Creating prefix script '/home/kireiji/Documents/GitHub/Exam/install/local_setup.bash'
[1.479s] INFO:colcon.colcon_core.shell:Creating prefix chain script '/home/kireiji/Documents/GitHub/Exam/install/setup.bash'
[1.481s] INFO:colcon.colcon_core.shell:Creating prefix script '/home/kireiji/Documents/GitHub/Exam/install/local_setup.zsh'
[1.482s] INFO:colcon.colcon_core.shell:Creating prefix chain script '/home/kireiji/Documents/GitHub/Exam/install/setup.zsh'
